Calling target program-options parser
[13:03:59.185] [bmv2] [D] [thread 25234] Set default default entry for table 'tbl_act': act_7 - 
[13:03:59.185] [bmv2] [D] [thread 25234] Set default default entry for table 'Basic_ingress.syn_drop': NoAction - 
[13:03:59.186] [bmv2] [D] [thread 25234] Set default default entry for table 'tbl_act_0': act - 
[13:03:59.186] [bmv2] [D] [thread 25234] Set default default entry for table 'tbl_act_1': act_0 - 
[13:03:59.186] [bmv2] [D] [thread 25234] Set default default entry for table 'tbl_act_2': act_1 - 
[13:03:59.186] [bmv2] [D] [thread 25234] Set default default entry for table 'Basic_ingress.synack_entry': Basic_ingress.new_synack - 
[13:03:59.186] [bmv2] [D] [thread 25234] Set default default entry for table 'tbl_act_3': act_3 - 
[13:03:59.186] [bmv2] [D] [thread 25234] Set default default entry for table 'tbl_checking': Basic_ingress.checking - 
[13:03:59.186] [bmv2] [D] [thread 25234] Set default default entry for table 'tbl_act_4': act_2 - 
[13:03:59.186] [bmv2] [D] [thread 25234] Set default default entry for table 'tbl_act_5': act_4 - 
[13:03:59.186] [bmv2] [D] [thread 25234] Set default default entry for table 'tbl_checking_0': Basic_ingress.checking - 
[13:03:59.186] [bmv2] [D] [thread 25234] Set default default entry for table 'Basic_ingress.ack_entry': NoAction - 
[13:03:59.186] [bmv2] [D] [thread 25234] Set default default entry for table 'tbl_act_6': act_6 - 
[13:03:59.186] [bmv2] [D] [thread 25234] Set default default entry for table 'tbl_merge': Basic_ingress.merge - 
[13:03:59.186] [bmv2] [D] [thread 25234] Set default default entry for table 'tbl_act_7': act_5 - 
[13:03:59.186] [bmv2] [D] [thread 25234] Set default default entry for table 'Basic_ingress.ipv4_lpm': NoAction - 
Adding interface s16-eth1 as port 1
[13:03:59.190] [bmv2] [D] [thread 25234] Adding interface s16-eth1 as port 1
Adding interface s16-eth2 as port 2
[13:03:59.238] [bmv2] [D] [thread 25234] Adding interface s16-eth2 as port 2
I0323 13:03:59.266703293   25234 server_builder.cc:247]      Synchronous server. Num CQs: 1, Min pollers: 1, Max Pollers: 2147483647, CQ timeout (msec): 1000
Server listening on 0.0.0.0:50066
[13:03:59.280] [bmv2] [I] [thread 25234] Starting Thrift server on port 9105
[13:03:59.284] [bmv2] [I] [thread 25234] Thrift server was started
[13:04:00.157] [bmv2] [D] [thread 25247] [0.0] [cxt 0] Processing packet received on port 1
[13:04:00.157] [bmv2] [D] [thread 25247] [0.0] [cxt 0] Parser 'parser': start
[13:04:00.157] [bmv2] [D] [thread 25247] [0.0] [cxt 0] Parser 'parser' entering state 'start'
[13:04:00.157] [bmv2] [D] [thread 25247] [0.0] [cxt 0] Extracting header 'ethernet'
[13:04:00.157] [bmv2] [D] [thread 25247] [0.0] [cxt 0] Parser state 'start': key is 86dd
[13:04:00.157] [bmv2] [T] [thread 25247] [0.0] [cxt 0] Bytes parsed: 14
[13:04:00.157] [bmv2] [T] [thread 25247] [0.0] [cxt 0] Skipping checksum 'cksum' verification because target field invalid
[13:04:00.157] [bmv2] [D] [thread 25247] [0.0] [cxt 0] Parser 'parser': end
[13:04:00.157] [bmv2] [D] [thread 25247] [0.0] [cxt 0] Pipeline 'ingress': start
[13:04:00.157] [bmv2] [T] [thread 25247] [0.0] [cxt 0] Applying table 'tbl_act'
[13:04:00.157] [bmv2] [D] [thread 25247] [0.0] [cxt 0] Looking up key:

[13:04:00.157] [bmv2] [D] [thread 25247] [0.0] [cxt 0] Table 'tbl_act': miss
[13:04:00.157] [bmv2] [D] [thread 25247] [0.0] [cxt 0] Action entry is act_7 - 
[13:04:00.157] [bmv2] [T] [thread 25247] [0.0] [cxt 0] Action act_7
[13:04:00.157] [bmv2] [T] [thread 25247] [0.0] [cxt 0] Primitive (no source info)
[13:04:00.158] [bmv2] [T] [thread 25247] [0.0] [cxt 0] simple.p4(109) Primitive bit<32> apply_index=0;
[13:04:00.158] [bmv2] [T] [thread 25247] [0.0] [cxt 0] simple.p4(237) Condition "hdr.ipv4.isValid()" (node_3) is false
[13:04:00.158] [bmv2] [D] [thread 25247] [0.0] [cxt 0] Pipeline 'ingress': end
[13:04:00.158] [bmv2] [D] [thread 25247] [0.0] [cxt 0] Egress port is 0
[13:04:00.158] [bmv2] [D] [thread 25248] [0.0] [cxt 0] Pipeline 'egress': start
[13:04:00.158] [bmv2] [D] [thread 25248] [0.0] [cxt 0] Pipeline 'egress': end
[13:04:00.158] [bmv2] [D] [thread 25248] [0.0] [cxt 0] Deparser 'deparser': start
[13:04:00.158] [bmv2] [T] [thread 25248] [0.0] [cxt 0] Skipping checksum 'cksum' update because condition not met
[13:04:00.158] [bmv2] [D] [thread 25248] [0.0] [cxt 0] Deparsing header 'ethernet'
[13:04:00.158] [bmv2] [D] [thread 25248] [0.0] [cxt 0] Deparser 'deparser': end
[13:04:00.158] [bmv2] [D] [thread 25252] [0.0] [cxt 0] Transmitting packet of size 203 out of port 0
[13:04:00.187] [bmv2] [D] [thread 25247] [1.0] [cxt 0] Processing packet received on port 2
[13:04:00.187] [bmv2] [D] [thread 25247] [1.0] [cxt 0] Parser 'parser': start
[13:04:00.187] [bmv2] [D] [thread 25247] [1.0] [cxt 0] Parser 'parser' entering state 'start'
[13:04:00.187] [bmv2] [D] [thread 25247] [1.0] [cxt 0] Extracting header 'ethernet'
[13:04:00.188] [bmv2] [D] [thread 25247] [1.0] [cxt 0] Parser state 'start': key is 86dd
[13:04:00.188] [bmv2] [T] [thread 25247] [1.0] [cxt 0] Bytes parsed: 14
[13:04:00.188] [bmv2] [T] [thread 25247] [1.0] [cxt 0] Skipping checksum 'cksum' verification because target field invalid
[13:04:00.188] [bmv2] [D] [thread 25247] [1.0] [cxt 0] Parser 'parser': end
[13:04:00.188] [bmv2] [D] [thread 25247] [1.0] [cxt 0] Pipeline 'ingress': start
[13:04:00.188] [bmv2] [T] [thread 25247] [1.0] [cxt 0] Applying table 'tbl_act'
[13:04:00.188] [bmv2] [D] [thread 25247] [1.0] [cxt 0] Looking up key:

[13:04:00.188] [bmv2] [D] [thread 25247] [1.0] [cxt 0] Table 'tbl_act': miss
[13:04:00.188] [bmv2] [D] [thread 25247] [1.0] [cxt 0] Action entry is act_7 - 
[13:04:00.188] [bmv2] [T] [thread 25247] [1.0] [cxt 0] Action act_7
[13:04:00.188] [bmv2] [T] [thread 25247] [1.0] [cxt 0] Primitive (no source info)
[13:04:00.188] [bmv2] [T] [thread 25247] [1.0] [cxt 0] simple.p4(109) Primitive bit<32> apply_index=0;
[13:04:00.188] [bmv2] [T] [thread 25247] [1.0] [cxt 0] simple.p4(237) Condition "hdr.ipv4.isValid()" (node_3) is false
[13:04:00.188] [bmv2] [D] [thread 25247] [1.0] [cxt 0] Pipeline 'ingress': end
[13:04:00.188] [bmv2] [D] [thread 25247] [1.0] [cxt 0] Egress port is 0
[13:04:00.188] [bmv2] [D] [thread 25248] [1.0] [cxt 0] Pipeline 'egress': start
[13:04:00.188] [bmv2] [D] [thread 25248] [1.0] [cxt 0] Pipeline 'egress': end
[13:04:00.188] [bmv2] [D] [thread 25248] [1.0] [cxt 0] Deparser 'deparser': start
[13:04:00.188] [bmv2] [T] [thread 25248] [1.0] [cxt 0] Skipping checksum 'cksum' update because condition not met
[13:04:00.188] [bmv2] [D] [thread 25248] [1.0] [cxt 0] Deparsing header 'ethernet'
[13:04:00.188] [bmv2] [D] [thread 25248] [1.0] [cxt 0] Deparser 'deparser': end
[13:04:00.188] [bmv2] [D] [thread 25252] [1.0] [cxt 0] Transmitting packet of size 70 out of port 0
[13:04:00.443] [bmv2] [D] [thread 25247] [2.0] [cxt 0] Processing packet received on port 2
[13:04:00.443] [bmv2] [D] [thread 25247] [2.0] [cxt 0] Parser 'parser': start
[13:04:00.443] [bmv2] [D] [thread 25247] [2.0] [cxt 0] Parser 'parser' entering state 'start'
[13:04:00.443] [bmv2] [D] [thread 25247] [2.0] [cxt 0] Extracting header 'ethernet'
[13:04:00.443] [bmv2] [D] [thread 25247] [2.0] [cxt 0] Parser state 'start': key is 86dd
[13:04:00.443] [bmv2] [T] [thread 25247] [2.0] [cxt 0] Bytes parsed: 14
[13:04:00.443] [bmv2] [T] [thread 25247] [2.0] [cxt 0] Skipping checksum 'cksum' verification because target field invalid
[13:04:00.443] [bmv2] [D] [thread 25247] [2.0] [cxt 0] Parser 'parser': end
[13:04:00.443] [bmv2] [D] [thread 25247] [2.0] [cxt 0] Pipeline 'ingress': start
[13:04:00.443] [bmv2] [T] [thread 25247] [2.0] [cxt 0] Applying table 'tbl_act'
[13:04:00.443] [bmv2] [D] [thread 25247] [2.0] [cxt 0] Looking up key:

[13:04:00.444] [bmv2] [D] [thread 25247] [2.0] [cxt 0] Table 'tbl_act': miss
[13:04:00.444] [bmv2] [D] [thread 25247] [2.0] [cxt 0] Action entry is act_7 - 
[13:04:00.444] [bmv2] [T] [thread 25247] [2.0] [cxt 0] Action act_7
[13:04:00.444] [bmv2] [T] [thread 25247] [2.0] [cxt 0] Primitive (no source info)
[13:04:00.444] [bmv2] [T] [thread 25247] [2.0] [cxt 0] simple.p4(109) Primitive bit<32> apply_index=0;
[13:04:00.444] [bmv2] [T] [thread 25247] [2.0] [cxt 0] simple.p4(237) Condition "hdr.ipv4.isValid()" (node_3) is false
[13:04:00.444] [bmv2] [D] [thread 25247] [2.0] [cxt 0] Pipeline 'ingress': end
[13:04:00.444] [bmv2] [D] [thread 25247] [2.0] [cxt 0] Egress port is 0
[13:04:00.444] [bmv2] [D] [thread 25248] [2.0] [cxt 0] Pipeline 'egress': start
[13:04:00.444] [bmv2] [D] [thread 25248] [2.0] [cxt 0] Pipeline 'egress': end
[13:04:00.444] [bmv2] [D] [thread 25248] [2.0] [cxt 0] Deparser 'deparser': start
[13:04:00.444] [bmv2] [T] [thread 25248] [2.0] [cxt 0] Skipping checksum 'cksum' update because condition not met
[13:04:00.444] [bmv2] [D] [thread 25248] [2.0] [cxt 0] Deparsing header 'ethernet'
[13:04:00.444] [bmv2] [D] [thread 25248] [2.0] [cxt 0] Deparser 'deparser': end
[13:04:00.444] [bmv2] [D] [thread 25252] [2.0] [cxt 0] Transmitting packet of size 70 out of port 0
[13:04:02.716] [bmv2] [D] [thread 25247] [3.0] [cxt 0] Processing packet received on port 2
[13:04:02.716] [bmv2] [D] [thread 25247] [3.0] [cxt 0] Parser 'parser': start
[13:04:02.716] [bmv2] [D] [thread 25247] [3.0] [cxt 0] Parser 'parser' entering state 'start'
[13:04:02.717] [bmv2] [D] [thread 25247] [3.0] [cxt 0] Extracting header 'ethernet'
[13:04:02.717] [bmv2] [D] [thread 25247] [3.0] [cxt 0] Parser state 'start': key is 86dd
[13:04:02.717] [bmv2] [T] [thread 25247] [3.0] [cxt 0] Bytes parsed: 14
[13:04:02.717] [bmv2] [T] [thread 25247] [3.0] [cxt 0] Skipping checksum 'cksum' verification because target field invalid
[13:04:02.717] [bmv2] [D] [thread 25247] [3.0] [cxt 0] Parser 'parser': end
[13:04:02.717] [bmv2] [D] [thread 25247] [3.0] [cxt 0] Pipeline 'ingress': start
[13:04:02.717] [bmv2] [T] [thread 25247] [3.0] [cxt 0] Applying table 'tbl_act'
[13:04:02.717] [bmv2] [D] [thread 25247] [3.0] [cxt 0] Looking up key:

[13:04:02.717] [bmv2] [D] [thread 25247] [3.0] [cxt 0] Table 'tbl_act': miss
[13:04:02.717] [bmv2] [D] [thread 25247] [3.0] [cxt 0] Action entry is act_7 - 
[13:04:02.717] [bmv2] [T] [thread 25247] [3.0] [cxt 0] Action act_7
[13:04:02.717] [bmv2] [T] [thread 25247] [3.0] [cxt 0] Primitive (no source info)
[13:04:02.717] [bmv2] [T] [thread 25247] [3.0] [cxt 0] simple.p4(109) Primitive bit<32> apply_index=0;
[13:04:02.717] [bmv2] [T] [thread 25247] [3.0] [cxt 0] simple.p4(237) Condition "hdr.ipv4.isValid()" (node_3) is false
[13:04:02.717] [bmv2] [D] [thread 25247] [3.0] [cxt 0] Pipeline 'ingress': end
[13:04:02.717] [bmv2] [D] [thread 25247] [3.0] [cxt 0] Egress port is 0
[13:04:02.717] [bmv2] [D] [thread 25248] [3.0] [cxt 0] Pipeline 'egress': start
[13:04:02.717] [bmv2] [D] [thread 25248] [3.0] [cxt 0] Pipeline 'egress': end
[13:04:02.717] [bmv2] [D] [thread 25248] [3.0] [cxt 0] Deparser 'deparser': start
[13:04:02.717] [bmv2] [T] [thread 25248] [3.0] [cxt 0] Skipping checksum 'cksum' update because condition not met
[13:04:02.717] [bmv2] [D] [thread 25248] [3.0] [cxt 0] Deparsing header 'ethernet'
[13:04:02.717] [bmv2] [D] [thread 25248] [3.0] [cxt 0] Deparser 'deparser': end
[13:04:02.717] [bmv2] [D] [thread 25252] [3.0] [cxt 0] Transmitting packet of size 203 out of port 0
[13:04:07.658] [bmv2] [D] [thread 25247] [4.0] [cxt 0] Processing packet received on port 1
[13:04:07.658] [bmv2] [D] [thread 25247] [4.0] [cxt 0] Parser 'parser': start
[13:04:07.658] [bmv2] [D] [thread 25247] [4.0] [cxt 0] Parser 'parser' entering state 'start'
[13:04:07.658] [bmv2] [D] [thread 25247] [4.0] [cxt 0] Extracting header 'ethernet'
[13:04:07.658] [bmv2] [D] [thread 25247] [4.0] [cxt 0] Parser state 'start': key is 86dd
[13:04:07.658] [bmv2] [T] [thread 25247] [4.0] [cxt 0] Bytes parsed: 14
[13:04:07.658] [bmv2] [T] [thread 25247] [4.0] [cxt 0] Skipping checksum 'cksum' verification because target field invalid
[13:04:07.658] [bmv2] [D] [thread 25247] [4.0] [cxt 0] Parser 'parser': end
[13:04:07.658] [bmv2] [D] [thread 25247] [4.0] [cxt 0] Pipeline 'ingress': start
[13:04:07.658] [bmv2] [T] [thread 25247] [4.0] [cxt 0] Applying table 'tbl_act'
[13:04:07.658] [bmv2] [D] [thread 25247] [4.0] [cxt 0] Looking up key:

[13:04:07.658] [bmv2] [D] [thread 25247] [4.0] [cxt 0] Table 'tbl_act': miss
[13:04:07.658] [bmv2] [D] [thread 25247] [4.0] [cxt 0] Action entry is act_7 - 
[13:04:07.658] [bmv2] [T] [thread 25247] [4.0] [cxt 0] Action act_7
[13:04:07.658] [bmv2] [T] [thread 25247] [4.0] [cxt 0] Primitive (no source info)
[13:04:07.658] [bmv2] [T] [thread 25247] [4.0] [cxt 0] simple.p4(109) Primitive bit<32> apply_index=0;
[13:04:07.658] [bmv2] [T] [thread 25247] [4.0] [cxt 0] simple.p4(237) Condition "hdr.ipv4.isValid()" (node_3) is false
[13:04:07.658] [bmv2] [D] [thread 25247] [4.0] [cxt 0] Pipeline 'ingress': end
[13:04:07.658] [bmv2] [D] [thread 25247] [4.0] [cxt 0] Egress port is 0
[13:04:07.659] [bmv2] [D] [thread 25248] [4.0] [cxt 0] Pipeline 'egress': start
[13:04:07.659] [bmv2] [D] [thread 25248] [4.0] [cxt 0] Pipeline 'egress': end
[13:04:07.659] [bmv2] [D] [thread 25248] [4.0] [cxt 0] Deparser 'deparser': start
[13:04:07.659] [bmv2] [T] [thread 25248] [4.0] [cxt 0] Skipping checksum 'cksum' update because condition not met
[13:04:07.659] [bmv2] [D] [thread 25248] [4.0] [cxt 0] Deparsing header 'ethernet'
[13:04:07.659] [bmv2] [D] [thread 25248] [4.0] [cxt 0] Deparser 'deparser': end
[13:04:07.659] [bmv2] [D] [thread 25252] [4.0] [cxt 0] Transmitting packet of size 110 out of port 0
[13:04:08.410] [bmv2] [D] [thread 25247] [5.0] [cxt 0] Processing packet received on port 1
[13:04:08.410] [bmv2] [D] [thread 25247] [5.0] [cxt 0] Parser 'parser': start
[13:04:08.410] [bmv2] [D] [thread 25247] [5.0] [cxt 0] Parser 'parser' entering state 'start'
[13:04:08.410] [bmv2] [D] [thread 25247] [5.0] [cxt 0] Extracting header 'ethernet'
[13:04:08.410] [bmv2] [D] [thread 25247] [5.0] [cxt 0] Parser state 'start': key is 86dd
[13:04:08.410] [bmv2] [T] [thread 25247] [5.0] [cxt 0] Bytes parsed: 14
[13:04:08.410] [bmv2] [T] [thread 25247] [5.0] [cxt 0] Skipping checksum 'cksum' verification because target field invalid
[13:04:08.410] [bmv2] [D] [thread 25247] [5.0] [cxt 0] Parser 'parser': end
[13:04:08.410] [bmv2] [D] [thread 25247] [5.0] [cxt 0] Pipeline 'ingress': start
[13:04:08.410] [bmv2] [T] [thread 25247] [5.0] [cxt 0] Applying table 'tbl_act'
[13:04:08.410] [bmv2] [D] [thread 25247] [5.0] [cxt 0] Looking up key:

[13:04:08.410] [bmv2] [D] [thread 25247] [5.0] [cxt 0] Table 'tbl_act': miss
[13:04:08.410] [bmv2] [D] [thread 25247] [5.0] [cxt 0] Action entry is act_7 - 
[13:04:08.410] [bmv2] [T] [thread 25247] [5.0] [cxt 0] Action act_7
[13:04:08.410] [bmv2] [T] [thread 25247] [5.0] [cxt 0] Primitive (no source info)
[13:04:08.410] [bmv2] [T] [thread 25247] [5.0] [cxt 0] simple.p4(109) Primitive bit<32> apply_index=0;
[13:04:08.410] [bmv2] [T] [thread 25247] [5.0] [cxt 0] simple.p4(237) Condition "hdr.ipv4.isValid()" (node_3) is false
[13:04:08.410] [bmv2] [D] [thread 25247] [5.0] [cxt 0] Pipeline 'ingress': end
[13:04:08.410] [bmv2] [D] [thread 25247] [5.0] [cxt 0] Egress port is 0
[13:04:08.410] [bmv2] [D] [thread 25248] [5.0] [cxt 0] Pipeline 'egress': start
[13:04:08.410] [bmv2] [D] [thread 25248] [5.0] [cxt 0] Pipeline 'egress': end
[13:04:08.410] [bmv2] [D] [thread 25248] [5.0] [cxt 0] Deparser 'deparser': start
[13:04:08.410] [bmv2] [T] [thread 25248] [5.0] [cxt 0] Skipping checksum 'cksum' update because condition not met
[13:04:08.411] [bmv2] [D] [thread 25248] [5.0] [cxt 0] Deparsing header 'ethernet'
[13:04:08.411] [bmv2] [D] [thread 25248] [5.0] [cxt 0] Deparser 'deparser': end
[13:04:08.411] [bmv2] [D] [thread 25252] [5.0] [cxt 0] Transmitting packet of size 110 out of port 0
[13:04:11.962] [bmv2] [D] [thread 25247] [6.0] [cxt 0] Processing packet received on port 1
[13:04:11.962] [bmv2] [D] [thread 25247] [6.0] [cxt 0] Parser 'parser': start
[13:04:11.962] [bmv2] [D] [thread 25247] [6.0] [cxt 0] Parser 'parser' entering state 'start'
[13:04:11.962] [bmv2] [D] [thread 25247] [6.0] [cxt 0] Extracting header 'ethernet'
[13:04:11.962] [bmv2] [D] [thread 25247] [6.0] [cxt 0] Parser state 'start': key is 86dd
[13:04:11.962] [bmv2] [T] [thread 25247] [6.0] [cxt 0] Bytes parsed: 14
[13:04:11.962] [bmv2] [T] [thread 25247] [6.0] [cxt 0] Skipping checksum 'cksum' verification because target field invalid
[13:04:11.962] [bmv2] [D] [thread 25247] [6.0] [cxt 0] Parser 'parser': end
[13:04:11.962] [bmv2] [D] [thread 25247] [6.0] [cxt 0] Pipeline 'ingress': start
[13:04:11.962] [bmv2] [T] [thread 25247] [6.0] [cxt 0] Applying table 'tbl_act'
[13:04:11.962] [bmv2] [D] [thread 25247] [6.0] [cxt 0] Looking up key:

[13:04:11.962] [bmv2] [D] [thread 25247] [6.0] [cxt 0] Table 'tbl_act': miss
[13:04:11.962] [bmv2] [D] [thread 25247] [6.0] [cxt 0] Action entry is act_7 - 
[13:04:11.962] [bmv2] [T] [thread 25247] [6.0] [cxt 0] Action act_7
[13:04:11.962] [bmv2] [T] [thread 25247] [6.0] [cxt 0] Primitive (no source info)
[13:04:11.962] [bmv2] [T] [thread 25247] [6.0] [cxt 0] simple.p4(109) Primitive bit<32> apply_index=0;
[13:04:11.962] [bmv2] [T] [thread 25247] [6.0] [cxt 0] simple.p4(237) Condition "hdr.ipv4.isValid()" (node_3) is false
[13:04:11.963] [bmv2] [D] [thread 25247] [6.0] [cxt 0] Pipeline 'ingress': end
[13:04:11.963] [bmv2] [D] [thread 25247] [6.0] [cxt 0] Egress port is 0
[13:04:11.963] [bmv2] [D] [thread 25248] [6.0] [cxt 0] Pipeline 'egress': start
[13:04:11.963] [bmv2] [D] [thread 25248] [6.0] [cxt 0] Pipeline 'egress': end
[13:04:11.963] [bmv2] [D] [thread 25248] [6.0] [cxt 0] Deparser 'deparser': start
[13:04:11.963] [bmv2] [T] [thread 25248] [6.0] [cxt 0] Skipping checksum 'cksum' update because condition not met
[13:04:11.963] [bmv2] [D] [thread 25248] [6.0] [cxt 0] Deparsing header 'ethernet'
[13:04:11.963] [bmv2] [D] [thread 25248] [6.0] [cxt 0] Deparser 'deparser': end
[13:04:11.963] [bmv2] [D] [thread 25252] [6.0] [cxt 0] Transmitting packet of size 70 out of port 0
[13:04:16.158] [bmv2] [D] [thread 25247] [7.0] [cxt 0] Processing packet received on port 1
[13:04:16.158] [bmv2] [D] [thread 25247] [7.0] [cxt 0] Parser 'parser': start
[13:04:16.158] [bmv2] [D] [thread 25247] [7.0] [cxt 0] Parser 'parser' entering state 'start'
[13:04:16.158] [bmv2] [D] [thread 25247] [7.0] [cxt 0] Extracting header 'ethernet'
[13:04:16.158] [bmv2] [D] [thread 25247] [7.0] [cxt 0] Parser state 'start': key is 86dd
[13:04:16.158] [bmv2] [T] [thread 25247] [7.0] [cxt 0] Bytes parsed: 14
[13:04:16.158] [bmv2] [T] [thread 25247] [7.0] [cxt 0] Skipping checksum 'cksum' verification because target field invalid
[13:04:16.158] [bmv2] [D] [thread 25247] [7.0] [cxt 0] Parser 'parser': end
[13:04:16.158] [bmv2] [D] [thread 25247] [7.0] [cxt 0] Pipeline 'ingress': start
[13:04:16.158] [bmv2] [T] [thread 25247] [7.0] [cxt 0] Applying table 'tbl_act'
[13:04:16.158] [bmv2] [D] [thread 25247] [7.0] [cxt 0] Looking up key:

[13:04:16.158] [bmv2] [D] [thread 25247] [7.0] [cxt 0] Table 'tbl_act': miss
[13:04:16.158] [bmv2] [D] [thread 25247] [7.0] [cxt 0] Action entry is act_7 - 
[13:04:16.158] [bmv2] [T] [thread 25247] [7.0] [cxt 0] Action act_7
[13:04:16.158] [bmv2] [T] [thread 25247] [7.0] [cxt 0] Primitive (no source info)
[13:04:16.158] [bmv2] [T] [thread 25247] [7.0] [cxt 0] simple.p4(109) Primitive bit<32> apply_index=0;
[13:04:16.158] [bmv2] [T] [thread 25247] [7.0] [cxt 0] simple.p4(237) Condition "hdr.ipv4.isValid()" (node_3) is false
[13:04:16.158] [bmv2] [D] [thread 25247] [7.0] [cxt 0] Pipeline 'ingress': end
[13:04:16.158] [bmv2] [D] [thread 25247] [7.0] [cxt 0] Egress port is 0
[13:04:16.161] [bmv2] [D] [thread 25248] [7.0] [cxt 0] Pipeline 'egress': start
[13:04:16.161] [bmv2] [D] [thread 25248] [7.0] [cxt 0] Pipeline 'egress': end
[13:04:16.161] [bmv2] [D] [thread 25248] [7.0] [cxt 0] Deparser 'deparser': start
[13:04:16.161] [bmv2] [T] [thread 25248] [7.0] [cxt 0] Skipping checksum 'cksum' update because condition not met
[13:04:16.161] [bmv2] [D] [thread 25248] [7.0] [cxt 0] Deparsing header 'ethernet'
[13:04:16.161] [bmv2] [D] [thread 25248] [7.0] [cxt 0] Deparser 'deparser': end
[13:04:16.161] [bmv2] [D] [thread 25252] [7.0] [cxt 0] Transmitting packet of size 203 out of port 0
[13:04:17.595] [bmv2] [D] [thread 25247] [8.0] [cxt 0] Processing packet received on port 2
[13:04:17.595] [bmv2] [D] [thread 25247] [8.0] [cxt 0] Parser 'parser': start
[13:04:17.595] [bmv2] [D] [thread 25247] [8.0] [cxt 0] Parser 'parser' entering state 'start'
[13:04:17.595] [bmv2] [D] [thread 25247] [8.0] [cxt 0] Extracting header 'ethernet'
[13:04:17.595] [bmv2] [D] [thread 25247] [8.0] [cxt 0] Parser state 'start': key is 86dd
[13:04:17.595] [bmv2] [T] [thread 25247] [8.0] [cxt 0] Bytes parsed: 14
[13:04:17.595] [bmv2] [T] [thread 25247] [8.0] [cxt 0] Skipping checksum 'cksum' verification because target field invalid
[13:04:17.595] [bmv2] [D] [thread 25247] [8.0] [cxt 0] Parser 'parser': end
[13:04:17.595] [bmv2] [D] [thread 25247] [8.0] [cxt 0] Pipeline 'ingress': start
[13:04:17.595] [bmv2] [T] [thread 25247] [8.0] [cxt 0] Applying table 'tbl_act'
[13:04:17.595] [bmv2] [D] [thread 25247] [8.0] [cxt 0] Looking up key:

[13:04:17.595] [bmv2] [D] [thread 25247] [8.0] [cxt 0] Table 'tbl_act': miss
[13:04:17.595] [bmv2] [D] [thread 25247] [8.0] [cxt 0] Action entry is act_7 - 
[13:04:17.595] [bmv2] [T] [thread 25247] [8.0] [cxt 0] Action act_7
[13:04:17.595] [bmv2] [T] [thread 25247] [8.0] [cxt 0] Primitive (no source info)
[13:04:17.595] [bmv2] [T] [thread 25247] [8.0] [cxt 0] simple.p4(109) Primitive bit<32> apply_index=0;
[13:04:17.595] [bmv2] [T] [thread 25247] [8.0] [cxt 0] simple.p4(237) Condition "hdr.ipv4.isValid()" (node_3) is false
[13:04:17.595] [bmv2] [D] [thread 25247] [8.0] [cxt 0] Pipeline 'ingress': end
[13:04:17.595] [bmv2] [D] [thread 25247] [8.0] [cxt 0] Egress port is 0
[13:04:17.596] [bmv2] [D] [thread 25248] [8.0] [cxt 0] Pipeline 'egress': start
[13:04:17.596] [bmv2] [D] [thread 25248] [8.0] [cxt 0] Pipeline 'egress': end
[13:04:17.596] [bmv2] [D] [thread 25248] [8.0] [cxt 0] Deparser 'deparser': start
[13:04:17.596] [bmv2] [T] [thread 25248] [8.0] [cxt 0] Skipping checksum 'cksum' update because condition not met
[13:04:17.597] [bmv2] [D] [thread 25248] [8.0] [cxt 0] Deparsing header 'ethernet'
[13:04:17.597] [bmv2] [D] [thread 25248] [8.0] [cxt 0] Deparser 'deparser': end
[13:04:17.597] [bmv2] [D] [thread 25252] [8.0] [cxt 0] Transmitting packet of size 70 out of port 0
[13:04:17.597] [bmv2] [D] [thread 25247] [9.0] [cxt 0] Processing packet received on port 2
[13:04:17.597] [bmv2] [D] [thread 25247] [9.0] [cxt 0] Parser 'parser': start
[13:04:17.597] [bmv2] [D] [thread 25247] [9.0] [cxt 0] Parser 'parser' entering state 'start'
[13:04:17.597] [bmv2] [D] [thread 25247] [9.0] [cxt 0] Extracting header 'ethernet'
[13:04:17.597] [bmv2] [D] [thread 25247] [9.0] [cxt 0] Parser state 'start': key is 86dd
[13:04:17.597] [bmv2] [T] [thread 25247] [9.0] [cxt 0] Bytes parsed: 14
[13:04:17.597] [bmv2] [T] [thread 25247] [9.0] [cxt 0] Skipping checksum 'cksum' verification because target field invalid
[13:04:17.597] [bmv2] [D] [thread 25247] [9.0] [cxt 0] Parser 'parser': end
[13:04:17.597] [bmv2] [D] [thread 25247] [9.0] [cxt 0] Pipeline 'ingress': start
[13:04:17.597] [bmv2] [T] [thread 25247] [9.0] [cxt 0] Applying table 'tbl_act'
[13:04:17.597] [bmv2] [D] [thread 25247] [9.0] [cxt 0] Looking up key:

[13:04:17.597] [bmv2] [D] [thread 25247] [9.0] [cxt 0] Table 'tbl_act': miss
[13:04:17.597] [bmv2] [D] [thread 25247] [9.0] [cxt 0] Action entry is act_7 - 
[13:04:17.597] [bmv2] [T] [thread 25247] [9.0] [cxt 0] Action act_7
[13:04:17.597] [bmv2] [T] [thread 25247] [9.0] [cxt 0] Primitive (no source info)
[13:04:17.597] [bmv2] [T] [thread 25247] [9.0] [cxt 0] simple.p4(109) Primitive bit<32> apply_index=0;
[13:04:17.597] [bmv2] [T] [thread 25247] [9.0] [cxt 0] simple.p4(237) Condition "hdr.ipv4.isValid()" (node_3) is false
[13:04:17.597] [bmv2] [D] [thread 25247] [9.0] [cxt 0] Pipeline 'ingress': end
[13:04:17.597] [bmv2] [D] [thread 25247] [9.0] [cxt 0] Egress port is 0
[13:04:17.610] [bmv2] [D] [thread 25248] [9.0] [cxt 0] Pipeline 'egress': start
[13:04:17.610] [bmv2] [D] [thread 25248] [9.0] [cxt 0] Pipeline 'egress': end
[13:04:17.610] [bmv2] [D] [thread 25248] [9.0] [cxt 0] Deparser 'deparser': start
[13:04:17.610] [bmv2] [T] [thread 25248] [9.0] [cxt 0] Skipping checksum 'cksum' update because condition not met
[13:04:17.610] [bmv2] [D] [thread 25248] [9.0] [cxt 0] Deparsing header 'ethernet'
[13:04:17.610] [bmv2] [D] [thread 25248] [9.0] [cxt 0] Deparser 'deparser': end
[13:04:17.610] [bmv2] [D] [thread 25252] [9.0] [cxt 0] Transmitting packet of size 70 out of port 0
[13:04:18.715] [bmv2] [D] [thread 25247] [10.0] [cxt 0] Processing packet received on port 2
[13:04:18.715] [bmv2] [D] [thread 25247] [10.0] [cxt 0] Parser 'parser': start
[13:04:18.715] [bmv2] [D] [thread 25247] [10.0] [cxt 0] Parser 'parser' entering state 'start'
[13:04:18.715] [bmv2] [D] [thread 25247] [10.0] [cxt 0] Extracting header 'ethernet'
[13:04:18.715] [bmv2] [D] [thread 25247] [10.0] [cxt 0] Parser state 'start': key is 86dd
[13:04:18.715] [bmv2] [T] [thread 25247] [10.0] [cxt 0] Bytes parsed: 14
[13:04:18.715] [bmv2] [T] [thread 25247] [10.0] [cxt 0] Skipping checksum 'cksum' verification because target field invalid
[13:04:18.715] [bmv2] [D] [thread 25247] [10.0] [cxt 0] Parser 'parser': end
[13:04:18.715] [bmv2] [D] [thread 25247] [10.0] [cxt 0] Pipeline 'ingress': start
[13:04:18.715] [bmv2] [T] [thread 25247] [10.0] [cxt 0] Applying table 'tbl_act'
[13:04:18.715] [bmv2] [D] [thread 25247] [10.0] [cxt 0] Looking up key:

[13:04:18.715] [bmv2] [D] [thread 25247] [10.0] [cxt 0] Table 'tbl_act': miss
[13:04:18.715] [bmv2] [D] [thread 25247] [10.0] [cxt 0] Action entry is act_7 - 
[13:04:18.715] [bmv2] [T] [thread 25247] [10.0] [cxt 0] Action act_7
[13:04:18.715] [bmv2] [T] [thread 25247] [10.0] [cxt 0] Primitive (no source info)
[13:04:18.715] [bmv2] [T] [thread 25247] [10.0] [cxt 0] simple.p4(109) Primitive bit<32> apply_index=0;
[13:04:18.715] [bmv2] [T] [thread 25247] [10.0] [cxt 0] simple.p4(237) Condition "hdr.ipv4.isValid()" (node_3) is false
[13:04:18.715] [bmv2] [D] [thread 25247] [10.0] [cxt 0] Pipeline 'ingress': end
[13:04:18.715] [bmv2] [D] [thread 25247] [10.0] [cxt 0] Egress port is 0
[13:04:18.716] [bmv2] [D] [thread 25248] [10.0] [cxt 0] Pipeline 'egress': start
[13:04:18.716] [bmv2] [D] [thread 25248] [10.0] [cxt 0] Pipeline 'egress': end
[13:04:18.716] [bmv2] [D] [thread 25248] [10.0] [cxt 0] Deparser 'deparser': start
[13:04:18.716] [bmv2] [T] [thread 25248] [10.0] [cxt 0] Skipping checksum 'cksum' update because condition not met
[13:04:18.716] [bmv2] [D] [thread 25248] [10.0] [cxt 0] Deparsing header 'ethernet'
[13:04:18.716] [bmv2] [D] [thread 25248] [10.0] [cxt 0] Deparser 'deparser': end
[13:04:18.716] [bmv2] [D] [thread 25252] [10.0] [cxt 0] Transmitting packet of size 203 out of port 0
[13:04:44.223] [bmv2] [D] [thread 25247] [11.0] [cxt 0] Processing packet received on port 1
[13:04:44.223] [bmv2] [D] [thread 25247] [11.0] [cxt 0] Parser 'parser': start
[13:04:44.224] [bmv2] [D] [thread 25247] [11.0] [cxt 0] Parser 'parser' entering state 'start'
[13:04:44.224] [bmv2] [D] [thread 25247] [11.0] [cxt 0] Extracting header 'ethernet'
[13:04:44.224] [bmv2] [D] [thread 25247] [11.0] [cxt 0] Parser state 'start': key is 86dd
[13:04:44.224] [bmv2] [T] [thread 25247] [11.0] [cxt 0] Bytes parsed: 14
[13:04:44.224] [bmv2] [T] [thread 25247] [11.0] [cxt 0] Skipping checksum 'cksum' verification because target field invalid
[13:04:44.224] [bmv2] [D] [thread 25247] [11.0] [cxt 0] Parser 'parser': end
[13:04:44.224] [bmv2] [D] [thread 25247] [11.0] [cxt 0] Pipeline 'ingress': start
[13:04:44.224] [bmv2] [T] [thread 25247] [11.0] [cxt 0] Applying table 'tbl_act'
[13:04:44.224] [bmv2] [D] [thread 25247] [11.0] [cxt 0] Looking up key:

[13:04:44.224] [bmv2] [D] [thread 25247] [11.0] [cxt 0] Table 'tbl_act': miss
[13:04:44.224] [bmv2] [D] [thread 25247] [11.0] [cxt 0] Action entry is act_7 - 
[13:04:44.224] [bmv2] [T] [thread 25247] [11.0] [cxt 0] Action act_7
[13:04:44.224] [bmv2] [T] [thread 25247] [11.0] [cxt 0] Primitive (no source info)
[13:04:44.224] [bmv2] [T] [thread 25247] [11.0] [cxt 0] simple.p4(109) Primitive bit<32> apply_index=0;
[13:04:44.224] [bmv2] [T] [thread 25247] [11.0] [cxt 0] simple.p4(237) Condition "hdr.ipv4.isValid()" (node_3) is false
[13:04:44.224] [bmv2] [D] [thread 25247] [11.0] [cxt 0] Pipeline 'ingress': end
[13:04:44.224] [bmv2] [D] [thread 25247] [11.0] [cxt 0] Egress port is 0
[13:04:44.224] [bmv2] [D] [thread 25248] [11.0] [cxt 0] Pipeline 'egress': start
[13:04:44.224] [bmv2] [D] [thread 25248] [11.0] [cxt 0] Pipeline 'egress': end
[13:04:44.224] [bmv2] [D] [thread 25248] [11.0] [cxt 0] Deparser 'deparser': start
[13:04:44.224] [bmv2] [T] [thread 25248] [11.0] [cxt 0] Skipping checksum 'cksum' update because condition not met
[13:04:44.224] [bmv2] [D] [thread 25248] [11.0] [cxt 0] Deparsing header 'ethernet'
[13:04:44.224] [bmv2] [D] [thread 25248] [11.0] [cxt 0] Deparser 'deparser': end
[13:04:44.224] [bmv2] [D] [thread 25252] [11.0] [cxt 0] Transmitting packet of size 70 out of port 0
[13:04:48.158] [bmv2] [D] [thread 25247] [12.0] [cxt 0] Processing packet received on port 1
[13:04:48.158] [bmv2] [D] [thread 25247] [12.0] [cxt 0] Parser 'parser': start
[13:04:48.158] [bmv2] [D] [thread 25247] [12.0] [cxt 0] Parser 'parser' entering state 'start'
[13:04:48.158] [bmv2] [D] [thread 25247] [12.0] [cxt 0] Extracting header 'ethernet'
[13:04:48.158] [bmv2] [D] [thread 25247] [12.0] [cxt 0] Parser state 'start': key is 86dd
[13:04:48.158] [bmv2] [T] [thread 25247] [12.0] [cxt 0] Bytes parsed: 14
[13:04:48.158] [bmv2] [T] [thread 25247] [12.0] [cxt 0] Skipping checksum 'cksum' verification because target field invalid
[13:04:48.158] [bmv2] [D] [thread 25247] [12.0] [cxt 0] Parser 'parser': end
[13:04:48.158] [bmv2] [D] [thread 25247] [12.0] [cxt 0] Pipeline 'ingress': start
[13:04:48.158] [bmv2] [T] [thread 25247] [12.0] [cxt 0] Applying table 'tbl_act'
[13:04:48.158] [bmv2] [D] [thread 25247] [12.0] [cxt 0] Looking up key:

[13:04:48.158] [bmv2] [D] [thread 25247] [12.0] [cxt 0] Table 'tbl_act': miss
[13:04:48.158] [bmv2] [D] [thread 25247] [12.0] [cxt 0] Action entry is act_7 - 
[13:04:48.158] [bmv2] [T] [thread 25247] [12.0] [cxt 0] Action act_7
[13:04:48.158] [bmv2] [T] [thread 25247] [12.0] [cxt 0] Primitive (no source info)
[13:04:48.158] [bmv2] [T] [thread 25247] [12.0] [cxt 0] simple.p4(109) Primitive bit<32> apply_index=0;
[13:04:48.159] [bmv2] [T] [thread 25247] [12.0] [cxt 0] simple.p4(237) Condition "hdr.ipv4.isValid()" (node_3) is false
[13:04:48.159] [bmv2] [D] [thread 25247] [12.0] [cxt 0] Pipeline 'ingress': end
[13:04:48.159] [bmv2] [D] [thread 25247] [12.0] [cxt 0] Egress port is 0
[13:04:48.159] [bmv2] [D] [thread 25248] [12.0] [cxt 0] Pipeline 'egress': start
[13:04:48.159] [bmv2] [D] [thread 25248] [12.0] [cxt 0] Pipeline 'egress': end
[13:04:48.159] [bmv2] [D] [thread 25248] [12.0] [cxt 0] Deparser 'deparser': start
[13:04:48.159] [bmv2] [T] [thread 25248] [12.0] [cxt 0] Skipping checksum 'cksum' update because condition not met
[13:04:48.159] [bmv2] [D] [thread 25248] [12.0] [cxt 0] Deparsing header 'ethernet'
[13:04:48.159] [bmv2] [D] [thread 25248] [12.0] [cxt 0] Deparser 'deparser': end
[13:04:48.159] [bmv2] [D] [thread 25252] [12.0] [cxt 0] Transmitting packet of size 203 out of port 0
[13:04:50.366] [bmv2] [D] [thread 25247] [13.0] [cxt 0] Processing packet received on port 2
[13:04:50.366] [bmv2] [D] [thread 25247] [13.0] [cxt 0] Parser 'parser': start
[13:04:50.366] [bmv2] [D] [thread 25247] [13.0] [cxt 0] Parser 'parser' entering state 'start'
[13:04:50.367] [bmv2] [D] [thread 25247] [13.0] [cxt 0] Extracting header 'ethernet'
[13:04:50.367] [bmv2] [D] [thread 25247] [13.0] [cxt 0] Parser state 'start': key is 86dd
[13:04:50.367] [bmv2] [T] [thread 25247] [13.0] [cxt 0] Bytes parsed: 14
[13:04:50.367] [bmv2] [T] [thread 25247] [13.0] [cxt 0] Skipping checksum 'cksum' verification because target field invalid
[13:04:50.367] [bmv2] [D] [thread 25247] [13.0] [cxt 0] Parser 'parser': end
[13:04:50.367] [bmv2] [D] [thread 25247] [13.0] [cxt 0] Pipeline 'ingress': start
[13:04:50.367] [bmv2] [T] [thread 25247] [13.0] [cxt 0] Applying table 'tbl_act'
[13:04:50.367] [bmv2] [D] [thread 25247] [13.0] [cxt 0] Looking up key:

[13:04:50.367] [bmv2] [D] [thread 25247] [13.0] [cxt 0] Table 'tbl_act': miss
[13:04:50.367] [bmv2] [D] [thread 25247] [13.0] [cxt 0] Action entry is act_7 - 
[13:04:50.367] [bmv2] [T] [thread 25247] [13.0] [cxt 0] Action act_7
[13:04:50.367] [bmv2] [T] [thread 25247] [13.0] [cxt 0] Primitive (no source info)
[13:04:50.367] [bmv2] [T] [thread 25247] [13.0] [cxt 0] simple.p4(109) Primitive bit<32> apply_index=0;
[13:04:50.367] [bmv2] [T] [thread 25247] [13.0] [cxt 0] simple.p4(237) Condition "hdr.ipv4.isValid()" (node_3) is false
[13:04:50.367] [bmv2] [D] [thread 25247] [13.0] [cxt 0] Pipeline 'ingress': end
[13:04:50.367] [bmv2] [D] [thread 25247] [13.0] [cxt 0] Egress port is 0
[13:04:50.367] [bmv2] [D] [thread 25248] [13.0] [cxt 0] Pipeline 'egress': start
[13:04:50.367] [bmv2] [D] [thread 25248] [13.0] [cxt 0] Pipeline 'egress': end
[13:04:50.367] [bmv2] [D] [thread 25248] [13.0] [cxt 0] Deparser 'deparser': start
[13:04:50.367] [bmv2] [T] [thread 25248] [13.0] [cxt 0] Skipping checksum 'cksum' update because condition not met
[13:04:50.367] [bmv2] [D] [thread 25248] [13.0] [cxt 0] Deparsing header 'ethernet'
[13:04:50.367] [bmv2] [D] [thread 25248] [13.0] [cxt 0] Deparser 'deparser': end
[13:04:50.367] [bmv2] [D] [thread 25252] [13.0] [cxt 0] Transmitting packet of size 70 out of port 0
[13:04:50.717] [bmv2] [D] [thread 25247] [14.0] [cxt 0] Processing packet received on port 2
[13:04:50.717] [bmv2] [D] [thread 25247] [14.0] [cxt 0] Parser 'parser': start
[13:04:50.717] [bmv2] [D] [thread 25247] [14.0] [cxt 0] Parser 'parser' entering state 'start'
[13:04:50.717] [bmv2] [D] [thread 25247] [14.0] [cxt 0] Extracting header 'ethernet'
[13:04:50.717] [bmv2] [D] [thread 25247] [14.0] [cxt 0] Parser state 'start': key is 86dd
[13:04:50.717] [bmv2] [T] [thread 25247] [14.0] [cxt 0] Bytes parsed: 14
[13:04:50.717] [bmv2] [T] [thread 25247] [14.0] [cxt 0] Skipping checksum 'cksum' verification because target field invalid
[13:04:50.717] [bmv2] [D] [thread 25247] [14.0] [cxt 0] Parser 'parser': end
[13:04:50.718] [bmv2] [D] [thread 25247] [14.0] [cxt 0] Pipeline 'ingress': start
[13:04:50.718] [bmv2] [T] [thread 25247] [14.0] [cxt 0] Applying table 'tbl_act'
[13:04:50.718] [bmv2] [D] [thread 25247] [14.0] [cxt 0] Looking up key:

[13:04:50.718] [bmv2] [D] [thread 25247] [14.0] [cxt 0] Table 'tbl_act': miss
[13:04:50.718] [bmv2] [D] [thread 25247] [14.0] [cxt 0] Action entry is act_7 - 
[13:04:50.718] [bmv2] [T] [thread 25247] [14.0] [cxt 0] Action act_7
[13:04:50.718] [bmv2] [T] [thread 25247] [14.0] [cxt 0] Primitive (no source info)
[13:04:50.718] [bmv2] [T] [thread 25247] [14.0] [cxt 0] simple.p4(109) Primitive bit<32> apply_index=0;
[13:04:50.718] [bmv2] [T] [thread 25247] [14.0] [cxt 0] simple.p4(237) Condition "hdr.ipv4.isValid()" (node_3) is false
[13:04:50.718] [bmv2] [D] [thread 25247] [14.0] [cxt 0] Pipeline 'ingress': end
[13:04:50.718] [bmv2] [D] [thread 25247] [14.0] [cxt 0] Egress port is 0
[13:04:50.718] [bmv2] [D] [thread 25248] [14.0] [cxt 0] Pipeline 'egress': start
[13:04:50.718] [bmv2] [D] [thread 25248] [14.0] [cxt 0] Pipeline 'egress': end
[13:04:50.718] [bmv2] [D] [thread 25248] [14.0] [cxt 0] Deparser 'deparser': start
[13:04:50.718] [bmv2] [T] [thread 25248] [14.0] [cxt 0] Skipping checksum 'cksum' update because condition not met
[13:04:50.718] [bmv2] [D] [thread 25248] [14.0] [cxt 0] Deparsing header 'ethernet'
[13:04:50.718] [bmv2] [D] [thread 25248] [14.0] [cxt 0] Deparser 'deparser': end
[13:04:50.718] [bmv2] [D] [thread 25252] [14.0] [cxt 0] Transmitting packet of size 203 out of port 0
[13:04:52.415] [bmv2] [D] [thread 25247] [15.0] [cxt 0] Processing packet received on port 2
[13:04:52.415] [bmv2] [D] [thread 25247] [15.0] [cxt 0] Parser 'parser': start
[13:04:52.415] [bmv2] [D] [thread 25247] [15.0] [cxt 0] Parser 'parser' entering state 'start'
[13:04:52.415] [bmv2] [D] [thread 25247] [15.0] [cxt 0] Extracting header 'ethernet'
[13:04:52.415] [bmv2] [D] [thread 25247] [15.0] [cxt 0] Parser state 'start': key is 86dd
[13:04:52.415] [bmv2] [T] [thread 25247] [15.0] [cxt 0] Bytes parsed: 14
[13:04:52.415] [bmv2] [T] [thread 25247] [15.0] [cxt 0] Skipping checksum 'cksum' verification because target field invalid
[13:04:52.415] [bmv2] [D] [thread 25247] [15.0] [cxt 0] Parser 'parser': end
[13:04:52.416] [bmv2] [D] [thread 25247] [15.0] [cxt 0] Pipeline 'ingress': start
[13:04:52.416] [bmv2] [T] [thread 25247] [15.0] [cxt 0] Applying table 'tbl_act'
[13:04:52.416] [bmv2] [D] [thread 25247] [15.0] [cxt 0] Looking up key:

[13:04:52.416] [bmv2] [D] [thread 25247] [15.0] [cxt 0] Table 'tbl_act': miss
[13:04:52.416] [bmv2] [D] [thread 25247] [15.0] [cxt 0] Action entry is act_7 - 
[13:04:52.416] [bmv2] [T] [thread 25247] [15.0] [cxt 0] Action act_7
[13:04:52.416] [bmv2] [T] [thread 25247] [15.0] [cxt 0] Primitive (no source info)
[13:04:52.416] [bmv2] [T] [thread 25247] [15.0] [cxt 0] simple.p4(109) Primitive bit<32> apply_index=0;
[13:04:52.416] [bmv2] [T] [thread 25247] [15.0] [cxt 0] simple.p4(237) Condition "hdr.ipv4.isValid()" (node_3) is false
[13:04:52.416] [bmv2] [D] [thread 25247] [15.0] [cxt 0] Pipeline 'ingress': end
[13:04:52.416] [bmv2] [D] [thread 25247] [15.0] [cxt 0] Egress port is 0
[13:04:52.416] [bmv2] [D] [thread 25248] [15.0] [cxt 0] Pipeline 'egress': start
[13:04:52.416] [bmv2] [D] [thread 25248] [15.0] [cxt 0] Pipeline 'egress': end
[13:04:52.416] [bmv2] [D] [thread 25248] [15.0] [cxt 0] Deparser 'deparser': start
[13:04:52.416] [bmv2] [T] [thread 25248] [15.0] [cxt 0] Skipping checksum 'cksum' update because condition not met
[13:04:52.416] [bmv2] [D] [thread 25248] [15.0] [cxt 0] Deparsing header 'ethernet'
[13:04:52.416] [bmv2] [D] [thread 25248] [15.0] [cxt 0] Deparser 'deparser': end
[13:04:52.416] [bmv2] [D] [thread 25252] [15.0] [cxt 0] Transmitting packet of size 70 out of port 0
New connection
P4Runtime SetForwardingPipelineConfig
[13:05:01.424] [bmv2] [W] [thread 25607] [P4Runtime] p4::tmp::P4DeviceConfig is deprecated
[13:05:01.458] [bmv2] [D] [thread 25607] Set default default entry for table 'tbl_act': act_7 - 
[13:05:01.458] [bmv2] [D] [thread 25607] Set default default entry for table 'Basic_ingress.syn_drop': NoAction - 
[13:05:01.458] [bmv2] [D] [thread 25607] Set default default entry for table 'tbl_act_0': act - 
[13:05:01.458] [bmv2] [D] [thread 25607] Set default default entry for table 'tbl_act_1': act_0 - 
[13:05:01.458] [bmv2] [D] [thread 25607] Set default default entry for table 'tbl_act_2': act_1 - 
[13:05:01.458] [bmv2] [D] [thread 25607] Set default default entry for table 'Basic_ingress.synack_entry': Basic_ingress.new_synack - 
[13:05:01.458] [bmv2] [D] [thread 25607] Set default default entry for table 'tbl_act_3': act_3 - 
[13:05:01.458] [bmv2] [D] [thread 25607] Set default default entry for table 'tbl_checking': Basic_ingress.checking - 
[13:05:01.458] [bmv2] [D] [thread 25607] Set default default entry for table 'tbl_act_4': act_2 - 
[13:05:01.458] [bmv2] [D] [thread 25607] Set default default entry for table 'tbl_act_5': act_4 - 
[13:05:01.458] [bmv2] [D] [thread 25607] Set default default entry for table 'tbl_checking_0': Basic_ingress.checking - 
[13:05:01.458] [bmv2] [D] [thread 25607] Set default default entry for table 'Basic_ingress.ack_entry': NoAction - 
[13:05:01.458] [bmv2] [D] [thread 25607] Set default default entry for table 'tbl_act_6': act_6 - 
[13:05:01.458] [bmv2] [D] [thread 25607] Set default default entry for table 'tbl_merge': Basic_ingress.merge - 
[13:05:01.458] [bmv2] [D] [thread 25607] Set default default entry for table 'tbl_act_7': act_5 - 
[13:05:01.459] [bmv2] [D] [thread 25607] Set default default entry for table 'Basic_ingress.ipv4_lpm': NoAction - 
P4Runtime Write
device_id: 15
election_id {
  low: 1
}
updates {
  type: INSERT
  entity {
    table_entry {
      table_id: 33605438
      match {
        field_id: 1
        lpm {
          value: "\013\002\001\001"
          prefix_len: 32
        }
      }
      action {
        action {
          action_id: 16797316
          params {
            param_id: 1
            value: "\000\000\000\000\020\t"
          }
          params {
            param_id: 2
            value: "\000\001"
          }
        }
      }
    }
  }
}
[13:05:03.215] [bmv2] [D] [thread 25607] Entry 0 added to table 'Basic_ingress.ipv4_lpm'
[13:05:03.215] [bmv2] [D] [thread 25607] Dumping entry 0
Match key:
* hdr.ipv4.dstAddr    : LPM       0b020101/32
Action entry: Basic_ingress.host_forward - 1009,1,

P4Runtime Write
device_id: 15
election_id {
  low: 1
}
updates {
  type: INSERT
  entity {
    table_entry {
      table_id: 33605438
      match {
        field_id: 1
        lpm {
          value: "\n\000\000\000"
          prefix_len: 8
        }
      }
      action {
        action {
          action_id: 16838388
          params {
            param_id: 1
            value: "\000\002"
          }
        }
      }
    }
  }
}
[13:05:04.099] [bmv2] [D] [thread 25796] Entry 1 added to table 'Basic_ingress.ipv4_lpm'
[13:05:04.099] [bmv2] [D] [thread 25796] Dumping entry 1
Match key:
* hdr.ipv4.dstAddr    : LPM       0a000000/8
Action entry: Basic_ingress.l3_forward - 2,

[13:05:51.807] [bmv2] [D] [thread 25247] [16.0] [cxt 0] Processing packet received on port 1
[13:05:51.807] [bmv2] [D] [thread 25247] [16.0] [cxt 0] Parser 'parser': start
[13:05:51.807] [bmv2] [D] [thread 25247] [16.0] [cxt 0] Parser 'parser' entering state 'start'
[13:05:51.807] [bmv2] [D] [thread 25247] [16.0] [cxt 0] Extracting header 'ethernet'
[13:05:51.807] [bmv2] [D] [thread 25247] [16.0] [cxt 0] Parser state 'start': key is 86dd
[13:05:51.807] [bmv2] [T] [thread 25247] [16.0] [cxt 0] Bytes parsed: 14
[13:05:51.807] [bmv2] [T] [thread 25247] [16.0] [cxt 0] Skipping checksum 'cksum' verification because target field invalid
[13:05:51.807] [bmv2] [D] [thread 25247] [16.0] [cxt 0] Parser 'parser': end
[13:05:51.807] [bmv2] [D] [thread 25247] [16.0] [cxt 0] Pipeline 'ingress': start
[13:05:51.807] [bmv2] [T] [thread 25247] [16.0] [cxt 0] Applying table 'tbl_act'
[13:05:51.807] [bmv2] [D] [thread 25247] [16.0] [cxt 0] Looking up key:

[13:05:51.807] [bmv2] [D] [thread 25247] [16.0] [cxt 0] Table 'tbl_act': miss
[13:05:51.807] [bmv2] [D] [thread 25247] [16.0] [cxt 0] Action entry is act_7 - 
[13:05:51.807] [bmv2] [T] [thread 25247] [16.0] [cxt 0] Action act_7
[13:05:51.807] [bmv2] [T] [thread 25247] [16.0] [cxt 0] Primitive (no source info)
[13:05:51.807] [bmv2] [T] [thread 25247] [16.0] [cxt 0] simple.p4(109) Primitive bit<32> apply_index=0;
[13:05:51.807] [bmv2] [T] [thread 25247] [16.0] [cxt 0] simple.p4(237) Condition "hdr.ipv4.isValid()" (node_3) is false
[13:05:51.807] [bmv2] [D] [thread 25247] [16.0] [cxt 0] Pipeline 'ingress': end
[13:05:51.807] [bmv2] [D] [thread 25247] [16.0] [cxt 0] Egress port is 0
[13:05:51.807] [bmv2] [D] [thread 25248] [16.0] [cxt 0] Pipeline 'egress': start
[13:05:51.807] [bmv2] [D] [thread 25248] [16.0] [cxt 0] Pipeline 'egress': end
[13:05:51.807] [bmv2] [D] [thread 25248] [16.0] [cxt 0] Deparser 'deparser': start
[13:05:51.807] [bmv2] [T] [thread 25248] [16.0] [cxt 0] Skipping checksum 'cksum' update because condition not met
[13:05:51.807] [bmv2] [D] [thread 25248] [16.0] [cxt 0] Deparsing header 'ethernet'
[13:05:51.807] [bmv2] [D] [thread 25248] [16.0] [cxt 0] Deparser 'deparser': end
[13:05:51.807] [bmv2] [D] [thread 25252] [16.0] [cxt 0] Transmitting packet of size 70 out of port 0
[13:05:52.158] [bmv2] [D] [thread 25247] [17.0] [cxt 0] Processing packet received on port 1
[13:05:52.158] [bmv2] [D] [thread 25247] [17.0] [cxt 0] Parser 'parser': start
[13:05:52.158] [bmv2] [D] [thread 25247] [17.0] [cxt 0] Parser 'parser' entering state 'start'
[13:05:52.158] [bmv2] [D] [thread 25247] [17.0] [cxt 0] Extracting header 'ethernet'
[13:05:52.158] [bmv2] [D] [thread 25247] [17.0] [cxt 0] Parser state 'start': key is 86dd
[13:05:52.158] [bmv2] [T] [thread 25247] [17.0] [cxt 0] Bytes parsed: 14
[13:05:52.158] [bmv2] [T] [thread 25247] [17.0] [cxt 0] Skipping checksum 'cksum' verification because target field invalid
[13:05:52.159] [bmv2] [D] [thread 25247] [17.0] [cxt 0] Parser 'parser': end
[13:05:52.159] [bmv2] [D] [thread 25247] [17.0] [cxt 0] Pipeline 'ingress': start
[13:05:52.159] [bmv2] [T] [thread 25247] [17.0] [cxt 0] Applying table 'tbl_act'
[13:05:52.159] [bmv2] [D] [thread 25247] [17.0] [cxt 0] Looking up key:

[13:05:52.159] [bmv2] [D] [thread 25247] [17.0] [cxt 0] Table 'tbl_act': miss
[13:05:52.159] [bmv2] [D] [thread 25247] [17.0] [cxt 0] Action entry is act_7 - 
[13:05:52.159] [bmv2] [T] [thread 25247] [17.0] [cxt 0] Action act_7
[13:05:52.159] [bmv2] [T] [thread 25247] [17.0] [cxt 0] Primitive (no source info)
[13:05:52.159] [bmv2] [T] [thread 25247] [17.0] [cxt 0] simple.p4(109) Primitive bit<32> apply_index=0;
[13:05:52.159] [bmv2] [T] [thread 25247] [17.0] [cxt 0] simple.p4(237) Condition "hdr.ipv4.isValid()" (node_3) is false
[13:05:52.159] [bmv2] [D] [thread 25247] [17.0] [cxt 0] Pipeline 'ingress': end
[13:05:52.159] [bmv2] [D] [thread 25247] [17.0] [cxt 0] Egress port is 0
[13:05:52.159] [bmv2] [D] [thread 25248] [17.0] [cxt 0] Pipeline 'egress': start
[13:05:52.159] [bmv2] [D] [thread 25248] [17.0] [cxt 0] Pipeline 'egress': end
[13:05:52.159] [bmv2] [D] [thread 25248] [17.0] [cxt 0] Deparser 'deparser': start
[13:05:52.159] [bmv2] [T] [thread 25248] [17.0] [cxt 0] Skipping checksum 'cksum' update because condition not met
[13:05:52.159] [bmv2] [D] [thread 25248] [17.0] [cxt 0] Deparsing header 'ethernet'
[13:05:52.159] [bmv2] [D] [thread 25248] [17.0] [cxt 0] Deparser 'deparser': end
[13:05:52.159] [bmv2] [D] [thread 25252] [17.0] [cxt 0] Transmitting packet of size 203 out of port 0
[13:05:54.718] [bmv2] [D] [thread 25247] [18.0] [cxt 0] Processing packet received on port 2
[13:05:54.718] [bmv2] [D] [thread 25247] [18.0] [cxt 0] Parser 'parser': start
[13:05:54.718] [bmv2] [D] [thread 25247] [18.0] [cxt 0] Parser 'parser' entering state 'start'
[13:05:54.718] [bmv2] [D] [thread 25247] [18.0] [cxt 0] Extracting header 'ethernet'
[13:05:54.718] [bmv2] [D] [thread 25247] [18.0] [cxt 0] Parser state 'start': key is 86dd
[13:05:54.718] [bmv2] [T] [thread 25247] [18.0] [cxt 0] Bytes parsed: 14
[13:05:54.718] [bmv2] [T] [thread 25247] [18.0] [cxt 0] Skipping checksum 'cksum' verification because target field invalid
[13:05:54.718] [bmv2] [D] [thread 25247] [18.0] [cxt 0] Parser 'parser': end
[13:05:54.718] [bmv2] [D] [thread 25247] [18.0] [cxt 0] Pipeline 'ingress': start
[13:05:54.718] [bmv2] [T] [thread 25247] [18.0] [cxt 0] Applying table 'tbl_act'
[13:05:54.718] [bmv2] [D] [thread 25247] [18.0] [cxt 0] Looking up key:

[13:05:54.718] [bmv2] [D] [thread 25247] [18.0] [cxt 0] Table 'tbl_act': miss
[13:05:54.718] [bmv2] [D] [thread 25247] [18.0] [cxt 0] Action entry is act_7 - 
[13:05:54.718] [bmv2] [T] [thread 25247] [18.0] [cxt 0] Action act_7
[13:05:54.718] [bmv2] [T] [thread 25247] [18.0] [cxt 0] Primitive (no source info)
[13:05:54.718] [bmv2] [T] [thread 25247] [18.0] [cxt 0] simple.p4(109) Primitive bit<32> apply_index=0;
[13:05:54.719] [bmv2] [T] [thread 25247] [18.0] [cxt 0] simple.p4(237) Condition "hdr.ipv4.isValid()" (node_3) is false
[13:05:54.719] [bmv2] [D] [thread 25247] [18.0] [cxt 0] Pipeline 'ingress': end
[13:05:54.719] [bmv2] [D] [thread 25247] [18.0] [cxt 0] Egress port is 0
[13:05:54.719] [bmv2] [D] [thread 25248] [18.0] [cxt 0] Pipeline 'egress': start
[13:05:54.719] [bmv2] [D] [thread 25248] [18.0] [cxt 0] Pipeline 'egress': end
[13:05:54.719] [bmv2] [D] [thread 25248] [18.0] [cxt 0] Deparser 'deparser': start
[13:05:54.719] [bmv2] [T] [thread 25248] [18.0] [cxt 0] Skipping checksum 'cksum' update because condition not met
[13:05:54.719] [bmv2] [D] [thread 25248] [18.0] [cxt 0] Deparsing header 'ethernet'
[13:05:54.719] [bmv2] [D] [thread 25248] [18.0] [cxt 0] Deparser 'deparser': end
[13:05:54.719] [bmv2] [D] [thread 25252] [18.0] [cxt 0] Transmitting packet of size 203 out of port 0
[13:05:57.950] [bmv2] [D] [thread 25247] [19.0] [cxt 0] Processing packet received on port 2
[13:05:57.950] [bmv2] [D] [thread 25247] [19.0] [cxt 0] Parser 'parser': start
[13:05:57.950] [bmv2] [D] [thread 25247] [19.0] [cxt 0] Parser 'parser' entering state 'start'
[13:05:57.950] [bmv2] [D] [thread 25247] [19.0] [cxt 0] Extracting header 'ethernet'
[13:05:57.950] [bmv2] [D] [thread 25247] [19.0] [cxt 0] Parser state 'start': key is 86dd
[13:05:57.950] [bmv2] [T] [thread 25247] [19.0] [cxt 0] Bytes parsed: 14
[13:05:57.950] [bmv2] [T] [thread 25247] [19.0] [cxt 0] Skipping checksum 'cksum' verification because target field invalid
[13:05:57.950] [bmv2] [D] [thread 25247] [19.0] [cxt 0] Parser 'parser': end
[13:05:57.950] [bmv2] [D] [thread 25247] [19.0] [cxt 0] Pipeline 'ingress': start
[13:05:57.950] [bmv2] [T] [thread 25247] [19.0] [cxt 0] Applying table 'tbl_act'
[13:05:57.950] [bmv2] [D] [thread 25247] [19.0] [cxt 0] Looking up key:

[13:05:57.950] [bmv2] [D] [thread 25247] [19.0] [cxt 0] Table 'tbl_act': miss
[13:05:57.950] [bmv2] [D] [thread 25247] [19.0] [cxt 0] Action entry is act_7 - 
[13:05:57.950] [bmv2] [T] [thread 25247] [19.0] [cxt 0] Action act_7
[13:05:57.950] [bmv2] [T] [thread 25247] [19.0] [cxt 0] Primitive (no source info)
[13:05:57.950] [bmv2] [T] [thread 25247] [19.0] [cxt 0] simple.p4(109) Primitive bit<32> apply_index=0;
[13:05:57.950] [bmv2] [T] [thread 25247] [19.0] [cxt 0] simple.p4(237) Condition "hdr.ipv4.isValid()" (node_3) is false
[13:05:57.951] [bmv2] [D] [thread 25247] [19.0] [cxt 0] Pipeline 'ingress': end
[13:05:57.951] [bmv2] [D] [thread 25247] [19.0] [cxt 0] Egress port is 0
[13:05:57.951] [bmv2] [D] [thread 25248] [19.0] [cxt 0] Pipeline 'egress': start
[13:05:57.951] [bmv2] [D] [thread 25248] [19.0] [cxt 0] Pipeline 'egress': end
[13:05:57.951] [bmv2] [D] [thread 25248] [19.0] [cxt 0] Deparser 'deparser': start
[13:05:57.951] [bmv2] [T] [thread 25248] [19.0] [cxt 0] Skipping checksum 'cksum' update because condition not met
[13:05:57.951] [bmv2] [D] [thread 25248] [19.0] [cxt 0] Deparsing header 'ethernet'
[13:05:57.951] [bmv2] [D] [thread 25248] [19.0] [cxt 0] Deparser 'deparser': end
[13:05:57.951] [bmv2] [D] [thread 25252] [19.0] [cxt 0] Transmitting packet of size 70 out of port 0
[13:06:02.044] [bmv2] [D] [thread 25247] [20.0] [cxt 0] Processing packet received on port 2
[13:06:02.044] [bmv2] [D] [thread 25247] [20.0] [cxt 0] Parser 'parser': start
[13:06:02.044] [bmv2] [D] [thread 25247] [20.0] [cxt 0] Parser 'parser' entering state 'start'
[13:06:02.044] [bmv2] [D] [thread 25247] [20.0] [cxt 0] Extracting header 'ethernet'
[13:06:02.044] [bmv2] [D] [thread 25247] [20.0] [cxt 0] Parser state 'start': key is 86dd
[13:06:02.044] [bmv2] [T] [thread 25247] [20.0] [cxt 0] Bytes parsed: 14
[13:06:02.044] [bmv2] [T] [thread 25247] [20.0] [cxt 0] Skipping checksum 'cksum' verification because target field invalid
[13:06:02.044] [bmv2] [D] [thread 25247] [20.0] [cxt 0] Parser 'parser': end
[13:06:02.044] [bmv2] [D] [thread 25247] [20.0] [cxt 0] Pipeline 'ingress': start
[13:06:02.044] [bmv2] [T] [thread 25247] [20.0] [cxt 0] Applying table 'tbl_act'
[13:06:02.044] [bmv2] [D] [thread 25247] [20.0] [cxt 0] Looking up key:

[13:06:02.044] [bmv2] [D] [thread 25247] [20.0] [cxt 0] Table 'tbl_act': miss
[13:06:02.044] [bmv2] [D] [thread 25247] [20.0] [cxt 0] Action entry is act_7 - 
[13:06:02.044] [bmv2] [T] [thread 25247] [20.0] [cxt 0] Action act_7
[13:06:02.044] [bmv2] [T] [thread 25247] [20.0] [cxt 0] Primitive (no source info)
[13:06:02.044] [bmv2] [T] [thread 25247] [20.0] [cxt 0] simple.p4(109) Primitive bit<32> apply_index=0;
[13:06:02.044] [bmv2] [T] [thread 25247] [20.0] [cxt 0] simple.p4(237) Condition "hdr.ipv4.isValid()" (node_3) is false
[13:06:02.044] [bmv2] [D] [thread 25247] [20.0] [cxt 0] Pipeline 'ingress': end
[13:06:02.044] [bmv2] [D] [thread 25247] [20.0] [cxt 0] Egress port is 0
[13:06:02.044] [bmv2] [D] [thread 25248] [20.0] [cxt 0] Pipeline 'egress': start
[13:06:02.044] [bmv2] [D] [thread 25248] [20.0] [cxt 0] Pipeline 'egress': end
[13:06:02.044] [bmv2] [D] [thread 25248] [20.0] [cxt 0] Deparser 'deparser': start
[13:06:02.045] [bmv2] [T] [thread 25248] [20.0] [cxt 0] Skipping checksum 'cksum' update because condition not met
[13:06:02.045] [bmv2] [D] [thread 25248] [20.0] [cxt 0] Deparsing header 'ethernet'
[13:06:02.045] [bmv2] [D] [thread 25248] [20.0] [cxt 0] Deparser 'deparser': end
[13:06:02.045] [bmv2] [D] [thread 25252] [20.0] [cxt 0] Transmitting packet of size 70 out of port 0
[13:08:00.159] [bmv2] [D] [thread 25247] [21.0] [cxt 0] Processing packet received on port 1
[13:08:00.159] [bmv2] [D] [thread 25247] [21.0] [cxt 0] Parser 'parser': start
[13:08:00.159] [bmv2] [D] [thread 25247] [21.0] [cxt 0] Parser 'parser' entering state 'start'
[13:08:00.159] [bmv2] [D] [thread 25247] [21.0] [cxt 0] Extracting header 'ethernet'
[13:08:00.159] [bmv2] [D] [thread 25247] [21.0] [cxt 0] Parser state 'start': key is 86dd
[13:08:00.159] [bmv2] [T] [thread 25247] [21.0] [cxt 0] Bytes parsed: 14
[13:08:00.159] [bmv2] [T] [thread 25247] [21.0] [cxt 0] Skipping checksum 'cksum' verification because target field invalid
[13:08:00.159] [bmv2] [D] [thread 25247] [21.0] [cxt 0] Parser 'parser': end
[13:08:00.159] [bmv2] [D] [thread 25247] [21.0] [cxt 0] Pipeline 'ingress': start
[13:08:00.159] [bmv2] [T] [thread 25247] [21.0] [cxt 0] Applying table 'tbl_act'
[13:08:00.159] [bmv2] [D] [thread 25247] [21.0] [cxt 0] Looking up key:

[13:08:00.159] [bmv2] [D] [thread 25247] [21.0] [cxt 0] Table 'tbl_act': miss
[13:08:00.159] [bmv2] [D] [thread 25247] [21.0] [cxt 0] Action entry is act_7 - 
[13:08:00.159] [bmv2] [T] [thread 25247] [21.0] [cxt 0] Action act_7
[13:08:00.159] [bmv2] [T] [thread 25247] [21.0] [cxt 0] Primitive (no source info)
[13:08:00.159] [bmv2] [T] [thread 25247] [21.0] [cxt 0] simple.p4(109) Primitive bit<32> apply_index=0;
[13:08:00.159] [bmv2] [T] [thread 25247] [21.0] [cxt 0] simple.p4(237) Condition "hdr.ipv4.isValid()" (node_3) is false
[13:08:00.159] [bmv2] [D] [thread 25247] [21.0] [cxt 0] Pipeline 'ingress': end
[13:08:00.159] [bmv2] [D] [thread 25247] [21.0] [cxt 0] Egress port is 0
[13:08:00.160] [bmv2] [D] [thread 25248] [21.0] [cxt 0] Pipeline 'egress': start
[13:08:00.160] [bmv2] [D] [thread 25248] [21.0] [cxt 0] Pipeline 'egress': end
[13:08:00.160] [bmv2] [D] [thread 25248] [21.0] [cxt 0] Deparser 'deparser': start
[13:08:00.160] [bmv2] [T] [thread 25248] [21.0] [cxt 0] Skipping checksum 'cksum' update because condition not met
[13:08:00.160] [bmv2] [D] [thread 25248] [21.0] [cxt 0] Deparsing header 'ethernet'
[13:08:00.160] [bmv2] [D] [thread 25248] [21.0] [cxt 0] Deparser 'deparser': end
[13:08:00.160] [bmv2] [D] [thread 25252] [21.0] [cxt 0] Transmitting packet of size 203 out of port 0
[13:08:02.720] [bmv2] [D] [thread 25247] [22.0] [cxt 0] Processing packet received on port 2
[13:08:02.720] [bmv2] [D] [thread 25247] [22.0] [cxt 0] Parser 'parser': start
[13:08:02.720] [bmv2] [D] [thread 25247] [22.0] [cxt 0] Parser 'parser' entering state 'start'
[13:08:02.720] [bmv2] [D] [thread 25247] [22.0] [cxt 0] Extracting header 'ethernet'
[13:08:02.720] [bmv2] [D] [thread 25247] [22.0] [cxt 0] Parser state 'start': key is 86dd
[13:08:02.720] [bmv2] [T] [thread 25247] [22.0] [cxt 0] Bytes parsed: 14
[13:08:02.720] [bmv2] [T] [thread 25247] [22.0] [cxt 0] Skipping checksum 'cksum' verification because target field invalid
[13:08:02.720] [bmv2] [D] [thread 25247] [22.0] [cxt 0] Parser 'parser': end
[13:08:02.720] [bmv2] [D] [thread 25247] [22.0] [cxt 0] Pipeline 'ingress': start
[13:08:02.720] [bmv2] [T] [thread 25247] [22.0] [cxt 0] Applying table 'tbl_act'
[13:08:02.721] [bmv2] [D] [thread 25247] [22.0] [cxt 0] Looking up key:

[13:08:02.721] [bmv2] [D] [thread 25247] [22.0] [cxt 0] Table 'tbl_act': miss
[13:08:02.721] [bmv2] [D] [thread 25247] [22.0] [cxt 0] Action entry is act_7 - 
[13:08:02.721] [bmv2] [T] [thread 25247] [22.0] [cxt 0] Action act_7
[13:08:02.721] [bmv2] [T] [thread 25247] [22.0] [cxt 0] Primitive (no source info)
[13:08:02.721] [bmv2] [T] [thread 25247] [22.0] [cxt 0] simple.p4(109) Primitive bit<32> apply_index=0;
[13:08:02.721] [bmv2] [T] [thread 25247] [22.0] [cxt 0] simple.p4(237) Condition "hdr.ipv4.isValid()" (node_3) is false
[13:08:02.721] [bmv2] [D] [thread 25247] [22.0] [cxt 0] Pipeline 'ingress': end
[13:08:02.721] [bmv2] [D] [thread 25247] [22.0] [cxt 0] Egress port is 0
[13:08:02.721] [bmv2] [D] [thread 25248] [22.0] [cxt 0] Pipeline 'egress': start
[13:08:02.721] [bmv2] [D] [thread 25248] [22.0] [cxt 0] Pipeline 'egress': end
[13:08:02.721] [bmv2] [D] [thread 25248] [22.0] [cxt 0] Deparser 'deparser': start
[13:08:02.721] [bmv2] [T] [thread 25248] [22.0] [cxt 0] Skipping checksum 'cksum' update because condition not met
[13:08:02.721] [bmv2] [D] [thread 25248] [22.0] [cxt 0] Deparsing header 'ethernet'
[13:08:02.721] [bmv2] [D] [thread 25248] [22.0] [cxt 0] Deparser 'deparser': end
[13:08:02.721] [bmv2] [D] [thread 25252] [22.0] [cxt 0] Transmitting packet of size 203 out of port 0
[13:08:06.972] [bmv2] [D] [thread 25247] [23.0] [cxt 0] Processing packet received on port 2
[13:08:06.972] [bmv2] [D] [thread 25247] [23.0] [cxt 0] Parser 'parser': start
[13:08:06.972] [bmv2] [D] [thread 25247] [23.0] [cxt 0] Parser 'parser' entering state 'start'
[13:08:06.972] [bmv2] [D] [thread 25247] [23.0] [cxt 0] Extracting header 'ethernet'
[13:08:06.972] [bmv2] [D] [thread 25247] [23.0] [cxt 0] Parser state 'start': key is 86dd
[13:08:06.973] [bmv2] [T] [thread 25247] [23.0] [cxt 0] Bytes parsed: 14
[13:08:06.973] [bmv2] [T] [thread 25247] [23.0] [cxt 0] Skipping checksum 'cksum' verification because target field invalid
[13:08:06.973] [bmv2] [D] [thread 25247] [23.0] [cxt 0] Parser 'parser': end
[13:08:06.973] [bmv2] [D] [thread 25247] [23.0] [cxt 0] Pipeline 'ingress': start
[13:08:06.973] [bmv2] [T] [thread 25247] [23.0] [cxt 0] Applying table 'tbl_act'
[13:08:06.973] [bmv2] [D] [thread 25247] [23.0] [cxt 0] Looking up key:

[13:08:06.973] [bmv2] [D] [thread 25247] [23.0] [cxt 0] Table 'tbl_act': miss
[13:08:06.973] [bmv2] [D] [thread 25247] [23.0] [cxt 0] Action entry is act_7 - 
[13:08:06.973] [bmv2] [T] [thread 25247] [23.0] [cxt 0] Action act_7
[13:08:06.973] [bmv2] [T] [thread 25247] [23.0] [cxt 0] Primitive (no source info)
[13:08:06.973] [bmv2] [T] [thread 25247] [23.0] [cxt 0] simple.p4(109) Primitive bit<32> apply_index=0;
[13:08:06.973] [bmv2] [T] [thread 25247] [23.0] [cxt 0] simple.p4(237) Condition "hdr.ipv4.isValid()" (node_3) is false
[13:08:06.973] [bmv2] [D] [thread 25247] [23.0] [cxt 0] Pipeline 'ingress': end
[13:08:06.973] [bmv2] [D] [thread 25247] [23.0] [cxt 0] Egress port is 0
[13:08:06.973] [bmv2] [D] [thread 25248] [23.0] [cxt 0] Pipeline 'egress': start
[13:08:06.973] [bmv2] [D] [thread 25248] [23.0] [cxt 0] Pipeline 'egress': end
[13:08:06.973] [bmv2] [D] [thread 25248] [23.0] [cxt 0] Deparser 'deparser': start
[13:08:06.973] [bmv2] [T] [thread 25248] [23.0] [cxt 0] Skipping checksum 'cksum' update because condition not met
[13:08:06.973] [bmv2] [D] [thread 25248] [23.0] [cxt 0] Deparsing header 'ethernet'
[13:08:06.973] [bmv2] [D] [thread 25248] [23.0] [cxt 0] Deparser 'deparser': end
[13:08:06.973] [bmv2] [D] [thread 25252] [23.0] [cxt 0] Transmitting packet of size 70 out of port 0
[13:08:17.210] [bmv2] [D] [thread 25247] [24.0] [cxt 0] Processing packet received on port 1
[13:08:17.210] [bmv2] [D] [thread 25247] [24.0] [cxt 0] Parser 'parser': start
[13:08:17.210] [bmv2] [D] [thread 25247] [24.0] [cxt 0] Parser 'parser' entering state 'start'
[13:08:17.210] [bmv2] [D] [thread 25247] [24.0] [cxt 0] Extracting header 'ethernet'
[13:08:17.210] [bmv2] [D] [thread 25247] [24.0] [cxt 0] Parser state 'start': key is 86dd
[13:08:17.210] [bmv2] [T] [thread 25247] [24.0] [cxt 0] Bytes parsed: 14
[13:08:17.210] [bmv2] [T] [thread 25247] [24.0] [cxt 0] Skipping checksum 'cksum' verification because target field invalid
[13:08:17.210] [bmv2] [D] [thread 25247] [24.0] [cxt 0] Parser 'parser': end
[13:08:17.210] [bmv2] [D] [thread 25247] [24.0] [cxt 0] Pipeline 'ingress': start
[13:08:17.211] [bmv2] [T] [thread 25247] [24.0] [cxt 0] Applying table 'tbl_act'
[13:08:17.211] [bmv2] [D] [thread 25247] [24.0] [cxt 0] Looking up key:

[13:08:17.211] [bmv2] [D] [thread 25247] [24.0] [cxt 0] Table 'tbl_act': miss
[13:08:17.211] [bmv2] [D] [thread 25247] [24.0] [cxt 0] Action entry is act_7 - 
[13:08:17.211] [bmv2] [T] [thread 25247] [24.0] [cxt 0] Action act_7
[13:08:17.211] [bmv2] [T] [thread 25247] [24.0] [cxt 0] Primitive (no source info)
[13:08:17.211] [bmv2] [T] [thread 25247] [24.0] [cxt 0] simple.p4(109) Primitive bit<32> apply_index=0;
[13:08:17.211] [bmv2] [T] [thread 25247] [24.0] [cxt 0] simple.p4(237) Condition "hdr.ipv4.isValid()" (node_3) is false
[13:08:17.211] [bmv2] [D] [thread 25247] [24.0] [cxt 0] Pipeline 'ingress': end
[13:08:17.211] [bmv2] [D] [thread 25247] [24.0] [cxt 0] Egress port is 0
[13:08:17.211] [bmv2] [D] [thread 25248] [24.0] [cxt 0] Pipeline 'egress': start
[13:08:17.211] [bmv2] [D] [thread 25248] [24.0] [cxt 0] Pipeline 'egress': end
[13:08:17.211] [bmv2] [D] [thread 25248] [24.0] [cxt 0] Deparser 'deparser': start
[13:08:17.211] [bmv2] [T] [thread 25248] [24.0] [cxt 0] Skipping checksum 'cksum' update because condition not met
[13:08:17.211] [bmv2] [D] [thread 25248] [24.0] [cxt 0] Deparsing header 'ethernet'
[13:08:17.211] [bmv2] [D] [thread 25248] [24.0] [cxt 0] Deparser 'deparser': end
[13:08:17.211] [bmv2] [D] [thread 25252] [24.0] [cxt 0] Transmitting packet of size 70 out of port 0
[13:08:17.211] [bmv2] [D] [thread 25247] [25.0] [cxt 0] Processing packet received on port 2
[13:08:17.211] [bmv2] [D] [thread 25247] [25.0] [cxt 0] Parser 'parser': start
[13:08:17.211] [bmv2] [D] [thread 25247] [25.0] [cxt 0] Parser 'parser' entering state 'start'
[13:08:17.211] [bmv2] [D] [thread 25247] [25.0] [cxt 0] Extracting header 'ethernet'
[13:08:17.211] [bmv2] [D] [thread 25247] [25.0] [cxt 0] Parser state 'start': key is 86dd
[13:08:17.211] [bmv2] [T] [thread 25247] [25.0] [cxt 0] Bytes parsed: 14
[13:08:17.211] [bmv2] [T] [thread 25247] [25.0] [cxt 0] Skipping checksum 'cksum' verification because target field invalid
[13:08:17.211] [bmv2] [D] [thread 25247] [25.0] [cxt 0] Parser 'parser': end
[13:08:17.211] [bmv2] [D] [thread 25247] [25.0] [cxt 0] Pipeline 'ingress': start
[13:08:17.211] [bmv2] [T] [thread 25247] [25.0] [cxt 0] Applying table 'tbl_act'
[13:08:17.211] [bmv2] [D] [thread 25247] [25.0] [cxt 0] Looking up key:

[13:08:17.211] [bmv2] [D] [thread 25247] [25.0] [cxt 0] Table 'tbl_act': miss
[13:08:17.212] [bmv2] [D] [thread 25247] [25.0] [cxt 0] Action entry is act_7 - 
[13:08:17.212] [bmv2] [T] [thread 25247] [25.0] [cxt 0] Action act_7
[13:08:17.212] [bmv2] [T] [thread 25247] [25.0] [cxt 0] Primitive (no source info)
[13:08:17.212] [bmv2] [T] [thread 25247] [25.0] [cxt 0] simple.p4(109) Primitive bit<32> apply_index=0;
[13:08:17.212] [bmv2] [T] [thread 25247] [25.0] [cxt 0] simple.p4(237) Condition "hdr.ipv4.isValid()" (node_3) is false
[13:08:17.212] [bmv2] [D] [thread 25247] [25.0] [cxt 0] Pipeline 'ingress': end
[13:08:17.212] [bmv2] [D] [thread 25247] [25.0] [cxt 0] Egress port is 0
[13:08:17.212] [bmv2] [D] [thread 25248] [25.0] [cxt 0] Pipeline 'egress': start
[13:08:17.212] [bmv2] [D] [thread 25248] [25.0] [cxt 0] Pipeline 'egress': end
[13:08:17.212] [bmv2] [D] [thread 25248] [25.0] [cxt 0] Deparser 'deparser': start
[13:08:17.212] [bmv2] [T] [thread 25248] [25.0] [cxt 0] Skipping checksum 'cksum' update because condition not met
[13:08:17.212] [bmv2] [D] [thread 25248] [25.0] [cxt 0] Deparsing header 'ethernet'
[13:08:17.212] [bmv2] [D] [thread 25248] [25.0] [cxt 0] Deparser 'deparser': end
[13:08:17.212] [bmv2] [D] [thread 25252] [25.0] [cxt 0] Transmitting packet of size 70 out of port 0
