Calling target program-options parser
[13:04:00.045] [bmv2] [D] [thread 25254] Set default default entry for table 'tbl_act': act_7 - 
[13:04:00.046] [bmv2] [D] [thread 25254] Set default default entry for table 'Basic_ingress.syn_drop': NoAction - 
[13:04:00.046] [bmv2] [D] [thread 25254] Set default default entry for table 'tbl_act_0': act - 
[13:04:00.046] [bmv2] [D] [thread 25254] Set default default entry for table 'tbl_act_1': act_0 - 
[13:04:00.046] [bmv2] [D] [thread 25254] Set default default entry for table 'tbl_act_2': act_1 - 
[13:04:00.046] [bmv2] [D] [thread 25254] Set default default entry for table 'Basic_ingress.synack_entry': Basic_ingress.new_synack - 
[13:04:00.046] [bmv2] [D] [thread 25254] Set default default entry for table 'tbl_act_3': act_3 - 
[13:04:00.046] [bmv2] [D] [thread 25254] Set default default entry for table 'tbl_checking': Basic_ingress.checking - 
[13:04:00.046] [bmv2] [D] [thread 25254] Set default default entry for table 'tbl_act_4': act_2 - 
[13:04:00.046] [bmv2] [D] [thread 25254] Set default default entry for table 'tbl_act_5': act_4 - 
[13:04:00.046] [bmv2] [D] [thread 25254] Set default default entry for table 'tbl_checking_0': Basic_ingress.checking - 
[13:04:00.046] [bmv2] [D] [thread 25254] Set default default entry for table 'Basic_ingress.ack_entry': NoAction - 
[13:04:00.046] [bmv2] [D] [thread 25254] Set default default entry for table 'tbl_act_6': act_6 - 
[13:04:00.046] [bmv2] [D] [thread 25254] Set default default entry for table 'tbl_merge': Basic_ingress.merge - 
[13:04:00.046] [bmv2] [D] [thread 25254] Set default default entry for table 'tbl_act_7': act_5 - 
[13:04:00.046] [bmv2] [D] [thread 25254] Set default default entry for table 'Basic_ingress.ipv4_lpm': NoAction - 
Adding interface s17-eth1 as port 1
[13:04:00.050] [bmv2] [D] [thread 25254] Adding interface s17-eth1 as port 1
Adding interface s17-eth2 as port 2
[13:04:00.094] [bmv2] [D] [thread 25254] Adding interface s17-eth2 as port 2
I0323 13:04:00.126320045   25254 server_builder.cc:247]      Synchronous server. Num CQs: 1, Min pollers: 1, Max Pollers: 2147483647, CQ timeout (msec): 1000
Server listening on 0.0.0.0:50067
[13:04:00.146] [bmv2] [I] [thread 25254] Starting Thrift server on port 9106
[13:04:00.147] [bmv2] [I] [thread 25254] Thrift server was started
[13:04:00.186] [bmv2] [D] [thread 25267] [0.0] [cxt 0] Processing packet received on port 2
[13:04:00.186] [bmv2] [D] [thread 25267] [0.0] [cxt 0] Parser 'parser': start
[13:04:00.186] [bmv2] [D] [thread 25267] [0.0] [cxt 0] Parser 'parser' entering state 'start'
[13:04:00.186] [bmv2] [D] [thread 25267] [0.0] [cxt 0] Extracting header 'ethernet'
[13:04:00.186] [bmv2] [D] [thread 25267] [0.0] [cxt 0] Parser state 'start': key is 86dd
[13:04:00.186] [bmv2] [T] [thread 25267] [0.0] [cxt 0] Bytes parsed: 14
[13:04:00.186] [bmv2] [T] [thread 25267] [0.0] [cxt 0] Skipping checksum 'cksum' verification because target field invalid
[13:04:00.186] [bmv2] [D] [thread 25267] [0.0] [cxt 0] Parser 'parser': end
[13:04:00.187] [bmv2] [D] [thread 25267] [0.0] [cxt 0] Pipeline 'ingress': start
[13:04:00.187] [bmv2] [T] [thread 25267] [0.0] [cxt 0] Applying table 'tbl_act'
[13:04:00.187] [bmv2] [D] [thread 25267] [0.0] [cxt 0] Looking up key:

[13:04:00.187] [bmv2] [D] [thread 25267] [0.0] [cxt 0] Table 'tbl_act': miss
[13:04:00.187] [bmv2] [D] [thread 25267] [0.0] [cxt 0] Action entry is act_7 - 
[13:04:00.187] [bmv2] [T] [thread 25267] [0.0] [cxt 0] Action act_7
[13:04:00.187] [bmv2] [T] [thread 25267] [0.0] [cxt 0] Primitive (no source info)
[13:04:00.187] [bmv2] [T] [thread 25267] [0.0] [cxt 0] simple.p4(109) Primitive bit<32> apply_index=0;
[13:04:00.187] [bmv2] [T] [thread 25267] [0.0] [cxt 0] simple.p4(237) Condition "hdr.ipv4.isValid()" (node_3) is false
[13:04:00.187] [bmv2] [D] [thread 25267] [0.0] [cxt 0] Pipeline 'ingress': end
[13:04:00.187] [bmv2] [D] [thread 25267] [0.0] [cxt 0] Egress port is 0
[13:04:00.191] [bmv2] [D] [thread 25268] [0.0] [cxt 0] Pipeline 'egress': start
[13:04:00.191] [bmv2] [D] [thread 25268] [0.0] [cxt 0] Pipeline 'egress': end
[13:04:00.191] [bmv2] [D] [thread 25268] [0.0] [cxt 0] Deparser 'deparser': start
[13:04:00.191] [bmv2] [T] [thread 25268] [0.0] [cxt 0] Skipping checksum 'cksum' update because condition not met
[13:04:00.191] [bmv2] [D] [thread 25268] [0.0] [cxt 0] Deparsing header 'ethernet'
[13:04:00.191] [bmv2] [D] [thread 25268] [0.0] [cxt 0] Deparser 'deparser': end
[13:04:00.191] [bmv2] [D] [thread 25272] [0.0] [cxt 0] Transmitting packet of size 70 out of port 0
[13:04:00.797] [bmv2] [D] [thread 25267] [1.0] [cxt 0] Processing packet received on port 1
[13:04:00.797] [bmv2] [D] [thread 25267] [1.0] [cxt 0] Parser 'parser': start
[13:04:00.797] [bmv2] [D] [thread 25267] [1.0] [cxt 0] Parser 'parser' entering state 'start'
[13:04:00.797] [bmv2] [D] [thread 25267] [1.0] [cxt 0] Extracting header 'ethernet'
[13:04:00.797] [bmv2] [D] [thread 25267] [1.0] [cxt 0] Parser state 'start': key is 86dd
[13:04:00.797] [bmv2] [T] [thread 25267] [1.0] [cxt 0] Bytes parsed: 14
[13:04:00.797] [bmv2] [T] [thread 25267] [1.0] [cxt 0] Skipping checksum 'cksum' verification because target field invalid
[13:04:00.797] [bmv2] [D] [thread 25267] [1.0] [cxt 0] Parser 'parser': end
[13:04:00.797] [bmv2] [D] [thread 25267] [1.0] [cxt 0] Pipeline 'ingress': start
[13:04:00.797] [bmv2] [T] [thread 25267] [1.0] [cxt 0] Applying table 'tbl_act'
[13:04:00.797] [bmv2] [D] [thread 25267] [1.0] [cxt 0] Looking up key:

[13:04:00.797] [bmv2] [D] [thread 25267] [1.0] [cxt 0] Table 'tbl_act': miss
[13:04:00.797] [bmv2] [D] [thread 25267] [1.0] [cxt 0] Action entry is act_7 - 
[13:04:00.797] [bmv2] [T] [thread 25267] [1.0] [cxt 0] Action act_7
[13:04:00.797] [bmv2] [T] [thread 25267] [1.0] [cxt 0] Primitive (no source info)
[13:04:00.797] [bmv2] [T] [thread 25267] [1.0] [cxt 0] simple.p4(109) Primitive bit<32> apply_index=0;
[13:04:00.797] [bmv2] [T] [thread 25267] [1.0] [cxt 0] simple.p4(237) Condition "hdr.ipv4.isValid()" (node_3) is false
[13:04:00.797] [bmv2] [D] [thread 25267] [1.0] [cxt 0] Pipeline 'ingress': end
[13:04:00.797] [bmv2] [D] [thread 25267] [1.0] [cxt 0] Egress port is 0
[13:04:00.797] [bmv2] [D] [thread 25268] [1.0] [cxt 0] Pipeline 'egress': start
[13:04:00.797] [bmv2] [D] [thread 25268] [1.0] [cxt 0] Pipeline 'egress': end
[13:04:00.797] [bmv2] [D] [thread 25268] [1.0] [cxt 0] Deparser 'deparser': start
[13:04:00.797] [bmv2] [T] [thread 25268] [1.0] [cxt 0] Skipping checksum 'cksum' update because condition not met
[13:04:00.797] [bmv2] [D] [thread 25268] [1.0] [cxt 0] Deparsing header 'ethernet'
[13:04:00.798] [bmv2] [D] [thread 25268] [1.0] [cxt 0] Deparser 'deparser': end
[13:04:00.798] [bmv2] [D] [thread 25272] [1.0] [cxt 0] Transmitting packet of size 203 out of port 0
[13:04:03.052] [bmv2] [D] [thread 25267] [2.0] [cxt 0] Processing packet received on port 2
[13:04:03.052] [bmv2] [D] [thread 25267] [2.0] [cxt 0] Parser 'parser': start
[13:04:03.052] [bmv2] [D] [thread 25267] [2.0] [cxt 0] Parser 'parser' entering state 'start'
[13:04:03.052] [bmv2] [D] [thread 25267] [2.0] [cxt 0] Extracting header 'ethernet'
[13:04:03.052] [bmv2] [D] [thread 25267] [2.0] [cxt 0] Parser state 'start': key is 86dd
[13:04:03.052] [bmv2] [T] [thread 25267] [2.0] [cxt 0] Bytes parsed: 14
[13:04:03.052] [bmv2] [T] [thread 25267] [2.0] [cxt 0] Skipping checksum 'cksum' verification because target field invalid
[13:04:03.052] [bmv2] [D] [thread 25267] [2.0] [cxt 0] Parser 'parser': end
[13:04:03.053] [bmv2] [D] [thread 25267] [2.0] [cxt 0] Pipeline 'ingress': start
[13:04:03.053] [bmv2] [T] [thread 25267] [2.0] [cxt 0] Applying table 'tbl_act'
[13:04:03.053] [bmv2] [D] [thread 25267] [2.0] [cxt 0] Looking up key:

[13:04:03.053] [bmv2] [D] [thread 25267] [2.0] [cxt 0] Table 'tbl_act': miss
[13:04:03.053] [bmv2] [D] [thread 25267] [2.0] [cxt 0] Action entry is act_7 - 
[13:04:03.053] [bmv2] [T] [thread 25267] [2.0] [cxt 0] Action act_7
[13:04:03.053] [bmv2] [T] [thread 25267] [2.0] [cxt 0] Primitive (no source info)
[13:04:03.053] [bmv2] [T] [thread 25267] [2.0] [cxt 0] simple.p4(109) Primitive bit<32> apply_index=0;
[13:04:03.053] [bmv2] [T] [thread 25267] [2.0] [cxt 0] simple.p4(237) Condition "hdr.ipv4.isValid()" (node_3) is false
[13:04:03.053] [bmv2] [D] [thread 25267] [2.0] [cxt 0] Pipeline 'ingress': end
[13:04:03.053] [bmv2] [D] [thread 25267] [2.0] [cxt 0] Egress port is 0
[13:04:03.053] [bmv2] [D] [thread 25268] [2.0] [cxt 0] Pipeline 'egress': start
[13:04:03.053] [bmv2] [D] [thread 25268] [2.0] [cxt 0] Pipeline 'egress': end
[13:04:03.053] [bmv2] [D] [thread 25268] [2.0] [cxt 0] Deparser 'deparser': start
[13:04:03.053] [bmv2] [T] [thread 25268] [2.0] [cxt 0] Skipping checksum 'cksum' update because condition not met
[13:04:03.053] [bmv2] [D] [thread 25268] [2.0] [cxt 0] Deparsing header 'ethernet'
[13:04:03.053] [bmv2] [D] [thread 25268] [2.0] [cxt 0] Deparser 'deparser': end
[13:04:03.053] [bmv2] [D] [thread 25272] [2.0] [cxt 0] Transmitting packet of size 203 out of port 0
[13:04:03.460] [bmv2] [D] [thread 25267] [3.0] [cxt 0] Processing packet received on port 2
[13:04:03.461] [bmv2] [D] [thread 25267] [3.0] [cxt 0] Parser 'parser': start
[13:04:03.461] [bmv2] [D] [thread 25267] [3.0] [cxt 0] Parser 'parser' entering state 'start'
[13:04:03.461] [bmv2] [D] [thread 25267] [3.0] [cxt 0] Extracting header 'ethernet'
[13:04:03.461] [bmv2] [D] [thread 25267] [3.0] [cxt 0] Parser state 'start': key is 86dd
[13:04:03.461] [bmv2] [T] [thread 25267] [3.0] [cxt 0] Bytes parsed: 14
[13:04:03.461] [bmv2] [T] [thread 25267] [3.0] [cxt 0] Skipping checksum 'cksum' verification because target field invalid
[13:04:03.461] [bmv2] [D] [thread 25267] [3.0] [cxt 0] Parser 'parser': end
[13:04:03.461] [bmv2] [D] [thread 25267] [3.0] [cxt 0] Pipeline 'ingress': start
[13:04:03.461] [bmv2] [T] [thread 25267] [3.0] [cxt 0] Applying table 'tbl_act'
[13:04:03.461] [bmv2] [D] [thread 25267] [3.0] [cxt 0] Looking up key:

[13:04:03.461] [bmv2] [D] [thread 25267] [3.0] [cxt 0] Table 'tbl_act': miss
[13:04:03.461] [bmv2] [D] [thread 25267] [3.0] [cxt 0] Action entry is act_7 - 
[13:04:03.461] [bmv2] [T] [thread 25267] [3.0] [cxt 0] Action act_7
[13:04:03.461] [bmv2] [T] [thread 25267] [3.0] [cxt 0] Primitive (no source info)
[13:04:03.461] [bmv2] [T] [thread 25267] [3.0] [cxt 0] simple.p4(109) Primitive bit<32> apply_index=0;
[13:04:03.461] [bmv2] [T] [thread 25267] [3.0] [cxt 0] simple.p4(237) Condition "hdr.ipv4.isValid()" (node_3) is false
[13:04:03.461] [bmv2] [D] [thread 25267] [3.0] [cxt 0] Pipeline 'ingress': end
[13:04:03.461] [bmv2] [D] [thread 25267] [3.0] [cxt 0] Egress port is 0
[13:04:03.461] [bmv2] [D] [thread 25268] [3.0] [cxt 0] Pipeline 'egress': start
[13:04:03.461] [bmv2] [D] [thread 25268] [3.0] [cxt 0] Pipeline 'egress': end
[13:04:03.461] [bmv2] [D] [thread 25268] [3.0] [cxt 0] Deparser 'deparser': start
[13:04:03.461] [bmv2] [T] [thread 25268] [3.0] [cxt 0] Skipping checksum 'cksum' update because condition not met
[13:04:03.461] [bmv2] [D] [thread 25268] [3.0] [cxt 0] Deparsing header 'ethernet'
[13:04:03.461] [bmv2] [D] [thread 25268] [3.0] [cxt 0] Deparser 'deparser': end
[13:04:03.461] [bmv2] [D] [thread 25272] [3.0] [cxt 0] Transmitting packet of size 203 out of port 0
[13:04:07.726] [bmv2] [D] [thread 25267] [4.0] [cxt 0] Processing packet received on port 1
[13:04:07.726] [bmv2] [D] [thread 25267] [4.0] [cxt 0] Parser 'parser': start
[13:04:07.726] [bmv2] [D] [thread 25267] [4.0] [cxt 0] Parser 'parser' entering state 'start'
[13:04:07.726] [bmv2] [D] [thread 25267] [4.0] [cxt 0] Extracting header 'ethernet'
[13:04:07.726] [bmv2] [D] [thread 25267] [4.0] [cxt 0] Parser state 'start': key is 86dd
[13:04:07.726] [bmv2] [T] [thread 25267] [4.0] [cxt 0] Bytes parsed: 14
[13:04:07.726] [bmv2] [T] [thread 25267] [4.0] [cxt 0] Skipping checksum 'cksum' verification because target field invalid
[13:04:07.726] [bmv2] [D] [thread 25267] [4.0] [cxt 0] Parser 'parser': end
[13:04:07.726] [bmv2] [D] [thread 25267] [4.0] [cxt 0] Pipeline 'ingress': start
[13:04:07.726] [bmv2] [T] [thread 25267] [4.0] [cxt 0] Applying table 'tbl_act'
[13:04:07.726] [bmv2] [D] [thread 25267] [4.0] [cxt 0] Looking up key:

[13:04:07.726] [bmv2] [D] [thread 25267] [4.0] [cxt 0] Table 'tbl_act': miss
[13:04:07.726] [bmv2] [D] [thread 25267] [4.0] [cxt 0] Action entry is act_7 - 
[13:04:07.726] [bmv2] [T] [thread 25267] [4.0] [cxt 0] Action act_7
[13:04:07.726] [bmv2] [T] [thread 25267] [4.0] [cxt 0] Primitive (no source info)
[13:04:07.726] [bmv2] [T] [thread 25267] [4.0] [cxt 0] simple.p4(109) Primitive bit<32> apply_index=0;
[13:04:07.726] [bmv2] [T] [thread 25267] [4.0] [cxt 0] simple.p4(237) Condition "hdr.ipv4.isValid()" (node_3) is false
[13:04:07.726] [bmv2] [D] [thread 25267] [4.0] [cxt 0] Pipeline 'ingress': end
[13:04:07.726] [bmv2] [D] [thread 25267] [4.0] [cxt 0] Egress port is 0
[13:04:07.726] [bmv2] [D] [thread 25268] [4.0] [cxt 0] Pipeline 'egress': start
[13:04:07.726] [bmv2] [D] [thread 25268] [4.0] [cxt 0] Pipeline 'egress': end
[13:04:07.726] [bmv2] [D] [thread 25268] [4.0] [cxt 0] Deparser 'deparser': start
[13:04:07.726] [bmv2] [T] [thread 25268] [4.0] [cxt 0] Skipping checksum 'cksum' update because condition not met
[13:04:07.726] [bmv2] [D] [thread 25268] [4.0] [cxt 0] Deparsing header 'ethernet'
[13:04:07.726] [bmv2] [D] [thread 25268] [4.0] [cxt 0] Deparser 'deparser': end
[13:04:07.726] [bmv2] [D] [thread 25272] [4.0] [cxt 0] Transmitting packet of size 110 out of port 0
[13:04:08.475] [bmv2] [D] [thread 25267] [5.0] [cxt 0] Processing packet received on port 1
[13:04:08.475] [bmv2] [D] [thread 25267] [5.0] [cxt 0] Parser 'parser': start
[13:04:08.475] [bmv2] [D] [thread 25267] [5.0] [cxt 0] Parser 'parser' entering state 'start'
[13:04:08.475] [bmv2] [D] [thread 25267] [5.0] [cxt 0] Extracting header 'ethernet'
[13:04:08.475] [bmv2] [D] [thread 25267] [5.0] [cxt 0] Parser state 'start': key is 86dd
[13:04:08.475] [bmv2] [T] [thread 25267] [5.0] [cxt 0] Bytes parsed: 14
[13:04:08.475] [bmv2] [T] [thread 25267] [5.0] [cxt 0] Skipping checksum 'cksum' verification because target field invalid
[13:04:08.475] [bmv2] [D] [thread 25267] [5.0] [cxt 0] Parser 'parser': end
[13:04:08.475] [bmv2] [D] [thread 25267] [5.0] [cxt 0] Pipeline 'ingress': start
[13:04:08.475] [bmv2] [T] [thread 25267] [5.0] [cxt 0] Applying table 'tbl_act'
[13:04:08.476] [bmv2] [D] [thread 25267] [5.0] [cxt 0] Looking up key:

[13:04:08.476] [bmv2] [D] [thread 25267] [5.0] [cxt 0] Table 'tbl_act': miss
[13:04:08.476] [bmv2] [D] [thread 25267] [5.0] [cxt 0] Action entry is act_7 - 
[13:04:08.476] [bmv2] [T] [thread 25267] [5.0] [cxt 0] Action act_7
[13:04:08.476] [bmv2] [T] [thread 25267] [5.0] [cxt 0] Primitive (no source info)
[13:04:08.476] [bmv2] [T] [thread 25267] [5.0] [cxt 0] simple.p4(109) Primitive bit<32> apply_index=0;
[13:04:08.476] [bmv2] [T] [thread 25267] [5.0] [cxt 0] simple.p4(237) Condition "hdr.ipv4.isValid()" (node_3) is false
[13:04:08.476] [bmv2] [D] [thread 25267] [5.0] [cxt 0] Pipeline 'ingress': end
[13:04:08.476] [bmv2] [D] [thread 25267] [5.0] [cxt 0] Egress port is 0
[13:04:08.476] [bmv2] [D] [thread 25268] [5.0] [cxt 0] Pipeline 'egress': start
[13:04:08.476] [bmv2] [D] [thread 25268] [5.0] [cxt 0] Pipeline 'egress': end
[13:04:08.476] [bmv2] [D] [thread 25268] [5.0] [cxt 0] Deparser 'deparser': start
[13:04:08.476] [bmv2] [T] [thread 25268] [5.0] [cxt 0] Skipping checksum 'cksum' update because condition not met
[13:04:08.476] [bmv2] [D] [thread 25268] [5.0] [cxt 0] Deparsing header 'ethernet'
[13:04:08.476] [bmv2] [D] [thread 25268] [5.0] [cxt 0] Deparser 'deparser': end
[13:04:08.476] [bmv2] [D] [thread 25272] [5.0] [cxt 0] Transmitting packet of size 110 out of port 0
[13:04:14.523] [bmv2] [D] [thread 25267] [6.0] [cxt 0] Processing packet received on port 2
[13:04:14.523] [bmv2] [D] [thread 25267] [6.0] [cxt 0] Parser 'parser': start
[13:04:14.523] [bmv2] [D] [thread 25267] [6.0] [cxt 0] Parser 'parser' entering state 'start'
[13:04:14.523] [bmv2] [D] [thread 25267] [6.0] [cxt 0] Extracting header 'ethernet'
[13:04:14.523] [bmv2] [D] [thread 25267] [6.0] [cxt 0] Parser state 'start': key is 86dd
[13:04:14.523] [bmv2] [T] [thread 25267] [6.0] [cxt 0] Bytes parsed: 14
[13:04:14.523] [bmv2] [T] [thread 25267] [6.0] [cxt 0] Skipping checksum 'cksum' verification because target field invalid
[13:04:14.523] [bmv2] [D] [thread 25267] [6.0] [cxt 0] Parser 'parser': end
[13:04:14.523] [bmv2] [D] [thread 25267] [6.0] [cxt 0] Pipeline 'ingress': start
[13:04:14.523] [bmv2] [T] [thread 25267] [6.0] [cxt 0] Applying table 'tbl_act'
[13:04:14.524] [bmv2] [D] [thread 25267] [6.0] [cxt 0] Looking up key:

[13:04:14.524] [bmv2] [D] [thread 25267] [6.0] [cxt 0] Table 'tbl_act': miss
[13:04:14.524] [bmv2] [D] [thread 25267] [6.0] [cxt 0] Action entry is act_7 - 
[13:04:14.524] [bmv2] [T] [thread 25267] [6.0] [cxt 0] Action act_7
[13:04:14.524] [bmv2] [T] [thread 25267] [6.0] [cxt 0] Primitive (no source info)
[13:04:14.524] [bmv2] [T] [thread 25267] [6.0] [cxt 0] simple.p4(109) Primitive bit<32> apply_index=0;
[13:04:14.524] [bmv2] [T] [thread 25267] [6.0] [cxt 0] simple.p4(237) Condition "hdr.ipv4.isValid()" (node_3) is false
[13:04:14.524] [bmv2] [D] [thread 25267] [6.0] [cxt 0] Pipeline 'ingress': end
[13:04:14.524] [bmv2] [D] [thread 25267] [6.0] [cxt 0] Egress port is 0
[13:04:14.524] [bmv2] [D] [thread 25268] [6.0] [cxt 0] Pipeline 'egress': start
[13:04:14.524] [bmv2] [D] [thread 25268] [6.0] [cxt 0] Pipeline 'egress': end
[13:04:14.524] [bmv2] [D] [thread 25268] [6.0] [cxt 0] Deparser 'deparser': start
[13:04:14.524] [bmv2] [T] [thread 25268] [6.0] [cxt 0] Skipping checksum 'cksum' update because condition not met
[13:04:14.524] [bmv2] [D] [thread 25268] [6.0] [cxt 0] Deparsing header 'ethernet'
[13:04:14.524] [bmv2] [D] [thread 25268] [6.0] [cxt 0] Deparser 'deparser': end
[13:04:14.524] [bmv2] [D] [thread 25272] [6.0] [cxt 0] Transmitting packet of size 70 out of port 0
[13:04:15.807] [bmv2] [D] [thread 25267] [7.0] [cxt 0] Processing packet received on port 2
[13:04:15.807] [bmv2] [D] [thread 25267] [7.0] [cxt 0] Parser 'parser': start
[13:04:15.807] [bmv2] [D] [thread 25267] [7.0] [cxt 0] Parser 'parser' entering state 'start'
[13:04:15.807] [bmv2] [D] [thread 25267] [7.0] [cxt 0] Extracting header 'ethernet'
[13:04:15.807] [bmv2] [D] [thread 25267] [7.0] [cxt 0] Parser state 'start': key is 86dd
[13:04:15.807] [bmv2] [T] [thread 25267] [7.0] [cxt 0] Bytes parsed: 14
[13:04:15.807] [bmv2] [T] [thread 25267] [7.0] [cxt 0] Skipping checksum 'cksum' verification because target field invalid
[13:04:15.807] [bmv2] [D] [thread 25267] [7.0] [cxt 0] Parser 'parser': end
[13:04:15.807] [bmv2] [D] [thread 25267] [7.0] [cxt 0] Pipeline 'ingress': start
[13:04:15.807] [bmv2] [T] [thread 25267] [7.0] [cxt 0] Applying table 'tbl_act'
[13:04:15.807] [bmv2] [D] [thread 25267] [7.0] [cxt 0] Looking up key:

[13:04:15.807] [bmv2] [D] [thread 25267] [7.0] [cxt 0] Table 'tbl_act': miss
[13:04:15.807] [bmv2] [D] [thread 25267] [7.0] [cxt 0] Action entry is act_7 - 
[13:04:15.807] [bmv2] [T] [thread 25267] [7.0] [cxt 0] Action act_7
[13:04:15.807] [bmv2] [T] [thread 25267] [7.0] [cxt 0] Primitive (no source info)
[13:04:15.807] [bmv2] [T] [thread 25267] [7.0] [cxt 0] simple.p4(109) Primitive bit<32> apply_index=0;
[13:04:15.807] [bmv2] [T] [thread 25267] [7.0] [cxt 0] simple.p4(237) Condition "hdr.ipv4.isValid()" (node_3) is false
[13:04:15.807] [bmv2] [D] [thread 25267] [7.0] [cxt 0] Pipeline 'ingress': end
[13:04:15.807] [bmv2] [D] [thread 25267] [7.0] [cxt 0] Egress port is 0
[13:04:15.808] [bmv2] [D] [thread 25268] [7.0] [cxt 0] Pipeline 'egress': start
[13:04:15.808] [bmv2] [D] [thread 25268] [7.0] [cxt 0] Pipeline 'egress': end
[13:04:15.808] [bmv2] [D] [thread 25268] [7.0] [cxt 0] Deparser 'deparser': start
[13:04:15.808] [bmv2] [T] [thread 25268] [7.0] [cxt 0] Skipping checksum 'cksum' update because condition not met
[13:04:15.808] [bmv2] [D] [thread 25268] [7.0] [cxt 0] Deparsing header 'ethernet'
[13:04:15.808] [bmv2] [D] [thread 25268] [7.0] [cxt 0] Deparser 'deparser': end
[13:04:15.808] [bmv2] [D] [thread 25272] [7.0] [cxt 0] Transmitting packet of size 70 out of port 0
[13:04:16.798] [bmv2] [D] [thread 25267] [8.0] [cxt 0] Processing packet received on port 1
[13:04:16.798] [bmv2] [D] [thread 25267] [8.0] [cxt 0] Parser 'parser': start
[13:04:16.798] [bmv2] [D] [thread 25267] [8.0] [cxt 0] Parser 'parser' entering state 'start'
[13:04:16.798] [bmv2] [D] [thread 25267] [8.0] [cxt 0] Extracting header 'ethernet'
[13:04:16.798] [bmv2] [D] [thread 25267] [8.0] [cxt 0] Parser state 'start': key is 86dd
[13:04:16.798] [bmv2] [T] [thread 25267] [8.0] [cxt 0] Bytes parsed: 14
[13:04:16.798] [bmv2] [T] [thread 25267] [8.0] [cxt 0] Skipping checksum 'cksum' verification because target field invalid
[13:04:16.798] [bmv2] [D] [thread 25267] [8.0] [cxt 0] Parser 'parser': end
[13:04:16.798] [bmv2] [D] [thread 25267] [8.0] [cxt 0] Pipeline 'ingress': start
[13:04:16.798] [bmv2] [T] [thread 25267] [8.0] [cxt 0] Applying table 'tbl_act'
[13:04:16.798] [bmv2] [D] [thread 25267] [8.0] [cxt 0] Looking up key:

[13:04:16.798] [bmv2] [D] [thread 25267] [8.0] [cxt 0] Table 'tbl_act': miss
[13:04:16.798] [bmv2] [D] [thread 25267] [8.0] [cxt 0] Action entry is act_7 - 
[13:04:16.798] [bmv2] [T] [thread 25267] [8.0] [cxt 0] Action act_7
[13:04:16.798] [bmv2] [T] [thread 25267] [8.0] [cxt 0] Primitive (no source info)
[13:04:16.799] [bmv2] [T] [thread 25267] [8.0] [cxt 0] simple.p4(109) Primitive bit<32> apply_index=0;
[13:04:16.799] [bmv2] [T] [thread 25267] [8.0] [cxt 0] simple.p4(237) Condition "hdr.ipv4.isValid()" (node_3) is false
[13:04:16.799] [bmv2] [D] [thread 25267] [8.0] [cxt 0] Pipeline 'ingress': end
[13:04:16.799] [bmv2] [D] [thread 25267] [8.0] [cxt 0] Egress port is 0
[13:04:16.799] [bmv2] [D] [thread 25268] [8.0] [cxt 0] Pipeline 'egress': start
[13:04:16.799] [bmv2] [D] [thread 25268] [8.0] [cxt 0] Pipeline 'egress': end
[13:04:16.799] [bmv2] [D] [thread 25268] [8.0] [cxt 0] Deparser 'deparser': start
[13:04:16.799] [bmv2] [T] [thread 25268] [8.0] [cxt 0] Skipping checksum 'cksum' update because condition not met
[13:04:16.799] [bmv2] [D] [thread 25268] [8.0] [cxt 0] Deparsing header 'ethernet'
[13:04:16.799] [bmv2] [D] [thread 25268] [8.0] [cxt 0] Deparser 'deparser': end
[13:04:16.799] [bmv2] [D] [thread 25272] [8.0] [cxt 0] Transmitting packet of size 203 out of port 0
[13:04:17.600] [bmv2] [D] [thread 25267] [9.0] [cxt 0] Processing packet received on port 1
[13:04:17.600] [bmv2] [D] [thread 25267] [9.0] [cxt 0] Parser 'parser': start
[13:04:17.600] [bmv2] [D] [thread 25267] [9.0] [cxt 0] Parser 'parser' entering state 'start'
[13:04:17.600] [bmv2] [D] [thread 25267] [9.0] [cxt 0] Extracting header 'ethernet'
[13:04:17.600] [bmv2] [D] [thread 25267] [9.0] [cxt 0] Parser state 'start': key is 86dd
[13:04:17.600] [bmv2] [T] [thread 25267] [9.0] [cxt 0] Bytes parsed: 14
[13:04:17.600] [bmv2] [T] [thread 25267] [9.0] [cxt 0] Skipping checksum 'cksum' verification because target field invalid
[13:04:17.601] [bmv2] [D] [thread 25267] [9.0] [cxt 0] Parser 'parser': end
[13:04:17.601] [bmv2] [D] [thread 25267] [9.0] [cxt 0] Pipeline 'ingress': start
[13:04:17.601] [bmv2] [T] [thread 25267] [9.0] [cxt 0] Applying table 'tbl_act'
[13:04:17.601] [bmv2] [D] [thread 25267] [9.0] [cxt 0] Looking up key:

[13:04:17.601] [bmv2] [D] [thread 25267] [9.0] [cxt 0] Table 'tbl_act': miss
[13:04:17.601] [bmv2] [D] [thread 25267] [9.0] [cxt 0] Action entry is act_7 - 
[13:04:17.601] [bmv2] [T] [thread 25267] [9.0] [cxt 0] Action act_7
[13:04:17.601] [bmv2] [T] [thread 25267] [9.0] [cxt 0] Primitive (no source info)
[13:04:17.601] [bmv2] [T] [thread 25267] [9.0] [cxt 0] simple.p4(109) Primitive bit<32> apply_index=0;
[13:04:17.601] [bmv2] [T] [thread 25267] [9.0] [cxt 0] simple.p4(237) Condition "hdr.ipv4.isValid()" (node_3) is false
[13:04:17.601] [bmv2] [D] [thread 25267] [9.0] [cxt 0] Pipeline 'ingress': end
[13:04:17.601] [bmv2] [D] [thread 25267] [9.0] [cxt 0] Egress port is 0
[13:04:17.601] [bmv2] [D] [thread 25268] [9.0] [cxt 0] Pipeline 'egress': start
[13:04:17.601] [bmv2] [D] [thread 25268] [9.0] [cxt 0] Pipeline 'egress': end
[13:04:17.601] [bmv2] [D] [thread 25268] [9.0] [cxt 0] Deparser 'deparser': start
[13:04:17.601] [bmv2] [T] [thread 25268] [9.0] [cxt 0] Skipping checksum 'cksum' update because condition not met
[13:04:17.601] [bmv2] [D] [thread 25268] [9.0] [cxt 0] Deparsing header 'ethernet'
[13:04:17.601] [bmv2] [D] [thread 25268] [9.0] [cxt 0] Deparser 'deparser': end
[13:04:17.601] [bmv2] [D] [thread 25272] [9.0] [cxt 0] Transmitting packet of size 70 out of port 0
[13:04:19.048] [bmv2] [D] [thread 25267] [10.0] [cxt 0] Processing packet received on port 2
[13:04:19.049] [bmv2] [D] [thread 25267] [10.0] [cxt 0] Parser 'parser': start
[13:04:19.049] [bmv2] [D] [thread 25267] [10.0] [cxt 0] Parser 'parser' entering state 'start'
[13:04:19.049] [bmv2] [D] [thread 25267] [10.0] [cxt 0] Extracting header 'ethernet'
[13:04:19.049] [bmv2] [D] [thread 25267] [10.0] [cxt 0] Parser state 'start': key is 86dd
[13:04:19.049] [bmv2] [T] [thread 25267] [10.0] [cxt 0] Bytes parsed: 14
[13:04:19.049] [bmv2] [T] [thread 25267] [10.0] [cxt 0] Skipping checksum 'cksum' verification because target field invalid
[13:04:19.049] [bmv2] [D] [thread 25267] [10.0] [cxt 0] Parser 'parser': end
[13:04:19.049] [bmv2] [D] [thread 25267] [10.0] [cxt 0] Pipeline 'ingress': start
[13:04:19.049] [bmv2] [T] [thread 25267] [10.0] [cxt 0] Applying table 'tbl_act'
[13:04:19.049] [bmv2] [D] [thread 25267] [10.0] [cxt 0] Looking up key:

[13:04:19.049] [bmv2] [D] [thread 25267] [10.0] [cxt 0] Table 'tbl_act': miss
[13:04:19.049] [bmv2] [D] [thread 25267] [10.0] [cxt 0] Action entry is act_7 - 
[13:04:19.049] [bmv2] [T] [thread 25267] [10.0] [cxt 0] Action act_7
[13:04:19.049] [bmv2] [T] [thread 25267] [10.0] [cxt 0] Primitive (no source info)
[13:04:19.049] [bmv2] [T] [thread 25267] [10.0] [cxt 0] simple.p4(109) Primitive bit<32> apply_index=0;
[13:04:19.049] [bmv2] [T] [thread 25267] [10.0] [cxt 0] simple.p4(237) Condition "hdr.ipv4.isValid()" (node_3) is false
[13:04:19.049] [bmv2] [D] [thread 25267] [10.0] [cxt 0] Pipeline 'ingress': end
[13:04:19.049] [bmv2] [D] [thread 25267] [10.0] [cxt 0] Egress port is 0
[13:04:19.049] [bmv2] [D] [thread 25268] [10.0] [cxt 0] Pipeline 'egress': start
[13:04:19.049] [bmv2] [D] [thread 25268] [10.0] [cxt 0] Pipeline 'egress': end
[13:04:19.049] [bmv2] [D] [thread 25268] [10.0] [cxt 0] Deparser 'deparser': start
[13:04:19.049] [bmv2] [T] [thread 25268] [10.0] [cxt 0] Skipping checksum 'cksum' update because condition not met
[13:04:19.049] [bmv2] [D] [thread 25268] [10.0] [cxt 0] Deparsing header 'ethernet'
[13:04:19.049] [bmv2] [D] [thread 25268] [10.0] [cxt 0] Deparser 'deparser': end
[13:04:19.049] [bmv2] [D] [thread 25272] [10.0] [cxt 0] Transmitting packet of size 203 out of port 0
[13:04:19.463] [bmv2] [D] [thread 25267] [11.0] [cxt 0] Processing packet received on port 2
[13:04:19.463] [bmv2] [D] [thread 25267] [11.0] [cxt 0] Parser 'parser': start
[13:04:19.463] [bmv2] [D] [thread 25267] [11.0] [cxt 0] Parser 'parser' entering state 'start'
[13:04:19.463] [bmv2] [D] [thread 25267] [11.0] [cxt 0] Extracting header 'ethernet'
[13:04:19.463] [bmv2] [D] [thread 25267] [11.0] [cxt 0] Parser state 'start': key is 86dd
[13:04:19.463] [bmv2] [T] [thread 25267] [11.0] [cxt 0] Bytes parsed: 14
[13:04:19.463] [bmv2] [T] [thread 25267] [11.0] [cxt 0] Skipping checksum 'cksum' verification because target field invalid
[13:04:19.463] [bmv2] [D] [thread 25267] [11.0] [cxt 0] Parser 'parser': end
[13:04:19.463] [bmv2] [D] [thread 25267] [11.0] [cxt 0] Pipeline 'ingress': start
[13:04:19.463] [bmv2] [T] [thread 25267] [11.0] [cxt 0] Applying table 'tbl_act'
[13:04:19.463] [bmv2] [D] [thread 25267] [11.0] [cxt 0] Looking up key:

[13:04:19.463] [bmv2] [D] [thread 25267] [11.0] [cxt 0] Table 'tbl_act': miss
[13:04:19.463] [bmv2] [D] [thread 25267] [11.0] [cxt 0] Action entry is act_7 - 
[13:04:19.463] [bmv2] [T] [thread 25267] [11.0] [cxt 0] Action act_7
[13:04:19.463] [bmv2] [T] [thread 25267] [11.0] [cxt 0] Primitive (no source info)
[13:04:19.463] [bmv2] [T] [thread 25267] [11.0] [cxt 0] simple.p4(109) Primitive bit<32> apply_index=0;
[13:04:19.463] [bmv2] [T] [thread 25267] [11.0] [cxt 0] simple.p4(237) Condition "hdr.ipv4.isValid()" (node_3) is false
[13:04:19.463] [bmv2] [D] [thread 25267] [11.0] [cxt 0] Pipeline 'ingress': end
[13:04:19.463] [bmv2] [D] [thread 25267] [11.0] [cxt 0] Egress port is 0
[13:04:19.464] [bmv2] [D] [thread 25268] [11.0] [cxt 0] Pipeline 'egress': start
[13:04:19.464] [bmv2] [D] [thread 25268] [11.0] [cxt 0] Pipeline 'egress': end
[13:04:19.464] [bmv2] [D] [thread 25268] [11.0] [cxt 0] Deparser 'deparser': start
[13:04:19.464] [bmv2] [T] [thread 25268] [11.0] [cxt 0] Skipping checksum 'cksum' update because condition not met
[13:04:19.464] [bmv2] [D] [thread 25268] [11.0] [cxt 0] Deparsing header 'ethernet'
[13:04:19.464] [bmv2] [D] [thread 25268] [11.0] [cxt 0] Deparser 'deparser': end
[13:04:19.464] [bmv2] [D] [thread 25272] [11.0] [cxt 0] Transmitting packet of size 203 out of port 0
[13:04:46.272] [bmv2] [D] [thread 25267] [12.0] [cxt 0] Processing packet received on port 2
[13:04:46.272] [bmv2] [D] [thread 25267] [12.0] [cxt 0] Parser 'parser': start
[13:04:46.272] [bmv2] [D] [thread 25267] [12.0] [cxt 0] Parser 'parser' entering state 'start'
[13:04:46.272] [bmv2] [D] [thread 25267] [12.0] [cxt 0] Extracting header 'ethernet'
[13:04:46.272] [bmv2] [D] [thread 25267] [12.0] [cxt 0] Parser state 'start': key is 86dd
[13:04:46.272] [bmv2] [T] [thread 25267] [12.0] [cxt 0] Bytes parsed: 14
[13:04:46.272] [bmv2] [T] [thread 25267] [12.0] [cxt 0] Skipping checksum 'cksum' verification because target field invalid
[13:04:46.272] [bmv2] [D] [thread 25267] [12.0] [cxt 0] Parser 'parser': end
[13:04:46.272] [bmv2] [D] [thread 25267] [12.0] [cxt 0] Pipeline 'ingress': start
[13:04:46.272] [bmv2] [T] [thread 25267] [12.0] [cxt 0] Applying table 'tbl_act'
[13:04:46.272] [bmv2] [D] [thread 25267] [12.0] [cxt 0] Looking up key:

[13:04:46.272] [bmv2] [D] [thread 25267] [12.0] [cxt 0] Table 'tbl_act': miss
[13:04:46.272] [bmv2] [D] [thread 25267] [12.0] [cxt 0] Action entry is act_7 - 
[13:04:46.272] [bmv2] [T] [thread 25267] [12.0] [cxt 0] Action act_7
[13:04:46.272] [bmv2] [T] [thread 25267] [12.0] [cxt 0] Primitive (no source info)
[13:04:46.272] [bmv2] [T] [thread 25267] [12.0] [cxt 0] simple.p4(109) Primitive bit<32> apply_index=0;
[13:04:46.272] [bmv2] [T] [thread 25267] [12.0] [cxt 0] simple.p4(237) Condition "hdr.ipv4.isValid()" (node_3) is false
[13:04:46.272] [bmv2] [D] [thread 25267] [12.0] [cxt 0] Pipeline 'ingress': end
[13:04:46.272] [bmv2] [D] [thread 25267] [12.0] [cxt 0] Egress port is 0
[13:04:46.272] [bmv2] [D] [thread 25268] [12.0] [cxt 0] Pipeline 'egress': start
[13:04:46.272] [bmv2] [D] [thread 25268] [12.0] [cxt 0] Pipeline 'egress': end
[13:04:46.273] [bmv2] [D] [thread 25268] [12.0] [cxt 0] Deparser 'deparser': start
[13:04:46.273] [bmv2] [T] [thread 25268] [12.0] [cxt 0] Skipping checksum 'cksum' update because condition not met
[13:04:46.273] [bmv2] [D] [thread 25268] [12.0] [cxt 0] Deparsing header 'ethernet'
[13:04:46.273] [bmv2] [D] [thread 25268] [12.0] [cxt 0] Deparser 'deparser': end
[13:04:46.273] [bmv2] [D] [thread 25272] [12.0] [cxt 0] Transmitting packet of size 70 out of port 0
[13:04:48.317] [bmv2] [D] [thread 25267] [13.0] [cxt 0] Processing packet received on port 2
[13:04:48.317] [bmv2] [D] [thread 25267] [13.0] [cxt 0] Parser 'parser': start
[13:04:48.317] [bmv2] [D] [thread 25267] [13.0] [cxt 0] Parser 'parser' entering state 'start'
[13:04:48.317] [bmv2] [D] [thread 25267] [13.0] [cxt 0] Extracting header 'ethernet'
[13:04:48.317] [bmv2] [D] [thread 25267] [13.0] [cxt 0] Parser state 'start': key is 86dd
[13:04:48.317] [bmv2] [T] [thread 25267] [13.0] [cxt 0] Bytes parsed: 14
[13:04:48.317] [bmv2] [T] [thread 25267] [13.0] [cxt 0] Skipping checksum 'cksum' verification because target field invalid
[13:04:48.317] [bmv2] [D] [thread 25267] [13.0] [cxt 0] Parser 'parser': end
[13:04:48.318] [bmv2] [D] [thread 25267] [13.0] [cxt 0] Pipeline 'ingress': start
[13:04:48.318] [bmv2] [T] [thread 25267] [13.0] [cxt 0] Applying table 'tbl_act'
[13:04:48.318] [bmv2] [D] [thread 25267] [13.0] [cxt 0] Looking up key:

[13:04:48.318] [bmv2] [D] [thread 25267] [13.0] [cxt 0] Table 'tbl_act': miss
[13:04:48.318] [bmv2] [D] [thread 25267] [13.0] [cxt 0] Action entry is act_7 - 
[13:04:48.318] [bmv2] [T] [thread 25267] [13.0] [cxt 0] Action act_7
[13:04:48.318] [bmv2] [T] [thread 25267] [13.0] [cxt 0] Primitive (no source info)
[13:04:48.318] [bmv2] [T] [thread 25267] [13.0] [cxt 0] simple.p4(109) Primitive bit<32> apply_index=0;
[13:04:48.318] [bmv2] [T] [thread 25267] [13.0] [cxt 0] simple.p4(237) Condition "hdr.ipv4.isValid()" (node_3) is false
[13:04:48.318] [bmv2] [D] [thread 25267] [13.0] [cxt 0] Pipeline 'ingress': end
[13:04:48.318] [bmv2] [D] [thread 25267] [13.0] [cxt 0] Egress port is 0
[13:04:48.318] [bmv2] [D] [thread 25268] [13.0] [cxt 0] Pipeline 'egress': start
[13:04:48.318] [bmv2] [D] [thread 25268] [13.0] [cxt 0] Pipeline 'egress': end
[13:04:48.318] [bmv2] [D] [thread 25268] [13.0] [cxt 0] Deparser 'deparser': start
[13:04:48.318] [bmv2] [T] [thread 25268] [13.0] [cxt 0] Skipping checksum 'cksum' update because condition not met
[13:04:48.318] [bmv2] [D] [thread 25268] [13.0] [cxt 0] Deparsing header 'ethernet'
[13:04:48.318] [bmv2] [D] [thread 25268] [13.0] [cxt 0] Deparser 'deparser': end
[13:04:48.318] [bmv2] [D] [thread 25272] [13.0] [cxt 0] Transmitting packet of size 70 out of port 0
[13:04:48.800] [bmv2] [D] [thread 25267] [14.0] [cxt 0] Processing packet received on port 1
[13:04:48.800] [bmv2] [D] [thread 25267] [14.0] [cxt 0] Parser 'parser': start
[13:04:48.800] [bmv2] [D] [thread 25267] [14.0] [cxt 0] Parser 'parser' entering state 'start'
[13:04:48.800] [bmv2] [D] [thread 25267] [14.0] [cxt 0] Extracting header 'ethernet'
[13:04:48.800] [bmv2] [D] [thread 25267] [14.0] [cxt 0] Parser state 'start': key is 86dd
[13:04:48.800] [bmv2] [T] [thread 25267] [14.0] [cxt 0] Bytes parsed: 14
[13:04:48.800] [bmv2] [T] [thread 25267] [14.0] [cxt 0] Skipping checksum 'cksum' verification because target field invalid
[13:04:48.800] [bmv2] [D] [thread 25267] [14.0] [cxt 0] Parser 'parser': end
[13:04:48.800] [bmv2] [D] [thread 25267] [14.0] [cxt 0] Pipeline 'ingress': start
[13:04:48.801] [bmv2] [T] [thread 25267] [14.0] [cxt 0] Applying table 'tbl_act'
[13:04:48.801] [bmv2] [D] [thread 25267] [14.0] [cxt 0] Looking up key:

[13:04:48.801] [bmv2] [D] [thread 25267] [14.0] [cxt 0] Table 'tbl_act': miss
[13:04:48.801] [bmv2] [D] [thread 25267] [14.0] [cxt 0] Action entry is act_7 - 
[13:04:48.801] [bmv2] [T] [thread 25267] [14.0] [cxt 0] Action act_7
[13:04:48.801] [bmv2] [T] [thread 25267] [14.0] [cxt 0] Primitive (no source info)
[13:04:48.801] [bmv2] [T] [thread 25267] [14.0] [cxt 0] simple.p4(109) Primitive bit<32> apply_index=0;
[13:04:48.801] [bmv2] [T] [thread 25267] [14.0] [cxt 0] simple.p4(237) Condition "hdr.ipv4.isValid()" (node_3) is false
[13:04:48.801] [bmv2] [D] [thread 25267] [14.0] [cxt 0] Pipeline 'ingress': end
[13:04:48.801] [bmv2] [D] [thread 25267] [14.0] [cxt 0] Egress port is 0
[13:04:48.801] [bmv2] [D] [thread 25268] [14.0] [cxt 0] Pipeline 'egress': start
[13:04:48.801] [bmv2] [D] [thread 25268] [14.0] [cxt 0] Pipeline 'egress': end
[13:04:48.801] [bmv2] [D] [thread 25268] [14.0] [cxt 0] Deparser 'deparser': start
[13:04:48.801] [bmv2] [T] [thread 25268] [14.0] [cxt 0] Skipping checksum 'cksum' update because condition not met
[13:04:48.801] [bmv2] [D] [thread 25268] [14.0] [cxt 0] Deparsing header 'ethernet'
[13:04:48.801] [bmv2] [D] [thread 25268] [14.0] [cxt 0] Deparser 'deparser': end
[13:04:48.801] [bmv2] [D] [thread 25272] [14.0] [cxt 0] Transmitting packet of size 203 out of port 0
[13:04:51.052] [bmv2] [D] [thread 25267] [15.0] [cxt 0] Processing packet received on port 2
[13:04:51.052] [bmv2] [D] [thread 25267] [15.0] [cxt 0] Parser 'parser': start
[13:04:51.052] [bmv2] [D] [thread 25267] [15.0] [cxt 0] Parser 'parser' entering state 'start'
[13:04:51.052] [bmv2] [D] [thread 25267] [15.0] [cxt 0] Extracting header 'ethernet'
[13:04:51.053] [bmv2] [D] [thread 25267] [15.0] [cxt 0] Parser state 'start': key is 86dd
[13:04:51.053] [bmv2] [T] [thread 25267] [15.0] [cxt 0] Bytes parsed: 14
[13:04:51.053] [bmv2] [T] [thread 25267] [15.0] [cxt 0] Skipping checksum 'cksum' verification because target field invalid
[13:04:51.053] [bmv2] [D] [thread 25267] [15.0] [cxt 0] Parser 'parser': end
[13:04:51.053] [bmv2] [D] [thread 25267] [15.0] [cxt 0] Pipeline 'ingress': start
[13:04:51.053] [bmv2] [T] [thread 25267] [15.0] [cxt 0] Applying table 'tbl_act'
[13:04:51.053] [bmv2] [D] [thread 25267] [15.0] [cxt 0] Looking up key:

[13:04:51.053] [bmv2] [D] [thread 25267] [15.0] [cxt 0] Table 'tbl_act': miss
[13:04:51.053] [bmv2] [D] [thread 25267] [15.0] [cxt 0] Action entry is act_7 - 
[13:04:51.053] [bmv2] [T] [thread 25267] [15.0] [cxt 0] Action act_7
[13:04:51.053] [bmv2] [T] [thread 25267] [15.0] [cxt 0] Primitive (no source info)
[13:04:51.053] [bmv2] [T] [thread 25267] [15.0] [cxt 0] simple.p4(109) Primitive bit<32> apply_index=0;
[13:04:51.053] [bmv2] [T] [thread 25267] [15.0] [cxt 0] simple.p4(237) Condition "hdr.ipv4.isValid()" (node_3) is false
[13:04:51.053] [bmv2] [D] [thread 25267] [15.0] [cxt 0] Pipeline 'ingress': end
[13:04:51.053] [bmv2] [D] [thread 25267] [15.0] [cxt 0] Egress port is 0
[13:04:51.053] [bmv2] [D] [thread 25268] [15.0] [cxt 0] Pipeline 'egress': start
[13:04:51.053] [bmv2] [D] [thread 25268] [15.0] [cxt 0] Pipeline 'egress': end
[13:04:51.053] [bmv2] [D] [thread 25268] [15.0] [cxt 0] Deparser 'deparser': start
[13:04:51.053] [bmv2] [T] [thread 25268] [15.0] [cxt 0] Skipping checksum 'cksum' update because condition not met
[13:04:51.053] [bmv2] [D] [thread 25268] [15.0] [cxt 0] Deparsing header 'ethernet'
[13:04:51.053] [bmv2] [D] [thread 25268] [15.0] [cxt 0] Deparser 'deparser': end
[13:04:51.053] [bmv2] [D] [thread 25272] [15.0] [cxt 0] Transmitting packet of size 203 out of port 0
[13:04:51.463] [bmv2] [D] [thread 25267] [16.0] [cxt 0] Processing packet received on port 2
[13:04:51.463] [bmv2] [D] [thread 25267] [16.0] [cxt 0] Parser 'parser': start
[13:04:51.463] [bmv2] [D] [thread 25267] [16.0] [cxt 0] Parser 'parser' entering state 'start'
[13:04:51.463] [bmv2] [D] [thread 25267] [16.0] [cxt 0] Extracting header 'ethernet'
[13:04:51.463] [bmv2] [D] [thread 25267] [16.0] [cxt 0] Parser state 'start': key is 86dd
[13:04:51.463] [bmv2] [T] [thread 25267] [16.0] [cxt 0] Bytes parsed: 14
[13:04:51.463] [bmv2] [T] [thread 25267] [16.0] [cxt 0] Skipping checksum 'cksum' verification because target field invalid
[13:04:51.463] [bmv2] [D] [thread 25267] [16.0] [cxt 0] Parser 'parser': end
[13:04:51.463] [bmv2] [D] [thread 25267] [16.0] [cxt 0] Pipeline 'ingress': start
[13:04:51.464] [bmv2] [T] [thread 25267] [16.0] [cxt 0] Applying table 'tbl_act'
[13:04:51.464] [bmv2] [D] [thread 25267] [16.0] [cxt 0] Looking up key:

[13:04:51.464] [bmv2] [D] [thread 25267] [16.0] [cxt 0] Table 'tbl_act': miss
[13:04:51.464] [bmv2] [D] [thread 25267] [16.0] [cxt 0] Action entry is act_7 - 
[13:04:51.464] [bmv2] [T] [thread 25267] [16.0] [cxt 0] Action act_7
[13:04:51.464] [bmv2] [T] [thread 25267] [16.0] [cxt 0] Primitive (no source info)
[13:04:51.464] [bmv2] [T] [thread 25267] [16.0] [cxt 0] simple.p4(109) Primitive bit<32> apply_index=0;
[13:04:51.464] [bmv2] [T] [thread 25267] [16.0] [cxt 0] simple.p4(237) Condition "hdr.ipv4.isValid()" (node_3) is false
[13:04:51.464] [bmv2] [D] [thread 25267] [16.0] [cxt 0] Pipeline 'ingress': end
[13:04:51.464] [bmv2] [D] [thread 25267] [16.0] [cxt 0] Egress port is 0
[13:04:51.464] [bmv2] [D] [thread 25268] [16.0] [cxt 0] Pipeline 'egress': start
[13:04:51.464] [bmv2] [D] [thread 25268] [16.0] [cxt 0] Pipeline 'egress': end
[13:04:51.464] [bmv2] [D] [thread 25268] [16.0] [cxt 0] Deparser 'deparser': start
[13:04:51.464] [bmv2] [T] [thread 25268] [16.0] [cxt 0] Skipping checksum 'cksum' update because condition not met
[13:04:51.464] [bmv2] [D] [thread 25268] [16.0] [cxt 0] Deparsing header 'ethernet'
[13:04:51.464] [bmv2] [D] [thread 25268] [16.0] [cxt 0] Deparser 'deparser': end
[13:04:51.464] [bmv2] [D] [thread 25272] [16.0] [cxt 0] Transmitting packet of size 203 out of port 0
[13:04:54.466] [bmv2] [D] [thread 25267] [17.0] [cxt 0] Processing packet received on port 1
[13:04:54.466] [bmv2] [D] [thread 25267] [17.0] [cxt 0] Parser 'parser': start
[13:04:54.466] [bmv2] [D] [thread 25267] [17.0] [cxt 0] Parser 'parser' entering state 'start'
[13:04:54.466] [bmv2] [D] [thread 25267] [17.0] [cxt 0] Extracting header 'ethernet'
[13:04:54.466] [bmv2] [D] [thread 25267] [17.0] [cxt 0] Parser state 'start': key is 86dd
[13:04:54.466] [bmv2] [T] [thread 25267] [17.0] [cxt 0] Bytes parsed: 14
[13:04:54.466] [bmv2] [T] [thread 25267] [17.0] [cxt 0] Skipping checksum 'cksum' verification because target field invalid
[13:04:54.466] [bmv2] [D] [thread 25267] [17.0] [cxt 0] Parser 'parser': end
[13:04:54.466] [bmv2] [D] [thread 25267] [17.0] [cxt 0] Pipeline 'ingress': start
[13:04:54.466] [bmv2] [T] [thread 25267] [17.0] [cxt 0] Applying table 'tbl_act'
[13:04:54.466] [bmv2] [D] [thread 25267] [17.0] [cxt 0] Looking up key:

[13:04:54.466] [bmv2] [D] [thread 25267] [17.0] [cxt 0] Table 'tbl_act': miss
[13:04:54.466] [bmv2] [D] [thread 25267] [17.0] [cxt 0] Action entry is act_7 - 
[13:04:54.466] [bmv2] [T] [thread 25267] [17.0] [cxt 0] Action act_7
[13:04:54.466] [bmv2] [T] [thread 25267] [17.0] [cxt 0] Primitive (no source info)
[13:04:54.466] [bmv2] [T] [thread 25267] [17.0] [cxt 0] simple.p4(109) Primitive bit<32> apply_index=0;
[13:04:54.466] [bmv2] [T] [thread 25267] [17.0] [cxt 0] simple.p4(237) Condition "hdr.ipv4.isValid()" (node_3) is false
[13:04:54.466] [bmv2] [D] [thread 25267] [17.0] [cxt 0] Pipeline 'ingress': end
[13:04:54.466] [bmv2] [D] [thread 25267] [17.0] [cxt 0] Egress port is 0
[13:04:54.467] [bmv2] [D] [thread 25268] [17.0] [cxt 0] Pipeline 'egress': start
[13:04:54.467] [bmv2] [D] [thread 25268] [17.0] [cxt 0] Pipeline 'egress': end
[13:04:54.467] [bmv2] [D] [thread 25268] [17.0] [cxt 0] Deparser 'deparser': start
[13:04:54.467] [bmv2] [T] [thread 25268] [17.0] [cxt 0] Skipping checksum 'cksum' update because condition not met
[13:04:54.467] [bmv2] [D] [thread 25268] [17.0] [cxt 0] Deparsing header 'ethernet'
[13:04:54.467] [bmv2] [D] [thread 25268] [17.0] [cxt 0] Deparser 'deparser': end
[13:04:54.467] [bmv2] [D] [thread 25272] [17.0] [cxt 0] Transmitting packet of size 70 out of port 0
New connection
P4Runtime SetForwardingPipelineConfig
[13:05:01.598] [bmv2] [W] [thread 25606] [P4Runtime] p4::tmp::P4DeviceConfig is deprecated
[13:05:01.633] [bmv2] [D] [thread 25606] Set default default entry for table 'tbl_act': act_7 - 
[13:05:01.633] [bmv2] [D] [thread 25606] Set default default entry for table 'Basic_ingress.syn_drop': NoAction - 
[13:05:01.633] [bmv2] [D] [thread 25606] Set default default entry for table 'tbl_act_0': act - 
[13:05:01.633] [bmv2] [D] [thread 25606] Set default default entry for table 'tbl_act_1': act_0 - 
[13:05:01.633] [bmv2] [D] [thread 25606] Set default default entry for table 'tbl_act_2': act_1 - 
[13:05:01.633] [bmv2] [D] [thread 25606] Set default default entry for table 'Basic_ingress.synack_entry': Basic_ingress.new_synack - 
[13:05:01.633] [bmv2] [D] [thread 25606] Set default default entry for table 'tbl_act_3': act_3 - 
[13:05:01.633] [bmv2] [D] [thread 25606] Set default default entry for table 'tbl_checking': Basic_ingress.checking - 
[13:05:01.633] [bmv2] [D] [thread 25606] Set default default entry for table 'tbl_act_4': act_2 - 
[13:05:01.633] [bmv2] [D] [thread 25606] Set default default entry for table 'tbl_act_5': act_4 - 
[13:05:01.633] [bmv2] [D] [thread 25606] Set default default entry for table 'tbl_checking_0': Basic_ingress.checking - 
[13:05:01.633] [bmv2] [D] [thread 25606] Set default default entry for table 'Basic_ingress.ack_entry': NoAction - 
[13:05:01.633] [bmv2] [D] [thread 25606] Set default default entry for table 'tbl_act_6': act_6 - 
[13:05:01.633] [bmv2] [D] [thread 25606] Set default default entry for table 'tbl_merge': Basic_ingress.merge - 
[13:05:01.633] [bmv2] [D] [thread 25606] Set default default entry for table 'tbl_act_7': act_5 - 
[13:05:01.634] [bmv2] [D] [thread 25606] Set default default entry for table 'Basic_ingress.ipv4_lpm': NoAction - 
P4Runtime Write
device_id: 16
election_id {
  low: 1
}
updates {
  type: INSERT
  entity {
    table_entry {
      table_id: 33605438
      match {
        field_id: 1
        lpm {
          value: "\013\002\002\001"
          prefix_len: 32
        }
      }
      action {
        action {
          action_id: 16797316
          params {
            param_id: 1
            value: "\000\000\000\000\021\n"
          }
          params {
            param_id: 2
            value: "\000\001"
          }
        }
      }
    }
  }
}
[13:05:03.247] [bmv2] [D] [thread 25606] Entry 0 added to table 'Basic_ingress.ipv4_lpm'
[13:05:03.248] [bmv2] [D] [thread 25606] Dumping entry 0
Match key:
* hdr.ipv4.dstAddr    : LPM       0b020201/32
Action entry: Basic_ingress.host_forward - 110a,1,

P4Runtime Write
device_id: 16
election_id {
  low: 1
}
updates {
  type: INSERT
  entity {
    table_entry {
      table_id: 33605438
      match {
        field_id: 1
        lpm {
          value: "\n\000\000\000"
          prefix_len: 8
        }
      }
      action {
        action {
          action_id: 16838388
          params {
            param_id: 1
            value: "\000\002"
          }
        }
      }
    }
  }
}
[13:05:04.113] [bmv2] [D] [thread 25807] Entry 1 added to table 'Basic_ingress.ipv4_lpm'
[13:05:04.113] [bmv2] [D] [thread 25807] Dumping entry 1
Match key:
* hdr.ipv4.dstAddr    : LPM       0a000000/8
Action entry: Basic_ingress.l3_forward - 2,

[13:05:51.803] [bmv2] [D] [thread 25267] [18.0] [cxt 0] Processing packet received on port 2
[13:05:51.804] [bmv2] [D] [thread 25267] [18.0] [cxt 0] Parser 'parser': start
[13:05:51.804] [bmv2] [D] [thread 25267] [18.0] [cxt 0] Parser 'parser' entering state 'start'
[13:05:51.804] [bmv2] [D] [thread 25267] [18.0] [cxt 0] Extracting header 'ethernet'
[13:05:51.804] [bmv2] [D] [thread 25267] [18.0] [cxt 0] Parser state 'start': key is 86dd
[13:05:51.804] [bmv2] [T] [thread 25267] [18.0] [cxt 0] Bytes parsed: 14
[13:05:51.804] [bmv2] [T] [thread 25267] [18.0] [cxt 0] Skipping checksum 'cksum' verification because target field invalid
[13:05:51.804] [bmv2] [D] [thread 25267] [18.0] [cxt 0] Parser 'parser': end
[13:05:51.804] [bmv2] [D] [thread 25267] [18.0] [cxt 0] Pipeline 'ingress': start
[13:05:51.804] [bmv2] [T] [thread 25267] [18.0] [cxt 0] Applying table 'tbl_act'
[13:05:51.804] [bmv2] [D] [thread 25267] [18.0] [cxt 0] Looking up key:

[13:05:51.804] [bmv2] [D] [thread 25267] [18.0] [cxt 0] Table 'tbl_act': miss
[13:05:51.804] [bmv2] [D] [thread 25267] [18.0] [cxt 0] Action entry is act_7 - 
[13:05:51.804] [bmv2] [T] [thread 25267] [18.0] [cxt 0] Action act_7
[13:05:51.804] [bmv2] [T] [thread 25267] [18.0] [cxt 0] Primitive (no source info)
[13:05:51.804] [bmv2] [T] [thread 25267] [18.0] [cxt 0] simple.p4(109) Primitive bit<32> apply_index=0;
[13:05:51.804] [bmv2] [T] [thread 25267] [18.0] [cxt 0] simple.p4(237) Condition "hdr.ipv4.isValid()" (node_3) is false
[13:05:51.804] [bmv2] [D] [thread 25267] [18.0] [cxt 0] Pipeline 'ingress': end
[13:05:51.804] [bmv2] [D] [thread 25267] [18.0] [cxt 0] Egress port is 0
[13:05:51.804] [bmv2] [D] [thread 25267] [19.0] [cxt 0] Processing packet received on port 2
[13:05:51.804] [bmv2] [D] [thread 25267] [19.0] [cxt 0] Parser 'parser': start
[13:05:51.804] [bmv2] [D] [thread 25267] [19.0] [cxt 0] Parser 'parser' entering state 'start'
[13:05:51.804] [bmv2] [D] [thread 25267] [19.0] [cxt 0] Extracting header 'ethernet'
[13:05:51.804] [bmv2] [D] [thread 25267] [19.0] [cxt 0] Parser state 'start': key is 86dd
[13:05:51.804] [bmv2] [T] [thread 25267] [19.0] [cxt 0] Bytes parsed: 14
[13:05:51.804] [bmv2] [T] [thread 25267] [19.0] [cxt 0] Skipping checksum 'cksum' verification because target field invalid
[13:05:51.804] [bmv2] [D] [thread 25267] [19.0] [cxt 0] Parser 'parser': end
[13:05:51.805] [bmv2] [D] [thread 25267] [19.0] [cxt 0] Pipeline 'ingress': start
[13:05:51.805] [bmv2] [T] [thread 25267] [19.0] [cxt 0] Applying table 'tbl_act'
[13:05:51.805] [bmv2] [D] [thread 25267] [19.0] [cxt 0] Looking up key:

[13:05:51.805] [bmv2] [D] [thread 25267] [19.0] [cxt 0] Table 'tbl_act': miss
[13:05:51.805] [bmv2] [D] [thread 25267] [19.0] [cxt 0] Action entry is act_7 - 
[13:05:51.805] [bmv2] [T] [thread 25267] [19.0] [cxt 0] Action act_7
[13:05:51.805] [bmv2] [T] [thread 25267] [19.0] [cxt 0] Primitive (no source info)
[13:05:51.805] [bmv2] [T] [thread 25267] [19.0] [cxt 0] simple.p4(109) Primitive bit<32> apply_index=0;
[13:05:51.805] [bmv2] [T] [thread 25267] [19.0] [cxt 0] simple.p4(237) Condition "hdr.ipv4.isValid()" (node_3) is false
[13:05:51.805] [bmv2] [D] [thread 25267] [19.0] [cxt 0] Pipeline 'ingress': end
[13:05:51.805] [bmv2] [D] [thread 25267] [19.0] [cxt 0] Egress port is 0
[13:05:51.810] [bmv2] [D] [thread 25268] [18.0] [cxt 0] Pipeline 'egress': start
[13:05:51.810] [bmv2] [D] [thread 25268] [18.0] [cxt 0] Pipeline 'egress': end
[13:05:51.810] [bmv2] [D] [thread 25268] [18.0] [cxt 0] Deparser 'deparser': start
[13:05:51.810] [bmv2] [T] [thread 25268] [18.0] [cxt 0] Skipping checksum 'cksum' update because condition not met
[13:05:51.810] [bmv2] [D] [thread 25268] [18.0] [cxt 0] Deparsing header 'ethernet'
[13:05:51.810] [bmv2] [D] [thread 25268] [18.0] [cxt 0] Deparser 'deparser': end
[13:05:51.810] [bmv2] [D] [thread 25268] [19.0] [cxt 0] Pipeline 'egress': start
[13:05:51.810] [bmv2] [D] [thread 25268] [19.0] [cxt 0] Pipeline 'egress': end
[13:05:51.810] [bmv2] [D] [thread 25268] [19.0] [cxt 0] Deparser 'deparser': start
[13:05:51.810] [bmv2] [T] [thread 25268] [19.0] [cxt 0] Skipping checksum 'cksum' update because condition not met
[13:05:51.810] [bmv2] [D] [thread 25268] [19.0] [cxt 0] Deparsing header 'ethernet'
[13:05:51.810] [bmv2] [D] [thread 25268] [19.0] [cxt 0] Deparser 'deparser': end
[13:05:51.810] [bmv2] [D] [thread 25272] [18.0] [cxt 0] Transmitting packet of size 70 out of port 0
[13:05:51.810] [bmv2] [D] [thread 25272] [19.0] [cxt 0] Transmitting packet of size 70 out of port 0
[13:05:52.808] [bmv2] [D] [thread 25267] [20.0] [cxt 0] Processing packet received on port 1
[13:05:52.808] [bmv2] [D] [thread 25267] [20.0] [cxt 0] Parser 'parser': start
[13:05:52.808] [bmv2] [D] [thread 25267] [20.0] [cxt 0] Parser 'parser' entering state 'start'
[13:05:52.808] [bmv2] [D] [thread 25267] [20.0] [cxt 0] Extracting header 'ethernet'
[13:05:52.808] [bmv2] [D] [thread 25267] [20.0] [cxt 0] Parser state 'start': key is 86dd
[13:05:52.808] [bmv2] [T] [thread 25267] [20.0] [cxt 0] Bytes parsed: 14
[13:05:52.808] [bmv2] [T] [thread 25267] [20.0] [cxt 0] Skipping checksum 'cksum' verification because target field invalid
[13:05:52.808] [bmv2] [D] [thread 25267] [20.0] [cxt 0] Parser 'parser': end
[13:05:52.808] [bmv2] [D] [thread 25267] [20.0] [cxt 0] Pipeline 'ingress': start
[13:05:52.808] [bmv2] [T] [thread 25267] [20.0] [cxt 0] Applying table 'tbl_act'
[13:05:52.808] [bmv2] [D] [thread 25267] [20.0] [cxt 0] Looking up key:

[13:05:52.808] [bmv2] [D] [thread 25267] [20.0] [cxt 0] Table 'tbl_act': miss
[13:05:52.808] [bmv2] [D] [thread 25267] [20.0] [cxt 0] Action entry is act_7 - 
[13:05:52.808] [bmv2] [T] [thread 25267] [20.0] [cxt 0] Action act_7
[13:05:52.808] [bmv2] [T] [thread 25267] [20.0] [cxt 0] Primitive (no source info)
[13:05:52.808] [bmv2] [T] [thread 25267] [20.0] [cxt 0] simple.p4(109) Primitive bit<32> apply_index=0;
[13:05:52.809] [bmv2] [T] [thread 25267] [20.0] [cxt 0] simple.p4(237) Condition "hdr.ipv4.isValid()" (node_3) is false
[13:05:52.809] [bmv2] [D] [thread 25267] [20.0] [cxt 0] Pipeline 'ingress': end
[13:05:52.809] [bmv2] [D] [thread 25267] [20.0] [cxt 0] Egress port is 0
[13:05:52.809] [bmv2] [D] [thread 25268] [20.0] [cxt 0] Pipeline 'egress': start
[13:05:52.809] [bmv2] [D] [thread 25268] [20.0] [cxt 0] Pipeline 'egress': end
[13:05:52.809] [bmv2] [D] [thread 25268] [20.0] [cxt 0] Deparser 'deparser': start
[13:05:52.809] [bmv2] [T] [thread 25268] [20.0] [cxt 0] Skipping checksum 'cksum' update because condition not met
[13:05:52.809] [bmv2] [D] [thread 25268] [20.0] [cxt 0] Deparsing header 'ethernet'
[13:05:52.809] [bmv2] [D] [thread 25268] [20.0] [cxt 0] Deparser 'deparser': end
[13:05:52.809] [bmv2] [D] [thread 25272] [20.0] [cxt 0] Transmitting packet of size 203 out of port 0
[13:05:55.063] [bmv2] [D] [thread 25267] [21.0] [cxt 0] Processing packet received on port 2
[13:05:55.063] [bmv2] [D] [thread 25267] [21.0] [cxt 0] Parser 'parser': start
[13:05:55.063] [bmv2] [D] [thread 25267] [21.0] [cxt 0] Parser 'parser' entering state 'start'
[13:05:55.063] [bmv2] [D] [thread 25267] [21.0] [cxt 0] Extracting header 'ethernet'
[13:05:55.063] [bmv2] [D] [thread 25267] [21.0] [cxt 0] Parser state 'start': key is 86dd
[13:05:55.063] [bmv2] [T] [thread 25267] [21.0] [cxt 0] Bytes parsed: 14
[13:05:55.063] [bmv2] [T] [thread 25267] [21.0] [cxt 0] Skipping checksum 'cksum' verification because target field invalid
[13:05:55.063] [bmv2] [D] [thread 25267] [21.0] [cxt 0] Parser 'parser': end
[13:05:55.063] [bmv2] [D] [thread 25267] [21.0] [cxt 0] Pipeline 'ingress': start
[13:05:55.063] [bmv2] [T] [thread 25267] [21.0] [cxt 0] Applying table 'tbl_act'
[13:05:55.063] [bmv2] [D] [thread 25267] [21.0] [cxt 0] Looking up key:

[13:05:55.063] [bmv2] [D] [thread 25267] [21.0] [cxt 0] Table 'tbl_act': miss
[13:05:55.063] [bmv2] [D] [thread 25267] [21.0] [cxt 0] Action entry is act_7 - 
[13:05:55.063] [bmv2] [T] [thread 25267] [21.0] [cxt 0] Action act_7
[13:05:55.063] [bmv2] [T] [thread 25267] [21.0] [cxt 0] Primitive (no source info)
[13:05:55.063] [bmv2] [T] [thread 25267] [21.0] [cxt 0] simple.p4(109) Primitive bit<32> apply_index=0;
[13:05:55.063] [bmv2] [T] [thread 25267] [21.0] [cxt 0] simple.p4(237) Condition "hdr.ipv4.isValid()" (node_3) is false
[13:05:55.063] [bmv2] [D] [thread 25267] [21.0] [cxt 0] Pipeline 'ingress': end
[13:05:55.063] [bmv2] [D] [thread 25267] [21.0] [cxt 0] Egress port is 0
[13:05:55.063] [bmv2] [D] [thread 25268] [21.0] [cxt 0] Pipeline 'egress': start
[13:05:55.063] [bmv2] [D] [thread 25268] [21.0] [cxt 0] Pipeline 'egress': end
[13:05:55.063] [bmv2] [D] [thread 25268] [21.0] [cxt 0] Deparser 'deparser': start
[13:05:55.063] [bmv2] [T] [thread 25268] [21.0] [cxt 0] Skipping checksum 'cksum' update because condition not met
[13:05:55.063] [bmv2] [D] [thread 25268] [21.0] [cxt 0] Deparsing header 'ethernet'
[13:05:55.063] [bmv2] [D] [thread 25268] [21.0] [cxt 0] Deparser 'deparser': end
[13:05:55.063] [bmv2] [D] [thread 25272] [21.0] [cxt 0] Transmitting packet of size 203 out of port 0
[13:05:55.466] [bmv2] [D] [thread 25267] [22.0] [cxt 0] Processing packet received on port 2
[13:05:55.466] [bmv2] [D] [thread 25267] [22.0] [cxt 0] Parser 'parser': start
[13:05:55.466] [bmv2] [D] [thread 25267] [22.0] [cxt 0] Parser 'parser' entering state 'start'
[13:05:55.466] [bmv2] [D] [thread 25267] [22.0] [cxt 0] Extracting header 'ethernet'
[13:05:55.466] [bmv2] [D] [thread 25267] [22.0] [cxt 0] Parser state 'start': key is 86dd
[13:05:55.466] [bmv2] [T] [thread 25267] [22.0] [cxt 0] Bytes parsed: 14
[13:05:55.466] [bmv2] [T] [thread 25267] [22.0] [cxt 0] Skipping checksum 'cksum' verification because target field invalid
[13:05:55.466] [bmv2] [D] [thread 25267] [22.0] [cxt 0] Parser 'parser': end
[13:05:55.466] [bmv2] [D] [thread 25267] [22.0] [cxt 0] Pipeline 'ingress': start
[13:05:55.466] [bmv2] [T] [thread 25267] [22.0] [cxt 0] Applying table 'tbl_act'
[13:05:55.466] [bmv2] [D] [thread 25267] [22.0] [cxt 0] Looking up key:

[13:05:55.466] [bmv2] [D] [thread 25267] [22.0] [cxt 0] Table 'tbl_act': miss
[13:05:55.466] [bmv2] [D] [thread 25267] [22.0] [cxt 0] Action entry is act_7 - 
[13:05:55.466] [bmv2] [T] [thread 25267] [22.0] [cxt 0] Action act_7
[13:05:55.466] [bmv2] [T] [thread 25267] [22.0] [cxt 0] Primitive (no source info)
[13:05:55.466] [bmv2] [T] [thread 25267] [22.0] [cxt 0] simple.p4(109) Primitive bit<32> apply_index=0;
[13:05:55.466] [bmv2] [T] [thread 25267] [22.0] [cxt 0] simple.p4(237) Condition "hdr.ipv4.isValid()" (node_3) is false
[13:05:55.466] [bmv2] [D] [thread 25267] [22.0] [cxt 0] Pipeline 'ingress': end
[13:05:55.466] [bmv2] [D] [thread 25267] [22.0] [cxt 0] Egress port is 0
[13:05:55.466] [bmv2] [D] [thread 25268] [22.0] [cxt 0] Pipeline 'egress': start
[13:05:55.466] [bmv2] [D] [thread 25268] [22.0] [cxt 0] Pipeline 'egress': end
[13:05:55.466] [bmv2] [D] [thread 25268] [22.0] [cxt 0] Deparser 'deparser': start
[13:05:55.466] [bmv2] [T] [thread 25268] [22.0] [cxt 0] Skipping checksum 'cksum' update because condition not met
[13:05:55.466] [bmv2] [D] [thread 25268] [22.0] [cxt 0] Deparsing header 'ethernet'
[13:05:55.466] [bmv2] [D] [thread 25268] [22.0] [cxt 0] Deparser 'deparser': end
[13:05:55.466] [bmv2] [D] [thread 25272] [22.0] [cxt 0] Transmitting packet of size 203 out of port 0
[13:06:02.042] [bmv2] [D] [thread 25267] [23.0] [cxt 0] Processing packet received on port 1
[13:06:02.042] [bmv2] [D] [thread 25267] [23.0] [cxt 0] Parser 'parser': start
[13:06:02.042] [bmv2] [D] [thread 25267] [23.0] [cxt 0] Parser 'parser' entering state 'start'
[13:06:02.042] [bmv2] [D] [thread 25267] [23.0] [cxt 0] Extracting header 'ethernet'
[13:06:02.042] [bmv2] [D] [thread 25267] [23.0] [cxt 0] Parser state 'start': key is 86dd
[13:06:02.042] [bmv2] [T] [thread 25267] [23.0] [cxt 0] Bytes parsed: 14
[13:06:02.042] [bmv2] [T] [thread 25267] [23.0] [cxt 0] Skipping checksum 'cksum' verification because target field invalid
[13:06:02.042] [bmv2] [D] [thread 25267] [23.0] [cxt 0] Parser 'parser': end
[13:06:02.042] [bmv2] [D] [thread 25267] [23.0] [cxt 0] Pipeline 'ingress': start
[13:06:02.042] [bmv2] [T] [thread 25267] [23.0] [cxt 0] Applying table 'tbl_act'
[13:06:02.042] [bmv2] [D] [thread 25267] [23.0] [cxt 0] Looking up key:

[13:06:02.042] [bmv2] [D] [thread 25267] [23.0] [cxt 0] Table 'tbl_act': miss
[13:06:02.042] [bmv2] [D] [thread 25267] [23.0] [cxt 0] Action entry is act_7 - 
[13:06:02.042] [bmv2] [T] [thread 25267] [23.0] [cxt 0] Action act_7
[13:06:02.042] [bmv2] [T] [thread 25267] [23.0] [cxt 0] Primitive (no source info)
[13:06:02.042] [bmv2] [T] [thread 25267] [23.0] [cxt 0] simple.p4(109) Primitive bit<32> apply_index=0;
[13:06:02.042] [bmv2] [T] [thread 25267] [23.0] [cxt 0] simple.p4(237) Condition "hdr.ipv4.isValid()" (node_3) is false
[13:06:02.042] [bmv2] [D] [thread 25267] [23.0] [cxt 0] Pipeline 'ingress': end
[13:06:02.043] [bmv2] [D] [thread 25267] [23.0] [cxt 0] Egress port is 0
[13:06:02.043] [bmv2] [D] [thread 25268] [23.0] [cxt 0] Pipeline 'egress': start
[13:06:02.043] [bmv2] [D] [thread 25268] [23.0] [cxt 0] Pipeline 'egress': end
[13:06:02.043] [bmv2] [D] [thread 25268] [23.0] [cxt 0] Deparser 'deparser': start
[13:06:02.043] [bmv2] [T] [thread 25268] [23.0] [cxt 0] Skipping checksum 'cksum' update because condition not met
[13:06:02.043] [bmv2] [D] [thread 25268] [23.0] [cxt 0] Deparsing header 'ethernet'
[13:06:02.043] [bmv2] [D] [thread 25268] [23.0] [cxt 0] Deparser 'deparser': end
[13:06:02.043] [bmv2] [D] [thread 25272] [23.0] [cxt 0] Transmitting packet of size 70 out of port 0
[13:07:58.777] [bmv2] [D] [thread 25267] [24.0] [cxt 0] Processing packet received on port 2
[13:07:58.777] [bmv2] [D] [thread 25267] [24.0] [cxt 0] Parser 'parser': start
[13:07:58.778] [bmv2] [D] [thread 25267] [24.0] [cxt 0] Parser 'parser' entering state 'start'
[13:07:58.778] [bmv2] [D] [thread 25267] [24.0] [cxt 0] Extracting header 'ethernet'
[13:07:58.778] [bmv2] [D] [thread 25267] [24.0] [cxt 0] Parser state 'start': key is 86dd
[13:07:58.778] [bmv2] [T] [thread 25267] [24.0] [cxt 0] Bytes parsed: 14
[13:07:58.778] [bmv2] [T] [thread 25267] [24.0] [cxt 0] Skipping checksum 'cksum' verification because target field invalid
[13:07:58.778] [bmv2] [D] [thread 25267] [24.0] [cxt 0] Parser 'parser': end
[13:07:58.778] [bmv2] [D] [thread 25267] [24.0] [cxt 0] Pipeline 'ingress': start
[13:07:58.778] [bmv2] [T] [thread 25267] [24.0] [cxt 0] Applying table 'tbl_act'
[13:07:58.778] [bmv2] [D] [thread 25267] [24.0] [cxt 0] Looking up key:

[13:07:58.778] [bmv2] [D] [thread 25267] [24.0] [cxt 0] Table 'tbl_act': miss
[13:07:58.778] [bmv2] [D] [thread 25267] [24.0] [cxt 0] Action entry is act_7 - 
[13:07:58.778] [bmv2] [T] [thread 25267] [24.0] [cxt 0] Action act_7
[13:07:58.778] [bmv2] [T] [thread 25267] [24.0] [cxt 0] Primitive (no source info)
[13:07:58.778] [bmv2] [T] [thread 25267] [24.0] [cxt 0] simple.p4(109) Primitive bit<32> apply_index=0;
[13:07:58.778] [bmv2] [T] [thread 25267] [24.0] [cxt 0] simple.p4(237) Condition "hdr.ipv4.isValid()" (node_3) is false
[13:07:58.778] [bmv2] [D] [thread 25267] [24.0] [cxt 0] Pipeline 'ingress': end
[13:07:58.778] [bmv2] [D] [thread 25267] [24.0] [cxt 0] Egress port is 0
[13:07:58.778] [bmv2] [D] [thread 25268] [24.0] [cxt 0] Pipeline 'egress': start
[13:07:58.778] [bmv2] [D] [thread 25268] [24.0] [cxt 0] Pipeline 'egress': end
[13:07:58.778] [bmv2] [D] [thread 25268] [24.0] [cxt 0] Deparser 'deparser': start
[13:07:58.778] [bmv2] [T] [thread 25268] [24.0] [cxt 0] Skipping checksum 'cksum' update because condition not met
[13:07:58.778] [bmv2] [D] [thread 25268] [24.0] [cxt 0] Deparsing header 'ethernet'
[13:07:58.778] [bmv2] [D] [thread 25268] [24.0] [cxt 0] Deparser 'deparser': end
[13:07:58.779] [bmv2] [D] [thread 25272] [24.0] [cxt 0] Transmitting packet of size 70 out of port 0
[13:08:00.802] [bmv2] [D] [thread 25267] [25.0] [cxt 0] Processing packet received on port 1
[13:08:00.802] [bmv2] [D] [thread 25267] [25.0] [cxt 0] Parser 'parser': start
[13:08:00.802] [bmv2] [D] [thread 25267] [25.0] [cxt 0] Parser 'parser' entering state 'start'
[13:08:00.802] [bmv2] [D] [thread 25267] [25.0] [cxt 0] Extracting header 'ethernet'
[13:08:00.802] [bmv2] [D] [thread 25267] [25.0] [cxt 0] Parser state 'start': key is 86dd
[13:08:00.802] [bmv2] [T] [thread 25267] [25.0] [cxt 0] Bytes parsed: 14
[13:08:00.802] [bmv2] [T] [thread 25267] [25.0] [cxt 0] Skipping checksum 'cksum' verification because target field invalid
[13:08:00.802] [bmv2] [D] [thread 25267] [25.0] [cxt 0] Parser 'parser': end
[13:08:00.802] [bmv2] [D] [thread 25267] [25.0] [cxt 0] Pipeline 'ingress': start
[13:08:00.803] [bmv2] [T] [thread 25267] [25.0] [cxt 0] Applying table 'tbl_act'
[13:08:00.803] [bmv2] [D] [thread 25267] [25.0] [cxt 0] Looking up key:

[13:08:00.803] [bmv2] [D] [thread 25267] [25.0] [cxt 0] Table 'tbl_act': miss
[13:08:00.803] [bmv2] [D] [thread 25267] [25.0] [cxt 0] Action entry is act_7 - 
[13:08:00.803] [bmv2] [T] [thread 25267] [25.0] [cxt 0] Action act_7
[13:08:00.803] [bmv2] [T] [thread 25267] [25.0] [cxt 0] Primitive (no source info)
[13:08:00.803] [bmv2] [T] [thread 25267] [25.0] [cxt 0] simple.p4(109) Primitive bit<32> apply_index=0;
[13:08:00.803] [bmv2] [T] [thread 25267] [25.0] [cxt 0] simple.p4(237) Condition "hdr.ipv4.isValid()" (node_3) is false
[13:08:00.803] [bmv2] [D] [thread 25267] [25.0] [cxt 0] Pipeline 'ingress': end
[13:08:00.803] [bmv2] [D] [thread 25267] [25.0] [cxt 0] Egress port is 0
[13:08:00.803] [bmv2] [D] [thread 25268] [25.0] [cxt 0] Pipeline 'egress': start
[13:08:00.803] [bmv2] [D] [thread 25268] [25.0] [cxt 0] Pipeline 'egress': end
[13:08:00.803] [bmv2] [D] [thread 25268] [25.0] [cxt 0] Deparser 'deparser': start
[13:08:00.803] [bmv2] [T] [thread 25268] [25.0] [cxt 0] Skipping checksum 'cksum' update because condition not met
[13:08:00.803] [bmv2] [D] [thread 25268] [25.0] [cxt 0] Deparsing header 'ethernet'
[13:08:00.803] [bmv2] [D] [thread 25268] [25.0] [cxt 0] Deparser 'deparser': end
[13:08:00.803] [bmv2] [D] [thread 25272] [25.0] [cxt 0] Transmitting packet of size 203 out of port 0
[13:08:00.828] [bmv2] [D] [thread 25267] [26.0] [cxt 0] Processing packet received on port 2
[13:08:00.828] [bmv2] [D] [thread 25267] [26.0] [cxt 0] Parser 'parser': start
[13:08:00.828] [bmv2] [D] [thread 25267] [26.0] [cxt 0] Parser 'parser' entering state 'start'
[13:08:00.828] [bmv2] [D] [thread 25267] [26.0] [cxt 0] Extracting header 'ethernet'
[13:08:00.828] [bmv2] [D] [thread 25267] [26.0] [cxt 0] Parser state 'start': key is 86dd
[13:08:00.828] [bmv2] [T] [thread 25267] [26.0] [cxt 0] Bytes parsed: 14
[13:08:00.828] [bmv2] [T] [thread 25267] [26.0] [cxt 0] Skipping checksum 'cksum' verification because target field invalid
[13:08:00.828] [bmv2] [D] [thread 25267] [26.0] [cxt 0] Parser 'parser': end
[13:08:00.828] [bmv2] [D] [thread 25267] [26.0] [cxt 0] Pipeline 'ingress': start
[13:08:00.828] [bmv2] [T] [thread 25267] [26.0] [cxt 0] Applying table 'tbl_act'
[13:08:00.828] [bmv2] [D] [thread 25267] [26.0] [cxt 0] Looking up key:

[13:08:00.828] [bmv2] [D] [thread 25267] [26.0] [cxt 0] Table 'tbl_act': miss
[13:08:00.828] [bmv2] [D] [thread 25267] [26.0] [cxt 0] Action entry is act_7 - 
[13:08:00.828] [bmv2] [T] [thread 25267] [26.0] [cxt 0] Action act_7
[13:08:00.828] [bmv2] [T] [thread 25267] [26.0] [cxt 0] Primitive (no source info)
[13:08:00.828] [bmv2] [T] [thread 25267] [26.0] [cxt 0] simple.p4(109) Primitive bit<32> apply_index=0;
[13:08:00.828] [bmv2] [T] [thread 25267] [26.0] [cxt 0] simple.p4(237) Condition "hdr.ipv4.isValid()" (node_3) is false
[13:08:00.828] [bmv2] [D] [thread 25267] [26.0] [cxt 0] Pipeline 'ingress': end
[13:08:00.828] [bmv2] [D] [thread 25267] [26.0] [cxt 0] Egress port is 0
[13:08:00.829] [bmv2] [D] [thread 25268] [26.0] [cxt 0] Pipeline 'egress': start
[13:08:00.829] [bmv2] [D] [thread 25268] [26.0] [cxt 0] Pipeline 'egress': end
[13:08:00.829] [bmv2] [D] [thread 25268] [26.0] [cxt 0] Deparser 'deparser': start
[13:08:00.829] [bmv2] [T] [thread 25268] [26.0] [cxt 0] Skipping checksum 'cksum' update because condition not met
[13:08:00.829] [bmv2] [D] [thread 25268] [26.0] [cxt 0] Deparsing header 'ethernet'
[13:08:00.829] [bmv2] [D] [thread 25268] [26.0] [cxt 0] Deparser 'deparser': end
[13:08:00.829] [bmv2] [D] [thread 25272] [26.0] [cxt 0] Transmitting packet of size 70 out of port 0
[13:08:03.055] [bmv2] [D] [thread 25267] [27.0] [cxt 0] Processing packet received on port 2
[13:08:03.056] [bmv2] [D] [thread 25267] [27.0] [cxt 0] Parser 'parser': start
[13:08:03.056] [bmv2] [D] [thread 25267] [27.0] [cxt 0] Parser 'parser' entering state 'start'
[13:08:03.056] [bmv2] [D] [thread 25267] [27.0] [cxt 0] Extracting header 'ethernet'
[13:08:03.056] [bmv2] [D] [thread 25267] [27.0] [cxt 0] Parser state 'start': key is 86dd
[13:08:03.056] [bmv2] [T] [thread 25267] [27.0] [cxt 0] Bytes parsed: 14
[13:08:03.056] [bmv2] [T] [thread 25267] [27.0] [cxt 0] Skipping checksum 'cksum' verification because target field invalid
[13:08:03.056] [bmv2] [D] [thread 25267] [27.0] [cxt 0] Parser 'parser': end
[13:08:03.056] [bmv2] [D] [thread 25267] [27.0] [cxt 0] Pipeline 'ingress': start
[13:08:03.056] [bmv2] [T] [thread 25267] [27.0] [cxt 0] Applying table 'tbl_act'
[13:08:03.056] [bmv2] [D] [thread 25267] [27.0] [cxt 0] Looking up key:

[13:08:03.056] [bmv2] [D] [thread 25267] [27.0] [cxt 0] Table 'tbl_act': miss
[13:08:03.056] [bmv2] [D] [thread 25267] [27.0] [cxt 0] Action entry is act_7 - 
[13:08:03.056] [bmv2] [T] [thread 25267] [27.0] [cxt 0] Action act_7
[13:08:03.056] [bmv2] [T] [thread 25267] [27.0] [cxt 0] Primitive (no source info)
[13:08:03.056] [bmv2] [T] [thread 25267] [27.0] [cxt 0] simple.p4(109) Primitive bit<32> apply_index=0;
[13:08:03.056] [bmv2] [T] [thread 25267] [27.0] [cxt 0] simple.p4(237) Condition "hdr.ipv4.isValid()" (node_3) is false
[13:08:03.056] [bmv2] [D] [thread 25267] [27.0] [cxt 0] Pipeline 'ingress': end
[13:08:03.056] [bmv2] [D] [thread 25267] [27.0] [cxt 0] Egress port is 0
[13:08:03.056] [bmv2] [D] [thread 25268] [27.0] [cxt 0] Pipeline 'egress': start
[13:08:03.056] [bmv2] [D] [thread 25268] [27.0] [cxt 0] Pipeline 'egress': end
[13:08:03.056] [bmv2] [D] [thread 25268] [27.0] [cxt 0] Deparser 'deparser': start
[13:08:03.056] [bmv2] [T] [thread 25268] [27.0] [cxt 0] Skipping checksum 'cksum' update because condition not met
[13:08:03.056] [bmv2] [D] [thread 25268] [27.0] [cxt 0] Deparsing header 'ethernet'
[13:08:03.056] [bmv2] [D] [thread 25268] [27.0] [cxt 0] Deparser 'deparser': end
[13:08:03.056] [bmv2] [D] [thread 25272] [27.0] [cxt 0] Transmitting packet of size 203 out of port 0
[13:08:03.468] [bmv2] [D] [thread 25267] [28.0] [cxt 0] Processing packet received on port 2
[13:08:03.468] [bmv2] [D] [thread 25267] [28.0] [cxt 0] Parser 'parser': start
[13:08:03.468] [bmv2] [D] [thread 25267] [28.0] [cxt 0] Parser 'parser' entering state 'start'
[13:08:03.468] [bmv2] [D] [thread 25267] [28.0] [cxt 0] Extracting header 'ethernet'
[13:08:03.468] [bmv2] [D] [thread 25267] [28.0] [cxt 0] Parser state 'start': key is 86dd
[13:08:03.468] [bmv2] [T] [thread 25267] [28.0] [cxt 0] Bytes parsed: 14
[13:08:03.468] [bmv2] [T] [thread 25267] [28.0] [cxt 0] Skipping checksum 'cksum' verification because target field invalid
[13:08:03.469] [bmv2] [D] [thread 25267] [28.0] [cxt 0] Parser 'parser': end
[13:08:03.469] [bmv2] [D] [thread 25267] [28.0] [cxt 0] Pipeline 'ingress': start
[13:08:03.469] [bmv2] [T] [thread 25267] [28.0] [cxt 0] Applying table 'tbl_act'
[13:08:03.469] [bmv2] [D] [thread 25267] [28.0] [cxt 0] Looking up key:

[13:08:03.469] [bmv2] [D] [thread 25267] [28.0] [cxt 0] Table 'tbl_act': miss
[13:08:03.469] [bmv2] [D] [thread 25267] [28.0] [cxt 0] Action entry is act_7 - 
[13:08:03.469] [bmv2] [T] [thread 25267] [28.0] [cxt 0] Action act_7
[13:08:03.469] [bmv2] [T] [thread 25267] [28.0] [cxt 0] Primitive (no source info)
[13:08:03.469] [bmv2] [T] [thread 25267] [28.0] [cxt 0] simple.p4(109) Primitive bit<32> apply_index=0;
[13:08:03.469] [bmv2] [T] [thread 25267] [28.0] [cxt 0] simple.p4(237) Condition "hdr.ipv4.isValid()" (node_3) is false
[13:08:03.469] [bmv2] [D] [thread 25267] [28.0] [cxt 0] Pipeline 'ingress': end
[13:08:03.469] [bmv2] [D] [thread 25267] [28.0] [cxt 0] Egress port is 0
[13:08:03.469] [bmv2] [D] [thread 25268] [28.0] [cxt 0] Pipeline 'egress': start
[13:08:03.469] [bmv2] [D] [thread 25268] [28.0] [cxt 0] Pipeline 'egress': end
[13:08:03.469] [bmv2] [D] [thread 25268] [28.0] [cxt 0] Deparser 'deparser': start
[13:08:03.469] [bmv2] [T] [thread 25268] [28.0] [cxt 0] Skipping checksum 'cksum' update because condition not met
[13:08:03.469] [bmv2] [D] [thread 25268] [28.0] [cxt 0] Deparsing header 'ethernet'
[13:08:03.469] [bmv2] [D] [thread 25268] [28.0] [cxt 0] Deparser 'deparser': end
[13:08:03.469] [bmv2] [D] [thread 25272] [28.0] [cxt 0] Transmitting packet of size 203 out of port 0
[13:08:33.601] [bmv2] [D] [thread 25267] [29.0] [cxt 0] Processing packet received on port 1
[13:08:33.601] [bmv2] [D] [thread 25267] [29.0] [cxt 0] Parser 'parser': start
[13:08:33.601] [bmv2] [D] [thread 25267] [29.0] [cxt 0] Parser 'parser' entering state 'start'
[13:08:33.601] [bmv2] [D] [thread 25267] [29.0] [cxt 0] Extracting header 'ethernet'
[13:08:33.601] [bmv2] [D] [thread 25267] [29.0] [cxt 0] Parser state 'start': key is 86dd
[13:08:33.601] [bmv2] [T] [thread 25267] [29.0] [cxt 0] Bytes parsed: 14
[13:08:33.601] [bmv2] [T] [thread 25267] [29.0] [cxt 0] Skipping checksum 'cksum' verification because target field invalid
[13:08:33.602] [bmv2] [D] [thread 25267] [29.0] [cxt 0] Parser 'parser': end
[13:08:33.602] [bmv2] [D] [thread 25267] [29.0] [cxt 0] Pipeline 'ingress': start
[13:08:33.602] [bmv2] [T] [thread 25267] [29.0] [cxt 0] Applying table 'tbl_act'
[13:08:33.602] [bmv2] [D] [thread 25267] [29.0] [cxt 0] Looking up key:

[13:08:33.602] [bmv2] [D] [thread 25267] [29.0] [cxt 0] Table 'tbl_act': miss
[13:08:33.602] [bmv2] [D] [thread 25267] [29.0] [cxt 0] Action entry is act_7 - 
[13:08:33.602] [bmv2] [T] [thread 25267] [29.0] [cxt 0] Action act_7
[13:08:33.602] [bmv2] [T] [thread 25267] [29.0] [cxt 0] Primitive (no source info)
[13:08:33.602] [bmv2] [T] [thread 25267] [29.0] [cxt 0] simple.p4(109) Primitive bit<32> apply_index=0;
[13:08:33.602] [bmv2] [T] [thread 25267] [29.0] [cxt 0] simple.p4(237) Condition "hdr.ipv4.isValid()" (node_3) is false
[13:08:33.602] [bmv2] [D] [thread 25267] [29.0] [cxt 0] Pipeline 'ingress': end
[13:08:33.602] [bmv2] [D] [thread 25267] [29.0] [cxt 0] Egress port is 0
[13:08:33.603] [bmv2] [D] [thread 25268] [29.0] [cxt 0] Pipeline 'egress': start
[13:08:33.603] [bmv2] [D] [thread 25268] [29.0] [cxt 0] Pipeline 'egress': end
[13:08:33.603] [bmv2] [D] [thread 25268] [29.0] [cxt 0] Deparser 'deparser': start
[13:08:33.603] [bmv2] [T] [thread 25268] [29.0] [cxt 0] Skipping checksum 'cksum' update because condition not met
[13:08:33.603] [bmv2] [D] [thread 25268] [29.0] [cxt 0] Deparsing header 'ethernet'
[13:08:33.603] [bmv2] [D] [thread 25268] [29.0] [cxt 0] Deparser 'deparser': end
[13:08:33.603] [bmv2] [D] [thread 25272] [29.0] [cxt 0] Transmitting packet of size 70 out of port 0
