Calling target program-options parser
[13:04:00.849] [bmv2] [D] [thread 25274] Set default default entry for table 'tbl_act': act_7 - 
[13:04:00.849] [bmv2] [D] [thread 25274] Set default default entry for table 'Basic_ingress.syn_drop': NoAction - 
[13:04:00.849] [bmv2] [D] [thread 25274] Set default default entry for table 'tbl_act_0': act - 
[13:04:00.849] [bmv2] [D] [thread 25274] Set default default entry for table 'tbl_act_1': act_0 - 
[13:04:00.849] [bmv2] [D] [thread 25274] Set default default entry for table 'tbl_act_2': act_1 - 
[13:04:00.849] [bmv2] [D] [thread 25274] Set default default entry for table 'Basic_ingress.synack_entry': Basic_ingress.new_synack - 
[13:04:00.849] [bmv2] [D] [thread 25274] Set default default entry for table 'tbl_act_3': act_3 - 
[13:04:00.849] [bmv2] [D] [thread 25274] Set default default entry for table 'tbl_checking': Basic_ingress.checking - 
[13:04:00.849] [bmv2] [D] [thread 25274] Set default default entry for table 'tbl_act_4': act_2 - 
[13:04:00.850] [bmv2] [D] [thread 25274] Set default default entry for table 'tbl_act_5': act_4 - 
[13:04:00.850] [bmv2] [D] [thread 25274] Set default default entry for table 'tbl_checking_0': Basic_ingress.checking - 
[13:04:00.850] [bmv2] [D] [thread 25274] Set default default entry for table 'Basic_ingress.ack_entry': NoAction - 
[13:04:00.850] [bmv2] [D] [thread 25274] Set default default entry for table 'tbl_act_6': act_6 - 
[13:04:00.850] [bmv2] [D] [thread 25274] Set default default entry for table 'tbl_merge': Basic_ingress.merge - 
[13:04:00.850] [bmv2] [D] [thread 25274] Set default default entry for table 'tbl_act_7': act_5 - 
[13:04:00.850] [bmv2] [D] [thread 25274] Set default default entry for table 'Basic_ingress.ipv4_lpm': NoAction - 
Adding interface s18-eth1 as port 1
[13:04:00.853] [bmv2] [D] [thread 25274] Adding interface s18-eth1 as port 1
Adding interface s18-eth2 as port 2
[13:04:00.902] [bmv2] [D] [thread 25274] Adding interface s18-eth2 as port 2
I0323 13:04:00.934519277   25274 server_builder.cc:247]      Synchronous server. Num CQs: 1, Min pollers: 1, Max Pollers: 2147483647, CQ timeout (msec): 1000
Server listening on 0.0.0.0:50068
[13:04:00.944] [bmv2] [I] [thread 25274] Starting Thrift server on port 9107
[13:04:00.945] [bmv2] [I] [thread 25274] Thrift server was started
[13:04:03.071] [bmv2] [D] [thread 25287] [0.0] [cxt 0] Processing packet received on port 2
[13:04:03.071] [bmv2] [D] [thread 25287] [0.0] [cxt 0] Parser 'parser': start
[13:04:03.071] [bmv2] [D] [thread 25287] [0.0] [cxt 0] Parser 'parser' entering state 'start'
[13:04:03.071] [bmv2] [D] [thread 25287] [0.0] [cxt 0] Extracting header 'ethernet'
[13:04:03.071] [bmv2] [D] [thread 25287] [0.0] [cxt 0] Parser state 'start': key is 86dd
[13:04:03.071] [bmv2] [T] [thread 25287] [0.0] [cxt 0] Bytes parsed: 14
[13:04:03.071] [bmv2] [T] [thread 25287] [0.0] [cxt 0] Skipping checksum 'cksum' verification because target field invalid
[13:04:03.071] [bmv2] [D] [thread 25287] [0.0] [cxt 0] Parser 'parser': end
[13:04:03.071] [bmv2] [D] [thread 25287] [0.0] [cxt 0] Pipeline 'ingress': start
[13:04:03.071] [bmv2] [T] [thread 25287] [0.0] [cxt 0] Applying table 'tbl_act'
[13:04:03.071] [bmv2] [D] [thread 25287] [0.0] [cxt 0] Looking up key:

[13:04:03.071] [bmv2] [D] [thread 25287] [0.0] [cxt 0] Table 'tbl_act': miss
[13:04:03.071] [bmv2] [D] [thread 25287] [0.0] [cxt 0] Action entry is act_7 - 
[13:04:03.071] [bmv2] [T] [thread 25287] [0.0] [cxt 0] Action act_7
[13:04:03.071] [bmv2] [T] [thread 25287] [0.0] [cxt 0] Primitive (no source info)
[13:04:03.071] [bmv2] [T] [thread 25287] [0.0] [cxt 0] simple.p4(109) Primitive bit<32> apply_index=0;
[13:04:03.071] [bmv2] [T] [thread 25287] [0.0] [cxt 0] simple.p4(237) Condition "hdr.ipv4.isValid()" (node_3) is false
[13:04:03.071] [bmv2] [D] [thread 25287] [0.0] [cxt 0] Pipeline 'ingress': end
[13:04:03.071] [bmv2] [D] [thread 25287] [0.0] [cxt 0] Egress port is 0
[13:04:03.071] [bmv2] [D] [thread 25288] [0.0] [cxt 0] Pipeline 'egress': start
[13:04:03.071] [bmv2] [D] [thread 25288] [0.0] [cxt 0] Pipeline 'egress': end
[13:04:03.071] [bmv2] [D] [thread 25288] [0.0] [cxt 0] Deparser 'deparser': start
[13:04:03.072] [bmv2] [T] [thread 25288] [0.0] [cxt 0] Skipping checksum 'cksum' update because condition not met
[13:04:03.072] [bmv2] [D] [thread 25288] [0.0] [cxt 0] Deparsing header 'ethernet'
[13:04:03.072] [bmv2] [D] [thread 25288] [0.0] [cxt 0] Deparser 'deparser': end
[13:04:03.072] [bmv2] [D] [thread 25292] [0.0] [cxt 0] Transmitting packet of size 203 out of port 0
[13:04:07.790] [bmv2] [D] [thread 25287] [1.0] [cxt 0] Processing packet received on port 1
[13:04:07.790] [bmv2] [D] [thread 25287] [1.0] [cxt 0] Parser 'parser': start
[13:04:07.790] [bmv2] [D] [thread 25287] [1.0] [cxt 0] Parser 'parser' entering state 'start'
[13:04:07.790] [bmv2] [D] [thread 25287] [1.0] [cxt 0] Extracting header 'ethernet'
[13:04:07.790] [bmv2] [D] [thread 25287] [1.0] [cxt 0] Parser state 'start': key is 86dd
[13:04:07.790] [bmv2] [T] [thread 25287] [1.0] [cxt 0] Bytes parsed: 14
[13:04:07.790] [bmv2] [T] [thread 25287] [1.0] [cxt 0] Skipping checksum 'cksum' verification because target field invalid
[13:04:07.790] [bmv2] [D] [thread 25287] [1.0] [cxt 0] Parser 'parser': end
[13:04:07.790] [bmv2] [D] [thread 25287] [1.0] [cxt 0] Pipeline 'ingress': start
[13:04:07.790] [bmv2] [T] [thread 25287] [1.0] [cxt 0] Applying table 'tbl_act'
[13:04:07.790] [bmv2] [D] [thread 25287] [1.0] [cxt 0] Looking up key:

[13:04:07.790] [bmv2] [D] [thread 25287] [1.0] [cxt 0] Table 'tbl_act': miss
[13:04:07.791] [bmv2] [D] [thread 25287] [1.0] [cxt 0] Action entry is act_7 - 
[13:04:07.791] [bmv2] [T] [thread 25287] [1.0] [cxt 0] Action act_7
[13:04:07.791] [bmv2] [T] [thread 25287] [1.0] [cxt 0] Primitive (no source info)
[13:04:07.791] [bmv2] [T] [thread 25287] [1.0] [cxt 0] simple.p4(109) Primitive bit<32> apply_index=0;
[13:04:07.791] [bmv2] [T] [thread 25287] [1.0] [cxt 0] simple.p4(237) Condition "hdr.ipv4.isValid()" (node_3) is false
[13:04:07.791] [bmv2] [D] [thread 25287] [1.0] [cxt 0] Pipeline 'ingress': end
[13:04:07.791] [bmv2] [D] [thread 25287] [1.0] [cxt 0] Egress port is 0
[13:04:07.791] [bmv2] [D] [thread 25288] [1.0] [cxt 0] Pipeline 'egress': start
[13:04:07.791] [bmv2] [D] [thread 25288] [1.0] [cxt 0] Pipeline 'egress': end
[13:04:07.791] [bmv2] [D] [thread 25288] [1.0] [cxt 0] Deparser 'deparser': start
[13:04:07.791] [bmv2] [T] [thread 25288] [1.0] [cxt 0] Skipping checksum 'cksum' update because condition not met
[13:04:07.791] [bmv2] [D] [thread 25288] [1.0] [cxt 0] Deparsing header 'ethernet'
[13:04:07.791] [bmv2] [D] [thread 25288] [1.0] [cxt 0] Deparser 'deparser': end
[13:04:07.791] [bmv2] [D] [thread 25292] [1.0] [cxt 0] Transmitting packet of size 110 out of port 0
[13:04:08.474] [bmv2] [D] [thread 25287] [2.0] [cxt 0] Processing packet received on port 1
[13:04:08.474] [bmv2] [D] [thread 25287] [2.0] [cxt 0] Parser 'parser': start
[13:04:08.474] [bmv2] [D] [thread 25287] [2.0] [cxt 0] Parser 'parser' entering state 'start'
[13:04:08.474] [bmv2] [D] [thread 25287] [2.0] [cxt 0] Extracting header 'ethernet'
[13:04:08.474] [bmv2] [D] [thread 25287] [2.0] [cxt 0] Parser state 'start': key is 86dd
[13:04:08.474] [bmv2] [T] [thread 25287] [2.0] [cxt 0] Bytes parsed: 14
[13:04:08.474] [bmv2] [T] [thread 25287] [2.0] [cxt 0] Skipping checksum 'cksum' verification because target field invalid
[13:04:08.474] [bmv2] [D] [thread 25287] [2.0] [cxt 0] Parser 'parser': end
[13:04:08.475] [bmv2] [D] [thread 25287] [2.0] [cxt 0] Pipeline 'ingress': start
[13:04:08.475] [bmv2] [T] [thread 25287] [2.0] [cxt 0] Applying table 'tbl_act'
[13:04:08.475] [bmv2] [D] [thread 25287] [2.0] [cxt 0] Looking up key:

[13:04:08.475] [bmv2] [D] [thread 25287] [2.0] [cxt 0] Table 'tbl_act': miss
[13:04:08.475] [bmv2] [D] [thread 25287] [2.0] [cxt 0] Action entry is act_7 - 
[13:04:08.475] [bmv2] [T] [thread 25287] [2.0] [cxt 0] Action act_7
[13:04:08.475] [bmv2] [T] [thread 25287] [2.0] [cxt 0] Primitive (no source info)
[13:04:08.475] [bmv2] [T] [thread 25287] [2.0] [cxt 0] simple.p4(109) Primitive bit<32> apply_index=0;
[13:04:08.475] [bmv2] [T] [thread 25287] [2.0] [cxt 0] simple.p4(237) Condition "hdr.ipv4.isValid()" (node_3) is false
[13:04:08.475] [bmv2] [D] [thread 25287] [2.0] [cxt 0] Pipeline 'ingress': end
[13:04:08.475] [bmv2] [D] [thread 25287] [2.0] [cxt 0] Egress port is 0
[13:04:08.475] [bmv2] [D] [thread 25288] [2.0] [cxt 0] Pipeline 'egress': start
[13:04:08.475] [bmv2] [D] [thread 25288] [2.0] [cxt 0] Pipeline 'egress': end
[13:04:08.475] [bmv2] [D] [thread 25288] [2.0] [cxt 0] Deparser 'deparser': start
[13:04:08.475] [bmv2] [T] [thread 25288] [2.0] [cxt 0] Skipping checksum 'cksum' update because condition not met
[13:04:08.475] [bmv2] [D] [thread 25288] [2.0] [cxt 0] Deparsing header 'ethernet'
[13:04:08.475] [bmv2] [D] [thread 25288] [2.0] [cxt 0] Deparser 'deparser': end
[13:04:08.475] [bmv2] [D] [thread 25292] [2.0] [cxt 0] Transmitting packet of size 110 out of port 0
[13:04:15.035] [bmv2] [D] [thread 25287] [3.0] [cxt 0] Processing packet received on port 2
[13:04:15.035] [bmv2] [D] [thread 25287] [3.0] [cxt 0] Parser 'parser': start
[13:04:15.035] [bmv2] [D] [thread 25287] [3.0] [cxt 0] Parser 'parser' entering state 'start'
[13:04:15.035] [bmv2] [D] [thread 25287] [3.0] [cxt 0] Extracting header 'ethernet'
[13:04:15.035] [bmv2] [D] [thread 25287] [3.0] [cxt 0] Parser state 'start': key is 86dd
[13:04:15.035] [bmv2] [T] [thread 25287] [3.0] [cxt 0] Bytes parsed: 14
[13:04:15.035] [bmv2] [T] [thread 25287] [3.0] [cxt 0] Skipping checksum 'cksum' verification because target field invalid
[13:04:15.035] [bmv2] [D] [thread 25287] [3.0] [cxt 0] Parser 'parser': end
[13:04:15.035] [bmv2] [D] [thread 25287] [3.0] [cxt 0] Pipeline 'ingress': start
[13:04:15.035] [bmv2] [T] [thread 25287] [3.0] [cxt 0] Applying table 'tbl_act'
[13:04:15.035] [bmv2] [D] [thread 25287] [3.0] [cxt 0] Looking up key:

[13:04:15.035] [bmv2] [D] [thread 25287] [3.0] [cxt 0] Table 'tbl_act': miss
[13:04:15.035] [bmv2] [D] [thread 25287] [3.0] [cxt 0] Action entry is act_7 - 
[13:04:15.035] [bmv2] [T] [thread 25287] [3.0] [cxt 0] Action act_7
[13:04:15.035] [bmv2] [T] [thread 25287] [3.0] [cxt 0] Primitive (no source info)
[13:04:15.036] [bmv2] [T] [thread 25287] [3.0] [cxt 0] simple.p4(109) Primitive bit<32> apply_index=0;
[13:04:15.036] [bmv2] [T] [thread 25287] [3.0] [cxt 0] simple.p4(237) Condition "hdr.ipv4.isValid()" (node_3) is false
[13:04:15.036] [bmv2] [D] [thread 25287] [3.0] [cxt 0] Pipeline 'ingress': end
[13:04:15.036] [bmv2] [D] [thread 25287] [3.0] [cxt 0] Egress port is 0
[13:04:15.036] [bmv2] [D] [thread 25287] [4.0] [cxt 0] Processing packet received on port 2
[13:04:15.036] [bmv2] [D] [thread 25287] [4.0] [cxt 0] Parser 'parser': start
[13:04:15.036] [bmv2] [D] [thread 25287] [4.0] [cxt 0] Parser 'parser' entering state 'start'
[13:04:15.036] [bmv2] [D] [thread 25287] [4.0] [cxt 0] Extracting header 'ethernet'
[13:04:15.036] [bmv2] [D] [thread 25287] [4.0] [cxt 0] Parser state 'start': key is 86dd
[13:04:15.036] [bmv2] [T] [thread 25287] [4.0] [cxt 0] Bytes parsed: 14
[13:04:15.036] [bmv2] [T] [thread 25287] [4.0] [cxt 0] Skipping checksum 'cksum' verification because target field invalid
[13:04:15.036] [bmv2] [D] [thread 25287] [4.0] [cxt 0] Parser 'parser': end
[13:04:15.036] [bmv2] [D] [thread 25287] [4.0] [cxt 0] Pipeline 'ingress': start
[13:04:15.036] [bmv2] [T] [thread 25287] [4.0] [cxt 0] Applying table 'tbl_act'
[13:04:15.036] [bmv2] [D] [thread 25287] [4.0] [cxt 0] Looking up key:

[13:04:15.036] [bmv2] [D] [thread 25287] [4.0] [cxt 0] Table 'tbl_act': miss
[13:04:15.036] [bmv2] [D] [thread 25287] [4.0] [cxt 0] Action entry is act_7 - 
[13:04:15.036] [bmv2] [T] [thread 25287] [4.0] [cxt 0] Action act_7
[13:04:15.036] [bmv2] [T] [thread 25287] [4.0] [cxt 0] Primitive (no source info)
[13:04:15.036] [bmv2] [T] [thread 25287] [4.0] [cxt 0] simple.p4(109) Primitive bit<32> apply_index=0;
[13:04:15.036] [bmv2] [T] [thread 25287] [4.0] [cxt 0] simple.p4(237) Condition "hdr.ipv4.isValid()" (node_3) is false
[13:04:15.036] [bmv2] [D] [thread 25287] [4.0] [cxt 0] Pipeline 'ingress': end
[13:04:15.036] [bmv2] [D] [thread 25287] [4.0] [cxt 0] Egress port is 0
[13:04:15.036] [bmv2] [D] [thread 25288] [3.0] [cxt 0] Pipeline 'egress': start
[13:04:15.036] [bmv2] [D] [thread 25288] [3.0] [cxt 0] Pipeline 'egress': end
[13:04:15.036] [bmv2] [D] [thread 25288] [3.0] [cxt 0] Deparser 'deparser': start
[13:04:15.036] [bmv2] [T] [thread 25288] [3.0] [cxt 0] Skipping checksum 'cksum' update because condition not met
[13:04:15.036] [bmv2] [D] [thread 25288] [3.0] [cxt 0] Deparsing header 'ethernet'
[13:04:15.036] [bmv2] [D] [thread 25288] [3.0] [cxt 0] Deparser 'deparser': end
[13:04:15.036] [bmv2] [D] [thread 25288] [4.0] [cxt 0] Pipeline 'egress': start
[13:04:15.036] [bmv2] [D] [thread 25288] [4.0] [cxt 0] Pipeline 'egress': end
[13:04:15.036] [bmv2] [D] [thread 25288] [4.0] [cxt 0] Deparser 'deparser': start
[13:04:15.036] [bmv2] [T] [thread 25288] [4.0] [cxt 0] Skipping checksum 'cksum' update because condition not met
[13:04:15.036] [bmv2] [D] [thread 25288] [4.0] [cxt 0] Deparsing header 'ethernet'
[13:04:15.037] [bmv2] [D] [thread 25288] [4.0] [cxt 0] Deparser 'deparser': end
[13:04:15.037] [bmv2] [D] [thread 25292] [3.0] [cxt 0] Transmitting packet of size 70 out of port 0
[13:04:15.037] [bmv2] [D] [thread 25292] [4.0] [cxt 0] Transmitting packet of size 70 out of port 0
[13:04:19.086] [bmv2] [D] [thread 25287] [5.0] [cxt 0] Processing packet received on port 2
[13:04:19.086] [bmv2] [D] [thread 25287] [5.0] [cxt 0] Parser 'parser': start
[13:04:19.086] [bmv2] [D] [thread 25287] [5.0] [cxt 0] Parser 'parser' entering state 'start'
[13:04:19.086] [bmv2] [D] [thread 25287] [5.0] [cxt 0] Extracting header 'ethernet'
[13:04:19.086] [bmv2] [D] [thread 25287] [5.0] [cxt 0] Parser state 'start': key is 86dd
[13:04:19.086] [bmv2] [T] [thread 25287] [5.0] [cxt 0] Bytes parsed: 14
[13:04:19.086] [bmv2] [T] [thread 25287] [5.0] [cxt 0] Skipping checksum 'cksum' verification because target field invalid
[13:04:19.086] [bmv2] [D] [thread 25287] [5.0] [cxt 0] Parser 'parser': end
[13:04:19.086] [bmv2] [D] [thread 25287] [5.0] [cxt 0] Pipeline 'ingress': start
[13:04:19.086] [bmv2] [T] [thread 25287] [5.0] [cxt 0] Applying table 'tbl_act'
[13:04:19.086] [bmv2] [D] [thread 25287] [5.0] [cxt 0] Looking up key:

[13:04:19.086] [bmv2] [D] [thread 25287] [5.0] [cxt 0] Table 'tbl_act': miss
[13:04:19.086] [bmv2] [D] [thread 25287] [5.0] [cxt 0] Action entry is act_7 - 
[13:04:19.086] [bmv2] [T] [thread 25287] [5.0] [cxt 0] Action act_7
[13:04:19.086] [bmv2] [T] [thread 25287] [5.0] [cxt 0] Primitive (no source info)
[13:04:19.086] [bmv2] [T] [thread 25287] [5.0] [cxt 0] simple.p4(109) Primitive bit<32> apply_index=0;
[13:04:19.086] [bmv2] [T] [thread 25287] [5.0] [cxt 0] simple.p4(237) Condition "hdr.ipv4.isValid()" (node_3) is false
[13:04:19.086] [bmv2] [D] [thread 25287] [5.0] [cxt 0] Pipeline 'ingress': end
[13:04:19.086] [bmv2] [D] [thread 25287] [5.0] [cxt 0] Egress port is 0
[13:04:19.086] [bmv2] [D] [thread 25288] [5.0] [cxt 0] Pipeline 'egress': start
[13:04:19.086] [bmv2] [D] [thread 25288] [5.0] [cxt 0] Pipeline 'egress': end
[13:04:19.086] [bmv2] [D] [thread 25288] [5.0] [cxt 0] Deparser 'deparser': start
[13:04:19.086] [bmv2] [T] [thread 25288] [5.0] [cxt 0] Skipping checksum 'cksum' update because condition not met
[13:04:19.086] [bmv2] [D] [thread 25288] [5.0] [cxt 0] Deparsing header 'ethernet'
[13:04:19.086] [bmv2] [D] [thread 25288] [5.0] [cxt 0] Deparser 'deparser': end
[13:04:19.087] [bmv2] [D] [thread 25292] [5.0] [cxt 0] Transmitting packet of size 203 out of port 0
[13:04:46.268] [bmv2] [D] [thread 25287] [6.0] [cxt 0] Processing packet received on port 2
[13:04:46.268] [bmv2] [D] [thread 25287] [6.0] [cxt 0] Parser 'parser': start
[13:04:46.268] [bmv2] [D] [thread 25287] [6.0] [cxt 0] Parser 'parser' entering state 'start'
[13:04:46.268] [bmv2] [D] [thread 25287] [6.0] [cxt 0] Extracting header 'ethernet'
[13:04:46.268] [bmv2] [D] [thread 25287] [6.0] [cxt 0] Parser state 'start': key is 86dd
[13:04:46.268] [bmv2] [T] [thread 25287] [6.0] [cxt 0] Bytes parsed: 14
[13:04:46.268] [bmv2] [T] [thread 25287] [6.0] [cxt 0] Skipping checksum 'cksum' verification because target field invalid
[13:04:46.268] [bmv2] [D] [thread 25287] [6.0] [cxt 0] Parser 'parser': end
[13:04:46.268] [bmv2] [D] [thread 25287] [6.0] [cxt 0] Pipeline 'ingress': start
[13:04:46.268] [bmv2] [T] [thread 25287] [6.0] [cxt 0] Applying table 'tbl_act'
[13:04:46.268] [bmv2] [D] [thread 25287] [6.0] [cxt 0] Looking up key:

[13:04:46.268] [bmv2] [D] [thread 25287] [6.0] [cxt 0] Table 'tbl_act': miss
[13:04:46.268] [bmv2] [D] [thread 25287] [6.0] [cxt 0] Action entry is act_7 - 
[13:04:46.268] [bmv2] [T] [thread 25287] [6.0] [cxt 0] Action act_7
[13:04:46.268] [bmv2] [T] [thread 25287] [6.0] [cxt 0] Primitive (no source info)
[13:04:46.268] [bmv2] [T] [thread 25287] [6.0] [cxt 0] simple.p4(109) Primitive bit<32> apply_index=0;
[13:04:46.268] [bmv2] [T] [thread 25287] [6.0] [cxt 0] simple.p4(237) Condition "hdr.ipv4.isValid()" (node_3) is false
[13:04:46.268] [bmv2] [D] [thread 25287] [6.0] [cxt 0] Pipeline 'ingress': end
[13:04:46.268] [bmv2] [D] [thread 25287] [6.0] [cxt 0] Egress port is 0
[13:04:46.268] [bmv2] [D] [thread 25288] [6.0] [cxt 0] Pipeline 'egress': start
[13:04:46.268] [bmv2] [D] [thread 25288] [6.0] [cxt 0] Pipeline 'egress': end
[13:04:46.268] [bmv2] [D] [thread 25288] [6.0] [cxt 0] Deparser 'deparser': start
[13:04:46.268] [bmv2] [T] [thread 25288] [6.0] [cxt 0] Skipping checksum 'cksum' update because condition not met
[13:04:46.268] [bmv2] [D] [thread 25288] [6.0] [cxt 0] Deparsing header 'ethernet'
[13:04:46.268] [bmv2] [D] [thread 25288] [6.0] [cxt 0] Deparser 'deparser': end
[13:04:46.269] [bmv2] [D] [thread 25292] [6.0] [cxt 0] Transmitting packet of size 70 out of port 0
[13:04:46.278] [bmv2] [D] [thread 25287] [7.0] [cxt 0] Processing packet received on port 2
[13:04:46.278] [bmv2] [D] [thread 25287] [7.0] [cxt 0] Parser 'parser': start
[13:04:46.278] [bmv2] [D] [thread 25287] [7.0] [cxt 0] Parser 'parser' entering state 'start'
[13:04:46.278] [bmv2] [D] [thread 25287] [7.0] [cxt 0] Extracting header 'ethernet'
[13:04:46.278] [bmv2] [D] [thread 25287] [7.0] [cxt 0] Parser state 'start': key is 86dd
[13:04:46.278] [bmv2] [T] [thread 25287] [7.0] [cxt 0] Bytes parsed: 14
[13:04:46.278] [bmv2] [T] [thread 25287] [7.0] [cxt 0] Skipping checksum 'cksum' verification because target field invalid
[13:04:46.278] [bmv2] [D] [thread 25287] [7.0] [cxt 0] Parser 'parser': end
[13:04:46.278] [bmv2] [D] [thread 25287] [7.0] [cxt 0] Pipeline 'ingress': start
[13:04:46.278] [bmv2] [T] [thread 25287] [7.0] [cxt 0] Applying table 'tbl_act'
[13:04:46.278] [bmv2] [D] [thread 25287] [7.0] [cxt 0] Looking up key:

[13:04:46.278] [bmv2] [D] [thread 25287] [7.0] [cxt 0] Table 'tbl_act': miss
[13:04:46.278] [bmv2] [D] [thread 25287] [7.0] [cxt 0] Action entry is act_7 - 
[13:04:46.278] [bmv2] [T] [thread 25287] [7.0] [cxt 0] Action act_7
[13:04:46.278] [bmv2] [T] [thread 25287] [7.0] [cxt 0] Primitive (no source info)
[13:04:46.278] [bmv2] [T] [thread 25287] [7.0] [cxt 0] simple.p4(109) Primitive bit<32> apply_index=0;
[13:04:46.278] [bmv2] [T] [thread 25287] [7.0] [cxt 0] simple.p4(237) Condition "hdr.ipv4.isValid()" (node_3) is false
[13:04:46.278] [bmv2] [D] [thread 25287] [7.0] [cxt 0] Pipeline 'ingress': end
[13:04:46.278] [bmv2] [D] [thread 25287] [7.0] [cxt 0] Egress port is 0
[13:04:46.278] [bmv2] [D] [thread 25288] [7.0] [cxt 0] Pipeline 'egress': start
[13:04:46.278] [bmv2] [D] [thread 25288] [7.0] [cxt 0] Pipeline 'egress': end
[13:04:46.278] [bmv2] [D] [thread 25288] [7.0] [cxt 0] Deparser 'deparser': start
[13:04:46.278] [bmv2] [T] [thread 25288] [7.0] [cxt 0] Skipping checksum 'cksum' update because condition not met
[13:04:46.278] [bmv2] [D] [thread 25288] [7.0] [cxt 0] Deparsing header 'ethernet'
[13:04:46.278] [bmv2] [D] [thread 25288] [7.0] [cxt 0] Deparser 'deparser': end
[13:04:46.278] [bmv2] [D] [thread 25292] [7.0] [cxt 0] Transmitting packet of size 70 out of port 0
[13:04:51.088] [bmv2] [D] [thread 25287] [8.0] [cxt 0] Processing packet received on port 2
[13:04:51.088] [bmv2] [D] [thread 25287] [8.0] [cxt 0] Parser 'parser': start
[13:04:51.088] [bmv2] [D] [thread 25287] [8.0] [cxt 0] Parser 'parser' entering state 'start'
[13:04:51.088] [bmv2] [D] [thread 25287] [8.0] [cxt 0] Extracting header 'ethernet'
[13:04:51.088] [bmv2] [D] [thread 25287] [8.0] [cxt 0] Parser state 'start': key is 86dd
[13:04:51.088] [bmv2] [T] [thread 25287] [8.0] [cxt 0] Bytes parsed: 14
[13:04:51.088] [bmv2] [T] [thread 25287] [8.0] [cxt 0] Skipping checksum 'cksum' verification because target field invalid
[13:04:51.088] [bmv2] [D] [thread 25287] [8.0] [cxt 0] Parser 'parser': end
[13:04:51.088] [bmv2] [D] [thread 25287] [8.0] [cxt 0] Pipeline 'ingress': start
[13:04:51.088] [bmv2] [T] [thread 25287] [8.0] [cxt 0] Applying table 'tbl_act'
[13:04:51.088] [bmv2] [D] [thread 25287] [8.0] [cxt 0] Looking up key:

[13:04:51.088] [bmv2] [D] [thread 25287] [8.0] [cxt 0] Table 'tbl_act': miss
[13:04:51.088] [bmv2] [D] [thread 25287] [8.0] [cxt 0] Action entry is act_7 - 
[13:04:51.088] [bmv2] [T] [thread 25287] [8.0] [cxt 0] Action act_7
[13:04:51.088] [bmv2] [T] [thread 25287] [8.0] [cxt 0] Primitive (no source info)
[13:04:51.088] [bmv2] [T] [thread 25287] [8.0] [cxt 0] simple.p4(109) Primitive bit<32> apply_index=0;
[13:04:51.089] [bmv2] [T] [thread 25287] [8.0] [cxt 0] simple.p4(237) Condition "hdr.ipv4.isValid()" (node_3) is false
[13:04:51.089] [bmv2] [D] [thread 25287] [8.0] [cxt 0] Pipeline 'ingress': end
[13:04:51.089] [bmv2] [D] [thread 25287] [8.0] [cxt 0] Egress port is 0
[13:04:51.089] [bmv2] [D] [thread 25288] [8.0] [cxt 0] Pipeline 'egress': start
[13:04:51.089] [bmv2] [D] [thread 25288] [8.0] [cxt 0] Pipeline 'egress': end
[13:04:51.089] [bmv2] [D] [thread 25288] [8.0] [cxt 0] Deparser 'deparser': start
[13:04:51.089] [bmv2] [T] [thread 25288] [8.0] [cxt 0] Skipping checksum 'cksum' update because condition not met
[13:04:51.089] [bmv2] [D] [thread 25288] [8.0] [cxt 0] Deparsing header 'ethernet'
[13:04:51.089] [bmv2] [D] [thread 25288] [8.0] [cxt 0] Deparser 'deparser': end
[13:04:51.089] [bmv2] [D] [thread 25292] [8.0] [cxt 0] Transmitting packet of size 203 out of port 0
New connection
P4Runtime SetForwardingPipelineConfig
[13:05:01.775] [bmv2] [W] [thread 25613] [P4Runtime] p4::tmp::P4DeviceConfig is deprecated
[13:05:01.809] [bmv2] [D] [thread 25613] Set default default entry for table 'tbl_act': act_7 - 
[13:05:01.809] [bmv2] [D] [thread 25613] Set default default entry for table 'Basic_ingress.syn_drop': NoAction - 
[13:05:01.809] [bmv2] [D] [thread 25613] Set default default entry for table 'tbl_act_0': act - 
[13:05:01.810] [bmv2] [D] [thread 25613] Set default default entry for table 'tbl_act_1': act_0 - 
[13:05:01.810] [bmv2] [D] [thread 25613] Set default default entry for table 'tbl_act_2': act_1 - 
[13:05:01.810] [bmv2] [D] [thread 25613] Set default default entry for table 'Basic_ingress.synack_entry': Basic_ingress.new_synack - 
[13:05:01.810] [bmv2] [D] [thread 25613] Set default default entry for table 'tbl_act_3': act_3 - 
[13:05:01.810] [bmv2] [D] [thread 25613] Set default default entry for table 'tbl_checking': Basic_ingress.checking - 
[13:05:01.810] [bmv2] [D] [thread 25613] Set default default entry for table 'tbl_act_4': act_2 - 
[13:05:01.810] [bmv2] [D] [thread 25613] Set default default entry for table 'tbl_act_5': act_4 - 
[13:05:01.810] [bmv2] [D] [thread 25613] Set default default entry for table 'tbl_checking_0': Basic_ingress.checking - 
[13:05:01.810] [bmv2] [D] [thread 25613] Set default default entry for table 'Basic_ingress.ack_entry': NoAction - 
[13:05:01.810] [bmv2] [D] [thread 25613] Set default default entry for table 'tbl_act_6': act_6 - 
[13:05:01.810] [bmv2] [D] [thread 25613] Set default default entry for table 'tbl_merge': Basic_ingress.merge - 
[13:05:01.810] [bmv2] [D] [thread 25613] Set default default entry for table 'tbl_act_7': act_5 - 
[13:05:01.810] [bmv2] [D] [thread 25613] Set default default entry for table 'Basic_ingress.ipv4_lpm': NoAction - 
P4Runtime Write
device_id: 17
election_id {
  low: 1
}
updates {
  type: INSERT
  entity {
    table_entry {
      table_id: 33605438
      match {
        field_id: 1
        lpm {
          value: "\014\000\000\001"
          prefix_len: 32
        }
      }
      action {
        action {
          action_id: 16797316
          params {
            param_id: 1
            value: "\000\000\000\000\022\013"
          }
          params {
            param_id: 2
            value: "\000\001"
          }
        }
      }
    }
  }
}
[13:05:03.311] [bmv2] [D] [thread 25818] Entry 0 added to table 'Basic_ingress.ipv4_lpm'
[13:05:03.313] [bmv2] [D] [thread 25818] Dumping entry 0
Match key:
* hdr.ipv4.dstAddr    : LPM       0c000001/32
Action entry: Basic_ingress.host_forward - 120b,1,

P4Runtime Write
device_id: 17
election_id {
  low: 1
}
updates {
  type: INSERT
  entity {
    table_entry {
      table_id: 33605438
      match {
        field_id: 1
        lpm {
          value: "\n\000\000\000"
          prefix_len: 8
        }
      }
      action {
        action {
          action_id: 16838388
          params {
            param_id: 1
            value: "\000\002"
          }
        }
      }
    }
  }
}
[13:05:04.120] [bmv2] [D] [thread 25818] Entry 1 added to table 'Basic_ingress.ipv4_lpm'
[13:05:04.120] [bmv2] [D] [thread 25818] Dumping entry 1
Match key:
* hdr.ipv4.dstAddr    : LPM       0a000000/8
Action entry: Basic_ingress.l3_forward - 2,

P4Runtime Read
device_id: 17
entities {
  table_entry {
  }
}
[13:05:43.615] [bmv2] [D] [thread 25287] [9.0] [cxt 0] Processing packet received on port 2
[13:05:43.615] [bmv2] [D] [thread 25287] [9.0] [cxt 0] Parser 'parser': start
[13:05:43.615] [bmv2] [D] [thread 25287] [9.0] [cxt 0] Parser 'parser' entering state 'start'
[13:05:43.615] [bmv2] [D] [thread 25287] [9.0] [cxt 0] Extracting header 'ethernet'
[13:05:43.615] [bmv2] [D] [thread 25287] [9.0] [cxt 0] Parser state 'start': key is 86dd
[13:05:43.615] [bmv2] [T] [thread 25287] [9.0] [cxt 0] Bytes parsed: 14
[13:05:43.615] [bmv2] [T] [thread 25287] [9.0] [cxt 0] Skipping checksum 'cksum' verification because target field invalid
[13:05:43.615] [bmv2] [D] [thread 25287] [9.0] [cxt 0] Parser 'parser': end
[13:05:43.615] [bmv2] [D] [thread 25287] [9.0] [cxt 0] Pipeline 'ingress': start
[13:05:43.615] [bmv2] [T] [thread 25287] [9.0] [cxt 0] Applying table 'tbl_act'
[13:05:43.615] [bmv2] [D] [thread 25287] [9.0] [cxt 0] Looking up key:

[13:05:43.615] [bmv2] [D] [thread 25287] [9.0] [cxt 0] Table 'tbl_act': miss
[13:05:43.615] [bmv2] [D] [thread 25287] [9.0] [cxt 0] Action entry is act_7 - 
[13:05:43.615] [bmv2] [T] [thread 25287] [9.0] [cxt 0] Action act_7
[13:05:43.615] [bmv2] [T] [thread 25287] [9.0] [cxt 0] Primitive (no source info)
[13:05:43.615] [bmv2] [T] [thread 25287] [9.0] [cxt 0] simple.p4(109) Primitive bit<32> apply_index=0;
[13:05:43.615] [bmv2] [T] [thread 25287] [9.0] [cxt 0] simple.p4(237) Condition "hdr.ipv4.isValid()" (node_3) is false
[13:05:43.615] [bmv2] [D] [thread 25287] [9.0] [cxt 0] Pipeline 'ingress': end
[13:05:43.615] [bmv2] [D] [thread 25287] [9.0] [cxt 0] Egress port is 0
[13:05:43.615] [bmv2] [D] [thread 25288] [9.0] [cxt 0] Pipeline 'egress': start
[13:05:43.615] [bmv2] [D] [thread 25288] [9.0] [cxt 0] Pipeline 'egress': end
[13:05:43.615] [bmv2] [D] [thread 25288] [9.0] [cxt 0] Deparser 'deparser': start
[13:05:43.615] [bmv2] [T] [thread 25288] [9.0] [cxt 0] Skipping checksum 'cksum' update because condition not met
[13:05:43.615] [bmv2] [D] [thread 25288] [9.0] [cxt 0] Deparsing header 'ethernet'
[13:05:43.615] [bmv2] [D] [thread 25288] [9.0] [cxt 0] Deparser 'deparser': end
[13:05:43.616] [bmv2] [D] [thread 25292] [9.0] [cxt 0] Transmitting packet of size 70 out of port 0
[13:05:47.707] [bmv2] [D] [thread 25287] [10.0] [cxt 0] Processing packet received on port 2
[13:05:47.707] [bmv2] [D] [thread 25287] [10.0] [cxt 0] Parser 'parser': start
[13:05:47.707] [bmv2] [D] [thread 25287] [10.0] [cxt 0] Parser 'parser' entering state 'start'
[13:05:47.707] [bmv2] [D] [thread 25287] [10.0] [cxt 0] Extracting header 'ethernet'
[13:05:47.707] [bmv2] [D] [thread 25287] [10.0] [cxt 0] Parser state 'start': key is 86dd
[13:05:47.707] [bmv2] [T] [thread 25287] [10.0] [cxt 0] Bytes parsed: 14
[13:05:47.707] [bmv2] [T] [thread 25287] [10.0] [cxt 0] Skipping checksum 'cksum' verification because target field invalid
[13:05:47.707] [bmv2] [D] [thread 25287] [10.0] [cxt 0] Parser 'parser': end
[13:05:47.707] [bmv2] [D] [thread 25287] [10.0] [cxt 0] Pipeline 'ingress': start
[13:05:47.707] [bmv2] [T] [thread 25287] [10.0] [cxt 0] Applying table 'tbl_act'
[13:05:47.707] [bmv2] [D] [thread 25287] [10.0] [cxt 0] Looking up key:

[13:05:47.707] [bmv2] [D] [thread 25287] [10.0] [cxt 0] Table 'tbl_act': miss
[13:05:47.707] [bmv2] [D] [thread 25287] [10.0] [cxt 0] Action entry is act_7 - 
[13:05:47.707] [bmv2] [T] [thread 25287] [10.0] [cxt 0] Action act_7
[13:05:47.707] [bmv2] [T] [thread 25287] [10.0] [cxt 0] Primitive (no source info)
[13:05:47.707] [bmv2] [T] [thread 25287] [10.0] [cxt 0] simple.p4(109) Primitive bit<32> apply_index=0;
[13:05:47.707] [bmv2] [T] [thread 25287] [10.0] [cxt 0] simple.p4(237) Condition "hdr.ipv4.isValid()" (node_3) is false
[13:05:47.707] [bmv2] [D] [thread 25287] [10.0] [cxt 0] Pipeline 'ingress': end
[13:05:47.707] [bmv2] [D] [thread 25287] [10.0] [cxt 0] Egress port is 0
[13:05:47.708] [bmv2] [D] [thread 25288] [10.0] [cxt 0] Pipeline 'egress': start
[13:05:47.708] [bmv2] [D] [thread 25288] [10.0] [cxt 0] Pipeline 'egress': end
[13:05:47.708] [bmv2] [D] [thread 25288] [10.0] [cxt 0] Deparser 'deparser': start
[13:05:47.708] [bmv2] [T] [thread 25288] [10.0] [cxt 0] Skipping checksum 'cksum' update because condition not met
[13:05:47.708] [bmv2] [D] [thread 25288] [10.0] [cxt 0] Deparsing header 'ethernet'
[13:05:47.708] [bmv2] [D] [thread 25288] [10.0] [cxt 0] Deparser 'deparser': end
[13:05:47.708] [bmv2] [D] [thread 25292] [10.0] [cxt 0] Transmitting packet of size 70 out of port 0
[13:05:55.091] [bmv2] [D] [thread 25287] [11.0] [cxt 0] Processing packet received on port 2
[13:05:55.091] [bmv2] [D] [thread 25287] [11.0] [cxt 0] Parser 'parser': start
[13:05:55.091] [bmv2] [D] [thread 25287] [11.0] [cxt 0] Parser 'parser' entering state 'start'
[13:05:55.091] [bmv2] [D] [thread 25287] [11.0] [cxt 0] Extracting header 'ethernet'
[13:05:55.091] [bmv2] [D] [thread 25287] [11.0] [cxt 0] Parser state 'start': key is 86dd
[13:05:55.091] [bmv2] [T] [thread 25287] [11.0] [cxt 0] Bytes parsed: 14
[13:05:55.091] [bmv2] [T] [thread 25287] [11.0] [cxt 0] Skipping checksum 'cksum' verification because target field invalid
[13:05:55.091] [bmv2] [D] [thread 25287] [11.0] [cxt 0] Parser 'parser': end
[13:05:55.091] [bmv2] [D] [thread 25287] [11.0] [cxt 0] Pipeline 'ingress': start
[13:05:55.091] [bmv2] [T] [thread 25287] [11.0] [cxt 0] Applying table 'tbl_act'
[13:05:55.091] [bmv2] [D] [thread 25287] [11.0] [cxt 0] Looking up key:

[13:05:55.091] [bmv2] [D] [thread 25287] [11.0] [cxt 0] Table 'tbl_act': miss
[13:05:55.091] [bmv2] [D] [thread 25287] [11.0] [cxt 0] Action entry is act_7 - 
[13:05:55.091] [bmv2] [T] [thread 25287] [11.0] [cxt 0] Action act_7
[13:05:55.091] [bmv2] [T] [thread 25287] [11.0] [cxt 0] Primitive (no source info)
[13:05:55.091] [bmv2] [T] [thread 25287] [11.0] [cxt 0] simple.p4(109) Primitive bit<32> apply_index=0;
[13:05:55.091] [bmv2] [T] [thread 25287] [11.0] [cxt 0] simple.p4(237) Condition "hdr.ipv4.isValid()" (node_3) is false
[13:05:55.091] [bmv2] [D] [thread 25287] [11.0] [cxt 0] Pipeline 'ingress': end
[13:05:55.091] [bmv2] [D] [thread 25287] [11.0] [cxt 0] Egress port is 0
[13:05:55.092] [bmv2] [D] [thread 25288] [11.0] [cxt 0] Pipeline 'egress': start
[13:05:55.092] [bmv2] [D] [thread 25288] [11.0] [cxt 0] Pipeline 'egress': end
[13:05:55.092] [bmv2] [D] [thread 25288] [11.0] [cxt 0] Deparser 'deparser': start
[13:05:55.092] [bmv2] [T] [thread 25288] [11.0] [cxt 0] Skipping checksum 'cksum' update because condition not met
[13:05:55.092] [bmv2] [D] [thread 25288] [11.0] [cxt 0] Deparsing header 'ethernet'
[13:05:55.092] [bmv2] [D] [thread 25288] [11.0] [cxt 0] Deparser 'deparser': end
[13:05:55.092] [bmv2] [D] [thread 25292] [11.0] [cxt 0] Transmitting packet of size 203 out of port 0
[13:07:44.441] [bmv2] [D] [thread 25287] [12.0] [cxt 0] Processing packet received on port 2
[13:07:44.442] [bmv2] [D] [thread 25287] [12.0] [cxt 0] Parser 'parser': start
[13:07:44.442] [bmv2] [D] [thread 25287] [12.0] [cxt 0] Parser 'parser' entering state 'start'
[13:07:44.442] [bmv2] [D] [thread 25287] [12.0] [cxt 0] Extracting header 'ethernet'
[13:07:44.442] [bmv2] [D] [thread 25287] [12.0] [cxt 0] Parser state 'start': key is 86dd
[13:07:44.442] [bmv2] [T] [thread 25287] [12.0] [cxt 0] Bytes parsed: 14
[13:07:44.442] [bmv2] [T] [thread 25287] [12.0] [cxt 0] Skipping checksum 'cksum' verification because target field invalid
[13:07:44.442] [bmv2] [D] [thread 25287] [12.0] [cxt 0] Parser 'parser': end
[13:07:44.442] [bmv2] [D] [thread 25287] [12.0] [cxt 0] Pipeline 'ingress': start
[13:07:44.442] [bmv2] [T] [thread 25287] [12.0] [cxt 0] Applying table 'tbl_act'
[13:07:44.442] [bmv2] [D] [thread 25287] [12.0] [cxt 0] Looking up key:

[13:07:44.442] [bmv2] [D] [thread 25287] [12.0] [cxt 0] Table 'tbl_act': miss
[13:07:44.442] [bmv2] [D] [thread 25287] [12.0] [cxt 0] Action entry is act_7 - 
[13:07:44.442] [bmv2] [T] [thread 25287] [12.0] [cxt 0] Action act_7
[13:07:44.442] [bmv2] [T] [thread 25287] [12.0] [cxt 0] Primitive (no source info)
[13:07:44.442] [bmv2] [T] [thread 25287] [12.0] [cxt 0] simple.p4(109) Primitive bit<32> apply_index=0;
[13:07:44.442] [bmv2] [T] [thread 25287] [12.0] [cxt 0] simple.p4(237) Condition "hdr.ipv4.isValid()" (node_3) is false
[13:07:44.442] [bmv2] [D] [thread 25287] [12.0] [cxt 0] Pipeline 'ingress': end
[13:07:44.442] [bmv2] [D] [thread 25287] [12.0] [cxt 0] Egress port is 0
[13:07:44.442] [bmv2] [D] [thread 25288] [12.0] [cxt 0] Pipeline 'egress': start
[13:07:44.442] [bmv2] [D] [thread 25288] [12.0] [cxt 0] Pipeline 'egress': end
[13:07:44.442] [bmv2] [D] [thread 25288] [12.0] [cxt 0] Deparser 'deparser': start
[13:07:44.442] [bmv2] [T] [thread 25288] [12.0] [cxt 0] Skipping checksum 'cksum' update because condition not met
[13:07:44.442] [bmv2] [D] [thread 25288] [12.0] [cxt 0] Deparsing header 'ethernet'
[13:07:44.442] [bmv2] [D] [thread 25288] [12.0] [cxt 0] Deparser 'deparser': end
[13:07:44.442] [bmv2] [D] [thread 25292] [12.0] [cxt 0] Transmitting packet of size 70 out of port 0
[13:07:50.587] [bmv2] [D] [thread 25287] [13.0] [cxt 0] Processing packet received on port 2
[13:07:50.587] [bmv2] [D] [thread 25287] [13.0] [cxt 0] Parser 'parser': start
[13:07:50.587] [bmv2] [D] [thread 25287] [13.0] [cxt 0] Parser 'parser' entering state 'start'
[13:07:50.587] [bmv2] [D] [thread 25287] [13.0] [cxt 0] Extracting header 'ethernet'
[13:07:50.587] [bmv2] [D] [thread 25287] [13.0] [cxt 0] Parser state 'start': key is 86dd
[13:07:50.587] [bmv2] [T] [thread 25287] [13.0] [cxt 0] Bytes parsed: 14
[13:07:50.587] [bmv2] [T] [thread 25287] [13.0] [cxt 0] Skipping checksum 'cksum' verification because target field invalid
[13:07:50.587] [bmv2] [D] [thread 25287] [13.0] [cxt 0] Parser 'parser': end
[13:07:50.587] [bmv2] [D] [thread 25287] [13.0] [cxt 0] Pipeline 'ingress': start
[13:07:50.588] [bmv2] [T] [thread 25287] [13.0] [cxt 0] Applying table 'tbl_act'
[13:07:50.588] [bmv2] [D] [thread 25287] [13.0] [cxt 0] Looking up key:

[13:07:50.588] [bmv2] [D] [thread 25287] [13.0] [cxt 0] Table 'tbl_act': miss
[13:07:50.588] [bmv2] [D] [thread 25287] [13.0] [cxt 0] Action entry is act_7 - 
[13:07:50.588] [bmv2] [T] [thread 25287] [13.0] [cxt 0] Action act_7
[13:07:50.588] [bmv2] [T] [thread 25287] [13.0] [cxt 0] Primitive (no source info)
[13:07:50.588] [bmv2] [T] [thread 25287] [13.0] [cxt 0] simple.p4(109) Primitive bit<32> apply_index=0;
[13:07:50.588] [bmv2] [T] [thread 25287] [13.0] [cxt 0] simple.p4(237) Condition "hdr.ipv4.isValid()" (node_3) is false
[13:07:50.588] [bmv2] [D] [thread 25287] [13.0] [cxt 0] Pipeline 'ingress': end
[13:07:50.588] [bmv2] [D] [thread 25287] [13.0] [cxt 0] Egress port is 0
[13:07:50.588] [bmv2] [D] [thread 25288] [13.0] [cxt 0] Pipeline 'egress': start
[13:07:50.588] [bmv2] [D] [thread 25288] [13.0] [cxt 0] Pipeline 'egress': end
[13:07:50.588] [bmv2] [D] [thread 25288] [13.0] [cxt 0] Deparser 'deparser': start
[13:07:50.588] [bmv2] [T] [thread 25288] [13.0] [cxt 0] Skipping checksum 'cksum' update because condition not met
[13:07:50.588] [bmv2] [D] [thread 25288] [13.0] [cxt 0] Deparsing header 'ethernet'
[13:07:50.588] [bmv2] [D] [thread 25288] [13.0] [cxt 0] Deparser 'deparser': end
[13:07:50.588] [bmv2] [D] [thread 25292] [13.0] [cxt 0] Transmitting packet of size 70 out of port 0
[13:08:03.090] [bmv2] [D] [thread 25287] [14.0] [cxt 0] Processing packet received on port 2
[13:08:03.090] [bmv2] [D] [thread 25287] [14.0] [cxt 0] Parser 'parser': start
[13:08:03.090] [bmv2] [D] [thread 25287] [14.0] [cxt 0] Parser 'parser' entering state 'start'
[13:08:03.090] [bmv2] [D] [thread 25287] [14.0] [cxt 0] Extracting header 'ethernet'
[13:08:03.090] [bmv2] [D] [thread 25287] [14.0] [cxt 0] Parser state 'start': key is 86dd
[13:08:03.090] [bmv2] [T] [thread 25287] [14.0] [cxt 0] Bytes parsed: 14
[13:08:03.090] [bmv2] [T] [thread 25287] [14.0] [cxt 0] Skipping checksum 'cksum' verification because target field invalid
[13:08:03.091] [bmv2] [D] [thread 25287] [14.0] [cxt 0] Parser 'parser': end
[13:08:03.091] [bmv2] [D] [thread 25287] [14.0] [cxt 0] Pipeline 'ingress': start
[13:08:03.091] [bmv2] [T] [thread 25287] [14.0] [cxt 0] Applying table 'tbl_act'
[13:08:03.091] [bmv2] [D] [thread 25287] [14.0] [cxt 0] Looking up key:

[13:08:03.091] [bmv2] [D] [thread 25287] [14.0] [cxt 0] Table 'tbl_act': miss
[13:08:03.091] [bmv2] [D] [thread 25287] [14.0] [cxt 0] Action entry is act_7 - 
[13:08:03.091] [bmv2] [T] [thread 25287] [14.0] [cxt 0] Action act_7
[13:08:03.091] [bmv2] [T] [thread 25287] [14.0] [cxt 0] Primitive (no source info)
[13:08:03.091] [bmv2] [T] [thread 25287] [14.0] [cxt 0] simple.p4(109) Primitive bit<32> apply_index=0;
[13:08:03.091] [bmv2] [T] [thread 25287] [14.0] [cxt 0] simple.p4(237) Condition "hdr.ipv4.isValid()" (node_3) is false
[13:08:03.091] [bmv2] [D] [thread 25287] [14.0] [cxt 0] Pipeline 'ingress': end
[13:08:03.091] [bmv2] [D] [thread 25287] [14.0] [cxt 0] Egress port is 0
[13:08:03.091] [bmv2] [D] [thread 25288] [14.0] [cxt 0] Pipeline 'egress': start
[13:08:03.091] [bmv2] [D] [thread 25288] [14.0] [cxt 0] Pipeline 'egress': end
[13:08:03.091] [bmv2] [D] [thread 25288] [14.0] [cxt 0] Deparser 'deparser': start
[13:08:03.091] [bmv2] [T] [thread 25288] [14.0] [cxt 0] Skipping checksum 'cksum' update because condition not met
[13:08:03.091] [bmv2] [D] [thread 25288] [14.0] [cxt 0] Deparsing header 'ethernet'
[13:08:03.091] [bmv2] [D] [thread 25288] [14.0] [cxt 0] Deparser 'deparser': end
[13:08:03.091] [bmv2] [D] [thread 25292] [14.0] [cxt 0] Transmitting packet of size 203 out of port 0
