Calling target program-options parser
[13:04:01.862] [bmv2] [D] [thread 25294] Set default default entry for table 'tbl_act': act_7 - 
[13:04:01.863] [bmv2] [D] [thread 25294] Set default default entry for table 'Basic_ingress.syn_drop': NoAction - 
[13:04:01.863] [bmv2] [D] [thread 25294] Set default default entry for table 'tbl_act_0': act - 
[13:04:01.863] [bmv2] [D] [thread 25294] Set default default entry for table 'tbl_act_1': act_0 - 
[13:04:01.863] [bmv2] [D] [thread 25294] Set default default entry for table 'tbl_act_2': act_1 - 
[13:04:01.863] [bmv2] [D] [thread 25294] Set default default entry for table 'Basic_ingress.synack_entry': Basic_ingress.new_synack - 
[13:04:01.863] [bmv2] [D] [thread 25294] Set default default entry for table 'tbl_act_3': act_3 - 
[13:04:01.863] [bmv2] [D] [thread 25294] Set default default entry for table 'tbl_checking': Basic_ingress.checking - 
[13:04:01.863] [bmv2] [D] [thread 25294] Set default default entry for table 'tbl_act_4': act_2 - 
[13:04:01.863] [bmv2] [D] [thread 25294] Set default default entry for table 'tbl_act_5': act_4 - 
[13:04:01.864] [bmv2] [D] [thread 25294] Set default default entry for table 'tbl_checking_0': Basic_ingress.checking - 
[13:04:01.864] [bmv2] [D] [thread 25294] Set default default entry for table 'Basic_ingress.ack_entry': NoAction - 
[13:04:01.864] [bmv2] [D] [thread 25294] Set default default entry for table 'tbl_act_6': act_6 - 
[13:04:01.864] [bmv2] [D] [thread 25294] Set default default entry for table 'tbl_merge': Basic_ingress.merge - 
[13:04:01.864] [bmv2] [D] [thread 25294] Set default default entry for table 'tbl_act_7': act_5 - 
[13:04:01.864] [bmv2] [D] [thread 25294] Set default default entry for table 'Basic_ingress.ipv4_lpm': NoAction - 
Adding interface s19-eth1 as port 1
[13:04:01.868] [bmv2] [D] [thread 25294] Adding interface s19-eth1 as port 1
Adding interface s19-eth2 as port 2
[13:04:01.907] [bmv2] [D] [thread 25294] Adding interface s19-eth2 as port 2
I0323 13:04:01.942905260   25294 server_builder.cc:247]      Synchronous server. Num CQs: 1, Min pollers: 1, Max Pollers: 2147483647, CQ timeout (msec): 1000
Server listening on 0.0.0.0:50069
[13:04:01.953] [bmv2] [I] [thread 25294] Starting Thrift server on port 9108
[13:04:01.954] [bmv2] [I] [thread 25294] Thrift server was started
[13:04:03.137] [bmv2] [D] [thread 25307] [0.0] [cxt 0] Processing packet received on port 2
[13:04:03.137] [bmv2] [D] [thread 25307] [0.0] [cxt 0] Parser 'parser': start
[13:04:03.137] [bmv2] [D] [thread 25307] [0.0] [cxt 0] Parser 'parser' entering state 'start'
[13:04:03.137] [bmv2] [D] [thread 25307] [0.0] [cxt 0] Extracting header 'ethernet'
[13:04:03.137] [bmv2] [D] [thread 25307] [0.0] [cxt 0] Parser state 'start': key is 86dd
[13:04:03.137] [bmv2] [T] [thread 25307] [0.0] [cxt 0] Bytes parsed: 14
[13:04:03.137] [bmv2] [T] [thread 25307] [0.0] [cxt 0] Skipping checksum 'cksum' verification because target field invalid
[13:04:03.137] [bmv2] [D] [thread 25307] [0.0] [cxt 0] Parser 'parser': end
[13:04:03.137] [bmv2] [D] [thread 25307] [0.0] [cxt 0] Pipeline 'ingress': start
[13:04:03.137] [bmv2] [T] [thread 25307] [0.0] [cxt 0] Applying table 'tbl_act'
[13:04:03.138] [bmv2] [D] [thread 25307] [0.0] [cxt 0] Looking up key:

[13:04:03.138] [bmv2] [D] [thread 25307] [0.0] [cxt 0] Table 'tbl_act': miss
[13:04:03.138] [bmv2] [D] [thread 25307] [0.0] [cxt 0] Action entry is act_7 - 
[13:04:03.138] [bmv2] [T] [thread 25307] [0.0] [cxt 0] Action act_7
[13:04:03.138] [bmv2] [T] [thread 25307] [0.0] [cxt 0] Primitive (no source info)
[13:04:03.138] [bmv2] [T] [thread 25307] [0.0] [cxt 0] simple.p4(109) Primitive bit<32> apply_index=0;
[13:04:03.138] [bmv2] [T] [thread 25307] [0.0] [cxt 0] simple.p4(237) Condition "hdr.ipv4.isValid()" (node_3) is false
[13:04:03.138] [bmv2] [D] [thread 25307] [0.0] [cxt 0] Pipeline 'ingress': end
[13:04:03.138] [bmv2] [D] [thread 25307] [0.0] [cxt 0] Egress port is 0
[13:04:03.138] [bmv2] [D] [thread 25308] [0.0] [cxt 0] Pipeline 'egress': start
[13:04:03.138] [bmv2] [D] [thread 25308] [0.0] [cxt 0] Pipeline 'egress': end
[13:04:03.138] [bmv2] [D] [thread 25308] [0.0] [cxt 0] Deparser 'deparser': start
[13:04:03.138] [bmv2] [T] [thread 25308] [0.0] [cxt 0] Skipping checksum 'cksum' update because condition not met
[13:04:03.138] [bmv2] [D] [thread 25308] [0.0] [cxt 0] Deparsing header 'ethernet'
[13:04:03.138] [bmv2] [D] [thread 25308] [0.0] [cxt 0] Deparser 'deparser': end
[13:04:03.138] [bmv2] [D] [thread 25312] [0.0] [cxt 0] Transmitting packet of size 203 out of port 0
[13:04:03.774] [bmv2] [D] [thread 25307] [1.0] [cxt 0] Processing packet received on port 2
[13:04:03.774] [bmv2] [D] [thread 25307] [1.0] [cxt 0] Parser 'parser': start
[13:04:03.774] [bmv2] [D] [thread 25307] [1.0] [cxt 0] Parser 'parser' entering state 'start'
[13:04:03.774] [bmv2] [D] [thread 25307] [1.0] [cxt 0] Extracting header 'ethernet'
[13:04:03.774] [bmv2] [D] [thread 25307] [1.0] [cxt 0] Parser state 'start': key is 86dd
[13:04:03.774] [bmv2] [T] [thread 25307] [1.0] [cxt 0] Bytes parsed: 14
[13:04:03.774] [bmv2] [T] [thread 25307] [1.0] [cxt 0] Skipping checksum 'cksum' verification because target field invalid
[13:04:03.774] [bmv2] [D] [thread 25307] [1.0] [cxt 0] Parser 'parser': end
[13:04:03.774] [bmv2] [D] [thread 25307] [1.0] [cxt 0] Pipeline 'ingress': start
[13:04:03.774] [bmv2] [T] [thread 25307] [1.0] [cxt 0] Applying table 'tbl_act'
[13:04:03.774] [bmv2] [D] [thread 25307] [1.0] [cxt 0] Looking up key:

[13:04:03.774] [bmv2] [D] [thread 25307] [1.0] [cxt 0] Table 'tbl_act': miss
[13:04:03.774] [bmv2] [D] [thread 25307] [1.0] [cxt 0] Action entry is act_7 - 
[13:04:03.774] [bmv2] [T] [thread 25307] [1.0] [cxt 0] Action act_7
[13:04:03.774] [bmv2] [T] [thread 25307] [1.0] [cxt 0] Primitive (no source info)
[13:04:03.774] [bmv2] [T] [thread 25307] [1.0] [cxt 0] simple.p4(109) Primitive bit<32> apply_index=0;
[13:04:03.774] [bmv2] [T] [thread 25307] [1.0] [cxt 0] simple.p4(237) Condition "hdr.ipv4.isValid()" (node_3) is false
[13:04:03.774] [bmv2] [D] [thread 25307] [1.0] [cxt 0] Pipeline 'ingress': end
[13:04:03.774] [bmv2] [D] [thread 25307] [1.0] [cxt 0] Egress port is 0
[13:04:03.775] [bmv2] [D] [thread 25308] [1.0] [cxt 0] Pipeline 'egress': start
[13:04:03.775] [bmv2] [D] [thread 25308] [1.0] [cxt 0] Pipeline 'egress': end
[13:04:03.775] [bmv2] [D] [thread 25308] [1.0] [cxt 0] Deparser 'deparser': start
[13:04:03.775] [bmv2] [T] [thread 25308] [1.0] [cxt 0] Skipping checksum 'cksum' update because condition not met
[13:04:03.775] [bmv2] [D] [thread 25308] [1.0] [cxt 0] Deparsing header 'ethernet'
[13:04:03.775] [bmv2] [D] [thread 25308] [1.0] [cxt 0] Deparser 'deparser': end
[13:04:03.775] [bmv2] [D] [thread 25312] [1.0] [cxt 0] Transmitting packet of size 203 out of port 0
[13:04:07.862] [bmv2] [D] [thread 25307] [2.0] [cxt 0] Processing packet received on port 1
[13:04:07.862] [bmv2] [D] [thread 25307] [2.0] [cxt 0] Parser 'parser': start
[13:04:07.862] [bmv2] [D] [thread 25307] [2.0] [cxt 0] Parser 'parser' entering state 'start'
[13:04:07.862] [bmv2] [D] [thread 25307] [2.0] [cxt 0] Extracting header 'ethernet'
[13:04:07.862] [bmv2] [D] [thread 25307] [2.0] [cxt 0] Parser state 'start': key is 86dd
[13:04:07.862] [bmv2] [T] [thread 25307] [2.0] [cxt 0] Bytes parsed: 14
[13:04:07.862] [bmv2] [T] [thread 25307] [2.0] [cxt 0] Skipping checksum 'cksum' verification because target field invalid
[13:04:07.862] [bmv2] [D] [thread 25307] [2.0] [cxt 0] Parser 'parser': end
[13:04:07.862] [bmv2] [D] [thread 25307] [2.0] [cxt 0] Pipeline 'ingress': start
[13:04:07.862] [bmv2] [T] [thread 25307] [2.0] [cxt 0] Applying table 'tbl_act'
[13:04:07.862] [bmv2] [D] [thread 25307] [2.0] [cxt 0] Looking up key:

[13:04:07.862] [bmv2] [D] [thread 25307] [2.0] [cxt 0] Table 'tbl_act': miss
[13:04:07.862] [bmv2] [D] [thread 25307] [2.0] [cxt 0] Action entry is act_7 - 
[13:04:07.862] [bmv2] [T] [thread 25307] [2.0] [cxt 0] Action act_7
[13:04:07.862] [bmv2] [T] [thread 25307] [2.0] [cxt 0] Primitive (no source info)
[13:04:07.862] [bmv2] [T] [thread 25307] [2.0] [cxt 0] simple.p4(109) Primitive bit<32> apply_index=0;
[13:04:07.862] [bmv2] [T] [thread 25307] [2.0] [cxt 0] simple.p4(237) Condition "hdr.ipv4.isValid()" (node_3) is false
[13:04:07.862] [bmv2] [D] [thread 25307] [2.0] [cxt 0] Pipeline 'ingress': end
[13:04:07.862] [bmv2] [D] [thread 25307] [2.0] [cxt 0] Egress port is 0
[13:04:07.863] [bmv2] [D] [thread 25308] [2.0] [cxt 0] Pipeline 'egress': start
[13:04:07.863] [bmv2] [D] [thread 25308] [2.0] [cxt 0] Pipeline 'egress': end
[13:04:07.863] [bmv2] [D] [thread 25308] [2.0] [cxt 0] Deparser 'deparser': start
[13:04:07.863] [bmv2] [T] [thread 25308] [2.0] [cxt 0] Skipping checksum 'cksum' update because condition not met
[13:04:07.863] [bmv2] [D] [thread 25308] [2.0] [cxt 0] Deparsing header 'ethernet'
[13:04:07.863] [bmv2] [D] [thread 25308] [2.0] [cxt 0] Deparser 'deparser': end
[13:04:07.863] [bmv2] [D] [thread 25312] [2.0] [cxt 0] Transmitting packet of size 110 out of port 0
[13:04:08.113] [bmv2] [D] [thread 25307] [3.0] [cxt 0] Processing packet received on port 1
[13:04:08.113] [bmv2] [D] [thread 25307] [3.0] [cxt 0] Parser 'parser': start
[13:04:08.113] [bmv2] [D] [thread 25307] [3.0] [cxt 0] Parser 'parser' entering state 'start'
[13:04:08.113] [bmv2] [D] [thread 25307] [3.0] [cxt 0] Extracting header 'ethernet'
[13:04:08.113] [bmv2] [D] [thread 25307] [3.0] [cxt 0] Parser state 'start': key is 86dd
[13:04:08.114] [bmv2] [T] [thread 25307] [3.0] [cxt 0] Bytes parsed: 14
[13:04:08.114] [bmv2] [T] [thread 25307] [3.0] [cxt 0] Skipping checksum 'cksum' verification because target field invalid
[13:04:08.114] [bmv2] [D] [thread 25307] [3.0] [cxt 0] Parser 'parser': end
[13:04:08.114] [bmv2] [D] [thread 25307] [3.0] [cxt 0] Pipeline 'ingress': start
[13:04:08.114] [bmv2] [T] [thread 25307] [3.0] [cxt 0] Applying table 'tbl_act'
[13:04:08.114] [bmv2] [D] [thread 25307] [3.0] [cxt 0] Looking up key:

[13:04:08.114] [bmv2] [D] [thread 25307] [3.0] [cxt 0] Table 'tbl_act': miss
[13:04:08.114] [bmv2] [D] [thread 25307] [3.0] [cxt 0] Action entry is act_7 - 
[13:04:08.114] [bmv2] [T] [thread 25307] [3.0] [cxt 0] Action act_7
[13:04:08.114] [bmv2] [T] [thread 25307] [3.0] [cxt 0] Primitive (no source info)
[13:04:08.114] [bmv2] [T] [thread 25307] [3.0] [cxt 0] simple.p4(109) Primitive bit<32> apply_index=0;
[13:04:08.114] [bmv2] [T] [thread 25307] [3.0] [cxt 0] simple.p4(237) Condition "hdr.ipv4.isValid()" (node_3) is false
[13:04:08.114] [bmv2] [D] [thread 25307] [3.0] [cxt 0] Pipeline 'ingress': end
[13:04:08.114] [bmv2] [D] [thread 25307] [3.0] [cxt 0] Egress port is 0
[13:04:08.114] [bmv2] [D] [thread 25308] [3.0] [cxt 0] Pipeline 'egress': start
[13:04:08.114] [bmv2] [D] [thread 25308] [3.0] [cxt 0] Pipeline 'egress': end
[13:04:08.114] [bmv2] [D] [thread 25308] [3.0] [cxt 0] Deparser 'deparser': start
[13:04:08.114] [bmv2] [T] [thread 25308] [3.0] [cxt 0] Skipping checksum 'cksum' update because condition not met
[13:04:08.114] [bmv2] [D] [thread 25308] [3.0] [cxt 0] Deparsing header 'ethernet'
[13:04:08.114] [bmv2] [D] [thread 25308] [3.0] [cxt 0] Deparser 'deparser': end
[13:04:08.114] [bmv2] [D] [thread 25312] [3.0] [cxt 0] Transmitting packet of size 110 out of port 0
[13:04:19.141] [bmv2] [D] [thread 25307] [4.0] [cxt 0] Processing packet received on port 2
[13:04:19.141] [bmv2] [D] [thread 25307] [4.0] [cxt 0] Parser 'parser': start
[13:04:19.141] [bmv2] [D] [thread 25307] [4.0] [cxt 0] Parser 'parser' entering state 'start'
[13:04:19.141] [bmv2] [D] [thread 25307] [4.0] [cxt 0] Extracting header 'ethernet'
[13:04:19.141] [bmv2] [D] [thread 25307] [4.0] [cxt 0] Parser state 'start': key is 86dd
[13:04:19.141] [bmv2] [T] [thread 25307] [4.0] [cxt 0] Bytes parsed: 14
[13:04:19.142] [bmv2] [T] [thread 25307] [4.0] [cxt 0] Skipping checksum 'cksum' verification because target field invalid
[13:04:19.142] [bmv2] [D] [thread 25307] [4.0] [cxt 0] Parser 'parser': end
[13:04:19.142] [bmv2] [D] [thread 25307] [4.0] [cxt 0] Pipeline 'ingress': start
[13:04:19.142] [bmv2] [T] [thread 25307] [4.0] [cxt 0] Applying table 'tbl_act'
[13:04:19.142] [bmv2] [D] [thread 25307] [4.0] [cxt 0] Looking up key:

[13:04:19.142] [bmv2] [D] [thread 25307] [4.0] [cxt 0] Table 'tbl_act': miss
[13:04:19.142] [bmv2] [D] [thread 25307] [4.0] [cxt 0] Action entry is act_7 - 
[13:04:19.142] [bmv2] [T] [thread 25307] [4.0] [cxt 0] Action act_7
[13:04:19.142] [bmv2] [T] [thread 25307] [4.0] [cxt 0] Primitive (no source info)
[13:04:19.142] [bmv2] [T] [thread 25307] [4.0] [cxt 0] simple.p4(109) Primitive bit<32> apply_index=0;
[13:04:19.142] [bmv2] [T] [thread 25307] [4.0] [cxt 0] simple.p4(237) Condition "hdr.ipv4.isValid()" (node_3) is false
[13:04:19.142] [bmv2] [D] [thread 25307] [4.0] [cxt 0] Pipeline 'ingress': end
[13:04:19.142] [bmv2] [D] [thread 25307] [4.0] [cxt 0] Egress port is 0
[13:04:19.142] [bmv2] [D] [thread 25308] [4.0] [cxt 0] Pipeline 'egress': start
[13:04:19.142] [bmv2] [D] [thread 25308] [4.0] [cxt 0] Pipeline 'egress': end
[13:04:19.142] [bmv2] [D] [thread 25308] [4.0] [cxt 0] Deparser 'deparser': start
[13:04:19.142] [bmv2] [T] [thread 25308] [4.0] [cxt 0] Skipping checksum 'cksum' update because condition not met
[13:04:19.142] [bmv2] [D] [thread 25308] [4.0] [cxt 0] Deparsing header 'ethernet'
[13:04:19.142] [bmv2] [D] [thread 25308] [4.0] [cxt 0] Deparser 'deparser': end
[13:04:19.142] [bmv2] [D] [thread 25312] [4.0] [cxt 0] Transmitting packet of size 203 out of port 0
[13:04:19.647] [bmv2] [D] [thread 25307] [5.0] [cxt 0] Processing packet received on port 2
[13:04:19.647] [bmv2] [D] [thread 25307] [5.0] [cxt 0] Parser 'parser': start
[13:04:19.647] [bmv2] [D] [thread 25307] [5.0] [cxt 0] Parser 'parser' entering state 'start'
[13:04:19.647] [bmv2] [D] [thread 25307] [5.0] [cxt 0] Extracting header 'ethernet'
[13:04:19.647] [bmv2] [D] [thread 25307] [5.0] [cxt 0] Parser state 'start': key is 86dd
[13:04:19.647] [bmv2] [T] [thread 25307] [5.0] [cxt 0] Bytes parsed: 14
[13:04:19.647] [bmv2] [T] [thread 25307] [5.0] [cxt 0] Skipping checksum 'cksum' verification because target field invalid
[13:04:19.647] [bmv2] [D] [thread 25307] [5.0] [cxt 0] Parser 'parser': end
[13:04:19.647] [bmv2] [D] [thread 25307] [5.0] [cxt 0] Pipeline 'ingress': start
[13:04:19.647] [bmv2] [T] [thread 25307] [5.0] [cxt 0] Applying table 'tbl_act'
[13:04:19.647] [bmv2] [D] [thread 25307] [5.0] [cxt 0] Looking up key:

[13:04:19.647] [bmv2] [D] [thread 25307] [5.0] [cxt 0] Table 'tbl_act': miss
[13:04:19.647] [bmv2] [D] [thread 25307] [5.0] [cxt 0] Action entry is act_7 - 
[13:04:19.647] [bmv2] [T] [thread 25307] [5.0] [cxt 0] Action act_7
[13:04:19.647] [bmv2] [T] [thread 25307] [5.0] [cxt 0] Primitive (no source info)
[13:04:19.647] [bmv2] [T] [thread 25307] [5.0] [cxt 0] simple.p4(109) Primitive bit<32> apply_index=0;
[13:04:19.647] [bmv2] [T] [thread 25307] [5.0] [cxt 0] simple.p4(237) Condition "hdr.ipv4.isValid()" (node_3) is false
[13:04:19.647] [bmv2] [D] [thread 25307] [5.0] [cxt 0] Pipeline 'ingress': end
[13:04:19.647] [bmv2] [D] [thread 25307] [5.0] [cxt 0] Egress port is 0
[13:04:19.647] [bmv2] [D] [thread 25307] [6.0] [cxt 0] Processing packet received on port 2
[13:04:19.647] [bmv2] [D] [thread 25307] [6.0] [cxt 0] Parser 'parser': start
[13:04:19.647] [bmv2] [D] [thread 25307] [6.0] [cxt 0] Parser 'parser' entering state 'start'
[13:04:19.647] [bmv2] [D] [thread 25307] [6.0] [cxt 0] Extracting header 'ethernet'
[13:04:19.648] [bmv2] [D] [thread 25307] [6.0] [cxt 0] Parser state 'start': key is 86dd
[13:04:19.648] [bmv2] [T] [thread 25307] [6.0] [cxt 0] Bytes parsed: 14
[13:04:19.648] [bmv2] [T] [thread 25307] [6.0] [cxt 0] Skipping checksum 'cksum' verification because target field invalid
[13:04:19.648] [bmv2] [D] [thread 25307] [6.0] [cxt 0] Parser 'parser': end
[13:04:19.648] [bmv2] [D] [thread 25307] [6.0] [cxt 0] Pipeline 'ingress': start
[13:04:19.648] [bmv2] [T] [thread 25307] [6.0] [cxt 0] Applying table 'tbl_act'
[13:04:19.648] [bmv2] [D] [thread 25307] [6.0] [cxt 0] Looking up key:

[13:04:19.648] [bmv2] [D] [thread 25307] [6.0] [cxt 0] Table 'tbl_act': miss
[13:04:19.648] [bmv2] [D] [thread 25307] [6.0] [cxt 0] Action entry is act_7 - 
[13:04:19.648] [bmv2] [T] [thread 25307] [6.0] [cxt 0] Action act_7
[13:04:19.648] [bmv2] [T] [thread 25307] [6.0] [cxt 0] Primitive (no source info)
[13:04:19.648] [bmv2] [T] [thread 25307] [6.0] [cxt 0] simple.p4(109) Primitive bit<32> apply_index=0;
[13:04:19.648] [bmv2] [T] [thread 25307] [6.0] [cxt 0] simple.p4(237) Condition "hdr.ipv4.isValid()" (node_3) is false
[13:04:19.648] [bmv2] [D] [thread 25307] [6.0] [cxt 0] Pipeline 'ingress': end
[13:04:19.648] [bmv2] [D] [thread 25307] [6.0] [cxt 0] Egress port is 0
[13:04:19.649] [bmv2] [D] [thread 25308] [5.0] [cxt 0] Pipeline 'egress': start
[13:04:19.649] [bmv2] [D] [thread 25308] [5.0] [cxt 0] Pipeline 'egress': end
[13:04:19.649] [bmv2] [D] [thread 25308] [5.0] [cxt 0] Deparser 'deparser': start
[13:04:19.649] [bmv2] [T] [thread 25308] [5.0] [cxt 0] Skipping checksum 'cksum' update because condition not met
[13:04:19.649] [bmv2] [D] [thread 25308] [5.0] [cxt 0] Deparsing header 'ethernet'
[13:04:19.649] [bmv2] [D] [thread 25308] [5.0] [cxt 0] Deparser 'deparser': end
[13:04:19.649] [bmv2] [D] [thread 25308] [6.0] [cxt 0] Pipeline 'egress': start
[13:04:19.650] [bmv2] [D] [thread 25308] [6.0] [cxt 0] Pipeline 'egress': end
[13:04:19.650] [bmv2] [D] [thread 25308] [6.0] [cxt 0] Deparser 'deparser': start
[13:04:19.650] [bmv2] [T] [thread 25308] [6.0] [cxt 0] Skipping checksum 'cksum' update because condition not met
[13:04:19.650] [bmv2] [D] [thread 25308] [6.0] [cxt 0] Deparsing header 'ethernet'
[13:04:19.650] [bmv2] [D] [thread 25308] [6.0] [cxt 0] Deparser 'deparser': end
[13:04:19.650] [bmv2] [D] [thread 25312] [5.0] [cxt 0] Transmitting packet of size 70 out of port 0
[13:04:19.650] [bmv2] [D] [thread 25312] [6.0] [cxt 0] Transmitting packet of size 70 out of port 0
[13:04:19.774] [bmv2] [D] [thread 25307] [7.0] [cxt 0] Processing packet received on port 2
[13:04:19.774] [bmv2] [D] [thread 25307] [7.0] [cxt 0] Parser 'parser': start
[13:04:19.774] [bmv2] [D] [thread 25307] [7.0] [cxt 0] Parser 'parser' entering state 'start'
[13:04:19.774] [bmv2] [D] [thread 25307] [7.0] [cxt 0] Extracting header 'ethernet'
[13:04:19.774] [bmv2] [D] [thread 25307] [7.0] [cxt 0] Parser state 'start': key is 86dd
[13:04:19.774] [bmv2] [T] [thread 25307] [7.0] [cxt 0] Bytes parsed: 14
[13:04:19.774] [bmv2] [T] [thread 25307] [7.0] [cxt 0] Skipping checksum 'cksum' verification because target field invalid
[13:04:19.774] [bmv2] [D] [thread 25307] [7.0] [cxt 0] Parser 'parser': end
[13:04:19.774] [bmv2] [D] [thread 25307] [7.0] [cxt 0] Pipeline 'ingress': start
[13:04:19.774] [bmv2] [T] [thread 25307] [7.0] [cxt 0] Applying table 'tbl_act'
[13:04:19.774] [bmv2] [D] [thread 25307] [7.0] [cxt 0] Looking up key:

[13:04:19.774] [bmv2] [D] [thread 25307] [7.0] [cxt 0] Table 'tbl_act': miss
[13:04:19.774] [bmv2] [D] [thread 25307] [7.0] [cxt 0] Action entry is act_7 - 
[13:04:19.774] [bmv2] [T] [thread 25307] [7.0] [cxt 0] Action act_7
[13:04:19.774] [bmv2] [T] [thread 25307] [7.0] [cxt 0] Primitive (no source info)
[13:04:19.774] [bmv2] [T] [thread 25307] [7.0] [cxt 0] simple.p4(109) Primitive bit<32> apply_index=0;
[13:04:19.774] [bmv2] [T] [thread 25307] [7.0] [cxt 0] simple.p4(237) Condition "hdr.ipv4.isValid()" (node_3) is false
[13:04:19.774] [bmv2] [D] [thread 25307] [7.0] [cxt 0] Pipeline 'ingress': end
[13:04:19.774] [bmv2] [D] [thread 25307] [7.0] [cxt 0] Egress port is 0
[13:04:19.775] [bmv2] [D] [thread 25308] [7.0] [cxt 0] Pipeline 'egress': start
[13:04:19.775] [bmv2] [D] [thread 25308] [7.0] [cxt 0] Pipeline 'egress': end
[13:04:19.775] [bmv2] [D] [thread 25308] [7.0] [cxt 0] Deparser 'deparser': start
[13:04:19.775] [bmv2] [T] [thread 25308] [7.0] [cxt 0] Skipping checksum 'cksum' update because condition not met
[13:04:19.775] [bmv2] [D] [thread 25308] [7.0] [cxt 0] Deparsing header 'ethernet'
[13:04:19.775] [bmv2] [D] [thread 25308] [7.0] [cxt 0] Deparser 'deparser': end
[13:04:19.775] [bmv2] [D] [thread 25312] [7.0] [cxt 0] Transmitting packet of size 203 out of port 0
[13:04:51.147] [bmv2] [D] [thread 25307] [8.0] [cxt 0] Processing packet received on port 2
[13:04:51.147] [bmv2] [D] [thread 25307] [8.0] [cxt 0] Parser 'parser': start
[13:04:51.147] [bmv2] [D] [thread 25307] [8.0] [cxt 0] Parser 'parser' entering state 'start'
[13:04:51.147] [bmv2] [D] [thread 25307] [8.0] [cxt 0] Extracting header 'ethernet'
[13:04:51.147] [bmv2] [D] [thread 25307] [8.0] [cxt 0] Parser state 'start': key is 86dd
[13:04:51.147] [bmv2] [T] [thread 25307] [8.0] [cxt 0] Bytes parsed: 14
[13:04:51.147] [bmv2] [T] [thread 25307] [8.0] [cxt 0] Skipping checksum 'cksum' verification because target field invalid
[13:04:51.147] [bmv2] [D] [thread 25307] [8.0] [cxt 0] Parser 'parser': end
[13:04:51.147] [bmv2] [D] [thread 25307] [8.0] [cxt 0] Pipeline 'ingress': start
[13:04:51.147] [bmv2] [T] [thread 25307] [8.0] [cxt 0] Applying table 'tbl_act'
[13:04:51.147] [bmv2] [D] [thread 25307] [8.0] [cxt 0] Looking up key:

[13:04:51.147] [bmv2] [D] [thread 25307] [8.0] [cxt 0] Table 'tbl_act': miss
[13:04:51.147] [bmv2] [D] [thread 25307] [8.0] [cxt 0] Action entry is act_7 - 
[13:04:51.148] [bmv2] [T] [thread 25307] [8.0] [cxt 0] Action act_7
[13:04:51.148] [bmv2] [T] [thread 25307] [8.0] [cxt 0] Primitive (no source info)
[13:04:51.148] [bmv2] [T] [thread 25307] [8.0] [cxt 0] simple.p4(109) Primitive bit<32> apply_index=0;
[13:04:51.148] [bmv2] [T] [thread 25307] [8.0] [cxt 0] simple.p4(237) Condition "hdr.ipv4.isValid()" (node_3) is false
[13:04:51.148] [bmv2] [D] [thread 25307] [8.0] [cxt 0] Pipeline 'ingress': end
[13:04:51.148] [bmv2] [D] [thread 25307] [8.0] [cxt 0] Egress port is 0
[13:04:51.148] [bmv2] [D] [thread 25308] [8.0] [cxt 0] Pipeline 'egress': start
[13:04:51.148] [bmv2] [D] [thread 25308] [8.0] [cxt 0] Pipeline 'egress': end
[13:04:51.148] [bmv2] [D] [thread 25308] [8.0] [cxt 0] Deparser 'deparser': start
[13:04:51.148] [bmv2] [T] [thread 25308] [8.0] [cxt 0] Skipping checksum 'cksum' update because condition not met
[13:04:51.148] [bmv2] [D] [thread 25308] [8.0] [cxt 0] Deparsing header 'ethernet'
[13:04:51.148] [bmv2] [D] [thread 25308] [8.0] [cxt 0] Deparser 'deparser': end
[13:04:51.148] [bmv2] [D] [thread 25312] [8.0] [cxt 0] Transmitting packet of size 203 out of port 0
[13:04:51.776] [bmv2] [D] [thread 25307] [9.0] [cxt 0] Processing packet received on port 2
[13:04:51.776] [bmv2] [D] [thread 25307] [9.0] [cxt 0] Parser 'parser': start
[13:04:51.776] [bmv2] [D] [thread 25307] [9.0] [cxt 0] Parser 'parser' entering state 'start'
[13:04:51.776] [bmv2] [D] [thread 25307] [9.0] [cxt 0] Extracting header 'ethernet'
[13:04:51.776] [bmv2] [D] [thread 25307] [9.0] [cxt 0] Parser state 'start': key is 86dd
[13:04:51.776] [bmv2] [T] [thread 25307] [9.0] [cxt 0] Bytes parsed: 14
[13:04:51.776] [bmv2] [T] [thread 25307] [9.0] [cxt 0] Skipping checksum 'cksum' verification because target field invalid
[13:04:51.776] [bmv2] [D] [thread 25307] [9.0] [cxt 0] Parser 'parser': end
[13:04:51.776] [bmv2] [D] [thread 25307] [9.0] [cxt 0] Pipeline 'ingress': start
[13:04:51.776] [bmv2] [T] [thread 25307] [9.0] [cxt 0] Applying table 'tbl_act'
[13:04:51.776] [bmv2] [D] [thread 25307] [9.0] [cxt 0] Looking up key:

[13:04:51.776] [bmv2] [D] [thread 25307] [9.0] [cxt 0] Table 'tbl_act': miss
[13:04:51.776] [bmv2] [D] [thread 25307] [9.0] [cxt 0] Action entry is act_7 - 
[13:04:51.776] [bmv2] [T] [thread 25307] [9.0] [cxt 0] Action act_7
[13:04:51.777] [bmv2] [T] [thread 25307] [9.0] [cxt 0] Primitive (no source info)
[13:04:51.777] [bmv2] [T] [thread 25307] [9.0] [cxt 0] simple.p4(109) Primitive bit<32> apply_index=0;
[13:04:51.777] [bmv2] [T] [thread 25307] [9.0] [cxt 0] simple.p4(237) Condition "hdr.ipv4.isValid()" (node_3) is false
[13:04:51.777] [bmv2] [D] [thread 25307] [9.0] [cxt 0] Pipeline 'ingress': end
[13:04:51.777] [bmv2] [D] [thread 25307] [9.0] [cxt 0] Egress port is 0
[13:04:51.777] [bmv2] [D] [thread 25308] [9.0] [cxt 0] Pipeline 'egress': start
[13:04:51.777] [bmv2] [D] [thread 25308] [9.0] [cxt 0] Pipeline 'egress': end
[13:04:51.777] [bmv2] [D] [thread 25308] [9.0] [cxt 0] Deparser 'deparser': start
[13:04:51.777] [bmv2] [T] [thread 25308] [9.0] [cxt 0] Skipping checksum 'cksum' update because condition not met
[13:04:51.777] [bmv2] [D] [thread 25308] [9.0] [cxt 0] Deparsing header 'ethernet'
[13:04:51.777] [bmv2] [D] [thread 25308] [9.0] [cxt 0] Deparser 'deparser': end
[13:04:51.777] [bmv2] [D] [thread 25312] [9.0] [cxt 0] Transmitting packet of size 203 out of port 0
[13:04:54.461] [bmv2] [D] [thread 25307] [10.0] [cxt 0] Processing packet received on port 2
[13:04:54.461] [bmv2] [D] [thread 25307] [10.0] [cxt 0] Parser 'parser': start
[13:04:54.461] [bmv2] [D] [thread 25307] [10.0] [cxt 0] Parser 'parser' entering state 'start'
[13:04:54.461] [bmv2] [D] [thread 25307] [10.0] [cxt 0] Extracting header 'ethernet'
[13:04:54.461] [bmv2] [D] [thread 25307] [10.0] [cxt 0] Parser state 'start': key is 86dd
[13:04:54.461] [bmv2] [T] [thread 25307] [10.0] [cxt 0] Bytes parsed: 14
[13:04:54.461] [bmv2] [T] [thread 25307] [10.0] [cxt 0] Skipping checksum 'cksum' verification because target field invalid
[13:04:54.461] [bmv2] [D] [thread 25307] [10.0] [cxt 0] Parser 'parser': end
[13:04:54.461] [bmv2] [D] [thread 25307] [10.0] [cxt 0] Pipeline 'ingress': start
[13:04:54.461] [bmv2] [T] [thread 25307] [10.0] [cxt 0] Applying table 'tbl_act'
[13:04:54.461] [bmv2] [D] [thread 25307] [10.0] [cxt 0] Looking up key:

[13:04:54.461] [bmv2] [D] [thread 25307] [10.0] [cxt 0] Table 'tbl_act': miss
[13:04:54.461] [bmv2] [D] [thread 25307] [10.0] [cxt 0] Action entry is act_7 - 
[13:04:54.461] [bmv2] [T] [thread 25307] [10.0] [cxt 0] Action act_7
[13:04:54.461] [bmv2] [T] [thread 25307] [10.0] [cxt 0] Primitive (no source info)
[13:04:54.461] [bmv2] [T] [thread 25307] [10.0] [cxt 0] simple.p4(109) Primitive bit<32> apply_index=0;
[13:04:54.461] [bmv2] [T] [thread 25307] [10.0] [cxt 0] simple.p4(237) Condition "hdr.ipv4.isValid()" (node_3) is false
[13:04:54.461] [bmv2] [D] [thread 25307] [10.0] [cxt 0] Pipeline 'ingress': end
[13:04:54.461] [bmv2] [D] [thread 25307] [10.0] [cxt 0] Egress port is 0
[13:04:54.463] [bmv2] [D] [thread 25308] [10.0] [cxt 0] Pipeline 'egress': start
[13:04:54.463] [bmv2] [D] [thread 25308] [10.0] [cxt 0] Pipeline 'egress': end
[13:04:54.463] [bmv2] [D] [thread 25308] [10.0] [cxt 0] Deparser 'deparser': start
[13:04:54.463] [bmv2] [T] [thread 25308] [10.0] [cxt 0] Skipping checksum 'cksum' update because condition not met
[13:04:54.463] [bmv2] [D] [thread 25308] [10.0] [cxt 0] Deparsing header 'ethernet'
[13:04:54.463] [bmv2] [D] [thread 25308] [10.0] [cxt 0] Deparser 'deparser': end
[13:04:54.463] [bmv2] [D] [thread 25312] [10.0] [cxt 0] Transmitting packet of size 70 out of port 0
[13:04:56.507] [bmv2] [D] [thread 25307] [11.0] [cxt 0] Processing packet received on port 2
[13:04:56.507] [bmv2] [D] [thread 25307] [11.0] [cxt 0] Parser 'parser': start
[13:04:56.507] [bmv2] [D] [thread 25307] [11.0] [cxt 0] Parser 'parser' entering state 'start'
[13:04:56.507] [bmv2] [D] [thread 25307] [11.0] [cxt 0] Extracting header 'ethernet'
[13:04:56.507] [bmv2] [D] [thread 25307] [11.0] [cxt 0] Parser state 'start': key is 86dd
[13:04:56.507] [bmv2] [T] [thread 25307] [11.0] [cxt 0] Bytes parsed: 14
[13:04:56.507] [bmv2] [T] [thread 25307] [11.0] [cxt 0] Skipping checksum 'cksum' verification because target field invalid
[13:04:56.507] [bmv2] [D] [thread 25307] [11.0] [cxt 0] Parser 'parser': end
[13:04:56.507] [bmv2] [D] [thread 25307] [11.0] [cxt 0] Pipeline 'ingress': start
[13:04:56.508] [bmv2] [T] [thread 25307] [11.0] [cxt 0] Applying table 'tbl_act'
[13:04:56.508] [bmv2] [D] [thread 25307] [11.0] [cxt 0] Looking up key:

[13:04:56.508] [bmv2] [D] [thread 25307] [11.0] [cxt 0] Table 'tbl_act': miss
[13:04:56.508] [bmv2] [D] [thread 25307] [11.0] [cxt 0] Action entry is act_7 - 
[13:04:56.508] [bmv2] [T] [thread 25307] [11.0] [cxt 0] Action act_7
[13:04:56.508] [bmv2] [T] [thread 25307] [11.0] [cxt 0] Primitive (no source info)
[13:04:56.508] [bmv2] [T] [thread 25307] [11.0] [cxt 0] simple.p4(109) Primitive bit<32> apply_index=0;
[13:04:56.508] [bmv2] [T] [thread 25307] [11.0] [cxt 0] simple.p4(237) Condition "hdr.ipv4.isValid()" (node_3) is false
[13:04:56.508] [bmv2] [D] [thread 25307] [11.0] [cxt 0] Pipeline 'ingress': end
[13:04:56.508] [bmv2] [D] [thread 25307] [11.0] [cxt 0] Egress port is 0
[13:04:56.510] [bmv2] [D] [thread 25308] [11.0] [cxt 0] Pipeline 'egress': start
[13:04:56.510] [bmv2] [D] [thread 25308] [11.0] [cxt 0] Pipeline 'egress': end
[13:04:56.510] [bmv2] [D] [thread 25308] [11.0] [cxt 0] Deparser 'deparser': start
[13:04:56.510] [bmv2] [T] [thread 25308] [11.0] [cxt 0] Skipping checksum 'cksum' update because condition not met
[13:04:56.510] [bmv2] [D] [thread 25308] [11.0] [cxt 0] Deparsing header 'ethernet'
[13:04:56.510] [bmv2] [D] [thread 25308] [11.0] [cxt 0] Deparser 'deparser': end
[13:04:56.510] [bmv2] [D] [thread 25312] [11.0] [cxt 0] Transmitting packet of size 70 out of port 0
New connection
P4Runtime SetForwardingPipelineConfig
[13:05:01.956] [bmv2] [W] [thread 25614] [P4Runtime] p4::tmp::P4DeviceConfig is deprecated
[13:05:02.001] [bmv2] [D] [thread 25614] Set default default entry for table 'tbl_act': act_7 - 
[13:05:02.001] [bmv2] [D] [thread 25614] Set default default entry for table 'Basic_ingress.syn_drop': NoAction - 
[13:05:02.001] [bmv2] [D] [thread 25614] Set default default entry for table 'tbl_act_0': act - 
[13:05:02.001] [bmv2] [D] [thread 25614] Set default default entry for table 'tbl_act_1': act_0 - 
[13:05:02.001] [bmv2] [D] [thread 25614] Set default default entry for table 'tbl_act_2': act_1 - 
[13:05:02.001] [bmv2] [D] [thread 25614] Set default default entry for table 'Basic_ingress.synack_entry': Basic_ingress.new_synack - 
[13:05:02.001] [bmv2] [D] [thread 25614] Set default default entry for table 'tbl_act_3': act_3 - 
[13:05:02.001] [bmv2] [D] [thread 25614] Set default default entry for table 'tbl_checking': Basic_ingress.checking - 
[13:05:02.001] [bmv2] [D] [thread 25614] Set default default entry for table 'tbl_act_4': act_2 - 
[13:05:02.001] [bmv2] [D] [thread 25614] Set default default entry for table 'tbl_act_5': act_4 - 
[13:05:02.002] [bmv2] [D] [thread 25614] Set default default entry for table 'tbl_checking_0': Basic_ingress.checking - 
[13:05:02.002] [bmv2] [D] [thread 25614] Set default default entry for table 'Basic_ingress.ack_entry': NoAction - 
[13:05:02.002] [bmv2] [D] [thread 25614] Set default default entry for table 'tbl_act_6': act_6 - 
[13:05:02.002] [bmv2] [D] [thread 25614] Set default default entry for table 'tbl_merge': Basic_ingress.merge - 
[13:05:02.002] [bmv2] [D] [thread 25614] Set default default entry for table 'tbl_act_7': act_5 - 
[13:05:02.002] [bmv2] [D] [thread 25614] Set default default entry for table 'Basic_ingress.ipv4_lpm': NoAction - 
P4Runtime Write
device_id: 18
election_id {
  low: 1
}
updates {
  type: INSERT
  entity {
    table_entry {
      table_id: 33605438
      match {
        field_id: 1
        lpm {
          value: "\014\000\001\001"
          prefix_len: 32
        }
      }
      action {
        action {
          action_id: 16797316
          params {
            param_id: 1
            value: "\000\000\000\000\023\014"
          }
          params {
            param_id: 2
            value: "\000\001"
          }
        }
      }
    }
  }
}
[13:05:03.347] [bmv2] [D] [thread 25829] Entry 0 added to table 'Basic_ingress.ipv4_lpm'
[13:05:03.347] [bmv2] [D] [thread 25829] Dumping entry 0
Match key:
* hdr.ipv4.dstAddr    : LPM       0c000101/32
Action entry: Basic_ingress.host_forward - 130c,1,

P4Runtime Write
device_id: 18
election_id {
  low: 1
}
updates {
  type: INSERT
  entity {
    table_entry {
      table_id: 33605438
      match {
        field_id: 1
        lpm {
          value: "\n\000\000\000"
          prefix_len: 8
        }
      }
      action {
        action {
          action_id: 16838388
          params {
            param_id: 1
            value: "\000\002"
          }
        }
      }
    }
  }
}
[13:05:04.129] [bmv2] [D] [thread 25829] Entry 1 added to table 'Basic_ingress.ipv4_lpm'
[13:05:04.129] [bmv2] [D] [thread 25829] Dumping entry 1
Match key:
* hdr.ipv4.dstAddr    : LPM       0a000000/8
Action entry: Basic_ingress.l3_forward - 2,

[13:05:55.144] [bmv2] [D] [thread 25307] [12.0] [cxt 0] Processing packet received on port 2
[13:05:55.144] [bmv2] [D] [thread 25307] [12.0] [cxt 0] Parser 'parser': start
[13:05:55.144] [bmv2] [D] [thread 25307] [12.0] [cxt 0] Parser 'parser' entering state 'start'
[13:05:55.144] [bmv2] [D] [thread 25307] [12.0] [cxt 0] Extracting header 'ethernet'
[13:05:55.144] [bmv2] [D] [thread 25307] [12.0] [cxt 0] Parser state 'start': key is 86dd
[13:05:55.144] [bmv2] [T] [thread 25307] [12.0] [cxt 0] Bytes parsed: 14
[13:05:55.144] [bmv2] [T] [thread 25307] [12.0] [cxt 0] Skipping checksum 'cksum' verification because target field invalid
[13:05:55.144] [bmv2] [D] [thread 25307] [12.0] [cxt 0] Parser 'parser': end
[13:05:55.144] [bmv2] [D] [thread 25307] [12.0] [cxt 0] Pipeline 'ingress': start
[13:05:55.144] [bmv2] [T] [thread 25307] [12.0] [cxt 0] Applying table 'tbl_act'
[13:05:55.144] [bmv2] [D] [thread 25307] [12.0] [cxt 0] Looking up key:

[13:05:55.144] [bmv2] [D] [thread 25307] [12.0] [cxt 0] Table 'tbl_act': miss
[13:05:55.144] [bmv2] [D] [thread 25307] [12.0] [cxt 0] Action entry is act_7 - 
[13:05:55.144] [bmv2] [T] [thread 25307] [12.0] [cxt 0] Action act_7
[13:05:55.144] [bmv2] [T] [thread 25307] [12.0] [cxt 0] Primitive (no source info)
[13:05:55.144] [bmv2] [T] [thread 25307] [12.0] [cxt 0] simple.p4(109) Primitive bit<32> apply_index=0;
[13:05:55.144] [bmv2] [T] [thread 25307] [12.0] [cxt 0] simple.p4(237) Condition "hdr.ipv4.isValid()" (node_3) is false
[13:05:55.144] [bmv2] [D] [thread 25307] [12.0] [cxt 0] Pipeline 'ingress': end
[13:05:55.144] [bmv2] [D] [thread 25307] [12.0] [cxt 0] Egress port is 0
[13:05:55.144] [bmv2] [D] [thread 25308] [12.0] [cxt 0] Pipeline 'egress': start
[13:05:55.144] [bmv2] [D] [thread 25308] [12.0] [cxt 0] Pipeline 'egress': end
[13:05:55.144] [bmv2] [D] [thread 25308] [12.0] [cxt 0] Deparser 'deparser': start
[13:05:55.144] [bmv2] [T] [thread 25308] [12.0] [cxt 0] Skipping checksum 'cksum' update because condition not met
[13:05:55.144] [bmv2] [D] [thread 25308] [12.0] [cxt 0] Deparsing header 'ethernet'
[13:05:55.144] [bmv2] [D] [thread 25308] [12.0] [cxt 0] Deparser 'deparser': end
[13:05:55.145] [bmv2] [D] [thread 25312] [12.0] [cxt 0] Transmitting packet of size 203 out of port 0
[13:05:55.776] [bmv2] [D] [thread 25307] [13.0] [cxt 0] Processing packet received on port 2
[13:05:55.776] [bmv2] [D] [thread 25307] [13.0] [cxt 0] Parser 'parser': start
[13:05:55.776] [bmv2] [D] [thread 25307] [13.0] [cxt 0] Parser 'parser' entering state 'start'
[13:05:55.776] [bmv2] [D] [thread 25307] [13.0] [cxt 0] Extracting header 'ethernet'
[13:05:55.776] [bmv2] [D] [thread 25307] [13.0] [cxt 0] Parser state 'start': key is 86dd
[13:05:55.776] [bmv2] [T] [thread 25307] [13.0] [cxt 0] Bytes parsed: 14
[13:05:55.777] [bmv2] [T] [thread 25307] [13.0] [cxt 0] Skipping checksum 'cksum' verification because target field invalid
[13:05:55.777] [bmv2] [D] [thread 25307] [13.0] [cxt 0] Parser 'parser': end
[13:05:55.777] [bmv2] [D] [thread 25307] [13.0] [cxt 0] Pipeline 'ingress': start
[13:05:55.777] [bmv2] [T] [thread 25307] [13.0] [cxt 0] Applying table 'tbl_act'
[13:05:55.777] [bmv2] [D] [thread 25307] [13.0] [cxt 0] Looking up key:

[13:05:55.777] [bmv2] [D] [thread 25307] [13.0] [cxt 0] Table 'tbl_act': miss
[13:05:55.777] [bmv2] [D] [thread 25307] [13.0] [cxt 0] Action entry is act_7 - 
[13:05:55.777] [bmv2] [T] [thread 25307] [13.0] [cxt 0] Action act_7
[13:05:55.777] [bmv2] [T] [thread 25307] [13.0] [cxt 0] Primitive (no source info)
[13:05:55.777] [bmv2] [T] [thread 25307] [13.0] [cxt 0] simple.p4(109) Primitive bit<32> apply_index=0;
[13:05:55.777] [bmv2] [T] [thread 25307] [13.0] [cxt 0] simple.p4(237) Condition "hdr.ipv4.isValid()" (node_3) is false
[13:05:55.777] [bmv2] [D] [thread 25307] [13.0] [cxt 0] Pipeline 'ingress': end
[13:05:55.777] [bmv2] [D] [thread 25307] [13.0] [cxt 0] Egress port is 0
[13:05:55.778] [bmv2] [D] [thread 25308] [13.0] [cxt 0] Pipeline 'egress': start
[13:05:55.778] [bmv2] [D] [thread 25308] [13.0] [cxt 0] Pipeline 'egress': end
[13:05:55.778] [bmv2] [D] [thread 25308] [13.0] [cxt 0] Deparser 'deparser': start
[13:05:55.778] [bmv2] [T] [thread 25308] [13.0] [cxt 0] Skipping checksum 'cksum' update because condition not met
[13:05:55.778] [bmv2] [D] [thread 25308] [13.0] [cxt 0] Deparsing header 'ethernet'
[13:05:55.778] [bmv2] [D] [thread 25308] [13.0] [cxt 0] Deparser 'deparser': end
[13:05:55.778] [bmv2] [D] [thread 25312] [13.0] [cxt 0] Transmitting packet of size 203 out of port 0
[13:06:06.143] [bmv2] [D] [thread 25307] [14.0] [cxt 0] Processing packet received on port 2
[13:06:06.143] [bmv2] [D] [thread 25307] [14.0] [cxt 0] Parser 'parser': start
[13:06:06.144] [bmv2] [D] [thread 25307] [14.0] [cxt 0] Parser 'parser' entering state 'start'
[13:06:06.144] [bmv2] [D] [thread 25307] [14.0] [cxt 0] Extracting header 'ethernet'
[13:06:06.144] [bmv2] [D] [thread 25307] [14.0] [cxt 0] Parser state 'start': key is 86dd
[13:06:06.144] [bmv2] [T] [thread 25307] [14.0] [cxt 0] Bytes parsed: 14
[13:06:06.144] [bmv2] [T] [thread 25307] [14.0] [cxt 0] Skipping checksum 'cksum' verification because target field invalid
[13:06:06.144] [bmv2] [D] [thread 25307] [14.0] [cxt 0] Parser 'parser': end
[13:06:06.144] [bmv2] [D] [thread 25307] [14.0] [cxt 0] Pipeline 'ingress': start
[13:06:06.144] [bmv2] [T] [thread 25307] [14.0] [cxt 0] Applying table 'tbl_act'
[13:06:06.144] [bmv2] [D] [thread 25307] [14.0] [cxt 0] Looking up key:

[13:06:06.144] [bmv2] [D] [thread 25307] [14.0] [cxt 0] Table 'tbl_act': miss
[13:06:06.144] [bmv2] [D] [thread 25307] [14.0] [cxt 0] Action entry is act_7 - 
[13:06:06.144] [bmv2] [T] [thread 25307] [14.0] [cxt 0] Action act_7
[13:06:06.144] [bmv2] [T] [thread 25307] [14.0] [cxt 0] Primitive (no source info)
[13:06:06.144] [bmv2] [T] [thread 25307] [14.0] [cxt 0] simple.p4(109) Primitive bit<32> apply_index=0;
[13:06:06.144] [bmv2] [T] [thread 25307] [14.0] [cxt 0] simple.p4(237) Condition "hdr.ipv4.isValid()" (node_3) is false
[13:06:06.144] [bmv2] [D] [thread 25307] [14.0] [cxt 0] Pipeline 'ingress': end
[13:06:06.144] [bmv2] [D] [thread 25307] [14.0] [cxt 0] Egress port is 0
[13:06:06.144] [bmv2] [D] [thread 25308] [14.0] [cxt 0] Pipeline 'egress': start
[13:06:06.144] [bmv2] [D] [thread 25308] [14.0] [cxt 0] Pipeline 'egress': end
[13:06:06.144] [bmv2] [D] [thread 25308] [14.0] [cxt 0] Deparser 'deparser': start
[13:06:06.144] [bmv2] [T] [thread 25308] [14.0] [cxt 0] Skipping checksum 'cksum' update because condition not met
[13:06:06.144] [bmv2] [D] [thread 25308] [14.0] [cxt 0] Deparsing header 'ethernet'
[13:06:06.144] [bmv2] [D] [thread 25308] [14.0] [cxt 0] Deparser 'deparser': end
[13:06:06.144] [bmv2] [D] [thread 25312] [14.0] [cxt 0] Transmitting packet of size 70 out of port 0
[13:06:10.234] [bmv2] [D] [thread 25307] [15.0] [cxt 0] Processing packet received on port 2
[13:06:10.234] [bmv2] [D] [thread 25307] [15.0] [cxt 0] Parser 'parser': start
[13:06:10.234] [bmv2] [D] [thread 25307] [15.0] [cxt 0] Parser 'parser' entering state 'start'
[13:06:10.234] [bmv2] [D] [thread 25307] [15.0] [cxt 0] Extracting header 'ethernet'
[13:06:10.234] [bmv2] [D] [thread 25307] [15.0] [cxt 0] Parser state 'start': key is 86dd
[13:06:10.234] [bmv2] [T] [thread 25307] [15.0] [cxt 0] Bytes parsed: 14
[13:06:10.234] [bmv2] [T] [thread 25307] [15.0] [cxt 0] Skipping checksum 'cksum' verification because target field invalid
[13:06:10.234] [bmv2] [D] [thread 25307] [15.0] [cxt 0] Parser 'parser': end
[13:06:10.234] [bmv2] [D] [thread 25307] [15.0] [cxt 0] Pipeline 'ingress': start
[13:06:10.234] [bmv2] [T] [thread 25307] [15.0] [cxt 0] Applying table 'tbl_act'
[13:06:10.234] [bmv2] [D] [thread 25307] [15.0] [cxt 0] Looking up key:

[13:06:10.235] [bmv2] [D] [thread 25307] [15.0] [cxt 0] Table 'tbl_act': miss
[13:06:10.235] [bmv2] [D] [thread 25307] [15.0] [cxt 0] Action entry is act_7 - 
[13:06:10.235] [bmv2] [T] [thread 25307] [15.0] [cxt 0] Action act_7
[13:06:10.235] [bmv2] [T] [thread 25307] [15.0] [cxt 0] Primitive (no source info)
[13:06:10.235] [bmv2] [T] [thread 25307] [15.0] [cxt 0] simple.p4(109) Primitive bit<32> apply_index=0;
[13:06:10.235] [bmv2] [T] [thread 25307] [15.0] [cxt 0] simple.p4(237) Condition "hdr.ipv4.isValid()" (node_3) is false
[13:06:10.235] [bmv2] [D] [thread 25307] [15.0] [cxt 0] Pipeline 'ingress': end
[13:06:10.235] [bmv2] [D] [thread 25307] [15.0] [cxt 0] Egress port is 0
[13:06:10.235] [bmv2] [D] [thread 25308] [15.0] [cxt 0] Pipeline 'egress': start
[13:06:10.235] [bmv2] [D] [thread 25308] [15.0] [cxt 0] Pipeline 'egress': end
[13:06:10.235] [bmv2] [D] [thread 25308] [15.0] [cxt 0] Deparser 'deparser': start
[13:06:10.235] [bmv2] [T] [thread 25308] [15.0] [cxt 0] Skipping checksum 'cksum' update because condition not met
[13:06:10.235] [bmv2] [D] [thread 25308] [15.0] [cxt 0] Deparsing header 'ethernet'
[13:06:10.235] [bmv2] [D] [thread 25308] [15.0] [cxt 0] Deparser 'deparser': end
[13:06:10.235] [bmv2] [D] [thread 25312] [15.0] [cxt 0] Transmitting packet of size 70 out of port 0
[13:08:03.144] [bmv2] [D] [thread 25307] [16.0] [cxt 0] Processing packet received on port 2
[13:08:03.144] [bmv2] [D] [thread 25307] [16.0] [cxt 0] Parser 'parser': start
[13:08:03.144] [bmv2] [D] [thread 25307] [16.0] [cxt 0] Parser 'parser' entering state 'start'
[13:08:03.144] [bmv2] [D] [thread 25307] [16.0] [cxt 0] Extracting header 'ethernet'
[13:08:03.144] [bmv2] [D] [thread 25307] [16.0] [cxt 0] Parser state 'start': key is 86dd
[13:08:03.144] [bmv2] [T] [thread 25307] [16.0] [cxt 0] Bytes parsed: 14
[13:08:03.144] [bmv2] [T] [thread 25307] [16.0] [cxt 0] Skipping checksum 'cksum' verification because target field invalid
[13:08:03.144] [bmv2] [D] [thread 25307] [16.0] [cxt 0] Parser 'parser': end
[13:08:03.144] [bmv2] [D] [thread 25307] [16.0] [cxt 0] Pipeline 'ingress': start
[13:08:03.144] [bmv2] [T] [thread 25307] [16.0] [cxt 0] Applying table 'tbl_act'
[13:08:03.144] [bmv2] [D] [thread 25307] [16.0] [cxt 0] Looking up key:

[13:08:03.144] [bmv2] [D] [thread 25307] [16.0] [cxt 0] Table 'tbl_act': miss
[13:08:03.144] [bmv2] [D] [thread 25307] [16.0] [cxt 0] Action entry is act_7 - 
[13:08:03.144] [bmv2] [T] [thread 25307] [16.0] [cxt 0] Action act_7
[13:08:03.144] [bmv2] [T] [thread 25307] [16.0] [cxt 0] Primitive (no source info)
[13:08:03.144] [bmv2] [T] [thread 25307] [16.0] [cxt 0] simple.p4(109) Primitive bit<32> apply_index=0;
[13:08:03.144] [bmv2] [T] [thread 25307] [16.0] [cxt 0] simple.p4(237) Condition "hdr.ipv4.isValid()" (node_3) is false
[13:08:03.144] [bmv2] [D] [thread 25307] [16.0] [cxt 0] Pipeline 'ingress': end
[13:08:03.144] [bmv2] [D] [thread 25307] [16.0] [cxt 0] Egress port is 0
[13:08:03.144] [bmv2] [D] [thread 25308] [16.0] [cxt 0] Pipeline 'egress': start
[13:08:03.144] [bmv2] [D] [thread 25308] [16.0] [cxt 0] Pipeline 'egress': end
[13:08:03.144] [bmv2] [D] [thread 25308] [16.0] [cxt 0] Deparser 'deparser': start
[13:08:03.144] [bmv2] [T] [thread 25308] [16.0] [cxt 0] Skipping checksum 'cksum' update because condition not met
[13:08:03.144] [bmv2] [D] [thread 25308] [16.0] [cxt 0] Deparsing header 'ethernet'
[13:08:03.144] [bmv2] [D] [thread 25308] [16.0] [cxt 0] Deparser 'deparser': end
[13:08:03.145] [bmv2] [D] [thread 25312] [16.0] [cxt 0] Transmitting packet of size 203 out of port 0
[13:08:03.792] [bmv2] [D] [thread 25307] [17.0] [cxt 0] Processing packet received on port 2
[13:08:03.793] [bmv2] [D] [thread 25307] [17.0] [cxt 0] Parser 'parser': start
[13:08:03.793] [bmv2] [D] [thread 25307] [17.0] [cxt 0] Parser 'parser' entering state 'start'
[13:08:03.793] [bmv2] [D] [thread 25307] [17.0] [cxt 0] Extracting header 'ethernet'
[13:08:03.793] [bmv2] [D] [thread 25307] [17.0] [cxt 0] Parser state 'start': key is 86dd
[13:08:03.793] [bmv2] [T] [thread 25307] [17.0] [cxt 0] Bytes parsed: 14
[13:08:03.793] [bmv2] [T] [thread 25307] [17.0] [cxt 0] Skipping checksum 'cksum' verification because target field invalid
[13:08:03.793] [bmv2] [D] [thread 25307] [17.0] [cxt 0] Parser 'parser': end
[13:08:03.793] [bmv2] [D] [thread 25307] [17.0] [cxt 0] Pipeline 'ingress': start
[13:08:03.793] [bmv2] [T] [thread 25307] [17.0] [cxt 0] Applying table 'tbl_act'
[13:08:03.793] [bmv2] [D] [thread 25307] [17.0] [cxt 0] Looking up key:

[13:08:03.793] [bmv2] [D] [thread 25307] [17.0] [cxt 0] Table 'tbl_act': miss
[13:08:03.793] [bmv2] [D] [thread 25307] [17.0] [cxt 0] Action entry is act_7 - 
[13:08:03.793] [bmv2] [T] [thread 25307] [17.0] [cxt 0] Action act_7
[13:08:03.793] [bmv2] [T] [thread 25307] [17.0] [cxt 0] Primitive (no source info)
[13:08:03.793] [bmv2] [T] [thread 25307] [17.0] [cxt 0] simple.p4(109) Primitive bit<32> apply_index=0;
[13:08:03.793] [bmv2] [T] [thread 25307] [17.0] [cxt 0] simple.p4(237) Condition "hdr.ipv4.isValid()" (node_3) is false
[13:08:03.793] [bmv2] [D] [thread 25307] [17.0] [cxt 0] Pipeline 'ingress': end
[13:08:03.793] [bmv2] [D] [thread 25307] [17.0] [cxt 0] Egress port is 0
[13:08:03.793] [bmv2] [D] [thread 25308] [17.0] [cxt 0] Pipeline 'egress': start
[13:08:03.793] [bmv2] [D] [thread 25308] [17.0] [cxt 0] Pipeline 'egress': end
[13:08:03.794] [bmv2] [D] [thread 25308] [17.0] [cxt 0] Deparser 'deparser': start
[13:08:03.794] [bmv2] [T] [thread 25308] [17.0] [cxt 0] Skipping checksum 'cksum' update because condition not met
[13:08:03.794] [bmv2] [D] [thread 25308] [17.0] [cxt 0] Deparsing header 'ethernet'
[13:08:03.794] [bmv2] [D] [thread 25308] [17.0] [cxt 0] Deparser 'deparser': end
[13:08:03.794] [bmv2] [D] [thread 25312] [17.0] [cxt 0] Transmitting packet of size 203 out of port 0
[13:08:33.602] [bmv2] [D] [thread 25307] [18.0] [cxt 0] Processing packet received on port 2
[13:08:33.602] [bmv2] [D] [thread 25307] [18.0] [cxt 0] Parser 'parser': start
[13:08:33.602] [bmv2] [D] [thread 25307] [18.0] [cxt 0] Parser 'parser' entering state 'start'
[13:08:33.602] [bmv2] [D] [thread 25307] [18.0] [cxt 0] Extracting header 'ethernet'
[13:08:33.602] [bmv2] [D] [thread 25307] [18.0] [cxt 0] Parser state 'start': key is 86dd
[13:08:33.602] [bmv2] [T] [thread 25307] [18.0] [cxt 0] Bytes parsed: 14
[13:08:33.602] [bmv2] [T] [thread 25307] [18.0] [cxt 0] Skipping checksum 'cksum' verification because target field invalid
[13:08:33.602] [bmv2] [D] [thread 25307] [18.0] [cxt 0] Parser 'parser': end
[13:08:33.602] [bmv2] [D] [thread 25307] [18.0] [cxt 0] Pipeline 'ingress': start
[13:08:33.603] [bmv2] [T] [thread 25307] [18.0] [cxt 0] Applying table 'tbl_act'
[13:08:33.603] [bmv2] [D] [thread 25307] [18.0] [cxt 0] Looking up key:

[13:08:33.603] [bmv2] [D] [thread 25307] [18.0] [cxt 0] Table 'tbl_act': miss
[13:08:33.603] [bmv2] [D] [thread 25307] [18.0] [cxt 0] Action entry is act_7 - 
[13:08:33.603] [bmv2] [T] [thread 25307] [18.0] [cxt 0] Action act_7
[13:08:33.603] [bmv2] [T] [thread 25307] [18.0] [cxt 0] Primitive (no source info)
[13:08:33.603] [bmv2] [T] [thread 25307] [18.0] [cxt 0] simple.p4(109) Primitive bit<32> apply_index=0;
[13:08:33.603] [bmv2] [T] [thread 25307] [18.0] [cxt 0] simple.p4(237) Condition "hdr.ipv4.isValid()" (node_3) is false
[13:08:33.603] [bmv2] [D] [thread 25307] [18.0] [cxt 0] Pipeline 'ingress': end
[13:08:33.603] [bmv2] [D] [thread 25307] [18.0] [cxt 0] Egress port is 0
[13:08:33.603] [bmv2] [D] [thread 25308] [18.0] [cxt 0] Pipeline 'egress': start
[13:08:33.603] [bmv2] [D] [thread 25308] [18.0] [cxt 0] Pipeline 'egress': end
[13:08:33.603] [bmv2] [D] [thread 25308] [18.0] [cxt 0] Deparser 'deparser': start
[13:08:33.603] [bmv2] [T] [thread 25308] [18.0] [cxt 0] Skipping checksum 'cksum' update because condition not met
[13:08:33.603] [bmv2] [D] [thread 25308] [18.0] [cxt 0] Deparsing header 'ethernet'
[13:08:33.603] [bmv2] [D] [thread 25308] [18.0] [cxt 0] Deparser 'deparser': end
[13:08:33.603] [bmv2] [D] [thread 25312] [18.0] [cxt 0] Transmitting packet of size 70 out of port 0
[13:08:49.978] [bmv2] [D] [thread 25307] [19.0] [cxt 0] Processing packet received on port 2
[13:08:49.978] [bmv2] [D] [thread 25307] [19.0] [cxt 0] Parser 'parser': start
[13:08:49.978] [bmv2] [D] [thread 25307] [19.0] [cxt 0] Parser 'parser' entering state 'start'
[13:08:49.978] [bmv2] [D] [thread 25307] [19.0] [cxt 0] Extracting header 'ethernet'
[13:08:49.978] [bmv2] [D] [thread 25307] [19.0] [cxt 0] Parser state 'start': key is 86dd
[13:08:49.978] [bmv2] [T] [thread 25307] [19.0] [cxt 0] Bytes parsed: 14
[13:08:49.978] [bmv2] [T] [thread 25307] [19.0] [cxt 0] Skipping checksum 'cksum' verification because target field invalid
[13:08:49.978] [bmv2] [D] [thread 25307] [19.0] [cxt 0] Parser 'parser': end
[13:08:49.978] [bmv2] [D] [thread 25307] [19.0] [cxt 0] Pipeline 'ingress': start
[13:08:49.978] [bmv2] [T] [thread 25307] [19.0] [cxt 0] Applying table 'tbl_act'
[13:08:49.978] [bmv2] [D] [thread 25307] [19.0] [cxt 0] Looking up key:

[13:08:49.978] [bmv2] [D] [thread 25307] [19.0] [cxt 0] Table 'tbl_act': miss
[13:08:49.978] [bmv2] [D] [thread 25307] [19.0] [cxt 0] Action entry is act_7 - 
[13:08:49.978] [bmv2] [T] [thread 25307] [19.0] [cxt 0] Action act_7
[13:08:49.978] [bmv2] [T] [thread 25307] [19.0] [cxt 0] Primitive (no source info)
[13:08:49.978] [bmv2] [T] [thread 25307] [19.0] [cxt 0] simple.p4(109) Primitive bit<32> apply_index=0;
[13:08:49.978] [bmv2] [T] [thread 25307] [19.0] [cxt 0] simple.p4(237) Condition "hdr.ipv4.isValid()" (node_3) is false
[13:08:49.978] [bmv2] [D] [thread 25307] [19.0] [cxt 0] Pipeline 'ingress': end
[13:08:49.979] [bmv2] [D] [thread 25307] [19.0] [cxt 0] Egress port is 0
[13:08:49.979] [bmv2] [D] [thread 25308] [19.0] [cxt 0] Pipeline 'egress': start
[13:08:49.979] [bmv2] [D] [thread 25308] [19.0] [cxt 0] Pipeline 'egress': end
[13:08:49.979] [bmv2] [D] [thread 25308] [19.0] [cxt 0] Deparser 'deparser': start
[13:08:49.979] [bmv2] [T] [thread 25308] [19.0] [cxt 0] Skipping checksum 'cksum' update because condition not met
[13:08:49.979] [bmv2] [D] [thread 25308] [19.0] [cxt 0] Deparsing header 'ethernet'
[13:08:49.979] [bmv2] [D] [thread 25308] [19.0] [cxt 0] Deparser 'deparser': end
[13:08:49.979] [bmv2] [D] [thread 25312] [19.0] [cxt 0] Transmitting packet of size 70 out of port 0
