Calling target program-options parser
[13:04:05.313] [bmv2] [D] [thread 25394] Set default default entry for table 'tbl_act': act_7 - 
[13:04:05.314] [bmv2] [D] [thread 25394] Set default default entry for table 'Basic_ingress.syn_drop': NoAction - 
[13:04:05.314] [bmv2] [D] [thread 25394] Set default default entry for table 'tbl_act_0': act - 
[13:04:05.314] [bmv2] [D] [thread 25394] Set default default entry for table 'tbl_act_1': act_0 - 
[13:04:05.314] [bmv2] [D] [thread 25394] Set default default entry for table 'tbl_act_2': act_1 - 
[13:04:05.314] [bmv2] [D] [thread 25394] Set default default entry for table 'Basic_ingress.synack_entry': Basic_ingress.new_synack - 
[13:04:05.314] [bmv2] [D] [thread 25394] Set default default entry for table 'tbl_act_3': act_3 - 
[13:04:05.314] [bmv2] [D] [thread 25394] Set default default entry for table 'tbl_checking': Basic_ingress.checking - 
[13:04:05.314] [bmv2] [D] [thread 25394] Set default default entry for table 'tbl_act_4': act_2 - 
[13:04:05.314] [bmv2] [D] [thread 25394] Set default default entry for table 'tbl_act_5': act_4 - 
[13:04:05.314] [bmv2] [D] [thread 25394] Set default default entry for table 'tbl_checking_0': Basic_ingress.checking - 
[13:04:05.314] [bmv2] [D] [thread 25394] Set default default entry for table 'Basic_ingress.ack_entry': NoAction - 
[13:04:05.314] [bmv2] [D] [thread 25394] Set default default entry for table 'tbl_act_6': act_6 - 
[13:04:05.314] [bmv2] [D] [thread 25394] Set default default entry for table 'tbl_merge': Basic_ingress.merge - 
[13:04:05.314] [bmv2] [D] [thread 25394] Set default default entry for table 'tbl_act_7': act_5 - 
[13:04:05.314] [bmv2] [D] [thread 25394] Set default default entry for table 'Basic_ingress.ipv4_lpm': NoAction - 
Adding interface s24-eth1 as port 1
[13:04:05.318] [bmv2] [D] [thread 25394] Adding interface s24-eth1 as port 1
Adding interface s24-eth2 as port 2
[13:04:05.353] [bmv2] [D] [thread 25394] Adding interface s24-eth2 as port 2
I0323 13:04:05.443229209   25394 server_builder.cc:247]      Synchronous server. Num CQs: 1, Min pollers: 1, Max Pollers: 2147483647, CQ timeout (msec): 1000
Server listening on 0.0.0.0:50074
[13:04:05.490] [bmv2] [I] [thread 25394] Starting Thrift server on port 9113
[13:04:05.491] [bmv2] [I] [thread 25394] Thrift server was started
[13:04:08.038] [bmv2] [D] [thread 25407] [0.0] [cxt 0] Processing packet received on port 1
[13:04:08.038] [bmv2] [D] [thread 25407] [0.0] [cxt 0] Parser 'parser': start
[13:04:08.038] [bmv2] [D] [thread 25407] [0.0] [cxt 0] Parser 'parser' entering state 'start'
[13:04:08.038] [bmv2] [D] [thread 25407] [0.0] [cxt 0] Extracting header 'ethernet'
[13:04:08.039] [bmv2] [D] [thread 25407] [0.0] [cxt 0] Parser state 'start': key is 86dd
[13:04:08.039] [bmv2] [T] [thread 25407] [0.0] [cxt 0] Bytes parsed: 14
[13:04:08.039] [bmv2] [T] [thread 25407] [0.0] [cxt 0] Skipping checksum 'cksum' verification because target field invalid
[13:04:08.039] [bmv2] [D] [thread 25407] [0.0] [cxt 0] Parser 'parser': end
[13:04:08.039] [bmv2] [D] [thread 25407] [0.0] [cxt 0] Pipeline 'ingress': start
[13:04:08.039] [bmv2] [T] [thread 25407] [0.0] [cxt 0] Applying table 'tbl_act'
[13:04:08.039] [bmv2] [D] [thread 25407] [0.0] [cxt 0] Looking up key:

[13:04:08.039] [bmv2] [D] [thread 25407] [0.0] [cxt 0] Table 'tbl_act': miss
[13:04:08.039] [bmv2] [D] [thread 25407] [0.0] [cxt 0] Action entry is act_7 - 
[13:04:08.039] [bmv2] [T] [thread 25407] [0.0] [cxt 0] Action act_7
[13:04:08.039] [bmv2] [T] [thread 25407] [0.0] [cxt 0] Primitive (no source info)
[13:04:08.039] [bmv2] [T] [thread 25407] [0.0] [cxt 0] simple.p4(109) Primitive bit<32> apply_index=0;
[13:04:08.039] [bmv2] [T] [thread 25407] [0.0] [cxt 0] simple.p4(237) Condition "hdr.ipv4.isValid()" (node_3) is false
[13:04:08.039] [bmv2] [D] [thread 25407] [0.0] [cxt 0] Pipeline 'ingress': end
[13:04:08.039] [bmv2] [D] [thread 25407] [0.0] [cxt 0] Egress port is 0
[13:04:08.039] [bmv2] [D] [thread 25408] [0.0] [cxt 0] Pipeline 'egress': start
[13:04:08.039] [bmv2] [D] [thread 25408] [0.0] [cxt 0] Pipeline 'egress': end
[13:04:08.039] [bmv2] [D] [thread 25408] [0.0] [cxt 0] Deparser 'deparser': start
[13:04:08.039] [bmv2] [T] [thread 25408] [0.0] [cxt 0] Skipping checksum 'cksum' update because condition not met
[13:04:08.039] [bmv2] [D] [thread 25408] [0.0] [cxt 0] Deparsing header 'ethernet'
[13:04:08.039] [bmv2] [D] [thread 25408] [0.0] [cxt 0] Deparser 'deparser': end
[13:04:08.039] [bmv2] [D] [thread 25412] [0.0] [cxt 0] Transmitting packet of size 110 out of port 0
[13:04:08.094] [bmv2] [D] [thread 25407] [1.0] [cxt 0] Processing packet received on port 1
[13:04:08.094] [bmv2] [D] [thread 25407] [1.0] [cxt 0] Parser 'parser': start
[13:04:08.094] [bmv2] [D] [thread 25407] [1.0] [cxt 0] Parser 'parser' entering state 'start'
[13:04:08.094] [bmv2] [D] [thread 25407] [1.0] [cxt 0] Extracting header 'ethernet'
[13:04:08.094] [bmv2] [D] [thread 25407] [1.0] [cxt 0] Parser state 'start': key is 86dd
[13:04:08.094] [bmv2] [T] [thread 25407] [1.0] [cxt 0] Bytes parsed: 14
[13:04:08.094] [bmv2] [T] [thread 25407] [1.0] [cxt 0] Skipping checksum 'cksum' verification because target field invalid
[13:04:08.094] [bmv2] [D] [thread 25407] [1.0] [cxt 0] Parser 'parser': end
[13:04:08.094] [bmv2] [D] [thread 25407] [1.0] [cxt 0] Pipeline 'ingress': start
[13:04:08.094] [bmv2] [T] [thread 25407] [1.0] [cxt 0] Applying table 'tbl_act'
[13:04:08.094] [bmv2] [D] [thread 25407] [1.0] [cxt 0] Looking up key:

[13:04:08.094] [bmv2] [D] [thread 25407] [1.0] [cxt 0] Table 'tbl_act': miss
[13:04:08.094] [bmv2] [D] [thread 25407] [1.0] [cxt 0] Action entry is act_7 - 
[13:04:08.094] [bmv2] [T] [thread 25407] [1.0] [cxt 0] Action act_7
[13:04:08.094] [bmv2] [T] [thread 25407] [1.0] [cxt 0] Primitive (no source info)
[13:04:08.094] [bmv2] [T] [thread 25407] [1.0] [cxt 0] simple.p4(109) Primitive bit<32> apply_index=0;
[13:04:08.094] [bmv2] [T] [thread 25407] [1.0] [cxt 0] simple.p4(237) Condition "hdr.ipv4.isValid()" (node_3) is false
[13:04:08.094] [bmv2] [D] [thread 25407] [1.0] [cxt 0] Pipeline 'ingress': end
[13:04:08.094] [bmv2] [D] [thread 25407] [1.0] [cxt 0] Egress port is 0
[13:04:08.094] [bmv2] [D] [thread 25408] [1.0] [cxt 0] Pipeline 'egress': start
[13:04:08.094] [bmv2] [D] [thread 25408] [1.0] [cxt 0] Pipeline 'egress': end
[13:04:08.094] [bmv2] [D] [thread 25408] [1.0] [cxt 0] Deparser 'deparser': start
[13:04:08.094] [bmv2] [T] [thread 25408] [1.0] [cxt 0] Skipping checksum 'cksum' update because condition not met
[13:04:08.094] [bmv2] [D] [thread 25408] [1.0] [cxt 0] Deparsing header 'ethernet'
[13:04:08.094] [bmv2] [D] [thread 25408] [1.0] [cxt 0] Deparser 'deparser': end
[13:04:08.095] [bmv2] [D] [thread 25412] [1.0] [cxt 0] Transmitting packet of size 110 out of port 0
[13:04:15.036] [bmv2] [D] [thread 25407] [2.0] [cxt 0] Processing packet received on port 2
[13:04:15.036] [bmv2] [D] [thread 25407] [2.0] [cxt 0] Parser 'parser': start
[13:04:15.036] [bmv2] [D] [thread 25407] [2.0] [cxt 0] Parser 'parser' entering state 'start'
[13:04:15.036] [bmv2] [D] [thread 25407] [2.0] [cxt 0] Extracting header 'ethernet'
[13:04:15.036] [bmv2] [D] [thread 25407] [2.0] [cxt 0] Parser state 'start': key is 86dd
[13:04:15.036] [bmv2] [T] [thread 25407] [2.0] [cxt 0] Bytes parsed: 14
[13:04:15.036] [bmv2] [T] [thread 25407] [2.0] [cxt 0] Skipping checksum 'cksum' verification because target field invalid
[13:04:15.036] [bmv2] [D] [thread 25407] [2.0] [cxt 0] Parser 'parser': end
[13:04:15.036] [bmv2] [D] [thread 25407] [2.0] [cxt 0] Pipeline 'ingress': start
[13:04:15.036] [bmv2] [T] [thread 25407] [2.0] [cxt 0] Applying table 'tbl_act'
[13:04:15.036] [bmv2] [D] [thread 25407] [2.0] [cxt 0] Looking up key:

[13:04:15.036] [bmv2] [D] [thread 25407] [2.0] [cxt 0] Table 'tbl_act': miss
[13:04:15.036] [bmv2] [D] [thread 25407] [2.0] [cxt 0] Action entry is act_7 - 
[13:04:15.036] [bmv2] [T] [thread 25407] [2.0] [cxt 0] Action act_7
[13:04:15.036] [bmv2] [T] [thread 25407] [2.0] [cxt 0] Primitive (no source info)
[13:04:15.036] [bmv2] [T] [thread 25407] [2.0] [cxt 0] simple.p4(109) Primitive bit<32> apply_index=0;
[13:04:15.036] [bmv2] [T] [thread 25407] [2.0] [cxt 0] simple.p4(237) Condition "hdr.ipv4.isValid()" (node_3) is false
[13:04:15.036] [bmv2] [D] [thread 25407] [2.0] [cxt 0] Pipeline 'ingress': end
[13:04:15.036] [bmv2] [D] [thread 25407] [2.0] [cxt 0] Egress port is 0
[13:04:15.036] [bmv2] [D] [thread 25408] [2.0] [cxt 0] Pipeline 'egress': start
[13:04:15.036] [bmv2] [D] [thread 25408] [2.0] [cxt 0] Pipeline 'egress': end
[13:04:15.036] [bmv2] [D] [thread 25408] [2.0] [cxt 0] Deparser 'deparser': start
[13:04:15.036] [bmv2] [T] [thread 25408] [2.0] [cxt 0] Skipping checksum 'cksum' update because condition not met
[13:04:15.036] [bmv2] [D] [thread 25408] [2.0] [cxt 0] Deparsing header 'ethernet'
[13:04:15.036] [bmv2] [D] [thread 25408] [2.0] [cxt 0] Deparser 'deparser': end
[13:04:15.036] [bmv2] [D] [thread 25412] [2.0] [cxt 0] Transmitting packet of size 70 out of port 0
[13:04:19.648] [bmv2] [D] [thread 25407] [3.0] [cxt 0] Processing packet received on port 2
[13:04:19.648] [bmv2] [D] [thread 25407] [3.0] [cxt 0] Parser 'parser': start
[13:04:19.648] [bmv2] [D] [thread 25407] [3.0] [cxt 0] Parser 'parser' entering state 'start'
[13:04:19.648] [bmv2] [D] [thread 25407] [3.0] [cxt 0] Extracting header 'ethernet'
[13:04:19.648] [bmv2] [D] [thread 25407] [3.0] [cxt 0] Parser state 'start': key is 86dd
[13:04:19.648] [bmv2] [T] [thread 25407] [3.0] [cxt 0] Bytes parsed: 14
[13:04:19.648] [bmv2] [T] [thread 25407] [3.0] [cxt 0] Skipping checksum 'cksum' verification because target field invalid
[13:04:19.648] [bmv2] [D] [thread 25407] [3.0] [cxt 0] Parser 'parser': end
[13:04:19.648] [bmv2] [D] [thread 25407] [3.0] [cxt 0] Pipeline 'ingress': start
[13:04:19.648] [bmv2] [T] [thread 25407] [3.0] [cxt 0] Applying table 'tbl_act'
[13:04:19.649] [bmv2] [D] [thread 25407] [3.0] [cxt 0] Looking up key:

[13:04:19.649] [bmv2] [D] [thread 25407] [3.0] [cxt 0] Table 'tbl_act': miss
[13:04:19.649] [bmv2] [D] [thread 25407] [3.0] [cxt 0] Action entry is act_7 - 
[13:04:19.649] [bmv2] [T] [thread 25407] [3.0] [cxt 0] Action act_7
[13:04:19.649] [bmv2] [T] [thread 25407] [3.0] [cxt 0] Primitive (no source info)
[13:04:19.649] [bmv2] [T] [thread 25407] [3.0] [cxt 0] simple.p4(109) Primitive bit<32> apply_index=0;
[13:04:19.649] [bmv2] [T] [thread 25407] [3.0] [cxt 0] simple.p4(237) Condition "hdr.ipv4.isValid()" (node_3) is false
[13:04:19.649] [bmv2] [D] [thread 25407] [3.0] [cxt 0] Pipeline 'ingress': end
[13:04:19.649] [bmv2] [D] [thread 25407] [3.0] [cxt 0] Egress port is 0
[13:04:19.649] [bmv2] [D] [thread 25408] [3.0] [cxt 0] Pipeline 'egress': start
[13:04:19.649] [bmv2] [D] [thread 25408] [3.0] [cxt 0] Pipeline 'egress': end
[13:04:19.649] [bmv2] [D] [thread 25408] [3.0] [cxt 0] Deparser 'deparser': start
[13:04:19.649] [bmv2] [T] [thread 25408] [3.0] [cxt 0] Skipping checksum 'cksum' update because condition not met
[13:04:19.649] [bmv2] [D] [thread 25408] [3.0] [cxt 0] Deparsing header 'ethernet'
[13:04:19.649] [bmv2] [D] [thread 25408] [3.0] [cxt 0] Deparser 'deparser': end
[13:04:19.649] [bmv2] [D] [thread 25412] [3.0] [cxt 0] Transmitting packet of size 70 out of port 0
[13:04:20.037] [bmv2] [D] [thread 25407] [4.0] [cxt 0] Processing packet received on port 2
[13:04:20.037] [bmv2] [D] [thread 25407] [4.0] [cxt 0] Parser 'parser': start
[13:04:20.037] [bmv2] [D] [thread 25407] [4.0] [cxt 0] Parser 'parser' entering state 'start'
[13:04:20.037] [bmv2] [D] [thread 25407] [4.0] [cxt 0] Extracting header 'ethernet'
[13:04:20.037] [bmv2] [D] [thread 25407] [4.0] [cxt 0] Parser state 'start': key is 86dd
[13:04:20.037] [bmv2] [T] [thread 25407] [4.0] [cxt 0] Bytes parsed: 14
[13:04:20.037] [bmv2] [T] [thread 25407] [4.0] [cxt 0] Skipping checksum 'cksum' verification because target field invalid
[13:04:20.037] [bmv2] [D] [thread 25407] [4.0] [cxt 0] Parser 'parser': end
[13:04:20.037] [bmv2] [D] [thread 25407] [4.0] [cxt 0] Pipeline 'ingress': start
[13:04:20.037] [bmv2] [T] [thread 25407] [4.0] [cxt 0] Applying table 'tbl_act'
[13:04:20.037] [bmv2] [D] [thread 25407] [4.0] [cxt 0] Looking up key:

[13:04:20.037] [bmv2] [D] [thread 25407] [4.0] [cxt 0] Table 'tbl_act': miss
[13:04:20.037] [bmv2] [D] [thread 25407] [4.0] [cxt 0] Action entry is act_7 - 
[13:04:20.037] [bmv2] [T] [thread 25407] [4.0] [cxt 0] Action act_7
[13:04:20.037] [bmv2] [T] [thread 25407] [4.0] [cxt 0] Primitive (no source info)
[13:04:20.037] [bmv2] [T] [thread 25407] [4.0] [cxt 0] simple.p4(109) Primitive bit<32> apply_index=0;
[13:04:20.037] [bmv2] [T] [thread 25407] [4.0] [cxt 0] simple.p4(237) Condition "hdr.ipv4.isValid()" (node_3) is false
[13:04:20.037] [bmv2] [D] [thread 25407] [4.0] [cxt 0] Pipeline 'ingress': end
[13:04:20.038] [bmv2] [D] [thread 25407] [4.0] [cxt 0] Egress port is 0
[13:04:20.038] [bmv2] [D] [thread 25408] [4.0] [cxt 0] Pipeline 'egress': start
[13:04:20.038] [bmv2] [D] [thread 25408] [4.0] [cxt 0] Pipeline 'egress': end
[13:04:20.038] [bmv2] [D] [thread 25408] [4.0] [cxt 0] Deparser 'deparser': start
[13:04:20.038] [bmv2] [T] [thread 25408] [4.0] [cxt 0] Skipping checksum 'cksum' update because condition not met
[13:04:20.038] [bmv2] [D] [thread 25408] [4.0] [cxt 0] Deparsing header 'ethernet'
[13:04:20.038] [bmv2] [D] [thread 25408] [4.0] [cxt 0] Deparser 'deparser': end
[13:04:20.038] [bmv2] [D] [thread 25412] [4.0] [cxt 0] Transmitting packet of size 203 out of port 0
[13:04:20.419] [bmv2] [D] [thread 25407] [5.0] [cxt 0] Processing packet received on port 2
[13:04:20.419] [bmv2] [D] [thread 25407] [5.0] [cxt 0] Parser 'parser': start
[13:04:20.419] [bmv2] [D] [thread 25407] [5.0] [cxt 0] Parser 'parser' entering state 'start'
[13:04:20.419] [bmv2] [D] [thread 25407] [5.0] [cxt 0] Extracting header 'ethernet'
[13:04:20.419] [bmv2] [D] [thread 25407] [5.0] [cxt 0] Parser state 'start': key is 86dd
[13:04:20.419] [bmv2] [T] [thread 25407] [5.0] [cxt 0] Bytes parsed: 14
[13:04:20.419] [bmv2] [T] [thread 25407] [5.0] [cxt 0] Skipping checksum 'cksum' verification because target field invalid
[13:04:20.419] [bmv2] [D] [thread 25407] [5.0] [cxt 0] Parser 'parser': end
[13:04:20.419] [bmv2] [D] [thread 25407] [5.0] [cxt 0] Pipeline 'ingress': start
[13:04:20.419] [bmv2] [T] [thread 25407] [5.0] [cxt 0] Applying table 'tbl_act'
[13:04:20.419] [bmv2] [D] [thread 25407] [5.0] [cxt 0] Looking up key:

[13:04:20.419] [bmv2] [D] [thread 25407] [5.0] [cxt 0] Table 'tbl_act': miss
[13:04:20.419] [bmv2] [D] [thread 25407] [5.0] [cxt 0] Action entry is act_7 - 
[13:04:20.419] [bmv2] [T] [thread 25407] [5.0] [cxt 0] Action act_7
[13:04:20.419] [bmv2] [T] [thread 25407] [5.0] [cxt 0] Primitive (no source info)
[13:04:20.419] [bmv2] [T] [thread 25407] [5.0] [cxt 0] simple.p4(109) Primitive bit<32> apply_index=0;
[13:04:20.419] [bmv2] [T] [thread 25407] [5.0] [cxt 0] simple.p4(237) Condition "hdr.ipv4.isValid()" (node_3) is false
[13:04:20.419] [bmv2] [D] [thread 25407] [5.0] [cxt 0] Pipeline 'ingress': end
[13:04:20.419] [bmv2] [D] [thread 25407] [5.0] [cxt 0] Egress port is 0
[13:04:20.420] [bmv2] [D] [thread 25408] [5.0] [cxt 0] Pipeline 'egress': start
[13:04:20.420] [bmv2] [D] [thread 25408] [5.0] [cxt 0] Pipeline 'egress': end
[13:04:20.420] [bmv2] [D] [thread 25408] [5.0] [cxt 0] Deparser 'deparser': start
[13:04:20.420] [bmv2] [T] [thread 25408] [5.0] [cxt 0] Skipping checksum 'cksum' update because condition not met
[13:04:20.420] [bmv2] [D] [thread 25408] [5.0] [cxt 0] Deparsing header 'ethernet'
[13:04:20.420] [bmv2] [D] [thread 25408] [5.0] [cxt 0] Deparser 'deparser': end
[13:04:20.420] [bmv2] [D] [thread 25412] [5.0] [cxt 0] Transmitting packet of size 203 out of port 0
[13:04:46.277] [bmv2] [D] [thread 25407] [6.0] [cxt 0] Processing packet received on port 2
[13:04:46.277] [bmv2] [D] [thread 25407] [6.0] [cxt 0] Parser 'parser': start
[13:04:46.277] [bmv2] [D] [thread 25407] [6.0] [cxt 0] Parser 'parser' entering state 'start'
[13:04:46.277] [bmv2] [D] [thread 25407] [6.0] [cxt 0] Extracting header 'ethernet'
[13:04:46.277] [bmv2] [D] [thread 25407] [6.0] [cxt 0] Parser state 'start': key is 86dd
[13:04:46.277] [bmv2] [T] [thread 25407] [6.0] [cxt 0] Bytes parsed: 14
[13:04:46.277] [bmv2] [T] [thread 25407] [6.0] [cxt 0] Skipping checksum 'cksum' verification because target field invalid
[13:04:46.277] [bmv2] [D] [thread 25407] [6.0] [cxt 0] Parser 'parser': end
[13:04:46.277] [bmv2] [D] [thread 25407] [6.0] [cxt 0] Pipeline 'ingress': start
[13:04:46.277] [bmv2] [T] [thread 25407] [6.0] [cxt 0] Applying table 'tbl_act'
[13:04:46.277] [bmv2] [D] [thread 25407] [6.0] [cxt 0] Looking up key:

[13:04:46.277] [bmv2] [D] [thread 25407] [6.0] [cxt 0] Table 'tbl_act': miss
[13:04:46.277] [bmv2] [D] [thread 25407] [6.0] [cxt 0] Action entry is act_7 - 
[13:04:46.277] [bmv2] [T] [thread 25407] [6.0] [cxt 0] Action act_7
[13:04:46.277] [bmv2] [T] [thread 25407] [6.0] [cxt 0] Primitive (no source info)
[13:04:46.277] [bmv2] [T] [thread 25407] [6.0] [cxt 0] simple.p4(109) Primitive bit<32> apply_index=0;
[13:04:46.277] [bmv2] [T] [thread 25407] [6.0] [cxt 0] simple.p4(237) Condition "hdr.ipv4.isValid()" (node_3) is false
[13:04:46.277] [bmv2] [D] [thread 25407] [6.0] [cxt 0] Pipeline 'ingress': end
[13:04:46.277] [bmv2] [D] [thread 25407] [6.0] [cxt 0] Egress port is 0
[13:04:46.280] [bmv2] [D] [thread 25408] [6.0] [cxt 0] Pipeline 'egress': start
[13:04:46.280] [bmv2] [D] [thread 25408] [6.0] [cxt 0] Pipeline 'egress': end
[13:04:46.280] [bmv2] [D] [thread 25408] [6.0] [cxt 0] Deparser 'deparser': start
[13:04:46.280] [bmv2] [T] [thread 25408] [6.0] [cxt 0] Skipping checksum 'cksum' update because condition not met
[13:04:46.280] [bmv2] [D] [thread 25408] [6.0] [cxt 0] Deparsing header 'ethernet'
[13:04:46.280] [bmv2] [D] [thread 25408] [6.0] [cxt 0] Deparser 'deparser': end
[13:04:46.280] [bmv2] [D] [thread 25412] [6.0] [cxt 0] Transmitting packet of size 70 out of port 0
[13:04:52.038] [bmv2] [D] [thread 25407] [7.0] [cxt 0] Processing packet received on port 2
[13:04:52.038] [bmv2] [D] [thread 25407] [7.0] [cxt 0] Parser 'parser': start
[13:04:52.038] [bmv2] [D] [thread 25407] [7.0] [cxt 0] Parser 'parser' entering state 'start'
[13:04:52.038] [bmv2] [D] [thread 25407] [7.0] [cxt 0] Extracting header 'ethernet'
[13:04:52.038] [bmv2] [D] [thread 25407] [7.0] [cxt 0] Parser state 'start': key is 86dd
[13:04:52.038] [bmv2] [T] [thread 25407] [7.0] [cxt 0] Bytes parsed: 14
[13:04:52.038] [bmv2] [T] [thread 25407] [7.0] [cxt 0] Skipping checksum 'cksum' verification because target field invalid
[13:04:52.038] [bmv2] [D] [thread 25407] [7.0] [cxt 0] Parser 'parser': end
[13:04:52.038] [bmv2] [D] [thread 25407] [7.0] [cxt 0] Pipeline 'ingress': start
[13:04:52.038] [bmv2] [T] [thread 25407] [7.0] [cxt 0] Applying table 'tbl_act'
[13:04:52.038] [bmv2] [D] [thread 25407] [7.0] [cxt 0] Looking up key:

[13:04:52.038] [bmv2] [D] [thread 25407] [7.0] [cxt 0] Table 'tbl_act': miss
[13:04:52.038] [bmv2] [D] [thread 25407] [7.0] [cxt 0] Action entry is act_7 - 
[13:04:52.038] [bmv2] [T] [thread 25407] [7.0] [cxt 0] Action act_7
[13:04:52.038] [bmv2] [T] [thread 25407] [7.0] [cxt 0] Primitive (no source info)
[13:04:52.038] [bmv2] [T] [thread 25407] [7.0] [cxt 0] simple.p4(109) Primitive bit<32> apply_index=0;
[13:04:52.038] [bmv2] [T] [thread 25407] [7.0] [cxt 0] simple.p4(237) Condition "hdr.ipv4.isValid()" (node_3) is false
[13:04:52.038] [bmv2] [D] [thread 25407] [7.0] [cxt 0] Pipeline 'ingress': end
[13:04:52.038] [bmv2] [D] [thread 25407] [7.0] [cxt 0] Egress port is 0
[13:04:52.038] [bmv2] [D] [thread 25408] [7.0] [cxt 0] Pipeline 'egress': start
[13:04:52.038] [bmv2] [D] [thread 25408] [7.0] [cxt 0] Pipeline 'egress': end
[13:04:52.038] [bmv2] [D] [thread 25408] [7.0] [cxt 0] Deparser 'deparser': start
[13:04:52.038] [bmv2] [T] [thread 25408] [7.0] [cxt 0] Skipping checksum 'cksum' update because condition not met
[13:04:52.038] [bmv2] [D] [thread 25408] [7.0] [cxt 0] Deparsing header 'ethernet'
[13:04:52.038] [bmv2] [D] [thread 25408] [7.0] [cxt 0] Deparser 'deparser': end
[13:04:52.038] [bmv2] [D] [thread 25412] [7.0] [cxt 0] Transmitting packet of size 203 out of port 0
[13:04:52.420] [bmv2] [D] [thread 25407] [8.0] [cxt 0] Processing packet received on port 2
[13:04:52.421] [bmv2] [D] [thread 25407] [8.0] [cxt 0] Parser 'parser': start
[13:04:52.421] [bmv2] [D] [thread 25407] [8.0] [cxt 0] Parser 'parser' entering state 'start'
[13:04:52.421] [bmv2] [D] [thread 25407] [8.0] [cxt 0] Extracting header 'ethernet'
[13:04:52.421] [bmv2] [D] [thread 25407] [8.0] [cxt 0] Parser state 'start': key is 86dd
[13:04:52.421] [bmv2] [T] [thread 25407] [8.0] [cxt 0] Bytes parsed: 14
[13:04:52.421] [bmv2] [T] [thread 25407] [8.0] [cxt 0] Skipping checksum 'cksum' verification because target field invalid
[13:04:52.421] [bmv2] [D] [thread 25407] [8.0] [cxt 0] Parser 'parser': end
[13:04:52.421] [bmv2] [D] [thread 25407] [8.0] [cxt 0] Pipeline 'ingress': start
[13:04:52.421] [bmv2] [T] [thread 25407] [8.0] [cxt 0] Applying table 'tbl_act'
[13:04:52.421] [bmv2] [D] [thread 25407] [8.0] [cxt 0] Looking up key:

[13:04:52.421] [bmv2] [D] [thread 25407] [8.0] [cxt 0] Table 'tbl_act': miss
[13:04:52.421] [bmv2] [D] [thread 25407] [8.0] [cxt 0] Action entry is act_7 - 
[13:04:52.421] [bmv2] [T] [thread 25407] [8.0] [cxt 0] Action act_7
[13:04:52.421] [bmv2] [T] [thread 25407] [8.0] [cxt 0] Primitive (no source info)
[13:04:52.421] [bmv2] [T] [thread 25407] [8.0] [cxt 0] simple.p4(109) Primitive bit<32> apply_index=0;
[13:04:52.421] [bmv2] [T] [thread 25407] [8.0] [cxt 0] simple.p4(237) Condition "hdr.ipv4.isValid()" (node_3) is false
[13:04:52.421] [bmv2] [D] [thread 25407] [8.0] [cxt 0] Pipeline 'ingress': end
[13:04:52.421] [bmv2] [D] [thread 25407] [8.0] [cxt 0] Egress port is 0
[13:04:52.422] [bmv2] [D] [thread 25408] [8.0] [cxt 0] Pipeline 'egress': start
[13:04:52.422] [bmv2] [D] [thread 25408] [8.0] [cxt 0] Pipeline 'egress': end
[13:04:52.422] [bmv2] [D] [thread 25408] [8.0] [cxt 0] Deparser 'deparser': start
[13:04:52.422] [bmv2] [T] [thread 25408] [8.0] [cxt 0] Skipping checksum 'cksum' update because condition not met
[13:04:52.422] [bmv2] [D] [thread 25408] [8.0] [cxt 0] Deparsing header 'ethernet'
[13:04:52.422] [bmv2] [D] [thread 25408] [8.0] [cxt 0] Deparser 'deparser': end
[13:04:52.422] [bmv2] [D] [thread 25412] [8.0] [cxt 0] Transmitting packet of size 203 out of port 0
[13:04:54.463] [bmv2] [D] [thread 25407] [9.0] [cxt 0] Processing packet received on port 2
[13:04:54.463] [bmv2] [D] [thread 25407] [9.0] [cxt 0] Parser 'parser': start
[13:04:54.463] [bmv2] [D] [thread 25407] [9.0] [cxt 0] Parser 'parser' entering state 'start'
[13:04:54.463] [bmv2] [D] [thread 25407] [9.0] [cxt 0] Extracting header 'ethernet'
[13:04:54.463] [bmv2] [D] [thread 25407] [9.0] [cxt 0] Parser state 'start': key is 86dd
[13:04:54.463] [bmv2] [T] [thread 25407] [9.0] [cxt 0] Bytes parsed: 14
[13:04:54.463] [bmv2] [T] [thread 25407] [9.0] [cxt 0] Skipping checksum 'cksum' verification because target field invalid
[13:04:54.463] [bmv2] [D] [thread 25407] [9.0] [cxt 0] Parser 'parser': end
[13:04:54.463] [bmv2] [D] [thread 25407] [9.0] [cxt 0] Pipeline 'ingress': start
[13:04:54.463] [bmv2] [T] [thread 25407] [9.0] [cxt 0] Applying table 'tbl_act'
[13:04:54.463] [bmv2] [D] [thread 25407] [9.0] [cxt 0] Looking up key:

[13:04:54.463] [bmv2] [D] [thread 25407] [9.0] [cxt 0] Table 'tbl_act': miss
[13:04:54.463] [bmv2] [D] [thread 25407] [9.0] [cxt 0] Action entry is act_7 - 
[13:04:54.463] [bmv2] [T] [thread 25407] [9.0] [cxt 0] Action act_7
[13:04:54.464] [bmv2] [T] [thread 25407] [9.0] [cxt 0] Primitive (no source info)
[13:04:54.464] [bmv2] [T] [thread 25407] [9.0] [cxt 0] simple.p4(109) Primitive bit<32> apply_index=0;
[13:04:54.464] [bmv2] [T] [thread 25407] [9.0] [cxt 0] simple.p4(237) Condition "hdr.ipv4.isValid()" (node_3) is false
[13:04:54.464] [bmv2] [D] [thread 25407] [9.0] [cxt 0] Pipeline 'ingress': end
[13:04:54.464] [bmv2] [D] [thread 25407] [9.0] [cxt 0] Egress port is 0
[13:04:54.464] [bmv2] [D] [thread 25408] [9.0] [cxt 0] Pipeline 'egress': start
[13:04:54.464] [bmv2] [D] [thread 25408] [9.0] [cxt 0] Pipeline 'egress': end
[13:04:54.464] [bmv2] [D] [thread 25408] [9.0] [cxt 0] Deparser 'deparser': start
[13:04:54.464] [bmv2] [T] [thread 25408] [9.0] [cxt 0] Skipping checksum 'cksum' update because condition not met
[13:04:54.464] [bmv2] [D] [thread 25408] [9.0] [cxt 0] Deparsing header 'ethernet'
[13:04:54.464] [bmv2] [D] [thread 25408] [9.0] [cxt 0] Deparser 'deparser': end
[13:04:54.464] [bmv2] [D] [thread 25412] [9.0] [cxt 0] Transmitting packet of size 70 out of port 0
New connection
P4Runtime SetForwardingPipelineConfig
[13:05:02.854] [bmv2] [W] [thread 25630] [P4Runtime] p4::tmp::P4DeviceConfig is deprecated
[13:05:02.904] [bmv2] [D] [thread 25630] Set default default entry for table 'tbl_act': act_7 - 
[13:05:02.904] [bmv2] [D] [thread 25630] Set default default entry for table 'Basic_ingress.syn_drop': NoAction - 
[13:05:02.904] [bmv2] [D] [thread 25630] Set default default entry for table 'tbl_act_0': act - 
[13:05:02.904] [bmv2] [D] [thread 25630] Set default default entry for table 'tbl_act_1': act_0 - 
[13:05:02.904] [bmv2] [D] [thread 25630] Set default default entry for table 'tbl_act_2': act_1 - 
[13:05:02.904] [bmv2] [D] [thread 25630] Set default default entry for table 'Basic_ingress.synack_entry': Basic_ingress.new_synack - 
[13:05:02.904] [bmv2] [D] [thread 25630] Set default default entry for table 'tbl_act_3': act_3 - 
[13:05:02.904] [bmv2] [D] [thread 25630] Set default default entry for table 'tbl_checking': Basic_ingress.checking - 
[13:05:02.904] [bmv2] [D] [thread 25630] Set default default entry for table 'tbl_act_4': act_2 - 
[13:05:02.904] [bmv2] [D] [thread 25630] Set default default entry for table 'tbl_act_5': act_4 - 
[13:05:02.904] [bmv2] [D] [thread 25630] Set default default entry for table 'tbl_checking_0': Basic_ingress.checking - 
[13:05:02.904] [bmv2] [D] [thread 25630] Set default default entry for table 'Basic_ingress.ack_entry': NoAction - 
[13:05:02.904] [bmv2] [D] [thread 25630] Set default default entry for table 'tbl_act_6': act_6 - 
[13:05:02.904] [bmv2] [D] [thread 25630] Set default default entry for table 'tbl_merge': Basic_ingress.merge - 
[13:05:02.904] [bmv2] [D] [thread 25630] Set default default entry for table 'tbl_act_7': act_5 - 
[13:05:02.905] [bmv2] [D] [thread 25630] Set default default entry for table 'Basic_ingress.ipv4_lpm': NoAction - 
P4Runtime Write
device_id: 23
election_id {
  low: 1
}
updates {
  type: INSERT
  entity {
    table_entry {
      table_id: 33605438
      match {
        field_id: 1
        lpm {
          value: "\013\000\003\001"
          prefix_len: 32
        }
      }
      action {
        action {
          action_id: 16797316
          params {
            param_id: 1
            value: "\000\000\000\000\030\017"
          }
          params {
            param_id: 2
            value: "\000\001"
          }
        }
      }
    }
  }
}
[13:05:03.428] [bmv2] [D] [thread 25630] Entry 0 added to table 'Basic_ingress.ipv4_lpm'
[13:05:03.428] [bmv2] [D] [thread 25630] Dumping entry 0
Match key:
* hdr.ipv4.dstAddr    : LPM       0b000301/32
Action entry: Basic_ingress.host_forward - 180f,1,

P4Runtime Write
device_id: 23
election_id {
  low: 1
}
updates {
  type: INSERT
  entity {
    table_entry {
      table_id: 33605438
      match {
        field_id: 1
        lpm {
          value: "\n\000\000\000"
          prefix_len: 8
        }
      }
      action {
        action {
          action_id: 16838388
          params {
            param_id: 1
            value: "\000\002"
          }
        }
      }
    }
  }
}
[13:05:04.154] [bmv2] [D] [thread 25884] Entry 1 added to table 'Basic_ingress.ipv4_lpm'
[13:05:04.154] [bmv2] [D] [thread 25884] Dumping entry 1
Match key:
* hdr.ipv4.dstAddr    : LPM       0a000000/8
Action entry: Basic_ingress.l3_forward - 2,

[13:05:49.758] [bmv2] [D] [thread 25407] [10.0] [cxt 0] Processing packet received on port 2
[13:05:49.758] [bmv2] [D] [thread 25407] [10.0] [cxt 0] Parser 'parser': start
[13:05:49.758] [bmv2] [D] [thread 25407] [10.0] [cxt 0] Parser 'parser' entering state 'start'
[13:05:49.758] [bmv2] [D] [thread 25407] [10.0] [cxt 0] Extracting header 'ethernet'
[13:05:49.758] [bmv2] [D] [thread 25407] [10.0] [cxt 0] Parser state 'start': key is 86dd
[13:05:49.758] [bmv2] [T] [thread 25407] [10.0] [cxt 0] Bytes parsed: 14
[13:05:49.758] [bmv2] [T] [thread 25407] [10.0] [cxt 0] Skipping checksum 'cksum' verification because target field invalid
[13:05:49.758] [bmv2] [D] [thread 25407] [10.0] [cxt 0] Parser 'parser': end
[13:05:49.758] [bmv2] [D] [thread 25407] [10.0] [cxt 0] Pipeline 'ingress': start
[13:05:49.758] [bmv2] [T] [thread 25407] [10.0] [cxt 0] Applying table 'tbl_act'
[13:05:49.759] [bmv2] [D] [thread 25407] [10.0] [cxt 0] Looking up key:

[13:05:49.759] [bmv2] [D] [thread 25407] [10.0] [cxt 0] Table 'tbl_act': miss
[13:05:49.759] [bmv2] [D] [thread 25407] [10.0] [cxt 0] Action entry is act_7 - 
[13:05:49.759] [bmv2] [T] [thread 25407] [10.0] [cxt 0] Action act_7
[13:05:49.759] [bmv2] [T] [thread 25407] [10.0] [cxt 0] Primitive (no source info)
[13:05:49.759] [bmv2] [T] [thread 25407] [10.0] [cxt 0] simple.p4(109) Primitive bit<32> apply_index=0;
[13:05:49.759] [bmv2] [T] [thread 25407] [10.0] [cxt 0] simple.p4(237) Condition "hdr.ipv4.isValid()" (node_3) is false
[13:05:49.759] [bmv2] [D] [thread 25407] [10.0] [cxt 0] Pipeline 'ingress': end
[13:05:49.759] [bmv2] [D] [thread 25407] [10.0] [cxt 0] Egress port is 0
[13:05:49.759] [bmv2] [D] [thread 25408] [10.0] [cxt 0] Pipeline 'egress': start
[13:05:49.759] [bmv2] [D] [thread 25408] [10.0] [cxt 0] Pipeline 'egress': end
[13:05:49.759] [bmv2] [D] [thread 25408] [10.0] [cxt 0] Deparser 'deparser': start
[13:05:49.759] [bmv2] [T] [thread 25408] [10.0] [cxt 0] Skipping checksum 'cksum' update because condition not met
[13:05:49.759] [bmv2] [D] [thread 25408] [10.0] [cxt 0] Deparsing header 'ethernet'
[13:05:49.759] [bmv2] [D] [thread 25408] [10.0] [cxt 0] Deparser 'deparser': end
[13:05:49.759] [bmv2] [D] [thread 25412] [10.0] [cxt 0] Transmitting packet of size 70 out of port 0
[13:05:56.042] [bmv2] [D] [thread 25407] [11.0] [cxt 0] Processing packet received on port 2
[13:05:56.042] [bmv2] [D] [thread 25407] [11.0] [cxt 0] Parser 'parser': start
[13:05:56.042] [bmv2] [D] [thread 25407] [11.0] [cxt 0] Parser 'parser' entering state 'start'
[13:05:56.042] [bmv2] [D] [thread 25407] [11.0] [cxt 0] Extracting header 'ethernet'
[13:05:56.042] [bmv2] [D] [thread 25407] [11.0] [cxt 0] Parser state 'start': key is 86dd
[13:05:56.042] [bmv2] [T] [thread 25407] [11.0] [cxt 0] Bytes parsed: 14
[13:05:56.042] [bmv2] [T] [thread 25407] [11.0] [cxt 0] Skipping checksum 'cksum' verification because target field invalid
[13:05:56.042] [bmv2] [D] [thread 25407] [11.0] [cxt 0] Parser 'parser': end
[13:05:56.042] [bmv2] [D] [thread 25407] [11.0] [cxt 0] Pipeline 'ingress': start
[13:05:56.042] [bmv2] [T] [thread 25407] [11.0] [cxt 0] Applying table 'tbl_act'
[13:05:56.042] [bmv2] [D] [thread 25407] [11.0] [cxt 0] Looking up key:

[13:05:56.042] [bmv2] [D] [thread 25407] [11.0] [cxt 0] Table 'tbl_act': miss
[13:05:56.042] [bmv2] [D] [thread 25407] [11.0] [cxt 0] Action entry is act_7 - 
[13:05:56.042] [bmv2] [T] [thread 25407] [11.0] [cxt 0] Action act_7
[13:05:56.042] [bmv2] [T] [thread 25407] [11.0] [cxt 0] Primitive (no source info)
[13:05:56.042] [bmv2] [T] [thread 25407] [11.0] [cxt 0] simple.p4(109) Primitive bit<32> apply_index=0;
[13:05:56.042] [bmv2] [T] [thread 25407] [11.0] [cxt 0] simple.p4(237) Condition "hdr.ipv4.isValid()" (node_3) is false
[13:05:56.042] [bmv2] [D] [thread 25407] [11.0] [cxt 0] Pipeline 'ingress': end
[13:05:56.042] [bmv2] [D] [thread 25407] [11.0] [cxt 0] Egress port is 0
[13:05:56.042] [bmv2] [D] [thread 25408] [11.0] [cxt 0] Pipeline 'egress': start
[13:05:56.042] [bmv2] [D] [thread 25408] [11.0] [cxt 0] Pipeline 'egress': end
[13:05:56.042] [bmv2] [D] [thread 25408] [11.0] [cxt 0] Deparser 'deparser': start
[13:05:56.042] [bmv2] [T] [thread 25408] [11.0] [cxt 0] Skipping checksum 'cksum' update because condition not met
[13:05:56.042] [bmv2] [D] [thread 25408] [11.0] [cxt 0] Deparsing header 'ethernet'
[13:05:56.042] [bmv2] [D] [thread 25408] [11.0] [cxt 0] Deparser 'deparser': end
[13:05:56.042] [bmv2] [D] [thread 25412] [11.0] [cxt 0] Transmitting packet of size 203 out of port 0
[13:05:56.423] [bmv2] [D] [thread 25407] [12.0] [cxt 0] Processing packet received on port 2
[13:05:56.423] [bmv2] [D] [thread 25407] [12.0] [cxt 0] Parser 'parser': start
[13:05:56.423] [bmv2] [D] [thread 25407] [12.0] [cxt 0] Parser 'parser' entering state 'start'
[13:05:56.423] [bmv2] [D] [thread 25407] [12.0] [cxt 0] Extracting header 'ethernet'
[13:05:56.423] [bmv2] [D] [thread 25407] [12.0] [cxt 0] Parser state 'start': key is 86dd
[13:05:56.423] [bmv2] [T] [thread 25407] [12.0] [cxt 0] Bytes parsed: 14
[13:05:56.423] [bmv2] [T] [thread 25407] [12.0] [cxt 0] Skipping checksum 'cksum' verification because target field invalid
[13:05:56.423] [bmv2] [D] [thread 25407] [12.0] [cxt 0] Parser 'parser': end
[13:05:56.423] [bmv2] [D] [thread 25407] [12.0] [cxt 0] Pipeline 'ingress': start
[13:05:56.423] [bmv2] [T] [thread 25407] [12.0] [cxt 0] Applying table 'tbl_act'
[13:05:56.423] [bmv2] [D] [thread 25407] [12.0] [cxt 0] Looking up key:

[13:05:56.423] [bmv2] [D] [thread 25407] [12.0] [cxt 0] Table 'tbl_act': miss
[13:05:56.423] [bmv2] [D] [thread 25407] [12.0] [cxt 0] Action entry is act_7 - 
[13:05:56.423] [bmv2] [T] [thread 25407] [12.0] [cxt 0] Action act_7
[13:05:56.423] [bmv2] [T] [thread 25407] [12.0] [cxt 0] Primitive (no source info)
[13:05:56.423] [bmv2] [T] [thread 25407] [12.0] [cxt 0] simple.p4(109) Primitive bit<32> apply_index=0;
[13:05:56.423] [bmv2] [T] [thread 25407] [12.0] [cxt 0] simple.p4(237) Condition "hdr.ipv4.isValid()" (node_3) is false
[13:05:56.423] [bmv2] [D] [thread 25407] [12.0] [cxt 0] Pipeline 'ingress': end
[13:05:56.423] [bmv2] [D] [thread 25407] [12.0] [cxt 0] Egress port is 0
[13:05:56.424] [bmv2] [D] [thread 25408] [12.0] [cxt 0] Pipeline 'egress': start
[13:05:56.424] [bmv2] [D] [thread 25408] [12.0] [cxt 0] Pipeline 'egress': end
[13:05:56.424] [bmv2] [D] [thread 25408] [12.0] [cxt 0] Deparser 'deparser': start
[13:05:56.424] [bmv2] [T] [thread 25408] [12.0] [cxt 0] Skipping checksum 'cksum' update because condition not met
[13:05:56.424] [bmv2] [D] [thread 25408] [12.0] [cxt 0] Deparsing header 'ethernet'
[13:05:56.424] [bmv2] [D] [thread 25408] [12.0] [cxt 0] Deparser 'deparser': end
[13:05:56.424] [bmv2] [D] [thread 25412] [12.0] [cxt 0] Transmitting packet of size 203 out of port 0
[13:06:04.093] [bmv2] [D] [thread 25407] [13.0] [cxt 0] Processing packet received on port 2
[13:06:04.093] [bmv2] [D] [thread 25407] [13.0] [cxt 0] Parser 'parser': start
[13:06:04.093] [bmv2] [D] [thread 25407] [13.0] [cxt 0] Parser 'parser' entering state 'start'
[13:06:04.093] [bmv2] [D] [thread 25407] [13.0] [cxt 0] Extracting header 'ethernet'
[13:06:04.093] [bmv2] [D] [thread 25407] [13.0] [cxt 0] Parser state 'start': key is 86dd
[13:06:04.093] [bmv2] [T] [thread 25407] [13.0] [cxt 0] Bytes parsed: 14
[13:06:04.093] [bmv2] [T] [thread 25407] [13.0] [cxt 0] Skipping checksum 'cksum' verification because target field invalid
[13:06:04.093] [bmv2] [D] [thread 25407] [13.0] [cxt 0] Parser 'parser': end
[13:06:04.093] [bmv2] [D] [thread 25407] [13.0] [cxt 0] Pipeline 'ingress': start
[13:06:04.093] [bmv2] [T] [thread 25407] [13.0] [cxt 0] Applying table 'tbl_act'
[13:06:04.093] [bmv2] [D] [thread 25407] [13.0] [cxt 0] Looking up key:

[13:06:04.093] [bmv2] [D] [thread 25407] [13.0] [cxt 0] Table 'tbl_act': miss
[13:06:04.094] [bmv2] [D] [thread 25407] [13.0] [cxt 0] Action entry is act_7 - 
[13:06:04.094] [bmv2] [T] [thread 25407] [13.0] [cxt 0] Action act_7
[13:06:04.094] [bmv2] [T] [thread 25407] [13.0] [cxt 0] Primitive (no source info)
[13:06:04.094] [bmv2] [T] [thread 25407] [13.0] [cxt 0] simple.p4(109) Primitive bit<32> apply_index=0;
[13:06:04.094] [bmv2] [T] [thread 25407] [13.0] [cxt 0] simple.p4(237) Condition "hdr.ipv4.isValid()" (node_3) is false
[13:06:04.094] [bmv2] [D] [thread 25407] [13.0] [cxt 0] Pipeline 'ingress': end
[13:06:04.094] [bmv2] [D] [thread 25407] [13.0] [cxt 0] Egress port is 0
[13:06:04.094] [bmv2] [D] [thread 25408] [13.0] [cxt 0] Pipeline 'egress': start
[13:06:04.094] [bmv2] [D] [thread 25408] [13.0] [cxt 0] Pipeline 'egress': end
[13:06:04.094] [bmv2] [D] [thread 25408] [13.0] [cxt 0] Deparser 'deparser': start
[13:06:04.094] [bmv2] [T] [thread 25408] [13.0] [cxt 0] Skipping checksum 'cksum' update because condition not met
[13:06:04.094] [bmv2] [D] [thread 25408] [13.0] [cxt 0] Deparsing header 'ethernet'
[13:06:04.094] [bmv2] [D] [thread 25408] [13.0] [cxt 0] Deparser 'deparser': end
[13:06:04.094] [bmv2] [D] [thread 25412] [13.0] [cxt 0] Transmitting packet of size 70 out of port 0
[13:07:56.730] [bmv2] [D] [thread 25407] [14.0] [cxt 0] Processing packet received on port 2
[13:07:56.730] [bmv2] [D] [thread 25407] [14.0] [cxt 0] Parser 'parser': start
[13:07:56.730] [bmv2] [D] [thread 25407] [14.0] [cxt 0] Parser 'parser' entering state 'start'
[13:07:56.730] [bmv2] [D] [thread 25407] [14.0] [cxt 0] Extracting header 'ethernet'
[13:07:56.730] [bmv2] [D] [thread 25407] [14.0] [cxt 0] Parser state 'start': key is 86dd
[13:07:56.730] [bmv2] [T] [thread 25407] [14.0] [cxt 0] Bytes parsed: 14
[13:07:56.730] [bmv2] [T] [thread 25407] [14.0] [cxt 0] Skipping checksum 'cksum' verification because target field invalid
[13:07:56.730] [bmv2] [D] [thread 25407] [14.0] [cxt 0] Parser 'parser': end
[13:07:56.730] [bmv2] [D] [thread 25407] [14.0] [cxt 0] Pipeline 'ingress': start
[13:07:56.730] [bmv2] [T] [thread 25407] [14.0] [cxt 0] Applying table 'tbl_act'
[13:07:56.730] [bmv2] [D] [thread 25407] [14.0] [cxt 0] Looking up key:

[13:07:56.731] [bmv2] [D] [thread 25407] [14.0] [cxt 0] Table 'tbl_act': miss
[13:07:56.731] [bmv2] [D] [thread 25407] [14.0] [cxt 0] Action entry is act_7 - 
[13:07:56.731] [bmv2] [T] [thread 25407] [14.0] [cxt 0] Action act_7
[13:07:56.731] [bmv2] [T] [thread 25407] [14.0] [cxt 0] Primitive (no source info)
[13:07:56.731] [bmv2] [T] [thread 25407] [14.0] [cxt 0] simple.p4(109) Primitive bit<32> apply_index=0;
[13:07:56.731] [bmv2] [T] [thread 25407] [14.0] [cxt 0] simple.p4(237) Condition "hdr.ipv4.isValid()" (node_3) is false
[13:07:56.731] [bmv2] [D] [thread 25407] [14.0] [cxt 0] Pipeline 'ingress': end
[13:07:56.731] [bmv2] [D] [thread 25407] [14.0] [cxt 0] Egress port is 0
[13:07:56.731] [bmv2] [D] [thread 25408] [14.0] [cxt 0] Pipeline 'egress': start
[13:07:56.731] [bmv2] [D] [thread 25408] [14.0] [cxt 0] Pipeline 'egress': end
[13:07:56.731] [bmv2] [D] [thread 25408] [14.0] [cxt 0] Deparser 'deparser': start
[13:07:56.731] [bmv2] [T] [thread 25408] [14.0] [cxt 0] Skipping checksum 'cksum' update because condition not met
[13:07:56.731] [bmv2] [D] [thread 25408] [14.0] [cxt 0] Deparsing header 'ethernet'
[13:07:56.731] [bmv2] [D] [thread 25408] [14.0] [cxt 0] Deparser 'deparser': end
[13:07:56.731] [bmv2] [D] [thread 25412] [14.0] [cxt 0] Transmitting packet of size 70 out of port 0
[13:08:04.038] [bmv2] [D] [thread 25407] [15.0] [cxt 0] Processing packet received on port 2
[13:08:04.038] [bmv2] [D] [thread 25407] [15.0] [cxt 0] Parser 'parser': start
[13:08:04.038] [bmv2] [D] [thread 25407] [15.0] [cxt 0] Parser 'parser' entering state 'start'
[13:08:04.038] [bmv2] [D] [thread 25407] [15.0] [cxt 0] Extracting header 'ethernet'
[13:08:04.038] [bmv2] [D] [thread 25407] [15.0] [cxt 0] Parser state 'start': key is 86dd
[13:08:04.038] [bmv2] [T] [thread 25407] [15.0] [cxt 0] Bytes parsed: 14
[13:08:04.038] [bmv2] [T] [thread 25407] [15.0] [cxt 0] Skipping checksum 'cksum' verification because target field invalid
[13:08:04.038] [bmv2] [D] [thread 25407] [15.0] [cxt 0] Parser 'parser': end
[13:08:04.038] [bmv2] [D] [thread 25407] [15.0] [cxt 0] Pipeline 'ingress': start
[13:08:04.038] [bmv2] [T] [thread 25407] [15.0] [cxt 0] Applying table 'tbl_act'
[13:08:04.038] [bmv2] [D] [thread 25407] [15.0] [cxt 0] Looking up key:

[13:08:04.038] [bmv2] [D] [thread 25407] [15.0] [cxt 0] Table 'tbl_act': miss
[13:08:04.038] [bmv2] [D] [thread 25407] [15.0] [cxt 0] Action entry is act_7 - 
[13:08:04.039] [bmv2] [T] [thread 25407] [15.0] [cxt 0] Action act_7
[13:08:04.039] [bmv2] [T] [thread 25407] [15.0] [cxt 0] Primitive (no source info)
[13:08:04.039] [bmv2] [T] [thread 25407] [15.0] [cxt 0] simple.p4(109) Primitive bit<32> apply_index=0;
[13:08:04.039] [bmv2] [T] [thread 25407] [15.0] [cxt 0] simple.p4(237) Condition "hdr.ipv4.isValid()" (node_3) is false
[13:08:04.039] [bmv2] [D] [thread 25407] [15.0] [cxt 0] Pipeline 'ingress': end
[13:08:04.039] [bmv2] [D] [thread 25407] [15.0] [cxt 0] Egress port is 0
[13:08:04.039] [bmv2] [D] [thread 25408] [15.0] [cxt 0] Pipeline 'egress': start
[13:08:04.039] [bmv2] [D] [thread 25408] [15.0] [cxt 0] Pipeline 'egress': end
[13:08:04.039] [bmv2] [D] [thread 25408] [15.0] [cxt 0] Deparser 'deparser': start
[13:08:04.039] [bmv2] [T] [thread 25408] [15.0] [cxt 0] Skipping checksum 'cksum' update because condition not met
[13:08:04.039] [bmv2] [D] [thread 25408] [15.0] [cxt 0] Deparsing header 'ethernet'
[13:08:04.039] [bmv2] [D] [thread 25408] [15.0] [cxt 0] Deparser 'deparser': end
[13:08:04.039] [bmv2] [D] [thread 25412] [15.0] [cxt 0] Transmitting packet of size 203 out of port 0
[13:08:04.428] [bmv2] [D] [thread 25407] [16.0] [cxt 0] Processing packet received on port 2
[13:08:04.428] [bmv2] [D] [thread 25407] [16.0] [cxt 0] Parser 'parser': start
[13:08:04.428] [bmv2] [D] [thread 25407] [16.0] [cxt 0] Parser 'parser' entering state 'start'
[13:08:04.428] [bmv2] [D] [thread 25407] [16.0] [cxt 0] Extracting header 'ethernet'
[13:08:04.428] [bmv2] [D] [thread 25407] [16.0] [cxt 0] Parser state 'start': key is 86dd
[13:08:04.428] [bmv2] [T] [thread 25407] [16.0] [cxt 0] Bytes parsed: 14
[13:08:04.428] [bmv2] [T] [thread 25407] [16.0] [cxt 0] Skipping checksum 'cksum' verification because target field invalid
[13:08:04.428] [bmv2] [D] [thread 25407] [16.0] [cxt 0] Parser 'parser': end
[13:08:04.428] [bmv2] [D] [thread 25407] [16.0] [cxt 0] Pipeline 'ingress': start
[13:08:04.428] [bmv2] [T] [thread 25407] [16.0] [cxt 0] Applying table 'tbl_act'
[13:08:04.428] [bmv2] [D] [thread 25407] [16.0] [cxt 0] Looking up key:

[13:08:04.428] [bmv2] [D] [thread 25407] [16.0] [cxt 0] Table 'tbl_act': miss
[13:08:04.428] [bmv2] [D] [thread 25407] [16.0] [cxt 0] Action entry is act_7 - 
[13:08:04.428] [bmv2] [T] [thread 25407] [16.0] [cxt 0] Action act_7
[13:08:04.428] [bmv2] [T] [thread 25407] [16.0] [cxt 0] Primitive (no source info)
[13:08:04.428] [bmv2] [T] [thread 25407] [16.0] [cxt 0] simple.p4(109) Primitive bit<32> apply_index=0;
[13:08:04.428] [bmv2] [T] [thread 25407] [16.0] [cxt 0] simple.p4(237) Condition "hdr.ipv4.isValid()" (node_3) is false
[13:08:04.428] [bmv2] [D] [thread 25407] [16.0] [cxt 0] Pipeline 'ingress': end
[13:08:04.428] [bmv2] [D] [thread 25407] [16.0] [cxt 0] Egress port is 0
[13:08:04.428] [bmv2] [D] [thread 25408] [16.0] [cxt 0] Pipeline 'egress': start
[13:08:04.428] [bmv2] [D] [thread 25408] [16.0] [cxt 0] Pipeline 'egress': end
[13:08:04.428] [bmv2] [D] [thread 25408] [16.0] [cxt 0] Deparser 'deparser': start
[13:08:04.428] [bmv2] [T] [thread 25408] [16.0] [cxt 0] Skipping checksum 'cksum' update because condition not met
[13:08:04.428] [bmv2] [D] [thread 25408] [16.0] [cxt 0] Deparsing header 'ethernet'
[13:08:04.428] [bmv2] [D] [thread 25408] [16.0] [cxt 0] Deparser 'deparser': end
[13:08:04.428] [bmv2] [D] [thread 25412] [16.0] [cxt 0] Transmitting packet of size 203 out of port 0
[13:08:17.209] [bmv2] [D] [thread 25407] [17.0] [cxt 0] Processing packet received on port 2
[13:08:17.209] [bmv2] [D] [thread 25407] [17.0] [cxt 0] Parser 'parser': start
[13:08:17.209] [bmv2] [D] [thread 25407] [17.0] [cxt 0] Parser 'parser' entering state 'start'
[13:08:17.209] [bmv2] [D] [thread 25407] [17.0] [cxt 0] Extracting header 'ethernet'
[13:08:17.209] [bmv2] [D] [thread 25407] [17.0] [cxt 0] Parser state 'start': key is 86dd
[13:08:17.209] [bmv2] [T] [thread 25407] [17.0] [cxt 0] Bytes parsed: 14
[13:08:17.209] [bmv2] [T] [thread 25407] [17.0] [cxt 0] Skipping checksum 'cksum' verification because target field invalid
[13:08:17.209] [bmv2] [D] [thread 25407] [17.0] [cxt 0] Parser 'parser': end
[13:08:17.210] [bmv2] [D] [thread 25407] [17.0] [cxt 0] Pipeline 'ingress': start
[13:08:17.210] [bmv2] [T] [thread 25407] [17.0] [cxt 0] Applying table 'tbl_act'
[13:08:17.210] [bmv2] [D] [thread 25407] [17.0] [cxt 0] Looking up key:

[13:08:17.210] [bmv2] [D] [thread 25407] [17.0] [cxt 0] Table 'tbl_act': miss
[13:08:17.210] [bmv2] [D] [thread 25407] [17.0] [cxt 0] Action entry is act_7 - 
[13:08:17.210] [bmv2] [T] [thread 25407] [17.0] [cxt 0] Action act_7
[13:08:17.210] [bmv2] [T] [thread 25407] [17.0] [cxt 0] Primitive (no source info)
[13:08:17.210] [bmv2] [T] [thread 25407] [17.0] [cxt 0] simple.p4(109) Primitive bit<32> apply_index=0;
[13:08:17.210] [bmv2] [T] [thread 25407] [17.0] [cxt 0] simple.p4(237) Condition "hdr.ipv4.isValid()" (node_3) is false
[13:08:17.210] [bmv2] [D] [thread 25407] [17.0] [cxt 0] Pipeline 'ingress': end
[13:08:17.210] [bmv2] [D] [thread 25407] [17.0] [cxt 0] Egress port is 0
[13:08:17.210] [bmv2] [D] [thread 25408] [17.0] [cxt 0] Pipeline 'egress': start
[13:08:17.210] [bmv2] [D] [thread 25408] [17.0] [cxt 0] Pipeline 'egress': end
[13:08:17.210] [bmv2] [D] [thread 25408] [17.0] [cxt 0] Deparser 'deparser': start
[13:08:17.210] [bmv2] [T] [thread 25408] [17.0] [cxt 0] Skipping checksum 'cksum' update because condition not met
[13:08:17.210] [bmv2] [D] [thread 25408] [17.0] [cxt 0] Deparsing header 'ethernet'
[13:08:17.210] [bmv2] [D] [thread 25408] [17.0] [cxt 0] Deparser 'deparser': end
[13:08:17.210] [bmv2] [D] [thread 25412] [17.0] [cxt 0] Transmitting packet of size 70 out of port 0
