Calling target program-options parser
[13:03:55.695] [bmv2] [D] [thread 25074] Set default default entry for table 'tbl_act': act_7 - 
[13:03:55.695] [bmv2] [D] [thread 25074] Set default default entry for table 'Basic_ingress.syn_drop': NoAction - 
[13:03:55.695] [bmv2] [D] [thread 25074] Set default default entry for table 'tbl_act_0': act - 
[13:03:55.695] [bmv2] [D] [thread 25074] Set default default entry for table 'tbl_act_1': act_0 - 
[13:03:55.695] [bmv2] [D] [thread 25074] Set default default entry for table 'tbl_act_2': act_1 - 
[13:03:55.695] [bmv2] [D] [thread 25074] Set default default entry for table 'Basic_ingress.synack_entry': Basic_ingress.new_synack - 
[13:03:55.695] [bmv2] [D] [thread 25074] Set default default entry for table 'tbl_act_3': act_3 - 
[13:03:55.695] [bmv2] [D] [thread 25074] Set default default entry for table 'tbl_checking': Basic_ingress.checking - 
[13:03:55.695] [bmv2] [D] [thread 25074] Set default default entry for table 'tbl_act_4': act_2 - 
[13:03:55.695] [bmv2] [D] [thread 25074] Set default default entry for table 'tbl_act_5': act_4 - 
[13:03:55.695] [bmv2] [D] [thread 25074] Set default default entry for table 'tbl_checking_0': Basic_ingress.checking - 
[13:03:55.696] [bmv2] [D] [thread 25074] Set default default entry for table 'Basic_ingress.ack_entry': NoAction - 
[13:03:55.696] [bmv2] [D] [thread 25074] Set default default entry for table 'tbl_act_6': act_6 - 
[13:03:55.696] [bmv2] [D] [thread 25074] Set default default entry for table 'tbl_merge': Basic_ingress.merge - 
[13:03:55.696] [bmv2] [D] [thread 25074] Set default default entry for table 'tbl_act_7': act_5 - 
[13:03:55.696] [bmv2] [D] [thread 25074] Set default default entry for table 'Basic_ingress.ipv4_lpm': NoAction - 
Adding interface s8-eth1 as port 1
[13:03:55.699] [bmv2] [D] [thread 25074] Adding interface s8-eth1 as port 1
Adding interface s8-eth2 as port 2
[13:03:55.730] [bmv2] [D] [thread 25074] Adding interface s8-eth2 as port 2
I0323 13:03:55.758608728   25074 server_builder.cc:247]      Synchronous server. Num CQs: 1, Min pollers: 1, Max Pollers: 2147483647, CQ timeout (msec): 1000
Server listening on 0.0.0.0:50058
[13:03:55.769] [bmv2] [I] [thread 25074] Starting Thrift server on port 9097
[13:03:55.781] [bmv2] [I] [thread 25074] Thrift server was started
[13:03:55.844] [bmv2] [D] [thread 25087] [0.0] [cxt 0] Processing packet received on port 2
[13:03:55.844] [bmv2] [D] [thread 25087] [0.0] [cxt 0] Parser 'parser': start
[13:03:55.844] [bmv2] [D] [thread 25087] [0.0] [cxt 0] Parser 'parser' entering state 'start'
[13:03:55.844] [bmv2] [D] [thread 25087] [0.0] [cxt 0] Extracting header 'ethernet'
[13:03:55.844] [bmv2] [D] [thread 25087] [0.0] [cxt 0] Parser state 'start': key is 86dd
[13:03:55.844] [bmv2] [T] [thread 25087] [0.0] [cxt 0] Bytes parsed: 14
[13:03:55.844] [bmv2] [T] [thread 25087] [0.0] [cxt 0] Skipping checksum 'cksum' verification because target field invalid
[13:03:55.844] [bmv2] [D] [thread 25087] [0.0] [cxt 0] Parser 'parser': end
[13:03:55.844] [bmv2] [D] [thread 25087] [0.0] [cxt 0] Pipeline 'ingress': start
[13:03:55.845] [bmv2] [T] [thread 25087] [0.0] [cxt 0] Applying table 'tbl_act'
[13:03:55.845] [bmv2] [D] [thread 25087] [0.0] [cxt 0] Looking up key:

[13:03:55.845] [bmv2] [D] [thread 25087] [0.0] [cxt 0] Table 'tbl_act': miss
[13:03:55.845] [bmv2] [D] [thread 25087] [0.0] [cxt 0] Action entry is act_7 - 
[13:03:55.845] [bmv2] [T] [thread 25087] [0.0] [cxt 0] Action act_7
[13:03:55.845] [bmv2] [T] [thread 25087] [0.0] [cxt 0] Primitive (no source info)
[13:03:55.845] [bmv2] [T] [thread 25087] [0.0] [cxt 0] simple.p4(109) Primitive bit<32> apply_index=0;
[13:03:55.845] [bmv2] [T] [thread 25087] [0.0] [cxt 0] simple.p4(237) Condition "hdr.ipv4.isValid()" (node_3) is false
[13:03:55.845] [bmv2] [D] [thread 25087] [0.0] [cxt 0] Pipeline 'ingress': end
[13:03:55.845] [bmv2] [D] [thread 25087] [0.0] [cxt 0] Egress port is 0
[13:03:55.845] [bmv2] [D] [thread 25088] [0.0] [cxt 0] Pipeline 'egress': start
[13:03:55.845] [bmv2] [D] [thread 25088] [0.0] [cxt 0] Pipeline 'egress': end
[13:03:55.845] [bmv2] [D] [thread 25088] [0.0] [cxt 0] Deparser 'deparser': start
[13:03:55.845] [bmv2] [T] [thread 25088] [0.0] [cxt 0] Skipping checksum 'cksum' update because condition not met
[13:03:55.845] [bmv2] [D] [thread 25088] [0.0] [cxt 0] Deparsing header 'ethernet'
[13:03:55.845] [bmv2] [D] [thread 25088] [0.0] [cxt 0] Deparser 'deparser': end
[13:03:55.846] [bmv2] [D] [thread 25092] [0.0] [cxt 0] Transmitting packet of size 203 out of port 0
[13:03:58.399] [bmv2] [D] [thread 25087] [1.0] [cxt 0] Processing packet received on port 1
[13:03:58.399] [bmv2] [D] [thread 25087] [1.0] [cxt 0] Parser 'parser': start
[13:03:58.399] [bmv2] [D] [thread 25087] [1.0] [cxt 0] Parser 'parser' entering state 'start'
[13:03:58.399] [bmv2] [D] [thread 25087] [1.0] [cxt 0] Extracting header 'ethernet'
[13:03:58.399] [bmv2] [D] [thread 25087] [1.0] [cxt 0] Parser state 'start': key is 86dd
[13:03:58.399] [bmv2] [T] [thread 25087] [1.0] [cxt 0] Bytes parsed: 14
[13:03:58.399] [bmv2] [T] [thread 25087] [1.0] [cxt 0] Skipping checksum 'cksum' verification because target field invalid
[13:03:58.399] [bmv2] [D] [thread 25087] [1.0] [cxt 0] Parser 'parser': end
[13:03:58.399] [bmv2] [D] [thread 25087] [1.0] [cxt 0] Pipeline 'ingress': start
[13:03:58.399] [bmv2] [T] [thread 25087] [1.0] [cxt 0] Applying table 'tbl_act'
[13:03:58.399] [bmv2] [D] [thread 25087] [1.0] [cxt 0] Looking up key:

[13:03:58.399] [bmv2] [D] [thread 25087] [1.0] [cxt 0] Table 'tbl_act': miss
[13:03:58.399] [bmv2] [D] [thread 25087] [1.0] [cxt 0] Action entry is act_7 - 
[13:03:58.399] [bmv2] [T] [thread 25087] [1.0] [cxt 0] Action act_7
[13:03:58.399] [bmv2] [T] [thread 25087] [1.0] [cxt 0] Primitive (no source info)
[13:03:58.399] [bmv2] [T] [thread 25087] [1.0] [cxt 0] simple.p4(109) Primitive bit<32> apply_index=0;
[13:03:58.399] [bmv2] [T] [thread 25087] [1.0] [cxt 0] simple.p4(237) Condition "hdr.ipv4.isValid()" (node_3) is false
[13:03:58.399] [bmv2] [D] [thread 25087] [1.0] [cxt 0] Pipeline 'ingress': end
[13:03:58.399] [bmv2] [D] [thread 25087] [1.0] [cxt 0] Egress port is 0
[13:03:58.400] [bmv2] [D] [thread 25088] [1.0] [cxt 0] Pipeline 'egress': start
[13:03:58.400] [bmv2] [D] [thread 25088] [1.0] [cxt 0] Pipeline 'egress': end
[13:03:58.400] [bmv2] [D] [thread 25088] [1.0] [cxt 0] Deparser 'deparser': start
[13:03:58.400] [bmv2] [T] [thread 25088] [1.0] [cxt 0] Skipping checksum 'cksum' update because condition not met
[13:03:58.400] [bmv2] [D] [thread 25088] [1.0] [cxt 0] Deparsing header 'ethernet'
[13:03:58.400] [bmv2] [D] [thread 25088] [1.0] [cxt 0] Deparser 'deparser': end
[13:03:58.400] [bmv2] [D] [thread 25092] [1.0] [cxt 0] Transmitting packet of size 70 out of port 0
[13:03:59.421] [bmv2] [D] [thread 25087] [2.0] [cxt 0] Processing packet received on port 2
[13:03:59.421] [bmv2] [D] [thread 25087] [2.0] [cxt 0] Parser 'parser': start
[13:03:59.421] [bmv2] [D] [thread 25087] [2.0] [cxt 0] Parser 'parser' entering state 'start'
[13:03:59.421] [bmv2] [D] [thread 25087] [2.0] [cxt 0] Extracting header 'ethernet'
[13:03:59.422] [bmv2] [D] [thread 25087] [2.0] [cxt 0] Parser state 'start': key is 86dd
[13:03:59.422] [bmv2] [T] [thread 25087] [2.0] [cxt 0] Bytes parsed: 14
[13:03:59.422] [bmv2] [T] [thread 25087] [2.0] [cxt 0] Skipping checksum 'cksum' verification because target field invalid
[13:03:59.422] [bmv2] [D] [thread 25087] [2.0] [cxt 0] Parser 'parser': end
[13:03:59.422] [bmv2] [D] [thread 25087] [2.0] [cxt 0] Pipeline 'ingress': start
[13:03:59.422] [bmv2] [T] [thread 25087] [2.0] [cxt 0] Applying table 'tbl_act'
[13:03:59.422] [bmv2] [D] [thread 25087] [2.0] [cxt 0] Looking up key:

[13:03:59.422] [bmv2] [D] [thread 25087] [2.0] [cxt 0] Table 'tbl_act': miss
[13:03:59.422] [bmv2] [D] [thread 25087] [2.0] [cxt 0] Action entry is act_7 - 
[13:03:59.422] [bmv2] [T] [thread 25087] [2.0] [cxt 0] Action act_7
[13:03:59.422] [bmv2] [T] [thread 25087] [2.0] [cxt 0] Primitive (no source info)
[13:03:59.422] [bmv2] [T] [thread 25087] [2.0] [cxt 0] simple.p4(109) Primitive bit<32> apply_index=0;
[13:03:59.422] [bmv2] [T] [thread 25087] [2.0] [cxt 0] simple.p4(237) Condition "hdr.ipv4.isValid()" (node_3) is false
[13:03:59.422] [bmv2] [D] [thread 25087] [2.0] [cxt 0] Pipeline 'ingress': end
[13:03:59.422] [bmv2] [D] [thread 25087] [2.0] [cxt 0] Egress port is 0
[13:03:59.422] [bmv2] [D] [thread 25088] [2.0] [cxt 0] Pipeline 'egress': start
[13:03:59.422] [bmv2] [D] [thread 25088] [2.0] [cxt 0] Pipeline 'egress': end
[13:03:59.422] [bmv2] [D] [thread 25088] [2.0] [cxt 0] Deparser 'deparser': start
[13:03:59.422] [bmv2] [T] [thread 25088] [2.0] [cxt 0] Skipping checksum 'cksum' update because condition not met
[13:03:59.422] [bmv2] [D] [thread 25088] [2.0] [cxt 0] Deparsing header 'ethernet'
[13:03:59.422] [bmv2] [D] [thread 25088] [2.0] [cxt 0] Deparser 'deparser': end
[13:03:59.422] [bmv2] [D] [thread 25092] [2.0] [cxt 0] Transmitting packet of size 70 out of port 0
[13:03:59.934] [bmv2] [D] [thread 25087] [3.0] [cxt 0] Processing packet received on port 1
[13:03:59.934] [bmv2] [D] [thread 25087] [3.0] [cxt 0] Parser 'parser': start
[13:03:59.934] [bmv2] [D] [thread 25087] [3.0] [cxt 0] Parser 'parser' entering state 'start'
[13:03:59.934] [bmv2] [D] [thread 25087] [3.0] [cxt 0] Extracting header 'ethernet'
[13:03:59.934] [bmv2] [D] [thread 25087] [3.0] [cxt 0] Parser state 'start': key is 86dd
[13:03:59.934] [bmv2] [T] [thread 25087] [3.0] [cxt 0] Bytes parsed: 14
[13:03:59.934] [bmv2] [T] [thread 25087] [3.0] [cxt 0] Skipping checksum 'cksum' verification because target field invalid
[13:03:59.934] [bmv2] [D] [thread 25087] [3.0] [cxt 0] Parser 'parser': end
[13:03:59.934] [bmv2] [D] [thread 25087] [3.0] [cxt 0] Pipeline 'ingress': start
[13:03:59.934] [bmv2] [T] [thread 25087] [3.0] [cxt 0] Applying table 'tbl_act'
[13:03:59.935] [bmv2] [D] [thread 25087] [3.0] [cxt 0] Looking up key:

[13:03:59.935] [bmv2] [D] [thread 25087] [3.0] [cxt 0] Table 'tbl_act': miss
[13:03:59.935] [bmv2] [D] [thread 25087] [3.0] [cxt 0] Action entry is act_7 - 
[13:03:59.935] [bmv2] [T] [thread 25087] [3.0] [cxt 0] Action act_7
[13:03:59.935] [bmv2] [T] [thread 25087] [3.0] [cxt 0] Primitive (no source info)
[13:03:59.935] [bmv2] [T] [thread 25087] [3.0] [cxt 0] simple.p4(109) Primitive bit<32> apply_index=0;
[13:03:59.935] [bmv2] [T] [thread 25087] [3.0] [cxt 0] simple.p4(237) Condition "hdr.ipv4.isValid()" (node_3) is false
[13:03:59.935] [bmv2] [D] [thread 25087] [3.0] [cxt 0] Pipeline 'ingress': end
[13:03:59.935] [bmv2] [D] [thread 25087] [3.0] [cxt 0] Egress port is 0
[13:03:59.935] [bmv2] [D] [thread 25088] [3.0] [cxt 0] Pipeline 'egress': start
[13:03:59.935] [bmv2] [D] [thread 25088] [3.0] [cxt 0] Pipeline 'egress': end
[13:03:59.935] [bmv2] [D] [thread 25088] [3.0] [cxt 0] Deparser 'deparser': start
[13:03:59.935] [bmv2] [T] [thread 25088] [3.0] [cxt 0] Skipping checksum 'cksum' update because condition not met
[13:03:59.935] [bmv2] [D] [thread 25088] [3.0] [cxt 0] Deparsing header 'ethernet'
[13:03:59.935] [bmv2] [D] [thread 25088] [3.0] [cxt 0] Deparser 'deparser': end
[13:03:59.935] [bmv2] [D] [thread 25092] [3.0] [cxt 0] Transmitting packet of size 70 out of port 0
[13:04:01.595] [bmv2] [D] [thread 25087] [4.0] [cxt 0] Processing packet received on port 1
[13:04:01.595] [bmv2] [D] [thread 25087] [4.0] [cxt 0] Parser 'parser': start
[13:04:01.595] [bmv2] [D] [thread 25087] [4.0] [cxt 0] Parser 'parser' entering state 'start'
[13:04:01.595] [bmv2] [D] [thread 25087] [4.0] [cxt 0] Extracting header 'ethernet'
[13:04:01.595] [bmv2] [D] [thread 25087] [4.0] [cxt 0] Parser state 'start': key is 86dd
[13:04:01.595] [bmv2] [T] [thread 25087] [4.0] [cxt 0] Bytes parsed: 14
[13:04:01.595] [bmv2] [T] [thread 25087] [4.0] [cxt 0] Skipping checksum 'cksum' verification because target field invalid
[13:04:01.595] [bmv2] [D] [thread 25087] [4.0] [cxt 0] Parser 'parser': end
[13:04:01.595] [bmv2] [D] [thread 25087] [4.0] [cxt 0] Pipeline 'ingress': start
[13:04:01.595] [bmv2] [T] [thread 25087] [4.0] [cxt 0] Applying table 'tbl_act'
[13:04:01.595] [bmv2] [D] [thread 25087] [4.0] [cxt 0] Looking up key:

[13:04:01.595] [bmv2] [D] [thread 25087] [4.0] [cxt 0] Table 'tbl_act': miss
[13:04:01.596] [bmv2] [D] [thread 25087] [4.0] [cxt 0] Action entry is act_7 - 
[13:04:01.596] [bmv2] [T] [thread 25087] [4.0] [cxt 0] Action act_7
[13:04:01.596] [bmv2] [T] [thread 25087] [4.0] [cxt 0] Primitive (no source info)
[13:04:01.596] [bmv2] [T] [thread 25087] [4.0] [cxt 0] simple.p4(109) Primitive bit<32> apply_index=0;
[13:04:01.596] [bmv2] [T] [thread 25087] [4.0] [cxt 0] simple.p4(237) Condition "hdr.ipv4.isValid()" (node_3) is false
[13:04:01.596] [bmv2] [D] [thread 25087] [4.0] [cxt 0] Pipeline 'ingress': end
[13:04:01.596] [bmv2] [D] [thread 25087] [4.0] [cxt 0] Egress port is 0
[13:04:01.596] [bmv2] [D] [thread 25088] [4.0] [cxt 0] Pipeline 'egress': start
[13:04:01.596] [bmv2] [D] [thread 25088] [4.0] [cxt 0] Pipeline 'egress': end
[13:04:01.596] [bmv2] [D] [thread 25088] [4.0] [cxt 0] Deparser 'deparser': start
[13:04:01.596] [bmv2] [T] [thread 25088] [4.0] [cxt 0] Skipping checksum 'cksum' update because condition not met
[13:04:01.596] [bmv2] [D] [thread 25088] [4.0] [cxt 0] Deparsing header 'ethernet'
[13:04:01.596] [bmv2] [D] [thread 25088] [4.0] [cxt 0] Deparser 'deparser': end
[13:04:01.596] [bmv2] [D] [thread 25092] [4.0] [cxt 0] Transmitting packet of size 203 out of port 0
[13:04:01.723] [bmv2] [D] [thread 25087] [5.0] [cxt 0] Processing packet received on port 2
[13:04:01.723] [bmv2] [D] [thread 25087] [5.0] [cxt 0] Parser 'parser': start
[13:04:01.723] [bmv2] [D] [thread 25087] [5.0] [cxt 0] Parser 'parser' entering state 'start'
[13:04:01.723] [bmv2] [D] [thread 25087] [5.0] [cxt 0] Extracting header 'ethernet'
[13:04:01.723] [bmv2] [D] [thread 25087] [5.0] [cxt 0] Parser state 'start': key is 86dd
[13:04:01.723] [bmv2] [T] [thread 25087] [5.0] [cxt 0] Bytes parsed: 14
[13:04:01.723] [bmv2] [T] [thread 25087] [5.0] [cxt 0] Skipping checksum 'cksum' verification because target field invalid
[13:04:01.723] [bmv2] [D] [thread 25087] [5.0] [cxt 0] Parser 'parser': end
[13:04:01.723] [bmv2] [D] [thread 25087] [5.0] [cxt 0] Pipeline 'ingress': start
[13:04:01.723] [bmv2] [T] [thread 25087] [5.0] [cxt 0] Applying table 'tbl_act'
[13:04:01.723] [bmv2] [D] [thread 25087] [5.0] [cxt 0] Looking up key:

[13:04:01.723] [bmv2] [D] [thread 25087] [5.0] [cxt 0] Table 'tbl_act': miss
[13:04:01.723] [bmv2] [D] [thread 25087] [5.0] [cxt 0] Action entry is act_7 - 
[13:04:01.723] [bmv2] [T] [thread 25087] [5.0] [cxt 0] Action act_7
[13:04:01.723] [bmv2] [T] [thread 25087] [5.0] [cxt 0] Primitive (no source info)
[13:04:01.723] [bmv2] [T] [thread 25087] [5.0] [cxt 0] simple.p4(109) Primitive bit<32> apply_index=0;
[13:04:01.723] [bmv2] [T] [thread 25087] [5.0] [cxt 0] simple.p4(237) Condition "hdr.ipv4.isValid()" (node_3) is false
[13:04:01.723] [bmv2] [D] [thread 25087] [5.0] [cxt 0] Pipeline 'ingress': end
[13:04:01.723] [bmv2] [D] [thread 25087] [5.0] [cxt 0] Egress port is 0
[13:04:01.723] [bmv2] [D] [thread 25088] [5.0] [cxt 0] Pipeline 'egress': start
[13:04:01.723] [bmv2] [D] [thread 25088] [5.0] [cxt 0] Pipeline 'egress': end
[13:04:01.723] [bmv2] [D] [thread 25088] [5.0] [cxt 0] Deparser 'deparser': start
[13:04:01.723] [bmv2] [T] [thread 25088] [5.0] [cxt 0] Skipping checksum 'cksum' update because condition not met
[13:04:01.723] [bmv2] [D] [thread 25088] [5.0] [cxt 0] Deparsing header 'ethernet'
[13:04:01.723] [bmv2] [D] [thread 25088] [5.0] [cxt 0] Deparser 'deparser': end
[13:04:01.723] [bmv2] [D] [thread 25092] [5.0] [cxt 0] Transmitting packet of size 70 out of port 0
[13:04:03.243] [bmv2] [D] [thread 25087] [6.0] [cxt 0] Processing packet received on port 2
[13:04:03.243] [bmv2] [D] [thread 25087] [6.0] [cxt 0] Parser 'parser': start
[13:04:03.243] [bmv2] [D] [thread 25087] [6.0] [cxt 0] Parser 'parser' entering state 'start'
[13:04:03.243] [bmv2] [D] [thread 25087] [6.0] [cxt 0] Extracting header 'ethernet'
[13:04:03.243] [bmv2] [D] [thread 25087] [6.0] [cxt 0] Parser state 'start': key is 86dd
[13:04:03.243] [bmv2] [T] [thread 25087] [6.0] [cxt 0] Bytes parsed: 14
[13:04:03.243] [bmv2] [T] [thread 25087] [6.0] [cxt 0] Skipping checksum 'cksum' verification because target field invalid
[13:04:03.243] [bmv2] [D] [thread 25087] [6.0] [cxt 0] Parser 'parser': end
[13:04:03.243] [bmv2] [D] [thread 25087] [6.0] [cxt 0] Pipeline 'ingress': start
[13:04:03.243] [bmv2] [T] [thread 25087] [6.0] [cxt 0] Applying table 'tbl_act'
[13:04:03.243] [bmv2] [D] [thread 25087] [6.0] [cxt 0] Looking up key:

[13:04:03.243] [bmv2] [D] [thread 25087] [6.0] [cxt 0] Table 'tbl_act': miss
[13:04:03.243] [bmv2] [D] [thread 25087] [6.0] [cxt 0] Action entry is act_7 - 
[13:04:03.243] [bmv2] [T] [thread 25087] [6.0] [cxt 0] Action act_7
[13:04:03.243] [bmv2] [T] [thread 25087] [6.0] [cxt 0] Primitive (no source info)
[13:04:03.243] [bmv2] [T] [thread 25087] [6.0] [cxt 0] simple.p4(109) Primitive bit<32> apply_index=0;
[13:04:03.243] [bmv2] [T] [thread 25087] [6.0] [cxt 0] simple.p4(237) Condition "hdr.ipv4.isValid()" (node_3) is false
[13:04:03.243] [bmv2] [D] [thread 25087] [6.0] [cxt 0] Pipeline 'ingress': end
[13:04:03.243] [bmv2] [D] [thread 25087] [6.0] [cxt 0] Egress port is 0
[13:04:03.244] [bmv2] [D] [thread 25088] [6.0] [cxt 0] Pipeline 'egress': start
[13:04:03.244] [bmv2] [D] [thread 25088] [6.0] [cxt 0] Pipeline 'egress': end
[13:04:03.244] [bmv2] [D] [thread 25088] [6.0] [cxt 0] Deparser 'deparser': start
[13:04:03.244] [bmv2] [T] [thread 25088] [6.0] [cxt 0] Skipping checksum 'cksum' update because condition not met
[13:04:03.244] [bmv2] [D] [thread 25088] [6.0] [cxt 0] Deparsing header 'ethernet'
[13:04:03.244] [bmv2] [D] [thread 25088] [6.0] [cxt 0] Deparser 'deparser': end
[13:04:03.244] [bmv2] [D] [thread 25092] [6.0] [cxt 0] Transmitting packet of size 203 out of port 0
[13:04:03.844] [bmv2] [D] [thread 25087] [7.0] [cxt 0] Processing packet received on port 2
[13:04:03.844] [bmv2] [D] [thread 25087] [7.0] [cxt 0] Parser 'parser': start
[13:04:03.844] [bmv2] [D] [thread 25087] [7.0] [cxt 0] Parser 'parser' entering state 'start'
[13:04:03.844] [bmv2] [D] [thread 25087] [7.0] [cxt 0] Extracting header 'ethernet'
[13:04:03.844] [bmv2] [D] [thread 25087] [7.0] [cxt 0] Parser state 'start': key is 86dd
[13:04:03.844] [bmv2] [T] [thread 25087] [7.0] [cxt 0] Bytes parsed: 14
[13:04:03.844] [bmv2] [T] [thread 25087] [7.0] [cxt 0] Skipping checksum 'cksum' verification because target field invalid
[13:04:03.844] [bmv2] [D] [thread 25087] [7.0] [cxt 0] Parser 'parser': end
[13:04:03.845] [bmv2] [D] [thread 25087] [7.0] [cxt 0] Pipeline 'ingress': start
[13:04:03.845] [bmv2] [T] [thread 25087] [7.0] [cxt 0] Applying table 'tbl_act'
[13:04:03.845] [bmv2] [D] [thread 25087] [7.0] [cxt 0] Looking up key:

[13:04:03.845] [bmv2] [D] [thread 25087] [7.0] [cxt 0] Table 'tbl_act': miss
[13:04:03.845] [bmv2] [D] [thread 25087] [7.0] [cxt 0] Action entry is act_7 - 
[13:04:03.845] [bmv2] [T] [thread 25087] [7.0] [cxt 0] Action act_7
[13:04:03.845] [bmv2] [T] [thread 25087] [7.0] [cxt 0] Primitive (no source info)
[13:04:03.845] [bmv2] [T] [thread 25087] [7.0] [cxt 0] simple.p4(109) Primitive bit<32> apply_index=0;
[13:04:03.845] [bmv2] [T] [thread 25087] [7.0] [cxt 0] simple.p4(237) Condition "hdr.ipv4.isValid()" (node_3) is false
[13:04:03.845] [bmv2] [D] [thread 25087] [7.0] [cxt 0] Pipeline 'ingress': end
[13:04:03.845] [bmv2] [D] [thread 25087] [7.0] [cxt 0] Egress port is 0
[13:04:03.845] [bmv2] [D] [thread 25088] [7.0] [cxt 0] Pipeline 'egress': start
[13:04:03.846] [bmv2] [D] [thread 25088] [7.0] [cxt 0] Pipeline 'egress': end
[13:04:03.846] [bmv2] [D] [thread 25088] [7.0] [cxt 0] Deparser 'deparser': start
[13:04:03.846] [bmv2] [T] [thread 25088] [7.0] [cxt 0] Skipping checksum 'cksum' update because condition not met
[13:04:03.846] [bmv2] [D] [thread 25088] [7.0] [cxt 0] Deparsing header 'ethernet'
[13:04:03.846] [bmv2] [D] [thread 25088] [7.0] [cxt 0] Deparser 'deparser': end
[13:04:03.846] [bmv2] [D] [thread 25092] [7.0] [cxt 0] Transmitting packet of size 203 out of port 0
[13:04:14.267] [bmv2] [D] [thread 25087] [8.0] [cxt 0] Processing packet received on port 2
[13:04:14.267] [bmv2] [D] [thread 25087] [8.0] [cxt 0] Parser 'parser': start
[13:04:14.267] [bmv2] [D] [thread 25087] [8.0] [cxt 0] Parser 'parser' entering state 'start'
[13:04:14.267] [bmv2] [D] [thread 25087] [8.0] [cxt 0] Extracting header 'ethernet'
[13:04:14.267] [bmv2] [D] [thread 25087] [8.0] [cxt 0] Parser state 'start': key is 86dd
[13:04:14.267] [bmv2] [T] [thread 25087] [8.0] [cxt 0] Bytes parsed: 14
[13:04:14.267] [bmv2] [T] [thread 25087] [8.0] [cxt 0] Skipping checksum 'cksum' verification because target field invalid
[13:04:14.267] [bmv2] [D] [thread 25087] [8.0] [cxt 0] Parser 'parser': end
[13:04:14.267] [bmv2] [D] [thread 25087] [8.0] [cxt 0] Pipeline 'ingress': start
[13:04:14.267] [bmv2] [T] [thread 25087] [8.0] [cxt 0] Applying table 'tbl_act'
[13:04:14.268] [bmv2] [D] [thread 25087] [8.0] [cxt 0] Looking up key:

[13:04:14.268] [bmv2] [D] [thread 25087] [8.0] [cxt 0] Table 'tbl_act': miss
[13:04:14.268] [bmv2] [D] [thread 25087] [8.0] [cxt 0] Action entry is act_7 - 
[13:04:14.268] [bmv2] [T] [thread 25087] [8.0] [cxt 0] Action act_7
[13:04:14.268] [bmv2] [T] [thread 25087] [8.0] [cxt 0] Primitive (no source info)
[13:04:14.268] [bmv2] [T] [thread 25087] [8.0] [cxt 0] simple.p4(109) Primitive bit<32> apply_index=0;
[13:04:14.268] [bmv2] [T] [thread 25087] [8.0] [cxt 0] simple.p4(237) Condition "hdr.ipv4.isValid()" (node_3) is false
[13:04:14.268] [bmv2] [D] [thread 25087] [8.0] [cxt 0] Pipeline 'ingress': end
[13:04:14.268] [bmv2] [D] [thread 25087] [8.0] [cxt 0] Egress port is 0
[13:04:14.268] [bmv2] [D] [thread 25088] [8.0] [cxt 0] Pipeline 'egress': start
[13:04:14.268] [bmv2] [D] [thread 25088] [8.0] [cxt 0] Pipeline 'egress': end
[13:04:14.268] [bmv2] [D] [thread 25088] [8.0] [cxt 0] Deparser 'deparser': start
[13:04:14.268] [bmv2] [T] [thread 25088] [8.0] [cxt 0] Skipping checksum 'cksum' update because condition not met
[13:04:14.268] [bmv2] [D] [thread 25088] [8.0] [cxt 0] Deparsing header 'ethernet'
[13:04:14.268] [bmv2] [D] [thread 25088] [8.0] [cxt 0] Deparser 'deparser': end
[13:04:14.268] [bmv2] [D] [thread 25092] [8.0] [cxt 0] Transmitting packet of size 70 out of port 0
[13:04:15.551] [bmv2] [D] [thread 25087] [9.0] [cxt 0] Processing packet received on port 1
[13:04:15.551] [bmv2] [D] [thread 25087] [9.0] [cxt 0] Parser 'parser': start
[13:04:15.551] [bmv2] [D] [thread 25087] [9.0] [cxt 0] Parser 'parser' entering state 'start'
[13:04:15.551] [bmv2] [D] [thread 25087] [9.0] [cxt 0] Extracting header 'ethernet'
[13:04:15.552] [bmv2] [D] [thread 25087] [9.0] [cxt 0] Parser state 'start': key is 86dd
[13:04:15.552] [bmv2] [T] [thread 25087] [9.0] [cxt 0] Bytes parsed: 14
[13:04:15.552] [bmv2] [T] [thread 25087] [9.0] [cxt 0] Skipping checksum 'cksum' verification because target field invalid
[13:04:15.552] [bmv2] [D] [thread 25087] [9.0] [cxt 0] Parser 'parser': end
[13:04:15.552] [bmv2] [D] [thread 25087] [9.0] [cxt 0] Pipeline 'ingress': start
[13:04:15.552] [bmv2] [T] [thread 25087] [9.0] [cxt 0] Applying table 'tbl_act'
[13:04:15.552] [bmv2] [D] [thread 25087] [9.0] [cxt 0] Looking up key:

[13:04:15.552] [bmv2] [D] [thread 25087] [9.0] [cxt 0] Table 'tbl_act': miss
[13:04:15.552] [bmv2] [D] [thread 25087] [9.0] [cxt 0] Action entry is act_7 - 
[13:04:15.552] [bmv2] [T] [thread 25087] [9.0] [cxt 0] Action act_7
[13:04:15.552] [bmv2] [T] [thread 25087] [9.0] [cxt 0] Primitive (no source info)
[13:04:15.552] [bmv2] [T] [thread 25087] [9.0] [cxt 0] simple.p4(109) Primitive bit<32> apply_index=0;
[13:04:15.552] [bmv2] [T] [thread 25087] [9.0] [cxt 0] simple.p4(237) Condition "hdr.ipv4.isValid()" (node_3) is false
[13:04:15.552] [bmv2] [D] [thread 25087] [9.0] [cxt 0] Pipeline 'ingress': end
[13:04:15.552] [bmv2] [D] [thread 25087] [9.0] [cxt 0] Egress port is 0
[13:04:15.552] [bmv2] [D] [thread 25088] [9.0] [cxt 0] Pipeline 'egress': start
[13:04:15.552] [bmv2] [D] [thread 25088] [9.0] [cxt 0] Pipeline 'egress': end
[13:04:15.552] [bmv2] [D] [thread 25088] [9.0] [cxt 0] Deparser 'deparser': start
[13:04:15.552] [bmv2] [T] [thread 25088] [9.0] [cxt 0] Skipping checksum 'cksum' update because condition not met
[13:04:15.552] [bmv2] [D] [thread 25088] [9.0] [cxt 0] Deparsing header 'ethernet'
[13:04:15.552] [bmv2] [D] [thread 25088] [9.0] [cxt 0] Deparser 'deparser': end
[13:04:15.552] [bmv2] [D] [thread 25092] [9.0] [cxt 0] Transmitting packet of size 70 out of port 0
[13:04:17.605] [bmv2] [D] [thread 25087] [10.0] [cxt 0] Processing packet received on port 1
[13:04:17.605] [bmv2] [D] [thread 25087] [10.0] [cxt 0] Parser 'parser': start
[13:04:17.605] [bmv2] [D] [thread 25087] [10.0] [cxt 0] Parser 'parser' entering state 'start'
[13:04:17.605] [bmv2] [D] [thread 25087] [10.0] [cxt 0] Extracting header 'ethernet'
[13:04:17.605] [bmv2] [D] [thread 25087] [10.0] [cxt 0] Parser state 'start': key is 86dd
[13:04:17.605] [bmv2] [T] [thread 25087] [10.0] [cxt 0] Bytes parsed: 14
[13:04:17.605] [bmv2] [T] [thread 25087] [10.0] [cxt 0] Skipping checksum 'cksum' verification because target field invalid
[13:04:17.605] [bmv2] [D] [thread 25087] [10.0] [cxt 0] Parser 'parser': end
[13:04:17.605] [bmv2] [D] [thread 25087] [10.0] [cxt 0] Pipeline 'ingress': start
[13:04:17.605] [bmv2] [T] [thread 25087] [10.0] [cxt 0] Applying table 'tbl_act'
[13:04:17.605] [bmv2] [D] [thread 25087] [10.0] [cxt 0] Looking up key:

[13:04:17.605] [bmv2] [D] [thread 25087] [10.0] [cxt 0] Table 'tbl_act': miss
[13:04:17.605] [bmv2] [D] [thread 25087] [10.0] [cxt 0] Action entry is act_7 - 
[13:04:17.605] [bmv2] [T] [thread 25087] [10.0] [cxt 0] Action act_7
[13:04:17.605] [bmv2] [T] [thread 25087] [10.0] [cxt 0] Primitive (no source info)
[13:04:17.605] [bmv2] [T] [thread 25087] [10.0] [cxt 0] simple.p4(109) Primitive bit<32> apply_index=0;
[13:04:17.606] [bmv2] [T] [thread 25087] [10.0] [cxt 0] simple.p4(237) Condition "hdr.ipv4.isValid()" (node_3) is false
[13:04:17.606] [bmv2] [D] [thread 25087] [10.0] [cxt 0] Pipeline 'ingress': end
[13:04:17.606] [bmv2] [D] [thread 25087] [10.0] [cxt 0] Egress port is 0
[13:04:17.606] [bmv2] [D] [thread 25088] [10.0] [cxt 0] Pipeline 'egress': start
[13:04:17.606] [bmv2] [D] [thread 25088] [10.0] [cxt 0] Pipeline 'egress': end
[13:04:17.606] [bmv2] [D] [thread 25088] [10.0] [cxt 0] Deparser 'deparser': start
[13:04:17.606] [bmv2] [T] [thread 25088] [10.0] [cxt 0] Skipping checksum 'cksum' update because condition not met
[13:04:17.606] [bmv2] [D] [thread 25088] [10.0] [cxt 0] Deparsing header 'ethernet'
[13:04:17.606] [bmv2] [D] [thread 25088] [10.0] [cxt 0] Deparser 'deparser': end
[13:04:17.607] [bmv2] [D] [thread 25092] [10.0] [cxt 0] Transmitting packet of size 203 out of port 0
[13:04:19.230] [bmv2] [D] [thread 25087] [11.0] [cxt 0] Processing packet received on port 2
[13:04:19.230] [bmv2] [D] [thread 25087] [11.0] [cxt 0] Parser 'parser': start
[13:04:19.230] [bmv2] [D] [thread 25087] [11.0] [cxt 0] Parser 'parser' entering state 'start'
[13:04:19.230] [bmv2] [D] [thread 25087] [11.0] [cxt 0] Extracting header 'ethernet'
[13:04:19.230] [bmv2] [D] [thread 25087] [11.0] [cxt 0] Parser state 'start': key is 86dd
[13:04:19.230] [bmv2] [T] [thread 25087] [11.0] [cxt 0] Bytes parsed: 14
[13:04:19.230] [bmv2] [T] [thread 25087] [11.0] [cxt 0] Skipping checksum 'cksum' verification because target field invalid
[13:04:19.230] [bmv2] [D] [thread 25087] [11.0] [cxt 0] Parser 'parser': end
[13:04:19.230] [bmv2] [D] [thread 25087] [11.0] [cxt 0] Pipeline 'ingress': start
[13:04:19.230] [bmv2] [T] [thread 25087] [11.0] [cxt 0] Applying table 'tbl_act'
[13:04:19.230] [bmv2] [D] [thread 25087] [11.0] [cxt 0] Looking up key:

[13:04:19.230] [bmv2] [D] [thread 25087] [11.0] [cxt 0] Table 'tbl_act': miss
[13:04:19.230] [bmv2] [D] [thread 25087] [11.0] [cxt 0] Action entry is act_7 - 
[13:04:19.230] [bmv2] [T] [thread 25087] [11.0] [cxt 0] Action act_7
[13:04:19.230] [bmv2] [T] [thread 25087] [11.0] [cxt 0] Primitive (no source info)
[13:04:19.230] [bmv2] [T] [thread 25087] [11.0] [cxt 0] simple.p4(109) Primitive bit<32> apply_index=0;
[13:04:19.230] [bmv2] [T] [thread 25087] [11.0] [cxt 0] simple.p4(237) Condition "hdr.ipv4.isValid()" (node_3) is false
[13:04:19.230] [bmv2] [D] [thread 25087] [11.0] [cxt 0] Pipeline 'ingress': end
[13:04:19.230] [bmv2] [D] [thread 25087] [11.0] [cxt 0] Egress port is 0
[13:04:19.231] [bmv2] [D] [thread 25088] [11.0] [cxt 0] Pipeline 'egress': start
[13:04:19.231] [bmv2] [D] [thread 25088] [11.0] [cxt 0] Pipeline 'egress': end
[13:04:19.231] [bmv2] [D] [thread 25088] [11.0] [cxt 0] Deparser 'deparser': start
[13:04:19.231] [bmv2] [T] [thread 25088] [11.0] [cxt 0] Skipping checksum 'cksum' update because condition not met
[13:04:19.231] [bmv2] [D] [thread 25088] [11.0] [cxt 0] Deparsing header 'ethernet'
[13:04:19.231] [bmv2] [D] [thread 25088] [11.0] [cxt 0] Deparser 'deparser': end
[13:04:19.231] [bmv2] [D] [thread 25092] [11.0] [cxt 0] Transmitting packet of size 203 out of port 0
[13:04:19.645] [bmv2] [D] [thread 25087] [12.0] [cxt 0] Processing packet received on port 2
[13:04:19.645] [bmv2] [D] [thread 25087] [12.0] [cxt 0] Parser 'parser': start
[13:04:19.645] [bmv2] [D] [thread 25087] [12.0] [cxt 0] Parser 'parser' entering state 'start'
[13:04:19.645] [bmv2] [D] [thread 25087] [12.0] [cxt 0] Extracting header 'ethernet'
[13:04:19.646] [bmv2] [D] [thread 25087] [12.0] [cxt 0] Parser state 'start': key is 86dd
[13:04:19.646] [bmv2] [T] [thread 25087] [12.0] [cxt 0] Bytes parsed: 14
[13:04:19.646] [bmv2] [T] [thread 25087] [12.0] [cxt 0] Skipping checksum 'cksum' verification because target field invalid
[13:04:19.646] [bmv2] [D] [thread 25087] [12.0] [cxt 0] Parser 'parser': end
[13:04:19.646] [bmv2] [D] [thread 25087] [12.0] [cxt 0] Pipeline 'ingress': start
[13:04:19.646] [bmv2] [T] [thread 25087] [12.0] [cxt 0] Applying table 'tbl_act'
[13:04:19.646] [bmv2] [D] [thread 25087] [12.0] [cxt 0] Looking up key:

[13:04:19.646] [bmv2] [D] [thread 25087] [12.0] [cxt 0] Table 'tbl_act': miss
[13:04:19.646] [bmv2] [D] [thread 25087] [12.0] [cxt 0] Action entry is act_7 - 
[13:04:19.646] [bmv2] [T] [thread 25087] [12.0] [cxt 0] Action act_7
[13:04:19.646] [bmv2] [T] [thread 25087] [12.0] [cxt 0] Primitive (no source info)
[13:04:19.647] [bmv2] [T] [thread 25087] [12.0] [cxt 0] simple.p4(109) Primitive bit<32> apply_index=0;
[13:04:19.647] [bmv2] [T] [thread 25087] [12.0] [cxt 0] simple.p4(237) Condition "hdr.ipv4.isValid()" (node_3) is false
[13:04:19.647] [bmv2] [D] [thread 25087] [12.0] [cxt 0] Pipeline 'ingress': end
[13:04:19.647] [bmv2] [D] [thread 25087] [12.0] [cxt 0] Egress port is 0
[13:04:19.647] [bmv2] [D] [thread 25088] [12.0] [cxt 0] Pipeline 'egress': start
[13:04:19.647] [bmv2] [D] [thread 25088] [12.0] [cxt 0] Pipeline 'egress': end
[13:04:19.647] [bmv2] [D] [thread 25088] [12.0] [cxt 0] Deparser 'deparser': start
[13:04:19.647] [bmv2] [T] [thread 25088] [12.0] [cxt 0] Skipping checksum 'cksum' update because condition not met
[13:04:19.647] [bmv2] [D] [thread 25088] [12.0] [cxt 0] Deparsing header 'ethernet'
[13:04:19.647] [bmv2] [D] [thread 25088] [12.0] [cxt 0] Deparser 'deparser': end
[13:04:19.653] [bmv2] [D] [thread 25092] [12.0] [cxt 0] Transmitting packet of size 70 out of port 0
[13:04:19.653] [bmv2] [D] [thread 25087] [13.0] [cxt 0] Processing packet received on port 1
[13:04:19.653] [bmv2] [D] [thread 25087] [13.0] [cxt 0] Parser 'parser': start
[13:04:19.653] [bmv2] [D] [thread 25087] [13.0] [cxt 0] Parser 'parser' entering state 'start'
[13:04:19.653] [bmv2] [D] [thread 25087] [13.0] [cxt 0] Extracting header 'ethernet'
[13:04:19.653] [bmv2] [D] [thread 25087] [13.0] [cxt 0] Parser state 'start': key is 86dd
[13:04:19.653] [bmv2] [T] [thread 25087] [13.0] [cxt 0] Bytes parsed: 14
[13:04:19.653] [bmv2] [T] [thread 25087] [13.0] [cxt 0] Skipping checksum 'cksum' verification because target field invalid
[13:04:19.653] [bmv2] [D] [thread 25087] [13.0] [cxt 0] Parser 'parser': end
[13:04:19.653] [bmv2] [D] [thread 25087] [13.0] [cxt 0] Pipeline 'ingress': start
[13:04:19.653] [bmv2] [T] [thread 25087] [13.0] [cxt 0] Applying table 'tbl_act'
[13:04:19.653] [bmv2] [D] [thread 25087] [13.0] [cxt 0] Looking up key:

[13:04:19.653] [bmv2] [D] [thread 25087] [13.0] [cxt 0] Table 'tbl_act': miss
[13:04:19.653] [bmv2] [D] [thread 25087] [13.0] [cxt 0] Action entry is act_7 - 
[13:04:19.653] [bmv2] [T] [thread 25087] [13.0] [cxt 0] Action act_7
[13:04:19.653] [bmv2] [T] [thread 25087] [13.0] [cxt 0] Primitive (no source info)
[13:04:19.653] [bmv2] [T] [thread 25087] [13.0] [cxt 0] simple.p4(109) Primitive bit<32> apply_index=0;
[13:04:19.653] [bmv2] [T] [thread 25087] [13.0] [cxt 0] simple.p4(237) Condition "hdr.ipv4.isValid()" (node_3) is false
[13:04:19.654] [bmv2] [D] [thread 25087] [13.0] [cxt 0] Pipeline 'ingress': end
[13:04:19.654] [bmv2] [D] [thread 25087] [13.0] [cxt 0] Egress port is 0
[13:04:19.654] [bmv2] [D] [thread 25088] [13.0] [cxt 0] Pipeline 'egress': start
[13:04:19.654] [bmv2] [D] [thread 25088] [13.0] [cxt 0] Pipeline 'egress': end
[13:04:19.654] [bmv2] [D] [thread 25088] [13.0] [cxt 0] Deparser 'deparser': start
[13:04:19.654] [bmv2] [T] [thread 25088] [13.0] [cxt 0] Skipping checksum 'cksum' update because condition not met
[13:04:19.654] [bmv2] [D] [thread 25088] [13.0] [cxt 0] Deparsing header 'ethernet'
[13:04:19.654] [bmv2] [D] [thread 25088] [13.0] [cxt 0] Deparser 'deparser': end
[13:04:19.654] [bmv2] [D] [thread 25092] [13.0] [cxt 0] Transmitting packet of size 70 out of port 0
[13:04:19.844] [bmv2] [D] [thread 25087] [14.0] [cxt 0] Processing packet received on port 2
[13:04:19.844] [bmv2] [D] [thread 25087] [14.0] [cxt 0] Parser 'parser': start
[13:04:19.844] [bmv2] [D] [thread 25087] [14.0] [cxt 0] Parser 'parser' entering state 'start'
[13:04:19.844] [bmv2] [D] [thread 25087] [14.0] [cxt 0] Extracting header 'ethernet'
[13:04:19.845] [bmv2] [D] [thread 25087] [14.0] [cxt 0] Parser state 'start': key is 86dd
[13:04:19.845] [bmv2] [T] [thread 25087] [14.0] [cxt 0] Bytes parsed: 14
[13:04:19.845] [bmv2] [T] [thread 25087] [14.0] [cxt 0] Skipping checksum 'cksum' verification because target field invalid
[13:04:19.845] [bmv2] [D] [thread 25087] [14.0] [cxt 0] Parser 'parser': end
[13:04:19.845] [bmv2] [D] [thread 25087] [14.0] [cxt 0] Pipeline 'ingress': start
[13:04:19.845] [bmv2] [T] [thread 25087] [14.0] [cxt 0] Applying table 'tbl_act'
[13:04:19.845] [bmv2] [D] [thread 25087] [14.0] [cxt 0] Looking up key:

[13:04:19.845] [bmv2] [D] [thread 25087] [14.0] [cxt 0] Table 'tbl_act': miss
[13:04:19.845] [bmv2] [D] [thread 25087] [14.0] [cxt 0] Action entry is act_7 - 
[13:04:19.845] [bmv2] [T] [thread 25087] [14.0] [cxt 0] Action act_7
[13:04:19.845] [bmv2] [T] [thread 25087] [14.0] [cxt 0] Primitive (no source info)
[13:04:19.845] [bmv2] [T] [thread 25087] [14.0] [cxt 0] simple.p4(109) Primitive bit<32> apply_index=0;
[13:04:19.845] [bmv2] [T] [thread 25087] [14.0] [cxt 0] simple.p4(237) Condition "hdr.ipv4.isValid()" (node_3) is false
[13:04:19.845] [bmv2] [D] [thread 25087] [14.0] [cxt 0] Pipeline 'ingress': end
[13:04:19.845] [bmv2] [D] [thread 25087] [14.0] [cxt 0] Egress port is 0
[13:04:19.846] [bmv2] [D] [thread 25088] [14.0] [cxt 0] Pipeline 'egress': start
[13:04:19.846] [bmv2] [D] [thread 25088] [14.0] [cxt 0] Pipeline 'egress': end
[13:04:19.846] [bmv2] [D] [thread 25088] [14.0] [cxt 0] Deparser 'deparser': start
[13:04:19.846] [bmv2] [T] [thread 25088] [14.0] [cxt 0] Skipping checksum 'cksum' update because condition not met
[13:04:19.846] [bmv2] [D] [thread 25088] [14.0] [cxt 0] Deparsing header 'ethernet'
[13:04:19.846] [bmv2] [D] [thread 25088] [14.0] [cxt 0] Deparser 'deparser': end
[13:04:19.846] [bmv2] [D] [thread 25092] [14.0] [cxt 0] Transmitting packet of size 203 out of port 0
[13:04:44.217] [bmv2] [D] [thread 25087] [15.0] [cxt 0] Processing packet received on port 2
[13:04:44.218] [bmv2] [D] [thread 25087] [15.0] [cxt 0] Parser 'parser': start
[13:04:44.218] [bmv2] [D] [thread 25087] [15.0] [cxt 0] Parser 'parser' entering state 'start'
[13:04:44.218] [bmv2] [D] [thread 25087] [15.0] [cxt 0] Extracting header 'ethernet'
[13:04:44.218] [bmv2] [D] [thread 25087] [15.0] [cxt 0] Parser state 'start': key is 86dd
[13:04:44.218] [bmv2] [T] [thread 25087] [15.0] [cxt 0] Bytes parsed: 14
[13:04:44.218] [bmv2] [T] [thread 25087] [15.0] [cxt 0] Skipping checksum 'cksum' verification because target field invalid
[13:04:44.218] [bmv2] [D] [thread 25087] [15.0] [cxt 0] Parser 'parser': end
[13:04:44.218] [bmv2] [D] [thread 25087] [15.0] [cxt 0] Pipeline 'ingress': start
[13:04:44.218] [bmv2] [T] [thread 25087] [15.0] [cxt 0] Applying table 'tbl_act'
[13:04:44.218] [bmv2] [D] [thread 25087] [15.0] [cxt 0] Looking up key:

[13:04:44.218] [bmv2] [D] [thread 25087] [15.0] [cxt 0] Table 'tbl_act': miss
[13:04:44.218] [bmv2] [D] [thread 25087] [15.0] [cxt 0] Action entry is act_7 - 
[13:04:44.218] [bmv2] [T] [thread 25087] [15.0] [cxt 0] Action act_7
[13:04:44.218] [bmv2] [T] [thread 25087] [15.0] [cxt 0] Primitive (no source info)
[13:04:44.218] [bmv2] [T] [thread 25087] [15.0] [cxt 0] simple.p4(109) Primitive bit<32> apply_index=0;
[13:04:44.218] [bmv2] [T] [thread 25087] [15.0] [cxt 0] simple.p4(237) Condition "hdr.ipv4.isValid()" (node_3) is false
[13:04:44.218] [bmv2] [D] [thread 25087] [15.0] [cxt 0] Pipeline 'ingress': end
[13:04:44.218] [bmv2] [D] [thread 25087] [15.0] [cxt 0] Egress port is 0
[13:04:44.218] [bmv2] [D] [thread 25088] [15.0] [cxt 0] Pipeline 'egress': start
[13:04:44.218] [bmv2] [D] [thread 25088] [15.0] [cxt 0] Pipeline 'egress': end
[13:04:44.218] [bmv2] [D] [thread 25088] [15.0] [cxt 0] Deparser 'deparser': start
[13:04:44.218] [bmv2] [T] [thread 25088] [15.0] [cxt 0] Skipping checksum 'cksum' update because condition not met
[13:04:44.218] [bmv2] [D] [thread 25088] [15.0] [cxt 0] Deparsing header 'ethernet'
[13:04:44.218] [bmv2] [D] [thread 25088] [15.0] [cxt 0] Deparser 'deparser': end
[13:04:44.218] [bmv2] [D] [thread 25092] [15.0] [cxt 0] Transmitting packet of size 70 out of port 0
[13:04:49.600] [bmv2] [D] [thread 25087] [16.0] [cxt 0] Processing packet received on port 1
[13:04:49.600] [bmv2] [D] [thread 25087] [16.0] [cxt 0] Parser 'parser': start
[13:04:49.600] [bmv2] [D] [thread 25087] [16.0] [cxt 0] Parser 'parser' entering state 'start'
[13:04:49.600] [bmv2] [D] [thread 25087] [16.0] [cxt 0] Extracting header 'ethernet'
[13:04:49.600] [bmv2] [D] [thread 25087] [16.0] [cxt 0] Parser state 'start': key is 86dd
[13:04:49.600] [bmv2] [T] [thread 25087] [16.0] [cxt 0] Bytes parsed: 14
[13:04:49.600] [bmv2] [T] [thread 25087] [16.0] [cxt 0] Skipping checksum 'cksum' verification because target field invalid
[13:04:49.600] [bmv2] [D] [thread 25087] [16.0] [cxt 0] Parser 'parser': end
[13:04:49.600] [bmv2] [D] [thread 25087] [16.0] [cxt 0] Pipeline 'ingress': start
[13:04:49.600] [bmv2] [T] [thread 25087] [16.0] [cxt 0] Applying table 'tbl_act'
[13:04:49.600] [bmv2] [D] [thread 25087] [16.0] [cxt 0] Looking up key:

[13:04:49.600] [bmv2] [D] [thread 25087] [16.0] [cxt 0] Table 'tbl_act': miss
[13:04:49.600] [bmv2] [D] [thread 25087] [16.0] [cxt 0] Action entry is act_7 - 
[13:04:49.600] [bmv2] [T] [thread 25087] [16.0] [cxt 0] Action act_7
[13:04:49.600] [bmv2] [T] [thread 25087] [16.0] [cxt 0] Primitive (no source info)
[13:04:49.600] [bmv2] [T] [thread 25087] [16.0] [cxt 0] simple.p4(109) Primitive bit<32> apply_index=0;
[13:04:49.600] [bmv2] [T] [thread 25087] [16.0] [cxt 0] simple.p4(237) Condition "hdr.ipv4.isValid()" (node_3) is false
[13:04:49.600] [bmv2] [D] [thread 25087] [16.0] [cxt 0] Pipeline 'ingress': end
[13:04:49.600] [bmv2] [D] [thread 25087] [16.0] [cxt 0] Egress port is 0
[13:04:49.600] [bmv2] [D] [thread 25088] [16.0] [cxt 0] Pipeline 'egress': start
[13:04:49.600] [bmv2] [D] [thread 25088] [16.0] [cxt 0] Pipeline 'egress': end
[13:04:49.600] [bmv2] [D] [thread 25088] [16.0] [cxt 0] Deparser 'deparser': start
[13:04:49.600] [bmv2] [T] [thread 25088] [16.0] [cxt 0] Skipping checksum 'cksum' update because condition not met
[13:04:49.600] [bmv2] [D] [thread 25088] [16.0] [cxt 0] Deparsing header 'ethernet'
[13:04:49.601] [bmv2] [D] [thread 25088] [16.0] [cxt 0] Deparser 'deparser': end
[13:04:49.601] [bmv2] [D] [thread 25092] [16.0] [cxt 0] Transmitting packet of size 203 out of port 0
[13:04:50.363] [bmv2] [D] [thread 25087] [17.0] [cxt 0] Processing packet received on port 1
[13:04:50.363] [bmv2] [D] [thread 25087] [17.0] [cxt 0] Parser 'parser': start
[13:04:50.363] [bmv2] [D] [thread 25087] [17.0] [cxt 0] Parser 'parser' entering state 'start'
[13:04:50.363] [bmv2] [D] [thread 25087] [17.0] [cxt 0] Extracting header 'ethernet'
[13:04:50.363] [bmv2] [D] [thread 25087] [17.0] [cxt 0] Parser state 'start': key is 86dd
[13:04:50.363] [bmv2] [T] [thread 25087] [17.0] [cxt 0] Bytes parsed: 14
[13:04:50.363] [bmv2] [T] [thread 25087] [17.0] [cxt 0] Skipping checksum 'cksum' verification because target field invalid
[13:04:50.364] [bmv2] [D] [thread 25087] [17.0] [cxt 0] Parser 'parser': end
[13:04:50.364] [bmv2] [D] [thread 25087] [17.0] [cxt 0] Pipeline 'ingress': start
[13:04:50.364] [bmv2] [T] [thread 25087] [17.0] [cxt 0] Applying table 'tbl_act'
[13:04:50.364] [bmv2] [D] [thread 25087] [17.0] [cxt 0] Looking up key:

[13:04:50.364] [bmv2] [D] [thread 25087] [17.0] [cxt 0] Table 'tbl_act': miss
[13:04:50.364] [bmv2] [D] [thread 25087] [17.0] [cxt 0] Action entry is act_7 - 
[13:04:50.364] [bmv2] [T] [thread 25087] [17.0] [cxt 0] Action act_7
[13:04:50.364] [bmv2] [T] [thread 25087] [17.0] [cxt 0] Primitive (no source info)
[13:04:50.364] [bmv2] [T] [thread 25087] [17.0] [cxt 0] simple.p4(109) Primitive bit<32> apply_index=0;
[13:04:50.364] [bmv2] [T] [thread 25087] [17.0] [cxt 0] simple.p4(237) Condition "hdr.ipv4.isValid()" (node_3) is false
[13:04:50.364] [bmv2] [D] [thread 25087] [17.0] [cxt 0] Pipeline 'ingress': end
[13:04:50.364] [bmv2] [D] [thread 25087] [17.0] [cxt 0] Egress port is 0
[13:04:50.364] [bmv2] [D] [thread 25088] [17.0] [cxt 0] Pipeline 'egress': start
[13:04:50.364] [bmv2] [D] [thread 25088] [17.0] [cxt 0] Pipeline 'egress': end
[13:04:50.364] [bmv2] [D] [thread 25088] [17.0] [cxt 0] Deparser 'deparser': start
[13:04:50.364] [bmv2] [T] [thread 25088] [17.0] [cxt 0] Skipping checksum 'cksum' update because condition not met
[13:04:50.364] [bmv2] [D] [thread 25088] [17.0] [cxt 0] Deparsing header 'ethernet'
[13:04:50.364] [bmv2] [D] [thread 25088] [17.0] [cxt 0] Deparser 'deparser': end
[13:04:50.364] [bmv2] [D] [thread 25092] [17.0] [cxt 0] Transmitting packet of size 70 out of port 0
[13:04:51.231] [bmv2] [D] [thread 25087] [18.0] [cxt 0] Processing packet received on port 2
[13:04:51.231] [bmv2] [D] [thread 25087] [18.0] [cxt 0] Parser 'parser': start
[13:04:51.231] [bmv2] [D] [thread 25087] [18.0] [cxt 0] Parser 'parser' entering state 'start'
[13:04:51.231] [bmv2] [D] [thread 25087] [18.0] [cxt 0] Extracting header 'ethernet'
[13:04:51.231] [bmv2] [D] [thread 25087] [18.0] [cxt 0] Parser state 'start': key is 86dd
[13:04:51.231] [bmv2] [T] [thread 25087] [18.0] [cxt 0] Bytes parsed: 14
[13:04:51.231] [bmv2] [T] [thread 25087] [18.0] [cxt 0] Skipping checksum 'cksum' verification because target field invalid
[13:04:51.231] [bmv2] [D] [thread 25087] [18.0] [cxt 0] Parser 'parser': end
[13:04:51.231] [bmv2] [D] [thread 25087] [18.0] [cxt 0] Pipeline 'ingress': start
[13:04:51.231] [bmv2] [T] [thread 25087] [18.0] [cxt 0] Applying table 'tbl_act'
[13:04:51.231] [bmv2] [D] [thread 25087] [18.0] [cxt 0] Looking up key:

[13:04:51.232] [bmv2] [D] [thread 25087] [18.0] [cxt 0] Table 'tbl_act': miss
[13:04:51.232] [bmv2] [D] [thread 25087] [18.0] [cxt 0] Action entry is act_7 - 
[13:04:51.232] [bmv2] [T] [thread 25087] [18.0] [cxt 0] Action act_7
[13:04:51.232] [bmv2] [T] [thread 25087] [18.0] [cxt 0] Primitive (no source info)
[13:04:51.232] [bmv2] [T] [thread 25087] [18.0] [cxt 0] simple.p4(109) Primitive bit<32> apply_index=0;
[13:04:51.232] [bmv2] [T] [thread 25087] [18.0] [cxt 0] simple.p4(237) Condition "hdr.ipv4.isValid()" (node_3) is false
[13:04:51.232] [bmv2] [D] [thread 25087] [18.0] [cxt 0] Pipeline 'ingress': end
[13:04:51.232] [bmv2] [D] [thread 25087] [18.0] [cxt 0] Egress port is 0
[13:04:51.232] [bmv2] [D] [thread 25088] [18.0] [cxt 0] Pipeline 'egress': start
[13:04:51.232] [bmv2] [D] [thread 25088] [18.0] [cxt 0] Pipeline 'egress': end
[13:04:51.232] [bmv2] [D] [thread 25088] [18.0] [cxt 0] Deparser 'deparser': start
[13:04:51.232] [bmv2] [T] [thread 25088] [18.0] [cxt 0] Skipping checksum 'cksum' update because condition not met
[13:04:51.232] [bmv2] [D] [thread 25088] [18.0] [cxt 0] Deparsing header 'ethernet'
[13:04:51.232] [bmv2] [D] [thread 25088] [18.0] [cxt 0] Deparser 'deparser': end
[13:04:51.232] [bmv2] [D] [thread 25092] [18.0] [cxt 0] Transmitting packet of size 203 out of port 0
[13:04:51.848] [bmv2] [D] [thread 25087] [19.0] [cxt 0] Processing packet received on port 2
[13:04:51.848] [bmv2] [D] [thread 25087] [19.0] [cxt 0] Parser 'parser': start
[13:04:51.848] [bmv2] [D] [thread 25087] [19.0] [cxt 0] Parser 'parser' entering state 'start'
[13:04:51.848] [bmv2] [D] [thread 25087] [19.0] [cxt 0] Extracting header 'ethernet'
[13:04:51.848] [bmv2] [D] [thread 25087] [19.0] [cxt 0] Parser state 'start': key is 86dd
[13:04:51.848] [bmv2] [T] [thread 25087] [19.0] [cxt 0] Bytes parsed: 14
[13:04:51.848] [bmv2] [T] [thread 25087] [19.0] [cxt 0] Skipping checksum 'cksum' verification because target field invalid
[13:04:51.848] [bmv2] [D] [thread 25087] [19.0] [cxt 0] Parser 'parser': end
[13:04:51.848] [bmv2] [D] [thread 25087] [19.0] [cxt 0] Pipeline 'ingress': start
[13:04:51.848] [bmv2] [T] [thread 25087] [19.0] [cxt 0] Applying table 'tbl_act'
[13:04:51.848] [bmv2] [D] [thread 25087] [19.0] [cxt 0] Looking up key:

[13:04:51.848] [bmv2] [D] [thread 25087] [19.0] [cxt 0] Table 'tbl_act': miss
[13:04:51.848] [bmv2] [D] [thread 25087] [19.0] [cxt 0] Action entry is act_7 - 
[13:04:51.848] [bmv2] [T] [thread 25087] [19.0] [cxt 0] Action act_7
[13:04:51.848] [bmv2] [T] [thread 25087] [19.0] [cxt 0] Primitive (no source info)
[13:04:51.848] [bmv2] [T] [thread 25087] [19.0] [cxt 0] simple.p4(109) Primitive bit<32> apply_index=0;
[13:04:51.848] [bmv2] [T] [thread 25087] [19.0] [cxt 0] simple.p4(237) Condition "hdr.ipv4.isValid()" (node_3) is false
[13:04:51.848] [bmv2] [D] [thread 25087] [19.0] [cxt 0] Pipeline 'ingress': end
[13:04:51.848] [bmv2] [D] [thread 25087] [19.0] [cxt 0] Egress port is 0
[13:04:51.848] [bmv2] [D] [thread 25088] [19.0] [cxt 0] Pipeline 'egress': start
[13:04:51.848] [bmv2] [D] [thread 25088] [19.0] [cxt 0] Pipeline 'egress': end
[13:04:51.848] [bmv2] [D] [thread 25088] [19.0] [cxt 0] Deparser 'deparser': start
[13:04:51.849] [bmv2] [T] [thread 25088] [19.0] [cxt 0] Skipping checksum 'cksum' update because condition not met
[13:04:51.849] [bmv2] [D] [thread 25088] [19.0] [cxt 0] Deparsing header 'ethernet'
[13:04:51.849] [bmv2] [D] [thread 25088] [19.0] [cxt 0] Deparser 'deparser': end
[13:04:51.849] [bmv2] [D] [thread 25092] [19.0] [cxt 0] Transmitting packet of size 203 out of port 0
[13:04:54.460] [bmv2] [D] [thread 25087] [20.0] [cxt 0] Processing packet received on port 2
[13:04:54.460] [bmv2] [D] [thread 25087] [20.0] [cxt 0] Parser 'parser': start
[13:04:54.460] [bmv2] [D] [thread 25087] [20.0] [cxt 0] Parser 'parser' entering state 'start'
[13:04:54.460] [bmv2] [D] [thread 25087] [20.0] [cxt 0] Extracting header 'ethernet'
[13:04:54.460] [bmv2] [D] [thread 25087] [20.0] [cxt 0] Parser state 'start': key is 86dd
[13:04:54.460] [bmv2] [T] [thread 25087] [20.0] [cxt 0] Bytes parsed: 14
[13:04:54.460] [bmv2] [T] [thread 25087] [20.0] [cxt 0] Skipping checksum 'cksum' verification because target field invalid
[13:04:54.460] [bmv2] [D] [thread 25087] [20.0] [cxt 0] Parser 'parser': end
[13:04:54.460] [bmv2] [D] [thread 25087] [20.0] [cxt 0] Pipeline 'ingress': start
[13:04:54.460] [bmv2] [T] [thread 25087] [20.0] [cxt 0] Applying table 'tbl_act'
[13:04:54.460] [bmv2] [D] [thread 25087] [20.0] [cxt 0] Looking up key:

[13:04:54.460] [bmv2] [D] [thread 25087] [20.0] [cxt 0] Table 'tbl_act': miss
[13:04:54.460] [bmv2] [D] [thread 25087] [20.0] [cxt 0] Action entry is act_7 - 
[13:04:54.460] [bmv2] [T] [thread 25087] [20.0] [cxt 0] Action act_7
[13:04:54.460] [bmv2] [T] [thread 25087] [20.0] [cxt 0] Primitive (no source info)
[13:04:54.460] [bmv2] [T] [thread 25087] [20.0] [cxt 0] simple.p4(109) Primitive bit<32> apply_index=0;
[13:04:54.460] [bmv2] [T] [thread 25087] [20.0] [cxt 0] simple.p4(237) Condition "hdr.ipv4.isValid()" (node_3) is false
[13:04:54.460] [bmv2] [D] [thread 25087] [20.0] [cxt 0] Pipeline 'ingress': end
[13:04:54.460] [bmv2] [D] [thread 25087] [20.0] [cxt 0] Egress port is 0
[13:04:54.460] [bmv2] [D] [thread 25088] [20.0] [cxt 0] Pipeline 'egress': start
[13:04:54.460] [bmv2] [D] [thread 25088] [20.0] [cxt 0] Pipeline 'egress': end
[13:04:54.461] [bmv2] [D] [thread 25088] [20.0] [cxt 0] Deparser 'deparser': start
[13:04:54.461] [bmv2] [T] [thread 25088] [20.0] [cxt 0] Skipping checksum 'cksum' update because condition not met
[13:04:54.461] [bmv2] [D] [thread 25088] [20.0] [cxt 0] Deparsing header 'ethernet'
[13:04:54.461] [bmv2] [D] [thread 25088] [20.0] [cxt 0] Deparser 'deparser': end
[13:04:54.461] [bmv2] [D] [thread 25092] [20.0] [cxt 0] Transmitting packet of size 70 out of port 0
New connection
[13:04:58.555] [bmv2] [D] [thread 25087] [21.0] [cxt 0] Processing packet received on port 1
[13:04:58.555] [bmv2] [D] [thread 25087] [21.0] [cxt 0] Parser 'parser': start
[13:04:58.555] [bmv2] [D] [thread 25087] [21.0] [cxt 0] Parser 'parser' entering state 'start'
[13:04:58.555] [bmv2] [D] [thread 25087] [21.0] [cxt 0] Extracting header 'ethernet'
[13:04:58.555] [bmv2] [D] [thread 25087] [21.0] [cxt 0] Parser state 'start': key is 86dd
[13:04:58.555] [bmv2] [T] [thread 25087] [21.0] [cxt 0] Bytes parsed: 14
[13:04:58.555] [bmv2] [T] [thread 25087] [21.0] [cxt 0] Skipping checksum 'cksum' verification because target field invalid
[13:04:58.555] [bmv2] [D] [thread 25087] [21.0] [cxt 0] Parser 'parser': end
[13:04:58.555] [bmv2] [D] [thread 25087] [21.0] [cxt 0] Pipeline 'ingress': start
[13:04:58.555] [bmv2] [T] [thread 25087] [21.0] [cxt 0] Applying table 'tbl_act'
[13:04:58.555] [bmv2] [D] [thread 25087] [21.0] [cxt 0] Looking up key:

[13:04:58.555] [bmv2] [D] [thread 25087] [21.0] [cxt 0] Table 'tbl_act': miss
[13:04:58.555] [bmv2] [D] [thread 25087] [21.0] [cxt 0] Action entry is act_7 - 
[13:04:58.556] [bmv2] [T] [thread 25087] [21.0] [cxt 0] Action act_7
[13:04:58.556] [bmv2] [T] [thread 25087] [21.0] [cxt 0] Primitive (no source info)
[13:04:58.556] [bmv2] [T] [thread 25087] [21.0] [cxt 0] simple.p4(109) Primitive bit<32> apply_index=0;
[13:04:58.556] [bmv2] [T] [thread 25087] [21.0] [cxt 0] simple.p4(237) Condition "hdr.ipv4.isValid()" (node_3) is false
[13:04:58.556] [bmv2] [D] [thread 25087] [21.0] [cxt 0] Pipeline 'ingress': end
[13:04:58.556] [bmv2] [D] [thread 25087] [21.0] [cxt 0] Egress port is 0
[13:04:58.556] [bmv2] [D] [thread 25088] [21.0] [cxt 0] Pipeline 'egress': start
[13:04:58.556] [bmv2] [D] [thread 25088] [21.0] [cxt 0] Pipeline 'egress': end
[13:04:58.556] [bmv2] [D] [thread 25088] [21.0] [cxt 0] Deparser 'deparser': start
[13:04:58.556] [bmv2] [T] [thread 25088] [21.0] [cxt 0] Skipping checksum 'cksum' update because condition not met
[13:04:58.556] [bmv2] [D] [thread 25088] [21.0] [cxt 0] Deparsing header 'ethernet'
[13:04:58.556] [bmv2] [D] [thread 25088] [21.0] [cxt 0] Deparser 'deparser': end
[13:04:58.556] [bmv2] [D] [thread 25092] [21.0] [cxt 0] Transmitting packet of size 70 out of port 0
P4Runtime SetForwardingPipelineConfig
[13:04:59.846] [bmv2] [W] [thread 25583] [P4Runtime] p4::tmp::P4DeviceConfig is deprecated
[13:04:59.880] [bmv2] [D] [thread 25583] Set default default entry for table 'tbl_act': act_7 - 
[13:04:59.881] [bmv2] [D] [thread 25583] Set default default entry for table 'Basic_ingress.syn_drop': NoAction - 
[13:04:59.881] [bmv2] [D] [thread 25583] Set default default entry for table 'tbl_act_0': act - 
[13:04:59.881] [bmv2] [D] [thread 25583] Set default default entry for table 'tbl_act_1': act_0 - 
[13:04:59.881] [bmv2] [D] [thread 25583] Set default default entry for table 'tbl_act_2': act_1 - 
[13:04:59.881] [bmv2] [D] [thread 25583] Set default default entry for table 'Basic_ingress.synack_entry': Basic_ingress.new_synack - 
[13:04:59.881] [bmv2] [D] [thread 25583] Set default default entry for table 'tbl_act_3': act_3 - 
[13:04:59.881] [bmv2] [D] [thread 25583] Set default default entry for table 'tbl_checking': Basic_ingress.checking - 
[13:04:59.881] [bmv2] [D] [thread 25583] Set default default entry for table 'tbl_act_4': act_2 - 
[13:04:59.881] [bmv2] [D] [thread 25583] Set default default entry for table 'tbl_act_5': act_4 - 
[13:04:59.881] [bmv2] [D] [thread 25583] Set default default entry for table 'tbl_checking_0': Basic_ingress.checking - 
[13:04:59.881] [bmv2] [D] [thread 25583] Set default default entry for table 'Basic_ingress.ack_entry': NoAction - 
[13:04:59.881] [bmv2] [D] [thread 25583] Set default default entry for table 'tbl_act_6': act_6 - 
[13:04:59.881] [bmv2] [D] [thread 25583] Set default default entry for table 'tbl_merge': Basic_ingress.merge - 
[13:04:59.881] [bmv2] [D] [thread 25583] Set default default entry for table 'tbl_act_7': act_5 - 
[13:04:59.881] [bmv2] [D] [thread 25583] Set default default entry for table 'Basic_ingress.ipv4_lpm': NoAction - 
P4Runtime Write
device_id: 7
election_id {
  low: 1
}
updates {
  type: INSERT
  entity {
    table_entry {
      table_id: 33605438
      match {
        field_id: 1
        lpm {
          value: "\013\000\000\000"
          prefix_len: 8
        }
      }
      action {
        action {
          action_id: 16838388
          params {
            param_id: 1
            value: "\000\001"
          }
        }
      }
    }
  }
}
[13:05:03.940] [bmv2] [D] [thread 25583] Entry 0 added to table 'Basic_ingress.ipv4_lpm'
[13:05:03.940] [bmv2] [D] [thread 25583] Dumping entry 0
Match key:
* hdr.ipv4.dstAddr    : LPM       0b000000/8
Action entry: Basic_ingress.l3_forward - 1,

P4Runtime Write
device_id: 7
election_id {
  low: 1
}
updates {
  type: INSERT
  entity {
    table_entry {
      table_id: 33605438
      match {
        field_id: 1
        lpm {
          value: "\n\000\000\000"
          prefix_len: 8
        }
      }
      action {
        action {
          action_id: 16838388
          params {
            param_id: 1
            value: "\000\001"
          }
        }
      }
    }
  }
}
[13:05:03.949] [bmv2] [D] [thread 25583] Entry 1 added to table 'Basic_ingress.ipv4_lpm'
[13:05:03.950] [bmv2] [D] [thread 25583] Dumping entry 1
Match key:
* hdr.ipv4.dstAddr    : LPM       0a000000/8
Action entry: Basic_ingress.l3_forward - 1,

P4Runtime Write
device_id: 7
election_id {
  low: 1
}
updates {
  type: INSERT
  entity {
    table_entry {
      table_id: 33605438
      match {
        field_id: 1
        lpm {
          value: "\014\000\000\000"
          prefix_len: 16
        }
      }
      action {
        action {
          action_id: 16838388
          params {
            param_id: 1
            value: "\000\001"
          }
        }
      }
    }
  }
}
[13:05:03.957] [bmv2] [D] [thread 25583] Entry 2 added to table 'Basic_ingress.ipv4_lpm'
[13:05:03.957] [bmv2] [D] [thread 25583] Dumping entry 2
Match key:
* hdr.ipv4.dstAddr    : LPM       0c000000/16
Action entry: Basic_ingress.l3_forward - 1,

P4Runtime Write
device_id: 7
election_id {
  low: 1
}
updates {
  type: INSERT
  entity {
    table_entry {
      table_id: 33605438
      match {
        field_id: 1
        lpm {
          value: "\014\001\000\000"
          prefix_len: 24
        }
      }
      action {
        action {
          action_id: 16838388
          params {
            param_id: 1
            value: "\000\002"
          }
        }
      }
    }
  }
}
[13:05:03.966] [bmv2] [D] [thread 25583] Entry 3 added to table 'Basic_ingress.ipv4_lpm'
[13:05:03.966] [bmv2] [D] [thread 25583] Dumping entry 3
Match key:
* hdr.ipv4.dstAddr    : LPM       0c010000/24
Action entry: Basic_ingress.l3_forward - 2,

[13:05:43.611] [bmv2] [D] [thread 25087] [22.0] [cxt 0] Processing packet received on port 2
[13:05:43.611] [bmv2] [D] [thread 25087] [22.0] [cxt 0] Parser 'parser': start
[13:05:43.611] [bmv2] [D] [thread 25087] [22.0] [cxt 0] Parser 'parser' entering state 'start'
[13:05:43.611] [bmv2] [D] [thread 25087] [22.0] [cxt 0] Extracting header 'ethernet'
[13:05:43.611] [bmv2] [D] [thread 25087] [22.0] [cxt 0] Parser state 'start': key is 86dd
[13:05:43.611] [bmv2] [T] [thread 25087] [22.0] [cxt 0] Bytes parsed: 14
[13:05:43.611] [bmv2] [T] [thread 25087] [22.0] [cxt 0] Skipping checksum 'cksum' verification because target field invalid
[13:05:43.611] [bmv2] [D] [thread 25087] [22.0] [cxt 0] Parser 'parser': end
[13:05:43.611] [bmv2] [D] [thread 25087] [22.0] [cxt 0] Pipeline 'ingress': start
[13:05:43.611] [bmv2] [T] [thread 25087] [22.0] [cxt 0] Applying table 'tbl_act'
[13:05:43.611] [bmv2] [D] [thread 25087] [22.0] [cxt 0] Looking up key:

[13:05:43.611] [bmv2] [D] [thread 25087] [22.0] [cxt 0] Table 'tbl_act': miss
[13:05:43.611] [bmv2] [D] [thread 25087] [22.0] [cxt 0] Action entry is act_7 - 
[13:05:43.611] [bmv2] [T] [thread 25087] [22.0] [cxt 0] Action act_7
[13:05:43.611] [bmv2] [T] [thread 25087] [22.0] [cxt 0] Primitive (no source info)
[13:05:43.611] [bmv2] [T] [thread 25087] [22.0] [cxt 0] simple.p4(109) Primitive bit<32> apply_index=0;
[13:05:43.611] [bmv2] [T] [thread 25087] [22.0] [cxt 0] simple.p4(237) Condition "hdr.ipv4.isValid()" (node_3) is false
[13:05:43.611] [bmv2] [D] [thread 25087] [22.0] [cxt 0] Pipeline 'ingress': end
[13:05:43.611] [bmv2] [D] [thread 25087] [22.0] [cxt 0] Egress port is 0
[13:05:43.611] [bmv2] [D] [thread 25088] [22.0] [cxt 0] Pipeline 'egress': start
[13:05:43.611] [bmv2] [D] [thread 25088] [22.0] [cxt 0] Pipeline 'egress': end
[13:05:43.611] [bmv2] [D] [thread 25088] [22.0] [cxt 0] Deparser 'deparser': start
[13:05:43.611] [bmv2] [T] [thread 25088] [22.0] [cxt 0] Skipping checksum 'cksum' update because condition not met
[13:05:43.611] [bmv2] [D] [thread 25088] [22.0] [cxt 0] Deparsing header 'ethernet'
[13:05:43.611] [bmv2] [D] [thread 25088] [22.0] [cxt 0] Deparser 'deparser': end
[13:05:43.611] [bmv2] [D] [thread 25092] [22.0] [cxt 0] Transmitting packet of size 70 out of port 0
[13:05:53.610] [bmv2] [D] [thread 25087] [23.0] [cxt 0] Processing packet received on port 1
[13:05:53.610] [bmv2] [D] [thread 25087] [23.0] [cxt 0] Parser 'parser': start
[13:05:53.610] [bmv2] [D] [thread 25087] [23.0] [cxt 0] Parser 'parser' entering state 'start'
[13:05:53.610] [bmv2] [D] [thread 25087] [23.0] [cxt 0] Extracting header 'ethernet'
[13:05:53.610] [bmv2] [D] [thread 25087] [23.0] [cxt 0] Parser state 'start': key is 86dd
[13:05:53.610] [bmv2] [T] [thread 25087] [23.0] [cxt 0] Bytes parsed: 14
[13:05:53.610] [bmv2] [T] [thread 25087] [23.0] [cxt 0] Skipping checksum 'cksum' verification because target field invalid
[13:05:53.610] [bmv2] [D] [thread 25087] [23.0] [cxt 0] Parser 'parser': end
[13:05:53.610] [bmv2] [D] [thread 25087] [23.0] [cxt 0] Pipeline 'ingress': start
[13:05:53.610] [bmv2] [T] [thread 25087] [23.0] [cxt 0] Applying table 'tbl_act'
[13:05:53.610] [bmv2] [D] [thread 25087] [23.0] [cxt 0] Looking up key:

[13:05:53.610] [bmv2] [D] [thread 25087] [23.0] [cxt 0] Table 'tbl_act': miss
[13:05:53.611] [bmv2] [D] [thread 25087] [23.0] [cxt 0] Action entry is act_7 - 
[13:05:53.611] [bmv2] [T] [thread 25087] [23.0] [cxt 0] Action act_7
[13:05:53.611] [bmv2] [T] [thread 25087] [23.0] [cxt 0] Primitive (no source info)
[13:05:53.611] [bmv2] [T] [thread 25087] [23.0] [cxt 0] simple.p4(109) Primitive bit<32> apply_index=0;
[13:05:53.611] [bmv2] [T] [thread 25087] [23.0] [cxt 0] simple.p4(237) Condition "hdr.ipv4.isValid()" (node_3) is false
[13:05:53.611] [bmv2] [D] [thread 25087] [23.0] [cxt 0] Pipeline 'ingress': end
[13:05:53.611] [bmv2] [D] [thread 25087] [23.0] [cxt 0] Egress port is 0
[13:05:53.611] [bmv2] [D] [thread 25088] [23.0] [cxt 0] Pipeline 'egress': start
[13:05:53.611] [bmv2] [D] [thread 25088] [23.0] [cxt 0] Pipeline 'egress': end
[13:05:53.611] [bmv2] [D] [thread 25088] [23.0] [cxt 0] Deparser 'deparser': start
[13:05:53.611] [bmv2] [T] [thread 25088] [23.0] [cxt 0] Skipping checksum 'cksum' update because condition not met
[13:05:53.611] [bmv2] [D] [thread 25088] [23.0] [cxt 0] Deparsing header 'ethernet'
[13:05:53.611] [bmv2] [D] [thread 25088] [23.0] [cxt 0] Deparser 'deparser': end
[13:05:53.611] [bmv2] [D] [thread 25092] [23.0] [cxt 0] Transmitting packet of size 203 out of port 0
[13:05:55.237] [bmv2] [D] [thread 25087] [24.0] [cxt 0] Processing packet received on port 2
[13:05:55.237] [bmv2] [D] [thread 25087] [24.0] [cxt 0] Parser 'parser': start
[13:05:55.237] [bmv2] [D] [thread 25087] [24.0] [cxt 0] Parser 'parser' entering state 'start'
[13:05:55.237] [bmv2] [D] [thread 25087] [24.0] [cxt 0] Extracting header 'ethernet'
[13:05:55.237] [bmv2] [D] [thread 25087] [24.0] [cxt 0] Parser state 'start': key is 86dd
[13:05:55.238] [bmv2] [T] [thread 25087] [24.0] [cxt 0] Bytes parsed: 14
[13:05:55.238] [bmv2] [T] [thread 25087] [24.0] [cxt 0] Skipping checksum 'cksum' verification because target field invalid
[13:05:55.238] [bmv2] [D] [thread 25087] [24.0] [cxt 0] Parser 'parser': end
[13:05:55.238] [bmv2] [D] [thread 25087] [24.0] [cxt 0] Pipeline 'ingress': start
[13:05:55.238] [bmv2] [T] [thread 25087] [24.0] [cxt 0] Applying table 'tbl_act'
[13:05:55.238] [bmv2] [D] [thread 25087] [24.0] [cxt 0] Looking up key:

[13:05:55.238] [bmv2] [D] [thread 25087] [24.0] [cxt 0] Table 'tbl_act': miss
[13:05:55.238] [bmv2] [D] [thread 25087] [24.0] [cxt 0] Action entry is act_7 - 
[13:05:55.238] [bmv2] [T] [thread 25087] [24.0] [cxt 0] Action act_7
[13:05:55.238] [bmv2] [T] [thread 25087] [24.0] [cxt 0] Primitive (no source info)
[13:05:55.238] [bmv2] [T] [thread 25087] [24.0] [cxt 0] simple.p4(109) Primitive bit<32> apply_index=0;
[13:05:55.238] [bmv2] [T] [thread 25087] [24.0] [cxt 0] simple.p4(237) Condition "hdr.ipv4.isValid()" (node_3) is false
[13:05:55.238] [bmv2] [D] [thread 25087] [24.0] [cxt 0] Pipeline 'ingress': end
[13:05:55.238] [bmv2] [D] [thread 25087] [24.0] [cxt 0] Egress port is 0
[13:05:55.238] [bmv2] [D] [thread 25088] [24.0] [cxt 0] Pipeline 'egress': start
[13:05:55.238] [bmv2] [D] [thread 25088] [24.0] [cxt 0] Pipeline 'egress': end
[13:05:55.238] [bmv2] [D] [thread 25088] [24.0] [cxt 0] Deparser 'deparser': start
[13:05:55.238] [bmv2] [T] [thread 25088] [24.0] [cxt 0] Skipping checksum 'cksum' update because condition not met
[13:05:55.238] [bmv2] [D] [thread 25088] [24.0] [cxt 0] Deparsing header 'ethernet'
[13:05:55.238] [bmv2] [D] [thread 25088] [24.0] [cxt 0] Deparser 'deparser': end
[13:05:55.239] [bmv2] [D] [thread 25092] [24.0] [cxt 0] Transmitting packet of size 203 out of port 0
[13:05:55.847] [bmv2] [D] [thread 25087] [25.0] [cxt 0] Processing packet received on port 2
[13:05:55.847] [bmv2] [D] [thread 25087] [25.0] [cxt 0] Parser 'parser': start
[13:05:55.847] [bmv2] [D] [thread 25087] [25.0] [cxt 0] Parser 'parser' entering state 'start'
[13:05:55.847] [bmv2] [D] [thread 25087] [25.0] [cxt 0] Extracting header 'ethernet'
[13:05:55.847] [bmv2] [D] [thread 25087] [25.0] [cxt 0] Parser state 'start': key is 86dd
[13:05:55.847] [bmv2] [T] [thread 25087] [25.0] [cxt 0] Bytes parsed: 14
[13:05:55.847] [bmv2] [T] [thread 25087] [25.0] [cxt 0] Skipping checksum 'cksum' verification because target field invalid
[13:05:55.847] [bmv2] [D] [thread 25087] [25.0] [cxt 0] Parser 'parser': end
[13:05:55.847] [bmv2] [D] [thread 25087] [25.0] [cxt 0] Pipeline 'ingress': start
[13:05:55.847] [bmv2] [T] [thread 25087] [25.0] [cxt 0] Applying table 'tbl_act'
[13:05:55.847] [bmv2] [D] [thread 25087] [25.0] [cxt 0] Looking up key:

[13:05:55.847] [bmv2] [D] [thread 25087] [25.0] [cxt 0] Table 'tbl_act': miss
[13:05:55.847] [bmv2] [D] [thread 25087] [25.0] [cxt 0] Action entry is act_7 - 
[13:05:55.847] [bmv2] [T] [thread 25087] [25.0] [cxt 0] Action act_7
[13:05:55.847] [bmv2] [T] [thread 25087] [25.0] [cxt 0] Primitive (no source info)
[13:05:55.847] [bmv2] [T] [thread 25087] [25.0] [cxt 0] simple.p4(109) Primitive bit<32> apply_index=0;
[13:05:55.847] [bmv2] [T] [thread 25087] [25.0] [cxt 0] simple.p4(237) Condition "hdr.ipv4.isValid()" (node_3) is false
[13:05:55.847] [bmv2] [D] [thread 25087] [25.0] [cxt 0] Pipeline 'ingress': end
[13:05:55.847] [bmv2] [D] [thread 25087] [25.0] [cxt 0] Egress port is 0
[13:05:55.847] [bmv2] [D] [thread 25088] [25.0] [cxt 0] Pipeline 'egress': start
[13:05:55.847] [bmv2] [D] [thread 25088] [25.0] [cxt 0] Pipeline 'egress': end
[13:05:55.847] [bmv2] [D] [thread 25088] [25.0] [cxt 0] Deparser 'deparser': start
[13:05:55.847] [bmv2] [T] [thread 25088] [25.0] [cxt 0] Skipping checksum 'cksum' update because condition not met
[13:05:55.847] [bmv2] [D] [thread 25088] [25.0] [cxt 0] Deparsing header 'ethernet'
[13:05:55.847] [bmv2] [D] [thread 25088] [25.0] [cxt 0] Deparser 'deparser': end
[13:05:55.848] [bmv2] [D] [thread 25092] [25.0] [cxt 0] Transmitting packet of size 203 out of port 0
[13:05:55.901] [bmv2] [D] [thread 25087] [26.0] [cxt 0] Processing packet received on port 1
[13:05:55.901] [bmv2] [D] [thread 25087] [26.0] [cxt 0] Parser 'parser': start
[13:05:55.901] [bmv2] [D] [thread 25087] [26.0] [cxt 0] Parser 'parser' entering state 'start'
[13:05:55.901] [bmv2] [D] [thread 25087] [26.0] [cxt 0] Extracting header 'ethernet'
[13:05:55.901] [bmv2] [D] [thread 25087] [26.0] [cxt 0] Parser state 'start': key is 86dd
[13:05:55.901] [bmv2] [T] [thread 25087] [26.0] [cxt 0] Bytes parsed: 14
[13:05:55.901] [bmv2] [T] [thread 25087] [26.0] [cxt 0] Skipping checksum 'cksum' verification because target field invalid
[13:05:55.901] [bmv2] [D] [thread 25087] [26.0] [cxt 0] Parser 'parser': end
[13:05:55.901] [bmv2] [D] [thread 25087] [26.0] [cxt 0] Pipeline 'ingress': start
[13:05:55.901] [bmv2] [T] [thread 25087] [26.0] [cxt 0] Applying table 'tbl_act'
[13:05:55.901] [bmv2] [D] [thread 25087] [26.0] [cxt 0] Looking up key:

[13:05:55.901] [bmv2] [D] [thread 25087] [26.0] [cxt 0] Table 'tbl_act': miss
[13:05:55.901] [bmv2] [D] [thread 25087] [26.0] [cxt 0] Action entry is act_7 - 
[13:05:55.901] [bmv2] [T] [thread 25087] [26.0] [cxt 0] Action act_7
[13:05:55.901] [bmv2] [T] [thread 25087] [26.0] [cxt 0] Primitive (no source info)
[13:05:55.901] [bmv2] [T] [thread 25087] [26.0] [cxt 0] simple.p4(109) Primitive bit<32> apply_index=0;
[13:05:55.901] [bmv2] [T] [thread 25087] [26.0] [cxt 0] simple.p4(237) Condition "hdr.ipv4.isValid()" (node_3) is false
[13:05:55.902] [bmv2] [D] [thread 25087] [26.0] [cxt 0] Pipeline 'ingress': end
[13:05:55.902] [bmv2] [D] [thread 25087] [26.0] [cxt 0] Egress port is 0
[13:05:55.902] [bmv2] [D] [thread 25088] [26.0] [cxt 0] Pipeline 'egress': start
[13:05:55.902] [bmv2] [D] [thread 25088] [26.0] [cxt 0] Pipeline 'egress': end
[13:05:55.902] [bmv2] [D] [thread 25088] [26.0] [cxt 0] Deparser 'deparser': start
[13:05:55.902] [bmv2] [T] [thread 25088] [26.0] [cxt 0] Skipping checksum 'cksum' update because condition not met
[13:05:55.902] [bmv2] [D] [thread 25088] [26.0] [cxt 0] Deparsing header 'ethernet'
[13:05:55.902] [bmv2] [D] [thread 25088] [26.0] [cxt 0] Deparser 'deparser': end
[13:05:55.902] [bmv2] [D] [thread 25092] [26.0] [cxt 0] Transmitting packet of size 70 out of port 0
[13:06:06.141] [bmv2] [D] [thread 25087] [27.0] [cxt 0] Processing packet received on port 2
[13:06:06.141] [bmv2] [D] [thread 25087] [27.0] [cxt 0] Parser 'parser': start
[13:06:06.141] [bmv2] [D] [thread 25087] [27.0] [cxt 0] Parser 'parser' entering state 'start'
[13:06:06.141] [bmv2] [D] [thread 25087] [27.0] [cxt 0] Extracting header 'ethernet'
[13:06:06.141] [bmv2] [D] [thread 25087] [27.0] [cxt 0] Parser state 'start': key is 86dd
[13:06:06.141] [bmv2] [T] [thread 25087] [27.0] [cxt 0] Bytes parsed: 14
[13:06:06.141] [bmv2] [T] [thread 25087] [27.0] [cxt 0] Skipping checksum 'cksum' verification because target field invalid
[13:06:06.141] [bmv2] [D] [thread 25087] [27.0] [cxt 0] Parser 'parser': end
[13:06:06.141] [bmv2] [D] [thread 25087] [27.0] [cxt 0] Pipeline 'ingress': start
[13:06:06.141] [bmv2] [T] [thread 25087] [27.0] [cxt 0] Applying table 'tbl_act'
[13:06:06.141] [bmv2] [D] [thread 25087] [27.0] [cxt 0] Looking up key:

[13:06:06.141] [bmv2] [D] [thread 25087] [27.0] [cxt 0] Table 'tbl_act': miss
[13:06:06.141] [bmv2] [D] [thread 25087] [27.0] [cxt 0] Action entry is act_7 - 
[13:06:06.141] [bmv2] [T] [thread 25087] [27.0] [cxt 0] Action act_7
[13:06:06.141] [bmv2] [T] [thread 25087] [27.0] [cxt 0] Primitive (no source info)
[13:06:06.141] [bmv2] [T] [thread 25087] [27.0] [cxt 0] simple.p4(109) Primitive bit<32> apply_index=0;
[13:06:06.142] [bmv2] [T] [thread 25087] [27.0] [cxt 0] simple.p4(237) Condition "hdr.ipv4.isValid()" (node_3) is false
[13:06:06.142] [bmv2] [D] [thread 25087] [27.0] [cxt 0] Pipeline 'ingress': end
[13:06:06.142] [bmv2] [D] [thread 25087] [27.0] [cxt 0] Egress port is 0
[13:06:06.142] [bmv2] [D] [thread 25088] [27.0] [cxt 0] Pipeline 'egress': start
[13:06:06.142] [bmv2] [D] [thread 25088] [27.0] [cxt 0] Pipeline 'egress': end
[13:06:06.142] [bmv2] [D] [thread 25088] [27.0] [cxt 0] Deparser 'deparser': start
[13:06:06.142] [bmv2] [T] [thread 25088] [27.0] [cxt 0] Skipping checksum 'cksum' update because condition not met
[13:06:06.142] [bmv2] [D] [thread 25088] [27.0] [cxt 0] Deparsing header 'ethernet'
[13:06:06.142] [bmv2] [D] [thread 25088] [27.0] [cxt 0] Deparser 'deparser': end
[13:06:06.142] [bmv2] [D] [thread 25092] [27.0] [cxt 0] Transmitting packet of size 70 out of port 0
[13:06:12.282] [bmv2] [D] [thread 25087] [28.0] [cxt 0] Processing packet received on port 1
[13:06:12.282] [bmv2] [D] [thread 25087] [28.0] [cxt 0] Parser 'parser': start
[13:06:12.282] [bmv2] [D] [thread 25087] [28.0] [cxt 0] Parser 'parser' entering state 'start'
[13:06:12.282] [bmv2] [D] [thread 25087] [28.0] [cxt 0] Extracting header 'ethernet'
[13:06:12.282] [bmv2] [D] [thread 25087] [28.0] [cxt 0] Parser state 'start': key is 86dd
[13:06:12.282] [bmv2] [T] [thread 25087] [28.0] [cxt 0] Bytes parsed: 14
[13:06:12.283] [bmv2] [T] [thread 25087] [28.0] [cxt 0] Skipping checksum 'cksum' verification because target field invalid
[13:06:12.283] [bmv2] [D] [thread 25087] [28.0] [cxt 0] Parser 'parser': end
[13:06:12.283] [bmv2] [D] [thread 25087] [28.0] [cxt 0] Pipeline 'ingress': start
[13:06:12.283] [bmv2] [T] [thread 25087] [28.0] [cxt 0] Applying table 'tbl_act'
[13:06:12.283] [bmv2] [D] [thread 25087] [28.0] [cxt 0] Looking up key:

[13:06:12.283] [bmv2] [D] [thread 25087] [28.0] [cxt 0] Table 'tbl_act': miss
[13:06:12.283] [bmv2] [D] [thread 25087] [28.0] [cxt 0] Action entry is act_7 - 
[13:06:12.283] [bmv2] [T] [thread 25087] [28.0] [cxt 0] Action act_7
[13:06:12.283] [bmv2] [T] [thread 25087] [28.0] [cxt 0] Primitive (no source info)
[13:06:12.283] [bmv2] [T] [thread 25087] [28.0] [cxt 0] simple.p4(109) Primitive bit<32> apply_index=0;
[13:06:12.283] [bmv2] [T] [thread 25087] [28.0] [cxt 0] simple.p4(237) Condition "hdr.ipv4.isValid()" (node_3) is false
[13:06:12.283] [bmv2] [D] [thread 25087] [28.0] [cxt 0] Pipeline 'ingress': end
[13:06:12.283] [bmv2] [D] [thread 25087] [28.0] [cxt 0] Egress port is 0
[13:06:12.283] [bmv2] [D] [thread 25088] [28.0] [cxt 0] Pipeline 'egress': start
[13:06:12.283] [bmv2] [D] [thread 25088] [28.0] [cxt 0] Pipeline 'egress': end
[13:06:12.283] [bmv2] [D] [thread 25088] [28.0] [cxt 0] Deparser 'deparser': start
[13:06:12.283] [bmv2] [T] [thread 25088] [28.0] [cxt 0] Skipping checksum 'cksum' update because condition not met
[13:06:12.283] [bmv2] [D] [thread 25088] [28.0] [cxt 0] Deparsing header 'ethernet'
[13:06:12.283] [bmv2] [D] [thread 25088] [28.0] [cxt 0] Deparser 'deparser': end
[13:06:12.283] [bmv2] [D] [thread 25092] [28.0] [cxt 0] Transmitting packet of size 70 out of port 0
[13:07:44.444] [bmv2] [D] [thread 25087] [29.0] [cxt 0] Processing packet received on port 2
[13:07:44.444] [bmv2] [D] [thread 25087] [29.0] [cxt 0] Parser 'parser': start
[13:07:44.444] [bmv2] [D] [thread 25087] [29.0] [cxt 0] Parser 'parser' entering state 'start'
[13:07:44.444] [bmv2] [D] [thread 25087] [29.0] [cxt 0] Extracting header 'ethernet'
[13:07:44.444] [bmv2] [D] [thread 25087] [29.0] [cxt 0] Parser state 'start': key is 86dd
[13:07:44.444] [bmv2] [T] [thread 25087] [29.0] [cxt 0] Bytes parsed: 14
[13:07:44.444] [bmv2] [T] [thread 25087] [29.0] [cxt 0] Skipping checksum 'cksum' verification because target field invalid
[13:07:44.444] [bmv2] [D] [thread 25087] [29.0] [cxt 0] Parser 'parser': end
[13:07:44.444] [bmv2] [D] [thread 25087] [29.0] [cxt 0] Pipeline 'ingress': start
[13:07:44.444] [bmv2] [T] [thread 25087] [29.0] [cxt 0] Applying table 'tbl_act'
[13:07:44.444] [bmv2] [D] [thread 25087] [29.0] [cxt 0] Looking up key:

[13:07:44.444] [bmv2] [D] [thread 25087] [29.0] [cxt 0] Table 'tbl_act': miss
[13:07:44.444] [bmv2] [D] [thread 25087] [29.0] [cxt 0] Action entry is act_7 - 
[13:07:44.444] [bmv2] [T] [thread 25087] [29.0] [cxt 0] Action act_7
[13:07:44.444] [bmv2] [T] [thread 25087] [29.0] [cxt 0] Primitive (no source info)
[13:07:44.444] [bmv2] [T] [thread 25087] [29.0] [cxt 0] simple.p4(109) Primitive bit<32> apply_index=0;
[13:07:44.444] [bmv2] [T] [thread 25087] [29.0] [cxt 0] simple.p4(237) Condition "hdr.ipv4.isValid()" (node_3) is false
[13:07:44.444] [bmv2] [D] [thread 25087] [29.0] [cxt 0] Pipeline 'ingress': end
[13:07:44.444] [bmv2] [D] [thread 25087] [29.0] [cxt 0] Egress port is 0
[13:07:44.444] [bmv2] [D] [thread 25088] [29.0] [cxt 0] Pipeline 'egress': start
[13:07:44.444] [bmv2] [D] [thread 25088] [29.0] [cxt 0] Pipeline 'egress': end
[13:07:44.444] [bmv2] [D] [thread 25088] [29.0] [cxt 0] Deparser 'deparser': start
[13:07:44.444] [bmv2] [T] [thread 25088] [29.0] [cxt 0] Skipping checksum 'cksum' update because condition not met
[13:07:44.444] [bmv2] [D] [thread 25088] [29.0] [cxt 0] Deparsing header 'ethernet'
[13:07:44.444] [bmv2] [D] [thread 25088] [29.0] [cxt 0] Deparser 'deparser': end
[13:07:44.444] [bmv2] [D] [thread 25092] [29.0] [cxt 0] Transmitting packet of size 70 out of port 0
[13:08:01.606] [bmv2] [D] [thread 25087] [30.0] [cxt 0] Processing packet received on port 1
[13:08:01.606] [bmv2] [D] [thread 25087] [30.0] [cxt 0] Parser 'parser': start
[13:08:01.606] [bmv2] [D] [thread 25087] [30.0] [cxt 0] Parser 'parser' entering state 'start'
[13:08:01.606] [bmv2] [D] [thread 25087] [30.0] [cxt 0] Extracting header 'ethernet'
[13:08:01.606] [bmv2] [D] [thread 25087] [30.0] [cxt 0] Parser state 'start': key is 86dd
[13:08:01.606] [bmv2] [T] [thread 25087] [30.0] [cxt 0] Bytes parsed: 14
[13:08:01.606] [bmv2] [T] [thread 25087] [30.0] [cxt 0] Skipping checksum 'cksum' verification because target field invalid
[13:08:01.606] [bmv2] [D] [thread 25087] [30.0] [cxt 0] Parser 'parser': end
[13:08:01.606] [bmv2] [D] [thread 25087] [30.0] [cxt 0] Pipeline 'ingress': start
[13:08:01.606] [bmv2] [T] [thread 25087] [30.0] [cxt 0] Applying table 'tbl_act'
[13:08:01.606] [bmv2] [D] [thread 25087] [30.0] [cxt 0] Looking up key:

[13:08:01.606] [bmv2] [D] [thread 25087] [30.0] [cxt 0] Table 'tbl_act': miss
[13:08:01.606] [bmv2] [D] [thread 25087] [30.0] [cxt 0] Action entry is act_7 - 
[13:08:01.606] [bmv2] [T] [thread 25087] [30.0] [cxt 0] Action act_7
[13:08:01.606] [bmv2] [T] [thread 25087] [30.0] [cxt 0] Primitive (no source info)
[13:08:01.606] [bmv2] [T] [thread 25087] [30.0] [cxt 0] simple.p4(109) Primitive bit<32> apply_index=0;
[13:08:01.606] [bmv2] [T] [thread 25087] [30.0] [cxt 0] simple.p4(237) Condition "hdr.ipv4.isValid()" (node_3) is false
[13:08:01.606] [bmv2] [D] [thread 25087] [30.0] [cxt 0] Pipeline 'ingress': end
[13:08:01.606] [bmv2] [D] [thread 25087] [30.0] [cxt 0] Egress port is 0
[13:08:01.606] [bmv2] [D] [thread 25088] [30.0] [cxt 0] Pipeline 'egress': start
[13:08:01.606] [bmv2] [D] [thread 25088] [30.0] [cxt 0] Pipeline 'egress': end
[13:08:01.606] [bmv2] [D] [thread 25088] [30.0] [cxt 0] Deparser 'deparser': start
[13:08:01.606] [bmv2] [T] [thread 25088] [30.0] [cxt 0] Skipping checksum 'cksum' update because condition not met
[13:08:01.607] [bmv2] [D] [thread 25088] [30.0] [cxt 0] Deparsing header 'ethernet'
[13:08:01.607] [bmv2] [D] [thread 25088] [30.0] [cxt 0] Deparser 'deparser': end
[13:08:01.607] [bmv2] [D] [thread 25092] [30.0] [cxt 0] Transmitting packet of size 203 out of port 0
[13:08:03.241] [bmv2] [D] [thread 25087] [31.0] [cxt 0] Processing packet received on port 2
[13:08:03.241] [bmv2] [D] [thread 25087] [31.0] [cxt 0] Parser 'parser': start
[13:08:03.241] [bmv2] [D] [thread 25087] [31.0] [cxt 0] Parser 'parser' entering state 'start'
[13:08:03.241] [bmv2] [D] [thread 25087] [31.0] [cxt 0] Extracting header 'ethernet'
[13:08:03.241] [bmv2] [D] [thread 25087] [31.0] [cxt 0] Parser state 'start': key is 86dd
[13:08:03.241] [bmv2] [T] [thread 25087] [31.0] [cxt 0] Bytes parsed: 14
[13:08:03.241] [bmv2] [T] [thread 25087] [31.0] [cxt 0] Skipping checksum 'cksum' verification because target field invalid
[13:08:03.241] [bmv2] [D] [thread 25087] [31.0] [cxt 0] Parser 'parser': end
[13:08:03.241] [bmv2] [D] [thread 25087] [31.0] [cxt 0] Pipeline 'ingress': start
[13:08:03.241] [bmv2] [T] [thread 25087] [31.0] [cxt 0] Applying table 'tbl_act'
[13:08:03.241] [bmv2] [D] [thread 25087] [31.0] [cxt 0] Looking up key:

[13:08:03.241] [bmv2] [D] [thread 25087] [31.0] [cxt 0] Table 'tbl_act': miss
[13:08:03.241] [bmv2] [D] [thread 25087] [31.0] [cxt 0] Action entry is act_7 - 
[13:08:03.241] [bmv2] [T] [thread 25087] [31.0] [cxt 0] Action act_7
[13:08:03.241] [bmv2] [T] [thread 25087] [31.0] [cxt 0] Primitive (no source info)
[13:08:03.241] [bmv2] [T] [thread 25087] [31.0] [cxt 0] simple.p4(109) Primitive bit<32> apply_index=0;
[13:08:03.241] [bmv2] [T] [thread 25087] [31.0] [cxt 0] simple.p4(237) Condition "hdr.ipv4.isValid()" (node_3) is false
[13:08:03.241] [bmv2] [D] [thread 25087] [31.0] [cxt 0] Pipeline 'ingress': end
[13:08:03.241] [bmv2] [D] [thread 25087] [31.0] [cxt 0] Egress port is 0
[13:08:03.241] [bmv2] [D] [thread 25088] [31.0] [cxt 0] Pipeline 'egress': start
[13:08:03.242] [bmv2] [D] [thread 25088] [31.0] [cxt 0] Pipeline 'egress': end
[13:08:03.242] [bmv2] [D] [thread 25088] [31.0] [cxt 0] Deparser 'deparser': start
[13:08:03.242] [bmv2] [T] [thread 25088] [31.0] [cxt 0] Skipping checksum 'cksum' update because condition not met
[13:08:03.242] [bmv2] [D] [thread 25088] [31.0] [cxt 0] Deparsing header 'ethernet'
[13:08:03.242] [bmv2] [D] [thread 25088] [31.0] [cxt 0] Deparser 'deparser': end
[13:08:03.242] [bmv2] [D] [thread 25092] [31.0] [cxt 0] Transmitting packet of size 203 out of port 0
[13:08:03.848] [bmv2] [D] [thread 25087] [32.0] [cxt 0] Processing packet received on port 2
[13:08:03.848] [bmv2] [D] [thread 25087] [32.0] [cxt 0] Parser 'parser': start
[13:08:03.848] [bmv2] [D] [thread 25087] [32.0] [cxt 0] Parser 'parser' entering state 'start'
[13:08:03.848] [bmv2] [D] [thread 25087] [32.0] [cxt 0] Extracting header 'ethernet'
[13:08:03.848] [bmv2] [D] [thread 25087] [32.0] [cxt 0] Parser state 'start': key is 86dd
[13:08:03.848] [bmv2] [T] [thread 25087] [32.0] [cxt 0] Bytes parsed: 14
[13:08:03.848] [bmv2] [T] [thread 25087] [32.0] [cxt 0] Skipping checksum 'cksum' verification because target field invalid
[13:08:03.848] [bmv2] [D] [thread 25087] [32.0] [cxt 0] Parser 'parser': end
[13:08:03.848] [bmv2] [D] [thread 25087] [32.0] [cxt 0] Pipeline 'ingress': start
[13:08:03.848] [bmv2] [T] [thread 25087] [32.0] [cxt 0] Applying table 'tbl_act'
[13:08:03.848] [bmv2] [D] [thread 25087] [32.0] [cxt 0] Looking up key:

[13:08:03.848] [bmv2] [D] [thread 25087] [32.0] [cxt 0] Table 'tbl_act': miss
[13:08:03.848] [bmv2] [D] [thread 25087] [32.0] [cxt 0] Action entry is act_7 - 
[13:08:03.848] [bmv2] [T] [thread 25087] [32.0] [cxt 0] Action act_7
[13:08:03.848] [bmv2] [T] [thread 25087] [32.0] [cxt 0] Primitive (no source info)
[13:08:03.848] [bmv2] [T] [thread 25087] [32.0] [cxt 0] simple.p4(109) Primitive bit<32> apply_index=0;
[13:08:03.848] [bmv2] [T] [thread 25087] [32.0] [cxt 0] simple.p4(237) Condition "hdr.ipv4.isValid()" (node_3) is false
[13:08:03.848] [bmv2] [D] [thread 25087] [32.0] [cxt 0] Pipeline 'ingress': end
[13:08:03.848] [bmv2] [D] [thread 25087] [32.0] [cxt 0] Egress port is 0
[13:08:03.849] [bmv2] [D] [thread 25088] [32.0] [cxt 0] Pipeline 'egress': start
[13:08:03.849] [bmv2] [D] [thread 25088] [32.0] [cxt 0] Pipeline 'egress': end
[13:08:03.849] [bmv2] [D] [thread 25088] [32.0] [cxt 0] Deparser 'deparser': start
[13:08:03.849] [bmv2] [T] [thread 25088] [32.0] [cxt 0] Skipping checksum 'cksum' update because condition not met
[13:08:03.849] [bmv2] [D] [thread 25088] [32.0] [cxt 0] Deparsing header 'ethernet'
[13:08:03.849] [bmv2] [D] [thread 25088] [32.0] [cxt 0] Deparser 'deparser': end
[13:08:03.849] [bmv2] [D] [thread 25092] [32.0] [cxt 0] Transmitting packet of size 203 out of port 0
[13:08:17.214] [bmv2] [D] [thread 25087] [33.0] [cxt 0] Processing packet received on port 1
[13:08:17.214] [bmv2] [D] [thread 25087] [33.0] [cxt 0] Parser 'parser': start
[13:08:17.214] [bmv2] [D] [thread 25087] [33.0] [cxt 0] Parser 'parser' entering state 'start'
[13:08:17.214] [bmv2] [D] [thread 25087] [33.0] [cxt 0] Extracting header 'ethernet'
[13:08:17.214] [bmv2] [D] [thread 25087] [33.0] [cxt 0] Parser state 'start': key is 86dd
[13:08:17.214] [bmv2] [T] [thread 25087] [33.0] [cxt 0] Bytes parsed: 14
[13:08:17.214] [bmv2] [T] [thread 25087] [33.0] [cxt 0] Skipping checksum 'cksum' verification because target field invalid
[13:08:17.214] [bmv2] [D] [thread 25087] [33.0] [cxt 0] Parser 'parser': end
[13:08:17.214] [bmv2] [D] [thread 25087] [33.0] [cxt 0] Pipeline 'ingress': start
[13:08:17.214] [bmv2] [T] [thread 25087] [33.0] [cxt 0] Applying table 'tbl_act'
[13:08:17.214] [bmv2] [D] [thread 25087] [33.0] [cxt 0] Looking up key:

[13:08:17.215] [bmv2] [D] [thread 25087] [33.0] [cxt 0] Table 'tbl_act': miss
[13:08:17.215] [bmv2] [D] [thread 25087] [33.0] [cxt 0] Action entry is act_7 - 
[13:08:17.215] [bmv2] [T] [thread 25087] [33.0] [cxt 0] Action act_7
[13:08:17.215] [bmv2] [T] [thread 25087] [33.0] [cxt 0] Primitive (no source info)
[13:08:17.215] [bmv2] [T] [thread 25087] [33.0] [cxt 0] simple.p4(109) Primitive bit<32> apply_index=0;
[13:08:17.215] [bmv2] [T] [thread 25087] [33.0] [cxt 0] simple.p4(237) Condition "hdr.ipv4.isValid()" (node_3) is false
[13:08:17.215] [bmv2] [D] [thread 25087] [33.0] [cxt 0] Pipeline 'ingress': end
[13:08:17.215] [bmv2] [D] [thread 25087] [33.0] [cxt 0] Egress port is 0
[13:08:17.215] [bmv2] [D] [thread 25088] [33.0] [cxt 0] Pipeline 'egress': start
[13:08:17.215] [bmv2] [D] [thread 25088] [33.0] [cxt 0] Pipeline 'egress': end
[13:08:17.215] [bmv2] [D] [thread 25088] [33.0] [cxt 0] Deparser 'deparser': start
[13:08:17.215] [bmv2] [T] [thread 25088] [33.0] [cxt 0] Skipping checksum 'cksum' update because condition not met
[13:08:17.215] [bmv2] [D] [thread 25088] [33.0] [cxt 0] Deparsing header 'ethernet'
[13:08:17.215] [bmv2] [D] [thread 25088] [33.0] [cxt 0] Deparser 'deparser': end
[13:08:17.215] [bmv2] [D] [thread 25092] [33.0] [cxt 0] Transmitting packet of size 70 out of port 0
[13:08:33.597] [bmv2] [D] [thread 25087] [34.0] [cxt 0] Processing packet received on port 2
[13:08:33.597] [bmv2] [D] [thread 25087] [34.0] [cxt 0] Parser 'parser': start
[13:08:33.597] [bmv2] [D] [thread 25087] [34.0] [cxt 0] Parser 'parser' entering state 'start'
[13:08:33.597] [bmv2] [D] [thread 25087] [34.0] [cxt 0] Extracting header 'ethernet'
[13:08:33.597] [bmv2] [D] [thread 25087] [34.0] [cxt 0] Parser state 'start': key is 86dd
[13:08:33.597] [bmv2] [T] [thread 25087] [34.0] [cxt 0] Bytes parsed: 14
[13:08:33.597] [bmv2] [T] [thread 25087] [34.0] [cxt 0] Skipping checksum 'cksum' verification because target field invalid
[13:08:33.597] [bmv2] [D] [thread 25087] [34.0] [cxt 0] Parser 'parser': end
[13:08:33.597] [bmv2] [D] [thread 25087] [34.0] [cxt 0] Pipeline 'ingress': start
[13:08:33.597] [bmv2] [T] [thread 25087] [34.0] [cxt 0] Applying table 'tbl_act'
[13:08:33.597] [bmv2] [D] [thread 25087] [34.0] [cxt 0] Looking up key:

[13:08:33.598] [bmv2] [D] [thread 25087] [34.0] [cxt 0] Table 'tbl_act': miss
[13:08:33.598] [bmv2] [D] [thread 25087] [34.0] [cxt 0] Action entry is act_7 - 
[13:08:33.598] [bmv2] [T] [thread 25087] [34.0] [cxt 0] Action act_7
[13:08:33.598] [bmv2] [T] [thread 25087] [34.0] [cxt 0] Primitive (no source info)
[13:08:33.598] [bmv2] [T] [thread 25087] [34.0] [cxt 0] simple.p4(109) Primitive bit<32> apply_index=0;
[13:08:33.598] [bmv2] [T] [thread 25087] [34.0] [cxt 0] simple.p4(237) Condition "hdr.ipv4.isValid()" (node_3) is false
[13:08:33.598] [bmv2] [D] [thread 25087] [34.0] [cxt 0] Pipeline 'ingress': end
[13:08:33.598] [bmv2] [D] [thread 25087] [34.0] [cxt 0] Egress port is 0
[13:08:33.598] [bmv2] [D] [thread 25088] [34.0] [cxt 0] Pipeline 'egress': start
[13:08:33.598] [bmv2] [D] [thread 25088] [34.0] [cxt 0] Pipeline 'egress': end
[13:08:33.598] [bmv2] [D] [thread 25088] [34.0] [cxt 0] Deparser 'deparser': start
[13:08:33.598] [bmv2] [T] [thread 25088] [34.0] [cxt 0] Skipping checksum 'cksum' update because condition not met
[13:08:33.598] [bmv2] [D] [thread 25088] [34.0] [cxt 0] Deparsing header 'ethernet'
[13:08:33.598] [bmv2] [D] [thread 25088] [34.0] [cxt 0] Deparser 'deparser': end
[13:08:33.598] [bmv2] [D] [thread 25092] [34.0] [cxt 0] Transmitting packet of size 70 out of port 0
[13:08:49.979] [bmv2] [D] [thread 25087] [35.0] [cxt 0] Processing packet received on port 1
[13:08:49.979] [bmv2] [D] [thread 25087] [35.0] [cxt 0] Parser 'parser': start
[13:08:49.979] [bmv2] [D] [thread 25087] [35.0] [cxt 0] Parser 'parser' entering state 'start'
[13:08:49.979] [bmv2] [D] [thread 25087] [35.0] [cxt 0] Extracting header 'ethernet'
[13:08:49.979] [bmv2] [D] [thread 25087] [35.0] [cxt 0] Parser state 'start': key is 86dd
[13:08:49.979] [bmv2] [T] [thread 25087] [35.0] [cxt 0] Bytes parsed: 14
[13:08:49.979] [bmv2] [T] [thread 25087] [35.0] [cxt 0] Skipping checksum 'cksum' verification because target field invalid
[13:08:49.979] [bmv2] [D] [thread 25087] [35.0] [cxt 0] Parser 'parser': end
[13:08:49.979] [bmv2] [D] [thread 25087] [35.0] [cxt 0] Pipeline 'ingress': start
[13:08:49.979] [bmv2] [T] [thread 25087] [35.0] [cxt 0] Applying table 'tbl_act'
[13:08:49.979] [bmv2] [D] [thread 25087] [35.0] [cxt 0] Looking up key:

[13:08:49.979] [bmv2] [D] [thread 25087] [35.0] [cxt 0] Table 'tbl_act': miss
[13:08:49.979] [bmv2] [D] [thread 25087] [35.0] [cxt 0] Action entry is act_7 - 
[13:08:49.979] [bmv2] [T] [thread 25087] [35.0] [cxt 0] Action act_7
[13:08:49.979] [bmv2] [T] [thread 25087] [35.0] [cxt 0] Primitive (no source info)
[13:08:49.979] [bmv2] [T] [thread 25087] [35.0] [cxt 0] simple.p4(109) Primitive bit<32> apply_index=0;
[13:08:49.979] [bmv2] [T] [thread 25087] [35.0] [cxt 0] simple.p4(237) Condition "hdr.ipv4.isValid()" (node_3) is false
[13:08:49.979] [bmv2] [D] [thread 25087] [35.0] [cxt 0] Pipeline 'ingress': end
[13:08:49.979] [bmv2] [D] [thread 25087] [35.0] [cxt 0] Egress port is 0
[13:08:49.980] [bmv2] [D] [thread 25088] [35.0] [cxt 0] Pipeline 'egress': start
[13:08:49.980] [bmv2] [D] [thread 25088] [35.0] [cxt 0] Pipeline 'egress': end
[13:08:49.980] [bmv2] [D] [thread 25088] [35.0] [cxt 0] Deparser 'deparser': start
[13:08:49.980] [bmv2] [T] [thread 25088] [35.0] [cxt 0] Skipping checksum 'cksum' update because condition not met
[13:08:49.980] [bmv2] [D] [thread 25088] [35.0] [cxt 0] Deparsing header 'ethernet'
[13:08:49.980] [bmv2] [D] [thread 25088] [35.0] [cxt 0] Deparser 'deparser': end
[13:08:49.980] [bmv2] [D] [thread 25092] [35.0] [cxt 0] Transmitting packet of size 70 out of port 0
