Calling target program-options parser
[13:03:55.984] [bmv2] [D] [thread 25094] Set default default entry for table 'tbl_act': act_7 - 
[13:03:55.984] [bmv2] [D] [thread 25094] Set default default entry for table 'Basic_ingress.syn_drop': NoAction - 
[13:03:55.984] [bmv2] [D] [thread 25094] Set default default entry for table 'tbl_act_0': act - 
[13:03:55.984] [bmv2] [D] [thread 25094] Set default default entry for table 'tbl_act_1': act_0 - 
[13:03:55.984] [bmv2] [D] [thread 25094] Set default default entry for table 'tbl_act_2': act_1 - 
[13:03:55.984] [bmv2] [D] [thread 25094] Set default default entry for table 'Basic_ingress.synack_entry': Basic_ingress.new_synack - 
[13:03:55.984] [bmv2] [D] [thread 25094] Set default default entry for table 'tbl_act_3': act_3 - 
[13:03:55.984] [bmv2] [D] [thread 25094] Set default default entry for table 'tbl_checking': Basic_ingress.checking - 
[13:03:55.984] [bmv2] [D] [thread 25094] Set default default entry for table 'tbl_act_4': act_2 - 
[13:03:55.984] [bmv2] [D] [thread 25094] Set default default entry for table 'tbl_act_5': act_4 - 
[13:03:55.984] [bmv2] [D] [thread 25094] Set default default entry for table 'tbl_checking_0': Basic_ingress.checking - 
[13:03:55.984] [bmv2] [D] [thread 25094] Set default default entry for table 'Basic_ingress.ack_entry': NoAction - 
[13:03:55.985] [bmv2] [D] [thread 25094] Set default default entry for table 'tbl_act_6': act_6 - 
[13:03:55.985] [bmv2] [D] [thread 25094] Set default default entry for table 'tbl_merge': Basic_ingress.merge - 
[13:03:55.985] [bmv2] [D] [thread 25094] Set default default entry for table 'tbl_act_7': act_5 - 
[13:03:55.985] [bmv2] [D] [thread 25094] Set default default entry for table 'Basic_ingress.ipv4_lpm': NoAction - 
Adding interface s9-eth1 as port 1
[13:03:55.989] [bmv2] [D] [thread 25094] Adding interface s9-eth1 as port 1
Adding interface s9-eth2 as port 2
[13:03:56.022] [bmv2] [D] [thread 25094] Adding interface s9-eth2 as port 2
I0323 13:03:56.054805924   25094 server_builder.cc:247]      Synchronous server. Num CQs: 1, Min pollers: 1, Max Pollers: 2147483647, CQ timeout (msec): 1000
Server listening on 0.0.0.0:50059
[13:03:56.074] [bmv2] [I] [thread 25094] Starting Thrift server on port 9098
[13:03:56.082] [bmv2] [I] [thread 25094] Thrift server was started
[13:03:58.398] [bmv2] [D] [thread 25107] [0.0] [cxt 0] Processing packet received on port 2
[13:03:58.402] [bmv2] [D] [thread 25107] [0.0] [cxt 0] Parser 'parser': start
[13:03:58.402] [bmv2] [D] [thread 25107] [0.0] [cxt 0] Parser 'parser' entering state 'start'
[13:03:58.402] [bmv2] [D] [thread 25107] [0.0] [cxt 0] Extracting header 'ethernet'
[13:03:58.402] [bmv2] [D] [thread 25107] [0.0] [cxt 0] Parser state 'start': key is 86dd
[13:03:58.402] [bmv2] [T] [thread 25107] [0.0] [cxt 0] Bytes parsed: 14
[13:03:58.402] [bmv2] [T] [thread 25107] [0.0] [cxt 0] Skipping checksum 'cksum' verification because target field invalid
[13:03:58.402] [bmv2] [D] [thread 25107] [0.0] [cxt 0] Parser 'parser': end
[13:03:58.402] [bmv2] [D] [thread 25107] [0.0] [cxt 0] Pipeline 'ingress': start
[13:03:58.402] [bmv2] [T] [thread 25107] [0.0] [cxt 0] Applying table 'tbl_act'
[13:03:58.402] [bmv2] [D] [thread 25107] [0.0] [cxt 0] Looking up key:

[13:03:58.402] [bmv2] [D] [thread 25107] [0.0] [cxt 0] Table 'tbl_act': miss
[13:03:58.402] [bmv2] [D] [thread 25107] [0.0] [cxt 0] Action entry is act_7 - 
[13:03:58.402] [bmv2] [T] [thread 25107] [0.0] [cxt 0] Action act_7
[13:03:58.402] [bmv2] [T] [thread 25107] [0.0] [cxt 0] Primitive (no source info)
[13:03:58.402] [bmv2] [T] [thread 25107] [0.0] [cxt 0] simple.p4(109) Primitive bit<32> apply_index=0;
[13:03:58.402] [bmv2] [T] [thread 25107] [0.0] [cxt 0] simple.p4(237) Condition "hdr.ipv4.isValid()" (node_3) is false
[13:03:58.402] [bmv2] [D] [thread 25107] [0.0] [cxt 0] Pipeline 'ingress': end
[13:03:58.402] [bmv2] [D] [thread 25107] [0.0] [cxt 0] Egress port is 0
[13:03:58.403] [bmv2] [D] [thread 25107] [1.0] [cxt 0] Processing packet received on port 2
[13:03:58.403] [bmv2] [D] [thread 25107] [1.0] [cxt 0] Parser 'parser': start
[13:03:58.403] [bmv2] [D] [thread 25107] [1.0] [cxt 0] Parser 'parser' entering state 'start'
[13:03:58.403] [bmv2] [D] [thread 25107] [1.0] [cxt 0] Extracting header 'ethernet'
[13:03:58.403] [bmv2] [D] [thread 25107] [1.0] [cxt 0] Parser state 'start': key is 86dd
[13:03:58.403] [bmv2] [T] [thread 25107] [1.0] [cxt 0] Bytes parsed: 14
[13:03:58.403] [bmv2] [T] [thread 25107] [1.0] [cxt 0] Skipping checksum 'cksum' verification because target field invalid
[13:03:58.403] [bmv2] [D] [thread 25107] [1.0] [cxt 0] Parser 'parser': end
[13:03:58.403] [bmv2] [D] [thread 25107] [1.0] [cxt 0] Pipeline 'ingress': start
[13:03:58.403] [bmv2] [T] [thread 25107] [1.0] [cxt 0] Applying table 'tbl_act'
[13:03:58.403] [bmv2] [D] [thread 25107] [1.0] [cxt 0] Looking up key:

[13:03:58.403] [bmv2] [D] [thread 25107] [1.0] [cxt 0] Table 'tbl_act': miss
[13:03:58.403] [bmv2] [D] [thread 25107] [1.0] [cxt 0] Action entry is act_7 - 
[13:03:58.403] [bmv2] [T] [thread 25107] [1.0] [cxt 0] Action act_7
[13:03:58.403] [bmv2] [T] [thread 25107] [1.0] [cxt 0] Primitive (no source info)
[13:03:58.403] [bmv2] [T] [thread 25107] [1.0] [cxt 0] simple.p4(109) Primitive bit<32> apply_index=0;
[13:03:58.403] [bmv2] [T] [thread 25107] [1.0] [cxt 0] simple.p4(237) Condition "hdr.ipv4.isValid()" (node_3) is false
[13:03:58.403] [bmv2] [D] [thread 25107] [1.0] [cxt 0] Pipeline 'ingress': end
[13:03:58.403] [bmv2] [D] [thread 25107] [1.0] [cxt 0] Egress port is 0
[13:03:58.404] [bmv2] [D] [thread 25108] [0.0] [cxt 0] Pipeline 'egress': start
[13:03:58.404] [bmv2] [D] [thread 25108] [0.0] [cxt 0] Pipeline 'egress': end
[13:03:58.404] [bmv2] [D] [thread 25108] [0.0] [cxt 0] Deparser 'deparser': start
[13:03:58.405] [bmv2] [T] [thread 25108] [0.0] [cxt 0] Skipping checksum 'cksum' update because condition not met
[13:03:58.405] [bmv2] [D] [thread 25108] [0.0] [cxt 0] Deparsing header 'ethernet'
[13:03:58.405] [bmv2] [D] [thread 25108] [0.0] [cxt 0] Deparser 'deparser': end
[13:03:58.405] [bmv2] [D] [thread 25108] [1.0] [cxt 0] Pipeline 'egress': start
[13:03:58.405] [bmv2] [D] [thread 25108] [1.0] [cxt 0] Pipeline 'egress': end
[13:03:58.405] [bmv2] [D] [thread 25108] [1.0] [cxt 0] Deparser 'deparser': start
[13:03:58.405] [bmv2] [T] [thread 25108] [1.0] [cxt 0] Skipping checksum 'cksum' update because condition not met
[13:03:58.405] [bmv2] [D] [thread 25108] [1.0] [cxt 0] Deparsing header 'ethernet'
[13:03:58.405] [bmv2] [D] [thread 25108] [1.0] [cxt 0] Deparser 'deparser': end
[13:03:58.405] [bmv2] [D] [thread 25112] [0.0] [cxt 0] Transmitting packet of size 70 out of port 0
[13:03:58.405] [bmv2] [D] [thread 25112] [1.0] [cxt 0] Transmitting packet of size 70 out of port 0
[13:04:01.796] [bmv2] [D] [thread 25107] [2.0] [cxt 0] Processing packet received on port 2
[13:04:01.796] [bmv2] [D] [thread 25107] [2.0] [cxt 0] Parser 'parser': start
[13:04:01.796] [bmv2] [D] [thread 25107] [2.0] [cxt 0] Parser 'parser' entering state 'start'
[13:04:01.796] [bmv2] [D] [thread 25107] [2.0] [cxt 0] Extracting header 'ethernet'
[13:04:01.796] [bmv2] [D] [thread 25107] [2.0] [cxt 0] Parser state 'start': key is 86dd
[13:04:01.796] [bmv2] [T] [thread 25107] [2.0] [cxt 0] Bytes parsed: 14
[13:04:01.796] [bmv2] [T] [thread 25107] [2.0] [cxt 0] Skipping checksum 'cksum' verification because target field invalid
[13:04:01.796] [bmv2] [D] [thread 25107] [2.0] [cxt 0] Parser 'parser': end
[13:04:01.796] [bmv2] [D] [thread 25107] [2.0] [cxt 0] Pipeline 'ingress': start
[13:04:01.796] [bmv2] [T] [thread 25107] [2.0] [cxt 0] Applying table 'tbl_act'
[13:04:01.796] [bmv2] [D] [thread 25107] [2.0] [cxt 0] Looking up key:

[13:04:01.796] [bmv2] [D] [thread 25107] [2.0] [cxt 0] Table 'tbl_act': miss
[13:04:01.796] [bmv2] [D] [thread 25107] [2.0] [cxt 0] Action entry is act_7 - 
[13:04:01.797] [bmv2] [T] [thread 25107] [2.0] [cxt 0] Action act_7
[13:04:01.797] [bmv2] [T] [thread 25107] [2.0] [cxt 0] Primitive (no source info)
[13:04:01.797] [bmv2] [T] [thread 25107] [2.0] [cxt 0] simple.p4(109) Primitive bit<32> apply_index=0;
[13:04:01.797] [bmv2] [T] [thread 25107] [2.0] [cxt 0] simple.p4(237) Condition "hdr.ipv4.isValid()" (node_3) is false
[13:04:01.797] [bmv2] [D] [thread 25107] [2.0] [cxt 0] Pipeline 'ingress': end
[13:04:01.797] [bmv2] [D] [thread 25107] [2.0] [cxt 0] Egress port is 0
[13:04:01.797] [bmv2] [D] [thread 25108] [2.0] [cxt 0] Pipeline 'egress': start
[13:04:01.797] [bmv2] [D] [thread 25108] [2.0] [cxt 0] Pipeline 'egress': end
[13:04:01.797] [bmv2] [D] [thread 25108] [2.0] [cxt 0] Deparser 'deparser': start
[13:04:01.797] [bmv2] [T] [thread 25108] [2.0] [cxt 0] Skipping checksum 'cksum' update because condition not met
[13:04:01.797] [bmv2] [D] [thread 25108] [2.0] [cxt 0] Deparsing header 'ethernet'
[13:04:01.797] [bmv2] [D] [thread 25108] [2.0] [cxt 0] Deparser 'deparser': end
[13:04:01.797] [bmv2] [D] [thread 25112] [2.0] [cxt 0] Transmitting packet of size 203 out of port 0
[13:04:02.560] [bmv2] [D] [thread 25107] [3.0] [cxt 0] Processing packet received on port 2
[13:04:02.560] [bmv2] [D] [thread 25107] [3.0] [cxt 0] Parser 'parser': start
[13:04:02.560] [bmv2] [D] [thread 25107] [3.0] [cxt 0] Parser 'parser' entering state 'start'
[13:04:02.560] [bmv2] [D] [thread 25107] [3.0] [cxt 0] Extracting header 'ethernet'
[13:04:02.560] [bmv2] [D] [thread 25107] [3.0] [cxt 0] Parser state 'start': key is 86dd
[13:04:02.560] [bmv2] [T] [thread 25107] [3.0] [cxt 0] Bytes parsed: 14
[13:04:02.560] [bmv2] [T] [thread 25107] [3.0] [cxt 0] Skipping checksum 'cksum' verification because target field invalid
[13:04:02.560] [bmv2] [D] [thread 25107] [3.0] [cxt 0] Parser 'parser': end
[13:04:02.560] [bmv2] [D] [thread 25107] [3.0] [cxt 0] Pipeline 'ingress': start
[13:04:02.560] [bmv2] [T] [thread 25107] [3.0] [cxt 0] Applying table 'tbl_act'
[13:04:02.560] [bmv2] [D] [thread 25107] [3.0] [cxt 0] Looking up key:

[13:04:02.560] [bmv2] [D] [thread 25107] [3.0] [cxt 0] Table 'tbl_act': miss
[13:04:02.560] [bmv2] [D] [thread 25107] [3.0] [cxt 0] Action entry is act_7 - 
[13:04:02.560] [bmv2] [T] [thread 25107] [3.0] [cxt 0] Action act_7
[13:04:02.560] [bmv2] [T] [thread 25107] [3.0] [cxt 0] Primitive (no source info)
[13:04:02.560] [bmv2] [T] [thread 25107] [3.0] [cxt 0] simple.p4(109) Primitive bit<32> apply_index=0;
[13:04:02.560] [bmv2] [T] [thread 25107] [3.0] [cxt 0] simple.p4(237) Condition "hdr.ipv4.isValid()" (node_3) is false
[13:04:02.560] [bmv2] [D] [thread 25107] [3.0] [cxt 0] Pipeline 'ingress': end
[13:04:02.560] [bmv2] [D] [thread 25107] [3.0] [cxt 0] Egress port is 0
[13:04:02.561] [bmv2] [D] [thread 25108] [3.0] [cxt 0] Pipeline 'egress': start
[13:04:02.561] [bmv2] [D] [thread 25108] [3.0] [cxt 0] Pipeline 'egress': end
[13:04:02.561] [bmv2] [D] [thread 25108] [3.0] [cxt 0] Deparser 'deparser': start
[13:04:02.561] [bmv2] [T] [thread 25108] [3.0] [cxt 0] Skipping checksum 'cksum' update because condition not met
[13:04:02.561] [bmv2] [D] [thread 25108] [3.0] [cxt 0] Deparsing header 'ethernet'
[13:04:02.561] [bmv2] [D] [thread 25108] [3.0] [cxt 0] Deparser 'deparser': end
[13:04:02.561] [bmv2] [D] [thread 25112] [3.0] [cxt 0] Transmitting packet of size 203 out of port 0
[13:04:07.217] [bmv2] [D] [thread 25107] [4.0] [cxt 0] Processing packet received on port 1
[13:04:07.217] [bmv2] [D] [thread 25107] [4.0] [cxt 0] Parser 'parser': start
[13:04:07.217] [bmv2] [D] [thread 25107] [4.0] [cxt 0] Parser 'parser' entering state 'start'
[13:04:07.217] [bmv2] [D] [thread 25107] [4.0] [cxt 0] Extracting header 'ethernet'
[13:04:07.217] [bmv2] [D] [thread 25107] [4.0] [cxt 0] Parser state 'start': key is 86dd
[13:04:07.217] [bmv2] [T] [thread 25107] [4.0] [cxt 0] Bytes parsed: 14
[13:04:07.217] [bmv2] [T] [thread 25107] [4.0] [cxt 0] Skipping checksum 'cksum' verification because target field invalid
[13:04:07.217] [bmv2] [D] [thread 25107] [4.0] [cxt 0] Parser 'parser': end
[13:04:07.217] [bmv2] [D] [thread 25107] [4.0] [cxt 0] Pipeline 'ingress': start
[13:04:07.217] [bmv2] [T] [thread 25107] [4.0] [cxt 0] Applying table 'tbl_act'
[13:04:07.217] [bmv2] [D] [thread 25107] [4.0] [cxt 0] Looking up key:

[13:04:07.217] [bmv2] [D] [thread 25107] [4.0] [cxt 0] Table 'tbl_act': miss
[13:04:07.218] [bmv2] [D] [thread 25107] [4.0] [cxt 0] Action entry is act_7 - 
[13:04:07.218] [bmv2] [T] [thread 25107] [4.0] [cxt 0] Action act_7
[13:04:07.218] [bmv2] [T] [thread 25107] [4.0] [cxt 0] Primitive (no source info)
[13:04:07.218] [bmv2] [T] [thread 25107] [4.0] [cxt 0] simple.p4(109) Primitive bit<32> apply_index=0;
[13:04:07.218] [bmv2] [T] [thread 25107] [4.0] [cxt 0] simple.p4(237) Condition "hdr.ipv4.isValid()" (node_3) is false
[13:04:07.218] [bmv2] [D] [thread 25107] [4.0] [cxt 0] Pipeline 'ingress': end
[13:04:07.218] [bmv2] [D] [thread 25107] [4.0] [cxt 0] Egress port is 0
[13:04:07.218] [bmv2] [D] [thread 25108] [4.0] [cxt 0] Pipeline 'egress': start
[13:04:07.218] [bmv2] [D] [thread 25108] [4.0] [cxt 0] Pipeline 'egress': end
[13:04:07.218] [bmv2] [D] [thread 25108] [4.0] [cxt 0] Deparser 'deparser': start
[13:04:07.218] [bmv2] [T] [thread 25108] [4.0] [cxt 0] Skipping checksum 'cksum' update because condition not met
[13:04:07.218] [bmv2] [D] [thread 25108] [4.0] [cxt 0] Deparsing header 'ethernet'
[13:04:07.218] [bmv2] [D] [thread 25108] [4.0] [cxt 0] Deparser 'deparser': end
[13:04:07.218] [bmv2] [D] [thread 25112] [4.0] [cxt 0] Transmitting packet of size 110 out of port 0
[13:04:07.673] [bmv2] [D] [thread 25107] [5.0] [cxt 0] Processing packet received on port 1
[13:04:07.673] [bmv2] [D] [thread 25107] [5.0] [cxt 0] Parser 'parser': start
[13:04:07.673] [bmv2] [D] [thread 25107] [5.0] [cxt 0] Parser 'parser' entering state 'start'
[13:04:07.673] [bmv2] [D] [thread 25107] [5.0] [cxt 0] Extracting header 'ethernet'
[13:04:07.673] [bmv2] [D] [thread 25107] [5.0] [cxt 0] Parser state 'start': key is 86dd
[13:04:07.673] [bmv2] [T] [thread 25107] [5.0] [cxt 0] Bytes parsed: 14
[13:04:07.673] [bmv2] [T] [thread 25107] [5.0] [cxt 0] Skipping checksum 'cksum' verification because target field invalid
[13:04:07.673] [bmv2] [D] [thread 25107] [5.0] [cxt 0] Parser 'parser': end
[13:04:07.673] [bmv2] [D] [thread 25107] [5.0] [cxt 0] Pipeline 'ingress': start
[13:04:07.674] [bmv2] [T] [thread 25107] [5.0] [cxt 0] Applying table 'tbl_act'
[13:04:07.674] [bmv2] [D] [thread 25107] [5.0] [cxt 0] Looking up key:

[13:04:07.674] [bmv2] [D] [thread 25107] [5.0] [cxt 0] Table 'tbl_act': miss
[13:04:07.674] [bmv2] [D] [thread 25107] [5.0] [cxt 0] Action entry is act_7 - 
[13:04:07.674] [bmv2] [T] [thread 25107] [5.0] [cxt 0] Action act_7
[13:04:07.674] [bmv2] [T] [thread 25107] [5.0] [cxt 0] Primitive (no source info)
[13:04:07.674] [bmv2] [T] [thread 25107] [5.0] [cxt 0] simple.p4(109) Primitive bit<32> apply_index=0;
[13:04:07.674] [bmv2] [T] [thread 25107] [5.0] [cxt 0] simple.p4(237) Condition "hdr.ipv4.isValid()" (node_3) is false
[13:04:07.674] [bmv2] [D] [thread 25107] [5.0] [cxt 0] Pipeline 'ingress': end
[13:04:07.674] [bmv2] [D] [thread 25107] [5.0] [cxt 0] Egress port is 0
[13:04:07.674] [bmv2] [D] [thread 25108] [5.0] [cxt 0] Pipeline 'egress': start
[13:04:07.674] [bmv2] [D] [thread 25108] [5.0] [cxt 0] Pipeline 'egress': end
[13:04:07.674] [bmv2] [D] [thread 25108] [5.0] [cxt 0] Deparser 'deparser': start
[13:04:07.674] [bmv2] [T] [thread 25108] [5.0] [cxt 0] Skipping checksum 'cksum' update because condition not met
[13:04:07.674] [bmv2] [D] [thread 25108] [5.0] [cxt 0] Deparsing header 'ethernet'
[13:04:07.674] [bmv2] [D] [thread 25108] [5.0] [cxt 0] Deparser 'deparser': end
[13:04:07.674] [bmv2] [D] [thread 25112] [5.0] [cxt 0] Transmitting packet of size 110 out of port 0
[13:04:12.989] [bmv2] [D] [thread 25107] [6.0] [cxt 0] Processing packet received on port 2
[13:04:12.989] [bmv2] [D] [thread 25107] [6.0] [cxt 0] Parser 'parser': start
[13:04:12.989] [bmv2] [D] [thread 25107] [6.0] [cxt 0] Parser 'parser' entering state 'start'
[13:04:12.989] [bmv2] [D] [thread 25107] [6.0] [cxt 0] Extracting header 'ethernet'
[13:04:12.990] [bmv2] [D] [thread 25107] [6.0] [cxt 0] Parser state 'start': key is 86dd
[13:04:12.990] [bmv2] [T] [thread 25107] [6.0] [cxt 0] Bytes parsed: 14
[13:04:12.990] [bmv2] [T] [thread 25107] [6.0] [cxt 0] Skipping checksum 'cksum' verification because target field invalid
[13:04:12.990] [bmv2] [D] [thread 25107] [6.0] [cxt 0] Parser 'parser': end
[13:04:12.990] [bmv2] [D] [thread 25107] [6.0] [cxt 0] Pipeline 'ingress': start
[13:04:12.990] [bmv2] [T] [thread 25107] [6.0] [cxt 0] Applying table 'tbl_act'
[13:04:12.990] [bmv2] [D] [thread 25107] [6.0] [cxt 0] Looking up key:

[13:04:12.990] [bmv2] [D] [thread 25107] [6.0] [cxt 0] Table 'tbl_act': miss
[13:04:12.990] [bmv2] [D] [thread 25107] [6.0] [cxt 0] Action entry is act_7 - 
[13:04:12.990] [bmv2] [T] [thread 25107] [6.0] [cxt 0] Action act_7
[13:04:12.990] [bmv2] [T] [thread 25107] [6.0] [cxt 0] Primitive (no source info)
[13:04:12.990] [bmv2] [T] [thread 25107] [6.0] [cxt 0] simple.p4(109) Primitive bit<32> apply_index=0;
[13:04:12.990] [bmv2] [T] [thread 25107] [6.0] [cxt 0] simple.p4(237) Condition "hdr.ipv4.isValid()" (node_3) is false
[13:04:12.990] [bmv2] [D] [thread 25107] [6.0] [cxt 0] Pipeline 'ingress': end
[13:04:12.990] [bmv2] [D] [thread 25107] [6.0] [cxt 0] Egress port is 0
[13:04:12.990] [bmv2] [D] [thread 25108] [6.0] [cxt 0] Pipeline 'egress': start
[13:04:12.990] [bmv2] [D] [thread 25108] [6.0] [cxt 0] Pipeline 'egress': end
[13:04:12.990] [bmv2] [D] [thread 25108] [6.0] [cxt 0] Deparser 'deparser': start
[13:04:12.990] [bmv2] [T] [thread 25108] [6.0] [cxt 0] Skipping checksum 'cksum' update because condition not met
[13:04:12.990] [bmv2] [D] [thread 25108] [6.0] [cxt 0] Deparsing header 'ethernet'
[13:04:12.990] [bmv2] [D] [thread 25108] [6.0] [cxt 0] Deparser 'deparser': end
[13:04:12.990] [bmv2] [D] [thread 25112] [6.0] [cxt 0] Transmitting packet of size 70 out of port 0
[13:04:13.500] [bmv2] [D] [thread 25107] [7.0] [cxt 0] Processing packet received on port 2
[13:04:13.500] [bmv2] [D] [thread 25107] [7.0] [cxt 0] Parser 'parser': start
[13:04:13.500] [bmv2] [D] [thread 25107] [7.0] [cxt 0] Parser 'parser' entering state 'start'
[13:04:13.500] [bmv2] [D] [thread 25107] [7.0] [cxt 0] Extracting header 'ethernet'
[13:04:13.500] [bmv2] [D] [thread 25107] [7.0] [cxt 0] Parser state 'start': key is 86dd
[13:04:13.500] [bmv2] [T] [thread 25107] [7.0] [cxt 0] Bytes parsed: 14
[13:04:13.500] [bmv2] [T] [thread 25107] [7.0] [cxt 0] Skipping checksum 'cksum' verification because target field invalid
[13:04:13.500] [bmv2] [D] [thread 25107] [7.0] [cxt 0] Parser 'parser': end
[13:04:13.500] [bmv2] [D] [thread 25107] [7.0] [cxt 0] Pipeline 'ingress': start
[13:04:13.500] [bmv2] [T] [thread 25107] [7.0] [cxt 0] Applying table 'tbl_act'
[13:04:13.500] [bmv2] [D] [thread 25107] [7.0] [cxt 0] Looking up key:

[13:04:13.500] [bmv2] [D] [thread 25107] [7.0] [cxt 0] Table 'tbl_act': miss
[13:04:13.500] [bmv2] [D] [thread 25107] [7.0] [cxt 0] Action entry is act_7 - 
[13:04:13.500] [bmv2] [T] [thread 25107] [7.0] [cxt 0] Action act_7
[13:04:13.500] [bmv2] [T] [thread 25107] [7.0] [cxt 0] Primitive (no source info)
[13:04:13.500] [bmv2] [T] [thread 25107] [7.0] [cxt 0] simple.p4(109) Primitive bit<32> apply_index=0;
[13:04:13.500] [bmv2] [T] [thread 25107] [7.0] [cxt 0] simple.p4(237) Condition "hdr.ipv4.isValid()" (node_3) is false
[13:04:13.500] [bmv2] [D] [thread 25107] [7.0] [cxt 0] Pipeline 'ingress': end
[13:04:13.500] [bmv2] [D] [thread 25107] [7.0] [cxt 0] Egress port is 0
[13:04:13.501] [bmv2] [D] [thread 25108] [7.0] [cxt 0] Pipeline 'egress': start
[13:04:13.501] [bmv2] [D] [thread 25108] [7.0] [cxt 0] Pipeline 'egress': end
[13:04:13.501] [bmv2] [D] [thread 25108] [7.0] [cxt 0] Deparser 'deparser': start
[13:04:13.501] [bmv2] [T] [thread 25108] [7.0] [cxt 0] Skipping checksum 'cksum' update because condition not met
[13:04:13.501] [bmv2] [D] [thread 25108] [7.0] [cxt 0] Deparsing header 'ethernet'
[13:04:13.501] [bmv2] [D] [thread 25108] [7.0] [cxt 0] Deparser 'deparser': end
[13:04:13.501] [bmv2] [D] [thread 25112] [7.0] [cxt 0] Transmitting packet of size 70 out of port 0
[13:04:17.795] [bmv2] [D] [thread 25107] [8.0] [cxt 0] Processing packet received on port 2
[13:04:17.795] [bmv2] [D] [thread 25107] [8.0] [cxt 0] Parser 'parser': start
[13:04:17.795] [bmv2] [D] [thread 25107] [8.0] [cxt 0] Parser 'parser' entering state 'start'
[13:04:17.795] [bmv2] [D] [thread 25107] [8.0] [cxt 0] Extracting header 'ethernet'
[13:04:17.795] [bmv2] [D] [thread 25107] [8.0] [cxt 0] Parser state 'start': key is 86dd
[13:04:17.795] [bmv2] [T] [thread 25107] [8.0] [cxt 0] Bytes parsed: 14
[13:04:17.795] [bmv2] [T] [thread 25107] [8.0] [cxt 0] Skipping checksum 'cksum' verification because target field invalid
[13:04:17.795] [bmv2] [D] [thread 25107] [8.0] [cxt 0] Parser 'parser': end
[13:04:17.795] [bmv2] [D] [thread 25107] [8.0] [cxt 0] Pipeline 'ingress': start
[13:04:17.795] [bmv2] [T] [thread 25107] [8.0] [cxt 0] Applying table 'tbl_act'
[13:04:17.795] [bmv2] [D] [thread 25107] [8.0] [cxt 0] Looking up key:

[13:04:17.795] [bmv2] [D] [thread 25107] [8.0] [cxt 0] Table 'tbl_act': miss
[13:04:17.795] [bmv2] [D] [thread 25107] [8.0] [cxt 0] Action entry is act_7 - 
[13:04:17.795] [bmv2] [T] [thread 25107] [8.0] [cxt 0] Action act_7
[13:04:17.795] [bmv2] [T] [thread 25107] [8.0] [cxt 0] Primitive (no source info)
[13:04:17.795] [bmv2] [T] [thread 25107] [8.0] [cxt 0] simple.p4(109) Primitive bit<32> apply_index=0;
[13:04:17.795] [bmv2] [T] [thread 25107] [8.0] [cxt 0] simple.p4(237) Condition "hdr.ipv4.isValid()" (node_3) is false
[13:04:17.795] [bmv2] [D] [thread 25107] [8.0] [cxt 0] Pipeline 'ingress': end
[13:04:17.796] [bmv2] [D] [thread 25107] [8.0] [cxt 0] Egress port is 0
[13:04:17.796] [bmv2] [D] [thread 25108] [8.0] [cxt 0] Pipeline 'egress': start
[13:04:17.796] [bmv2] [D] [thread 25108] [8.0] [cxt 0] Pipeline 'egress': end
[13:04:17.796] [bmv2] [D] [thread 25108] [8.0] [cxt 0] Deparser 'deparser': start
[13:04:17.796] [bmv2] [T] [thread 25108] [8.0] [cxt 0] Skipping checksum 'cksum' update because condition not met
[13:04:17.796] [bmv2] [D] [thread 25108] [8.0] [cxt 0] Deparsing header 'ethernet'
[13:04:17.796] [bmv2] [D] [thread 25108] [8.0] [cxt 0] Deparser 'deparser': end
[13:04:17.796] [bmv2] [D] [thread 25112] [8.0] [cxt 0] Transmitting packet of size 203 out of port 0
[13:04:18.562] [bmv2] [D] [thread 25107] [9.0] [cxt 0] Processing packet received on port 2
[13:04:18.562] [bmv2] [D] [thread 25107] [9.0] [cxt 0] Parser 'parser': start
[13:04:18.562] [bmv2] [D] [thread 25107] [9.0] [cxt 0] Parser 'parser' entering state 'start'
[13:04:18.562] [bmv2] [D] [thread 25107] [9.0] [cxt 0] Extracting header 'ethernet'
[13:04:18.562] [bmv2] [D] [thread 25107] [9.0] [cxt 0] Parser state 'start': key is 86dd
[13:04:18.562] [bmv2] [T] [thread 25107] [9.0] [cxt 0] Bytes parsed: 14
[13:04:18.562] [bmv2] [T] [thread 25107] [9.0] [cxt 0] Skipping checksum 'cksum' verification because target field invalid
[13:04:18.562] [bmv2] [D] [thread 25107] [9.0] [cxt 0] Parser 'parser': end
[13:04:18.562] [bmv2] [D] [thread 25107] [9.0] [cxt 0] Pipeline 'ingress': start
[13:04:18.562] [bmv2] [T] [thread 25107] [9.0] [cxt 0] Applying table 'tbl_act'
[13:04:18.562] [bmv2] [D] [thread 25107] [9.0] [cxt 0] Looking up key:

[13:04:18.562] [bmv2] [D] [thread 25107] [9.0] [cxt 0] Table 'tbl_act': miss
[13:04:18.562] [bmv2] [D] [thread 25107] [9.0] [cxt 0] Action entry is act_7 - 
[13:04:18.562] [bmv2] [T] [thread 25107] [9.0] [cxt 0] Action act_7
[13:04:18.562] [bmv2] [T] [thread 25107] [9.0] [cxt 0] Primitive (no source info)
[13:04:18.562] [bmv2] [T] [thread 25107] [9.0] [cxt 0] simple.p4(109) Primitive bit<32> apply_index=0;
[13:04:18.562] [bmv2] [T] [thread 25107] [9.0] [cxt 0] simple.p4(237) Condition "hdr.ipv4.isValid()" (node_3) is false
[13:04:18.562] [bmv2] [D] [thread 25107] [9.0] [cxt 0] Pipeline 'ingress': end
[13:04:18.562] [bmv2] [D] [thread 25107] [9.0] [cxt 0] Egress port is 0
[13:04:18.562] [bmv2] [D] [thread 25108] [9.0] [cxt 0] Pipeline 'egress': start
[13:04:18.562] [bmv2] [D] [thread 25108] [9.0] [cxt 0] Pipeline 'egress': end
[13:04:18.562] [bmv2] [D] [thread 25108] [9.0] [cxt 0] Deparser 'deparser': start
[13:04:18.562] [bmv2] [T] [thread 25108] [9.0] [cxt 0] Skipping checksum 'cksum' update because condition not met
[13:04:18.562] [bmv2] [D] [thread 25108] [9.0] [cxt 0] Deparsing header 'ethernet'
[13:04:18.562] [bmv2] [D] [thread 25108] [9.0] [cxt 0] Deparser 'deparser': end
[13:04:18.563] [bmv2] [D] [thread 25112] [9.0] [cxt 0] Transmitting packet of size 203 out of port 0
[13:04:44.222] [bmv2] [D] [thread 25107] [10.0] [cxt 0] Processing packet received on port 2
[13:04:44.222] [bmv2] [D] [thread 25107] [10.0] [cxt 0] Parser 'parser': start
[13:04:44.222] [bmv2] [D] [thread 25107] [10.0] [cxt 0] Parser 'parser' entering state 'start'
[13:04:44.222] [bmv2] [D] [thread 25107] [10.0] [cxt 0] Extracting header 'ethernet'
[13:04:44.222] [bmv2] [D] [thread 25107] [10.0] [cxt 0] Parser state 'start': key is 86dd
[13:04:44.222] [bmv2] [T] [thread 25107] [10.0] [cxt 0] Bytes parsed: 14
[13:04:44.222] [bmv2] [T] [thread 25107] [10.0] [cxt 0] Skipping checksum 'cksum' verification because target field invalid
[13:04:44.222] [bmv2] [D] [thread 25107] [10.0] [cxt 0] Parser 'parser': end
[13:04:44.222] [bmv2] [D] [thread 25107] [10.0] [cxt 0] Pipeline 'ingress': start
[13:04:44.222] [bmv2] [T] [thread 25107] [10.0] [cxt 0] Applying table 'tbl_act'
[13:04:44.222] [bmv2] [D] [thread 25107] [10.0] [cxt 0] Looking up key:

[13:04:44.222] [bmv2] [D] [thread 25107] [10.0] [cxt 0] Table 'tbl_act': miss
[13:04:44.222] [bmv2] [D] [thread 25107] [10.0] [cxt 0] Action entry is act_7 - 
[13:04:44.222] [bmv2] [T] [thread 25107] [10.0] [cxt 0] Action act_7
[13:04:44.222] [bmv2] [T] [thread 25107] [10.0] [cxt 0] Primitive (no source info)
[13:04:44.222] [bmv2] [T] [thread 25107] [10.0] [cxt 0] simple.p4(109) Primitive bit<32> apply_index=0;
[13:04:44.222] [bmv2] [T] [thread 25107] [10.0] [cxt 0] simple.p4(237) Condition "hdr.ipv4.isValid()" (node_3) is false
[13:04:44.222] [bmv2] [D] [thread 25107] [10.0] [cxt 0] Pipeline 'ingress': end
[13:04:44.222] [bmv2] [D] [thread 25107] [10.0] [cxt 0] Egress port is 0
[13:04:44.222] [bmv2] [D] [thread 25108] [10.0] [cxt 0] Pipeline 'egress': start
[13:04:44.222] [bmv2] [D] [thread 25108] [10.0] [cxt 0] Pipeline 'egress': end
[13:04:44.222] [bmv2] [D] [thread 25108] [10.0] [cxt 0] Deparser 'deparser': start
[13:04:44.223] [bmv2] [T] [thread 25108] [10.0] [cxt 0] Skipping checksum 'cksum' update because condition not met
[13:04:44.223] [bmv2] [D] [thread 25108] [10.0] [cxt 0] Deparsing header 'ethernet'
[13:04:44.223] [bmv2] [D] [thread 25108] [10.0] [cxt 0] Deparser 'deparser': end
[13:04:44.223] [bmv2] [D] [thread 25112] [10.0] [cxt 0] Transmitting packet of size 70 out of port 0
[13:04:46.280] [bmv2] [D] [thread 25107] [11.0] [cxt 0] Processing packet received on port 2
[13:04:46.280] [bmv2] [D] [thread 25107] [11.0] [cxt 0] Parser 'parser': start
[13:04:46.280] [bmv2] [D] [thread 25107] [11.0] [cxt 0] Parser 'parser' entering state 'start'
[13:04:46.280] [bmv2] [D] [thread 25107] [11.0] [cxt 0] Extracting header 'ethernet'
[13:04:46.280] [bmv2] [D] [thread 25107] [11.0] [cxt 0] Parser state 'start': key is 86dd
[13:04:46.280] [bmv2] [T] [thread 25107] [11.0] [cxt 0] Bytes parsed: 14
[13:04:46.280] [bmv2] [T] [thread 25107] [11.0] [cxt 0] Skipping checksum 'cksum' verification because target field invalid
[13:04:46.280] [bmv2] [D] [thread 25107] [11.0] [cxt 0] Parser 'parser': end
[13:04:46.280] [bmv2] [D] [thread 25107] [11.0] [cxt 0] Pipeline 'ingress': start
[13:04:46.280] [bmv2] [T] [thread 25107] [11.0] [cxt 0] Applying table 'tbl_act'
[13:04:46.280] [bmv2] [D] [thread 25107] [11.0] [cxt 0] Looking up key:

[13:04:46.280] [bmv2] [D] [thread 25107] [11.0] [cxt 0] Table 'tbl_act': miss
[13:04:46.280] [bmv2] [D] [thread 25107] [11.0] [cxt 0] Action entry is act_7 - 
[13:04:46.280] [bmv2] [T] [thread 25107] [11.0] [cxt 0] Action act_7
[13:04:46.280] [bmv2] [T] [thread 25107] [11.0] [cxt 0] Primitive (no source info)
[13:04:46.280] [bmv2] [T] [thread 25107] [11.0] [cxt 0] simple.p4(109) Primitive bit<32> apply_index=0;
[13:04:46.280] [bmv2] [T] [thread 25107] [11.0] [cxt 0] simple.p4(237) Condition "hdr.ipv4.isValid()" (node_3) is false
[13:04:46.280] [bmv2] [D] [thread 25107] [11.0] [cxt 0] Pipeline 'ingress': end
[13:04:46.280] [bmv2] [D] [thread 25107] [11.0] [cxt 0] Egress port is 0
[13:04:46.280] [bmv2] [D] [thread 25108] [11.0] [cxt 0] Pipeline 'egress': start
[13:04:46.280] [bmv2] [D] [thread 25108] [11.0] [cxt 0] Pipeline 'egress': end
[13:04:46.280] [bmv2] [D] [thread 25108] [11.0] [cxt 0] Deparser 'deparser': start
[13:04:46.281] [bmv2] [T] [thread 25108] [11.0] [cxt 0] Skipping checksum 'cksum' update because condition not met
[13:04:46.281] [bmv2] [D] [thread 25108] [11.0] [cxt 0] Deparsing header 'ethernet'
[13:04:46.281] [bmv2] [D] [thread 25108] [11.0] [cxt 0] Deparser 'deparser': end
[13:04:46.281] [bmv2] [D] [thread 25112] [11.0] [cxt 0] Transmitting packet of size 70 out of port 0
[13:04:49.795] [bmv2] [D] [thread 25107] [12.0] [cxt 0] Processing packet received on port 2
[13:04:49.795] [bmv2] [D] [thread 25107] [12.0] [cxt 0] Parser 'parser': start
[13:04:49.795] [bmv2] [D] [thread 25107] [12.0] [cxt 0] Parser 'parser' entering state 'start'
[13:04:49.795] [bmv2] [D] [thread 25107] [12.0] [cxt 0] Extracting header 'ethernet'
[13:04:49.795] [bmv2] [D] [thread 25107] [12.0] [cxt 0] Parser state 'start': key is 86dd
[13:04:49.795] [bmv2] [T] [thread 25107] [12.0] [cxt 0] Bytes parsed: 14
[13:04:49.795] [bmv2] [T] [thread 25107] [12.0] [cxt 0] Skipping checksum 'cksum' verification because target field invalid
[13:04:49.795] [bmv2] [D] [thread 25107] [12.0] [cxt 0] Parser 'parser': end
[13:04:49.795] [bmv2] [D] [thread 25107] [12.0] [cxt 0] Pipeline 'ingress': start
[13:04:49.796] [bmv2] [T] [thread 25107] [12.0] [cxt 0] Applying table 'tbl_act'
[13:04:49.796] [bmv2] [D] [thread 25107] [12.0] [cxt 0] Looking up key:

[13:04:49.796] [bmv2] [D] [thread 25107] [12.0] [cxt 0] Table 'tbl_act': miss
[13:04:49.796] [bmv2] [D] [thread 25107] [12.0] [cxt 0] Action entry is act_7 - 
[13:04:49.796] [bmv2] [T] [thread 25107] [12.0] [cxt 0] Action act_7
[13:04:49.796] [bmv2] [T] [thread 25107] [12.0] [cxt 0] Primitive (no source info)
[13:04:49.796] [bmv2] [T] [thread 25107] [12.0] [cxt 0] simple.p4(109) Primitive bit<32> apply_index=0;
[13:04:49.796] [bmv2] [T] [thread 25107] [12.0] [cxt 0] simple.p4(237) Condition "hdr.ipv4.isValid()" (node_3) is false
[13:04:49.796] [bmv2] [D] [thread 25107] [12.0] [cxt 0] Pipeline 'ingress': end
[13:04:49.796] [bmv2] [D] [thread 25107] [12.0] [cxt 0] Egress port is 0
[13:04:49.797] [bmv2] [D] [thread 25108] [12.0] [cxt 0] Pipeline 'egress': start
[13:04:49.797] [bmv2] [D] [thread 25108] [12.0] [cxt 0] Pipeline 'egress': end
[13:04:49.797] [bmv2] [D] [thread 25108] [12.0] [cxt 0] Deparser 'deparser': start
[13:04:49.797] [bmv2] [T] [thread 25108] [12.0] [cxt 0] Skipping checksum 'cksum' update because condition not met
[13:04:49.798] [bmv2] [D] [thread 25108] [12.0] [cxt 0] Deparsing header 'ethernet'
[13:04:49.798] [bmv2] [D] [thread 25108] [12.0] [cxt 0] Deparser 'deparser': end
[13:04:49.798] [bmv2] [D] [thread 25112] [12.0] [cxt 0] Transmitting packet of size 203 out of port 0
[13:04:50.574] [bmv2] [D] [thread 25107] [13.0] [cxt 0] Processing packet received on port 2
[13:04:50.574] [bmv2] [D] [thread 25107] [13.0] [cxt 0] Parser 'parser': start
[13:04:50.574] [bmv2] [D] [thread 25107] [13.0] [cxt 0] Parser 'parser' entering state 'start'
[13:04:50.574] [bmv2] [D] [thread 25107] [13.0] [cxt 0] Extracting header 'ethernet'
[13:04:50.575] [bmv2] [D] [thread 25107] [13.0] [cxt 0] Parser state 'start': key is 86dd
[13:04:50.575] [bmv2] [T] [thread 25107] [13.0] [cxt 0] Bytes parsed: 14
[13:04:50.575] [bmv2] [T] [thread 25107] [13.0] [cxt 0] Skipping checksum 'cksum' verification because target field invalid
[13:04:50.575] [bmv2] [D] [thread 25107] [13.0] [cxt 0] Parser 'parser': end
[13:04:50.575] [bmv2] [D] [thread 25107] [13.0] [cxt 0] Pipeline 'ingress': start
[13:04:50.575] [bmv2] [T] [thread 25107] [13.0] [cxt 0] Applying table 'tbl_act'
[13:04:50.575] [bmv2] [D] [thread 25107] [13.0] [cxt 0] Looking up key:

[13:04:50.575] [bmv2] [D] [thread 25107] [13.0] [cxt 0] Table 'tbl_act': miss
[13:04:50.575] [bmv2] [D] [thread 25107] [13.0] [cxt 0] Action entry is act_7 - 
[13:04:50.575] [bmv2] [T] [thread 25107] [13.0] [cxt 0] Action act_7
[13:04:50.575] [bmv2] [T] [thread 25107] [13.0] [cxt 0] Primitive (no source info)
[13:04:50.575] [bmv2] [T] [thread 25107] [13.0] [cxt 0] simple.p4(109) Primitive bit<32> apply_index=0;
[13:04:50.575] [bmv2] [T] [thread 25107] [13.0] [cxt 0] simple.p4(237) Condition "hdr.ipv4.isValid()" (node_3) is false
[13:04:50.575] [bmv2] [D] [thread 25107] [13.0] [cxt 0] Pipeline 'ingress': end
[13:04:50.575] [bmv2] [D] [thread 25107] [13.0] [cxt 0] Egress port is 0
[13:04:50.575] [bmv2] [D] [thread 25108] [13.0] [cxt 0] Pipeline 'egress': start
[13:04:50.576] [bmv2] [D] [thread 25108] [13.0] [cxt 0] Pipeline 'egress': end
[13:04:50.576] [bmv2] [D] [thread 25108] [13.0] [cxt 0] Deparser 'deparser': start
[13:04:50.576] [bmv2] [T] [thread 25108] [13.0] [cxt 0] Skipping checksum 'cksum' update because condition not met
[13:04:50.576] [bmv2] [D] [thread 25108] [13.0] [cxt 0] Deparsing header 'ethernet'
[13:04:50.576] [bmv2] [D] [thread 25108] [13.0] [cxt 0] Deparser 'deparser': end
[13:04:50.576] [bmv2] [D] [thread 25112] [13.0] [cxt 0] Transmitting packet of size 203 out of port 0
New connection
P4Runtime SetForwardingPipelineConfig
[13:05:00.025] [bmv2] [W] [thread 25585] [P4Runtime] p4::tmp::P4DeviceConfig is deprecated
[13:05:00.073] [bmv2] [D] [thread 25585] Set default default entry for table 'tbl_act': act_7 - 
[13:05:00.073] [bmv2] [D] [thread 25585] Set default default entry for table 'Basic_ingress.syn_drop': NoAction - 
[13:05:00.074] [bmv2] [D] [thread 25585] Set default default entry for table 'tbl_act_0': act - 
[13:05:00.074] [bmv2] [D] [thread 25585] Set default default entry for table 'tbl_act_1': act_0 - 
[13:05:00.074] [bmv2] [D] [thread 25585] Set default default entry for table 'tbl_act_2': act_1 - 
[13:05:00.074] [bmv2] [D] [thread 25585] Set default default entry for table 'Basic_ingress.synack_entry': Basic_ingress.new_synack - 
[13:05:00.074] [bmv2] [D] [thread 25585] Set default default entry for table 'tbl_act_3': act_3 - 
[13:05:00.074] [bmv2] [D] [thread 25585] Set default default entry for table 'tbl_checking': Basic_ingress.checking - 
[13:05:00.074] [bmv2] [D] [thread 25585] Set default default entry for table 'tbl_act_4': act_2 - 
[13:05:00.074] [bmv2] [D] [thread 25585] Set default default entry for table 'tbl_act_5': act_4 - 
[13:05:00.074] [bmv2] [D] [thread 25585] Set default default entry for table 'tbl_checking_0': Basic_ingress.checking - 
[13:05:00.074] [bmv2] [D] [thread 25585] Set default default entry for table 'Basic_ingress.ack_entry': NoAction - 
[13:05:00.074] [bmv2] [D] [thread 25585] Set default default entry for table 'tbl_act_6': act_6 - 
[13:05:00.074] [bmv2] [D] [thread 25585] Set default default entry for table 'tbl_merge': Basic_ingress.merge - 
[13:05:00.074] [bmv2] [D] [thread 25585] Set default default entry for table 'tbl_act_7': act_5 - 
[13:05:00.075] [bmv2] [D] [thread 25585] Set default default entry for table 'Basic_ingress.ipv4_lpm': NoAction - 
P4Runtime Write
device_id: 8
election_id {
  low: 1
}
updates {
  type: INSERT
  entity {
    table_entry {
      table_id: 33605438
      match {
        field_id: 1
        lpm {
          value: "\013\000\000\001"
          prefix_len: 32
        }
      }
      action {
        action {
          action_id: 16797316
          params {
            param_id: 1
            value: "\000\000\000\000\t\002"
          }
          params {
            param_id: 2
            value: "\000\001"
          }
        }
      }
    }
  }
}
[13:05:03.000] [bmv2] [D] [thread 25719] Entry 0 added to table 'Basic_ingress.ipv4_lpm'
[13:05:03.000] [bmv2] [D] [thread 25719] Dumping entry 0
Match key:
* hdr.ipv4.dstAddr    : LPM       0b000001/32
Action entry: Basic_ingress.host_forward - 902,1,

P4Runtime Write
device_id: 8
election_id {
  low: 1
}
updates {
  type: INSERT
  entity {
    table_entry {
      table_id: 33605438
      match {
        field_id: 1
        lpm {
          value: "\014\000\000\000"
          prefix_len: 8
        }
      }
      action {
        action {
          action_id: 16838388
          params {
            param_id: 1
            value: "\000\002"
          }
        }
      }
    }
  }
}
[13:05:03.973] [bmv2] [D] [thread 25585] Entry 1 added to table 'Basic_ingress.ipv4_lpm'
[13:05:03.974] [bmv2] [D] [thread 25585] Dumping entry 1
Match key:
* hdr.ipv4.dstAddr    : LPM       0c000000/8
Action entry: Basic_ingress.l3_forward - 2,

P4Runtime Write
device_id: 8
election_id {
  low: 1
}
updates {
  type: INSERT
  entity {
    table_entry {
      table_id: 33605438
      match {
        field_id: 1
        lpm {
          value: "\n\000\000\000"
          prefix_len: 8
        }
      }
      action {
        action {
          action_id: 16838388
          params {
            param_id: 1
            value: "\000\002"
          }
        }
      }
    }
  }
}
[13:05:03.986] [bmv2] [D] [thread 25585] Entry 2 added to table 'Basic_ingress.ipv4_lpm'
[13:05:03.986] [bmv2] [D] [thread 25585] Dumping entry 2
Match key:
* hdr.ipv4.dstAddr    : LPM       0a000000/8
Action entry: Basic_ingress.l3_forward - 2,

P4Runtime Write
device_id: 8
election_id {
  low: 1
}
updates {
  type: INSERT
  entity {
    table_entry {
      table_id: 33605438
      match {
        field_id: 1
        lpm {
          value: "\013\001\000\000"
          prefix_len: 16
        }
      }
      action {
        action {
          action_id: 16838388
          params {
            param_id: 1
            value: "\000\002"
          }
        }
      }
    }
  }
}
[13:05:03.998] [bmv2] [D] [thread 25585] Entry 3 added to table 'Basic_ingress.ipv4_lpm'
[13:05:03.998] [bmv2] [D] [thread 25585] Dumping entry 3
Match key:
* hdr.ipv4.dstAddr    : LPM       0b010000/16
Action entry: Basic_ingress.l3_forward - 2,

P4Runtime Write
device_id: 8
election_id {
  low: 1
}
updates {
  type: INSERT
  entity {
    table_entry {
      table_id: 33605438
      match {
        field_id: 1
        lpm {
          value: "\013\002\000\000"
          prefix_len: 16
        }
      }
      action {
        action {
          action_id: 16838388
          params {
            param_id: 1
            value: "\000\002"
          }
        }
      }
    }
  }
}
[13:05:04.009] [bmv2] [D] [thread 25719] Entry 4 added to table 'Basic_ingress.ipv4_lpm'
[13:05:04.009] [bmv2] [D] [thread 25719] Dumping entry 4
Match key:
* hdr.ipv4.dstAddr    : LPM       0b020000/16
Action entry: Basic_ingress.l3_forward - 2,

P4Runtime Write
device_id: 8
election_id {
  low: 1
}
updates {
  type: INSERT
  entity {
    table_entry {
      table_id: 33605438
      match {
        field_id: 1
        lpm {
          value: "\013\000\001\000"
          prefix_len: 24
        }
      }
      action {
        action {
          action_id: 16838388
          params {
            param_id: 1
            value: "\000\002"
          }
        }
      }
    }
  }
}
[13:05:04.018] [bmv2] [D] [thread 25719] Entry 5 added to table 'Basic_ingress.ipv4_lpm'
[13:05:04.018] [bmv2] [D] [thread 25719] Dumping entry 5
Match key:
* hdr.ipv4.dstAddr    : LPM       0b000100/24
Action entry: Basic_ingress.l3_forward - 2,

P4Runtime Write
device_id: 8
election_id {
  low: 1
}
updates {
  type: INSERT
  entity {
    table_entry {
      table_id: 33605438
      match {
        field_id: 1
        lpm {
          value: "\013\000\002\000"
          prefix_len: 24
        }
      }
      action {
        action {
          action_id: 16838388
          params {
            param_id: 1
            value: "\000\002"
          }
        }
      }
    }
  }
}
[13:05:04.029] [bmv2] [D] [thread 25719] Entry 6 added to table 'Basic_ingress.ipv4_lpm'
[13:05:04.029] [bmv2] [D] [thread 25719] Dumping entry 6
Match key:
* hdr.ipv4.dstAddr    : LPM       0b000200/24
Action entry: Basic_ingress.l3_forward - 2,

[13:05:45.658] [bmv2] [D] [thread 25107] [14.0] [cxt 0] Processing packet received on port 2
[13:05:45.658] [bmv2] [D] [thread 25107] [14.0] [cxt 0] Parser 'parser': start
[13:05:45.658] [bmv2] [D] [thread 25107] [14.0] [cxt 0] Parser 'parser' entering state 'start'
[13:05:45.658] [bmv2] [D] [thread 25107] [14.0] [cxt 0] Extracting header 'ethernet'
[13:05:45.658] [bmv2] [D] [thread 25107] [14.0] [cxt 0] Parser state 'start': key is 86dd
[13:05:45.658] [bmv2] [T] [thread 25107] [14.0] [cxt 0] Bytes parsed: 14
[13:05:45.659] [bmv2] [T] [thread 25107] [14.0] [cxt 0] Skipping checksum 'cksum' verification because target field invalid
[13:05:45.659] [bmv2] [D] [thread 25107] [14.0] [cxt 0] Parser 'parser': end
[13:05:45.659] [bmv2] [D] [thread 25107] [14.0] [cxt 0] Pipeline 'ingress': start
[13:05:45.659] [bmv2] [T] [thread 25107] [14.0] [cxt 0] Applying table 'tbl_act'
[13:05:45.659] [bmv2] [D] [thread 25107] [14.0] [cxt 0] Looking up key:

[13:05:45.659] [bmv2] [D] [thread 25107] [14.0] [cxt 0] Table 'tbl_act': miss
[13:05:45.659] [bmv2] [D] [thread 25107] [14.0] [cxt 0] Action entry is act_7 - 
[13:05:45.659] [bmv2] [T] [thread 25107] [14.0] [cxt 0] Action act_7
[13:05:45.659] [bmv2] [T] [thread 25107] [14.0] [cxt 0] Primitive (no source info)
[13:05:45.659] [bmv2] [T] [thread 25107] [14.0] [cxt 0] simple.p4(109) Primitive bit<32> apply_index=0;
[13:05:45.659] [bmv2] [T] [thread 25107] [14.0] [cxt 0] simple.p4(237) Condition "hdr.ipv4.isValid()" (node_3) is false
[13:05:45.659] [bmv2] [D] [thread 25107] [14.0] [cxt 0] Pipeline 'ingress': end
[13:05:45.659] [bmv2] [D] [thread 25107] [14.0] [cxt 0] Egress port is 0
[13:05:45.659] [bmv2] [D] [thread 25108] [14.0] [cxt 0] Pipeline 'egress': start
[13:05:45.659] [bmv2] [D] [thread 25108] [14.0] [cxt 0] Pipeline 'egress': end
[13:05:45.659] [bmv2] [D] [thread 25108] [14.0] [cxt 0] Deparser 'deparser': start
[13:05:45.659] [bmv2] [T] [thread 25108] [14.0] [cxt 0] Skipping checksum 'cksum' update because condition not met
[13:05:45.659] [bmv2] [D] [thread 25108] [14.0] [cxt 0] Deparsing header 'ethernet'
[13:05:45.659] [bmv2] [D] [thread 25108] [14.0] [cxt 0] Deparser 'deparser': end
[13:05:45.659] [bmv2] [D] [thread 25112] [14.0] [cxt 0] Transmitting packet of size 70 out of port 0
[13:05:47.710] [bmv2] [D] [thread 25107] [15.0] [cxt 0] Processing packet received on port 2
[13:05:47.710] [bmv2] [D] [thread 25107] [15.0] [cxt 0] Parser 'parser': start
[13:05:47.710] [bmv2] [D] [thread 25107] [15.0] [cxt 0] Parser 'parser' entering state 'start'
[13:05:47.710] [bmv2] [D] [thread 25107] [15.0] [cxt 0] Extracting header 'ethernet'
[13:05:47.710] [bmv2] [D] [thread 25107] [15.0] [cxt 0] Parser state 'start': key is 86dd
[13:05:47.710] [bmv2] [T] [thread 25107] [15.0] [cxt 0] Bytes parsed: 14
[13:05:47.710] [bmv2] [T] [thread 25107] [15.0] [cxt 0] Skipping checksum 'cksum' verification because target field invalid
[13:05:47.710] [bmv2] [D] [thread 25107] [15.0] [cxt 0] Parser 'parser': end
[13:05:47.710] [bmv2] [D] [thread 25107] [15.0] [cxt 0] Pipeline 'ingress': start
[13:05:47.710] [bmv2] [T] [thread 25107] [15.0] [cxt 0] Applying table 'tbl_act'
[13:05:47.710] [bmv2] [D] [thread 25107] [15.0] [cxt 0] Looking up key:

[13:05:47.710] [bmv2] [D] [thread 25107] [15.0] [cxt 0] Table 'tbl_act': miss
[13:05:47.710] [bmv2] [D] [thread 25107] [15.0] [cxt 0] Action entry is act_7 - 
[13:05:47.711] [bmv2] [T] [thread 25107] [15.0] [cxt 0] Action act_7
[13:05:47.711] [bmv2] [T] [thread 25107] [15.0] [cxt 0] Primitive (no source info)
[13:05:47.711] [bmv2] [T] [thread 25107] [15.0] [cxt 0] simple.p4(109) Primitive bit<32> apply_index=0;
[13:05:47.711] [bmv2] [T] [thread 25107] [15.0] [cxt 0] simple.p4(237) Condition "hdr.ipv4.isValid()" (node_3) is false
[13:05:47.711] [bmv2] [D] [thread 25107] [15.0] [cxt 0] Pipeline 'ingress': end
[13:05:47.711] [bmv2] [D] [thread 25107] [15.0] [cxt 0] Egress port is 0
[13:05:47.711] [bmv2] [D] [thread 25108] [15.0] [cxt 0] Pipeline 'egress': start
[13:05:47.711] [bmv2] [D] [thread 25108] [15.0] [cxt 0] Pipeline 'egress': end
[13:05:47.711] [bmv2] [D] [thread 25108] [15.0] [cxt 0] Deparser 'deparser': start
[13:05:47.711] [bmv2] [T] [thread 25108] [15.0] [cxt 0] Skipping checksum 'cksum' update because condition not met
[13:05:47.711] [bmv2] [D] [thread 25108] [15.0] [cxt 0] Deparsing header 'ethernet'
[13:05:47.711] [bmv2] [D] [thread 25108] [15.0] [cxt 0] Deparser 'deparser': end
[13:05:47.711] [bmv2] [D] [thread 25112] [15.0] [cxt 0] Transmitting packet of size 70 out of port 0
[13:05:53.800] [bmv2] [D] [thread 25107] [16.0] [cxt 0] Processing packet received on port 2
[13:05:53.800] [bmv2] [D] [thread 25107] [16.0] [cxt 0] Parser 'parser': start
[13:05:53.800] [bmv2] [D] [thread 25107] [16.0] [cxt 0] Parser 'parser' entering state 'start'
[13:05:53.800] [bmv2] [D] [thread 25107] [16.0] [cxt 0] Extracting header 'ethernet'
[13:05:53.800] [bmv2] [D] [thread 25107] [16.0] [cxt 0] Parser state 'start': key is 86dd
[13:05:53.800] [bmv2] [T] [thread 25107] [16.0] [cxt 0] Bytes parsed: 14
[13:05:53.800] [bmv2] [T] [thread 25107] [16.0] [cxt 0] Skipping checksum 'cksum' verification because target field invalid
[13:05:53.800] [bmv2] [D] [thread 25107] [16.0] [cxt 0] Parser 'parser': end
[13:05:53.800] [bmv2] [D] [thread 25107] [16.0] [cxt 0] Pipeline 'ingress': start
[13:05:53.801] [bmv2] [T] [thread 25107] [16.0] [cxt 0] Applying table 'tbl_act'
[13:05:53.801] [bmv2] [D] [thread 25107] [16.0] [cxt 0] Looking up key:

[13:05:53.801] [bmv2] [D] [thread 25107] [16.0] [cxt 0] Table 'tbl_act': miss
[13:05:53.801] [bmv2] [D] [thread 25107] [16.0] [cxt 0] Action entry is act_7 - 
[13:05:53.801] [bmv2] [T] [thread 25107] [16.0] [cxt 0] Action act_7
[13:05:53.801] [bmv2] [T] [thread 25107] [16.0] [cxt 0] Primitive (no source info)
[13:05:53.801] [bmv2] [T] [thread 25107] [16.0] [cxt 0] simple.p4(109) Primitive bit<32> apply_index=0;
[13:05:53.801] [bmv2] [T] [thread 25107] [16.0] [cxt 0] simple.p4(237) Condition "hdr.ipv4.isValid()" (node_3) is false
[13:05:53.801] [bmv2] [D] [thread 25107] [16.0] [cxt 0] Pipeline 'ingress': end
[13:05:53.801] [bmv2] [D] [thread 25107] [16.0] [cxt 0] Egress port is 0
[13:05:53.801] [bmv2] [D] [thread 25108] [16.0] [cxt 0] Pipeline 'egress': start
[13:05:53.801] [bmv2] [D] [thread 25108] [16.0] [cxt 0] Pipeline 'egress': end
[13:05:53.801] [bmv2] [D] [thread 25108] [16.0] [cxt 0] Deparser 'deparser': start
[13:05:53.801] [bmv2] [T] [thread 25108] [16.0] [cxt 0] Skipping checksum 'cksum' update because condition not met
[13:05:53.801] [bmv2] [D] [thread 25108] [16.0] [cxt 0] Deparsing header 'ethernet'
[13:05:53.801] [bmv2] [D] [thread 25108] [16.0] [cxt 0] Deparser 'deparser': end
[13:05:53.801] [bmv2] [D] [thread 25112] [16.0] [cxt 0] Transmitting packet of size 203 out of port 0
[13:05:54.572] [bmv2] [D] [thread 25107] [17.0] [cxt 0] Processing packet received on port 2
[13:05:54.572] [bmv2] [D] [thread 25107] [17.0] [cxt 0] Parser 'parser': start
[13:05:54.572] [bmv2] [D] [thread 25107] [17.0] [cxt 0] Parser 'parser' entering state 'start'
[13:05:54.572] [bmv2] [D] [thread 25107] [17.0] [cxt 0] Extracting header 'ethernet'
[13:05:54.572] [bmv2] [D] [thread 25107] [17.0] [cxt 0] Parser state 'start': key is 86dd
[13:05:54.572] [bmv2] [T] [thread 25107] [17.0] [cxt 0] Bytes parsed: 14
[13:05:54.572] [bmv2] [T] [thread 25107] [17.0] [cxt 0] Skipping checksum 'cksum' verification because target field invalid
[13:05:54.572] [bmv2] [D] [thread 25107] [17.0] [cxt 0] Parser 'parser': end
[13:05:54.572] [bmv2] [D] [thread 25107] [17.0] [cxt 0] Pipeline 'ingress': start
[13:05:54.572] [bmv2] [T] [thread 25107] [17.0] [cxt 0] Applying table 'tbl_act'
[13:05:54.572] [bmv2] [D] [thread 25107] [17.0] [cxt 0] Looking up key:

[13:05:54.572] [bmv2] [D] [thread 25107] [17.0] [cxt 0] Table 'tbl_act': miss
[13:05:54.572] [bmv2] [D] [thread 25107] [17.0] [cxt 0] Action entry is act_7 - 
[13:05:54.572] [bmv2] [T] [thread 25107] [17.0] [cxt 0] Action act_7
[13:05:54.572] [bmv2] [T] [thread 25107] [17.0] [cxt 0] Primitive (no source info)
[13:05:54.572] [bmv2] [T] [thread 25107] [17.0] [cxt 0] simple.p4(109) Primitive bit<32> apply_index=0;
[13:05:54.572] [bmv2] [T] [thread 25107] [17.0] [cxt 0] simple.p4(237) Condition "hdr.ipv4.isValid()" (node_3) is false
[13:05:54.572] [bmv2] [D] [thread 25107] [17.0] [cxt 0] Pipeline 'ingress': end
[13:05:54.572] [bmv2] [D] [thread 25107] [17.0] [cxt 0] Egress port is 0
[13:05:54.572] [bmv2] [D] [thread 25108] [17.0] [cxt 0] Pipeline 'egress': start
[13:05:54.572] [bmv2] [D] [thread 25108] [17.0] [cxt 0] Pipeline 'egress': end
[13:05:54.572] [bmv2] [D] [thread 25108] [17.0] [cxt 0] Deparser 'deparser': start
[13:05:54.572] [bmv2] [T] [thread 25108] [17.0] [cxt 0] Skipping checksum 'cksum' update because condition not met
[13:05:54.572] [bmv2] [D] [thread 25108] [17.0] [cxt 0] Deparsing header 'ethernet'
[13:05:54.573] [bmv2] [D] [thread 25108] [17.0] [cxt 0] Deparser 'deparser': end
[13:05:54.573] [bmv2] [D] [thread 25112] [17.0] [cxt 0] Transmitting packet of size 203 out of port 0
[13:07:50.588] [bmv2] [D] [thread 25107] [18.0] [cxt 0] Processing packet received on port 2
[13:07:50.588] [bmv2] [D] [thread 25107] [18.0] [cxt 0] Parser 'parser': start
[13:07:50.588] [bmv2] [D] [thread 25107] [18.0] [cxt 0] Parser 'parser' entering state 'start'
[13:07:50.588] [bmv2] [D] [thread 25107] [18.0] [cxt 0] Extracting header 'ethernet'
[13:07:50.588] [bmv2] [D] [thread 25107] [18.0] [cxt 0] Parser state 'start': key is 86dd
[13:07:50.588] [bmv2] [T] [thread 25107] [18.0] [cxt 0] Bytes parsed: 14
[13:07:50.588] [bmv2] [T] [thread 25107] [18.0] [cxt 0] Skipping checksum 'cksum' verification because target field invalid
[13:07:50.588] [bmv2] [D] [thread 25107] [18.0] [cxt 0] Parser 'parser': end
[13:07:50.588] [bmv2] [D] [thread 25107] [18.0] [cxt 0] Pipeline 'ingress': start
[13:07:50.588] [bmv2] [T] [thread 25107] [18.0] [cxt 0] Applying table 'tbl_act'
[13:07:50.588] [bmv2] [D] [thread 25107] [18.0] [cxt 0] Looking up key:

[13:07:50.588] [bmv2] [D] [thread 25107] [18.0] [cxt 0] Table 'tbl_act': miss
[13:07:50.589] [bmv2] [D] [thread 25107] [18.0] [cxt 0] Action entry is act_7 - 
[13:07:50.589] [bmv2] [T] [thread 25107] [18.0] [cxt 0] Action act_7
[13:07:50.589] [bmv2] [T] [thread 25107] [18.0] [cxt 0] Primitive (no source info)
[13:07:50.589] [bmv2] [T] [thread 25107] [18.0] [cxt 0] simple.p4(109) Primitive bit<32> apply_index=0;
[13:07:50.589] [bmv2] [T] [thread 25107] [18.0] [cxt 0] simple.p4(237) Condition "hdr.ipv4.isValid()" (node_3) is false
[13:07:50.589] [bmv2] [D] [thread 25107] [18.0] [cxt 0] Pipeline 'ingress': end
[13:07:50.589] [bmv2] [D] [thread 25107] [18.0] [cxt 0] Egress port is 0
[13:07:50.589] [bmv2] [D] [thread 25108] [18.0] [cxt 0] Pipeline 'egress': start
[13:07:50.589] [bmv2] [D] [thread 25108] [18.0] [cxt 0] Pipeline 'egress': end
[13:07:50.589] [bmv2] [D] [thread 25108] [18.0] [cxt 0] Deparser 'deparser': start
[13:07:50.589] [bmv2] [T] [thread 25108] [18.0] [cxt 0] Skipping checksum 'cksum' update because condition not met
[13:07:50.589] [bmv2] [D] [thread 25108] [18.0] [cxt 0] Deparsing header 'ethernet'
[13:07:50.589] [bmv2] [D] [thread 25108] [18.0] [cxt 0] Deparser 'deparser': end
[13:07:50.589] [bmv2] [D] [thread 25112] [18.0] [cxt 0] Transmitting packet of size 70 out of port 0
[13:07:52.636] [bmv2] [D] [thread 25107] [19.0] [cxt 0] Processing packet received on port 2
[13:07:52.636] [bmv2] [D] [thread 25107] [19.0] [cxt 0] Parser 'parser': start
[13:07:52.636] [bmv2] [D] [thread 25107] [19.0] [cxt 0] Parser 'parser' entering state 'start'
[13:07:52.636] [bmv2] [D] [thread 25107] [19.0] [cxt 0] Extracting header 'ethernet'
[13:07:52.636] [bmv2] [D] [thread 25107] [19.0] [cxt 0] Parser state 'start': key is 86dd
[13:07:52.636] [bmv2] [T] [thread 25107] [19.0] [cxt 0] Bytes parsed: 14
[13:07:52.636] [bmv2] [T] [thread 25107] [19.0] [cxt 0] Skipping checksum 'cksum' verification because target field invalid
[13:07:52.636] [bmv2] [D] [thread 25107] [19.0] [cxt 0] Parser 'parser': end
[13:07:52.636] [bmv2] [D] [thread 25107] [19.0] [cxt 0] Pipeline 'ingress': start
[13:07:52.636] [bmv2] [T] [thread 25107] [19.0] [cxt 0] Applying table 'tbl_act'
[13:07:52.636] [bmv2] [D] [thread 25107] [19.0] [cxt 0] Looking up key:

[13:07:52.636] [bmv2] [D] [thread 25107] [19.0] [cxt 0] Table 'tbl_act': miss
[13:07:52.636] [bmv2] [D] [thread 25107] [19.0] [cxt 0] Action entry is act_7 - 
[13:07:52.636] [bmv2] [T] [thread 25107] [19.0] [cxt 0] Action act_7
[13:07:52.636] [bmv2] [T] [thread 25107] [19.0] [cxt 0] Primitive (no source info)
[13:07:52.636] [bmv2] [T] [thread 25107] [19.0] [cxt 0] simple.p4(109) Primitive bit<32> apply_index=0;
[13:07:52.636] [bmv2] [T] [thread 25107] [19.0] [cxt 0] simple.p4(237) Condition "hdr.ipv4.isValid()" (node_3) is false
[13:07:52.636] [bmv2] [D] [thread 25107] [19.0] [cxt 0] Pipeline 'ingress': end
[13:07:52.636] [bmv2] [D] [thread 25107] [19.0] [cxt 0] Egress port is 0
[13:07:52.636] [bmv2] [D] [thread 25108] [19.0] [cxt 0] Pipeline 'egress': start
[13:07:52.636] [bmv2] [D] [thread 25108] [19.0] [cxt 0] Pipeline 'egress': end
[13:07:52.636] [bmv2] [D] [thread 25108] [19.0] [cxt 0] Deparser 'deparser': start
[13:07:52.636] [bmv2] [T] [thread 25108] [19.0] [cxt 0] Skipping checksum 'cksum' update because condition not met
[13:07:52.636] [bmv2] [D] [thread 25108] [19.0] [cxt 0] Deparsing header 'ethernet'
[13:07:52.636] [bmv2] [D] [thread 25108] [19.0] [cxt 0] Deparser 'deparser': end
[13:07:52.637] [bmv2] [D] [thread 25112] [19.0] [cxt 0] Transmitting packet of size 70 out of port 0
[13:08:01.802] [bmv2] [D] [thread 25107] [20.0] [cxt 0] Processing packet received on port 2
[13:08:01.802] [bmv2] [D] [thread 25107] [20.0] [cxt 0] Parser 'parser': start
[13:08:01.802] [bmv2] [D] [thread 25107] [20.0] [cxt 0] Parser 'parser' entering state 'start'
[13:08:01.802] [bmv2] [D] [thread 25107] [20.0] [cxt 0] Extracting header 'ethernet'
[13:08:01.802] [bmv2] [D] [thread 25107] [20.0] [cxt 0] Parser state 'start': key is 86dd
[13:08:01.802] [bmv2] [T] [thread 25107] [20.0] [cxt 0] Bytes parsed: 14
[13:08:01.802] [bmv2] [T] [thread 25107] [20.0] [cxt 0] Skipping checksum 'cksum' verification because target field invalid
[13:08:01.803] [bmv2] [D] [thread 25107] [20.0] [cxt 0] Parser 'parser': end
[13:08:01.803] [bmv2] [D] [thread 25107] [20.0] [cxt 0] Pipeline 'ingress': start
[13:08:01.803] [bmv2] [T] [thread 25107] [20.0] [cxt 0] Applying table 'tbl_act'
[13:08:01.803] [bmv2] [D] [thread 25107] [20.0] [cxt 0] Looking up key:

[13:08:01.803] [bmv2] [D] [thread 25107] [20.0] [cxt 0] Table 'tbl_act': miss
[13:08:01.803] [bmv2] [D] [thread 25107] [20.0] [cxt 0] Action entry is act_7 - 
[13:08:01.803] [bmv2] [T] [thread 25107] [20.0] [cxt 0] Action act_7
[13:08:01.803] [bmv2] [T] [thread 25107] [20.0] [cxt 0] Primitive (no source info)
[13:08:01.803] [bmv2] [T] [thread 25107] [20.0] [cxt 0] simple.p4(109) Primitive bit<32> apply_index=0;
[13:08:01.803] [bmv2] [T] [thread 25107] [20.0] [cxt 0] simple.p4(237) Condition "hdr.ipv4.isValid()" (node_3) is false
[13:08:01.803] [bmv2] [D] [thread 25107] [20.0] [cxt 0] Pipeline 'ingress': end
[13:08:01.803] [bmv2] [D] [thread 25107] [20.0] [cxt 0] Egress port is 0
[13:08:01.803] [bmv2] [D] [thread 25108] [20.0] [cxt 0] Pipeline 'egress': start
[13:08:01.803] [bmv2] [D] [thread 25108] [20.0] [cxt 0] Pipeline 'egress': end
[13:08:01.803] [bmv2] [D] [thread 25108] [20.0] [cxt 0] Deparser 'deparser': start
[13:08:01.803] [bmv2] [T] [thread 25108] [20.0] [cxt 0] Skipping checksum 'cksum' update because condition not met
[13:08:01.803] [bmv2] [D] [thread 25108] [20.0] [cxt 0] Deparsing header 'ethernet'
[13:08:01.803] [bmv2] [D] [thread 25108] [20.0] [cxt 0] Deparser 'deparser': end
[13:08:01.803] [bmv2] [D] [thread 25112] [20.0] [cxt 0] Transmitting packet of size 203 out of port 0
[13:08:02.574] [bmv2] [D] [thread 25107] [21.0] [cxt 0] Processing packet received on port 2
[13:08:02.574] [bmv2] [D] [thread 25107] [21.0] [cxt 0] Parser 'parser': start
[13:08:02.574] [bmv2] [D] [thread 25107] [21.0] [cxt 0] Parser 'parser' entering state 'start'
[13:08:02.574] [bmv2] [D] [thread 25107] [21.0] [cxt 0] Extracting header 'ethernet'
[13:08:02.574] [bmv2] [D] [thread 25107] [21.0] [cxt 0] Parser state 'start': key is 86dd
[13:08:02.574] [bmv2] [T] [thread 25107] [21.0] [cxt 0] Bytes parsed: 14
[13:08:02.574] [bmv2] [T] [thread 25107] [21.0] [cxt 0] Skipping checksum 'cksum' verification because target field invalid
[13:08:02.574] [bmv2] [D] [thread 25107] [21.0] [cxt 0] Parser 'parser': end
[13:08:02.574] [bmv2] [D] [thread 25107] [21.0] [cxt 0] Pipeline 'ingress': start
[13:08:02.574] [bmv2] [T] [thread 25107] [21.0] [cxt 0] Applying table 'tbl_act'
[13:08:02.574] [bmv2] [D] [thread 25107] [21.0] [cxt 0] Looking up key:

[13:08:02.574] [bmv2] [D] [thread 25107] [21.0] [cxt 0] Table 'tbl_act': miss
[13:08:02.574] [bmv2] [D] [thread 25107] [21.0] [cxt 0] Action entry is act_7 - 
[13:08:02.574] [bmv2] [T] [thread 25107] [21.0] [cxt 0] Action act_7
[13:08:02.574] [bmv2] [T] [thread 25107] [21.0] [cxt 0] Primitive (no source info)
[13:08:02.574] [bmv2] [T] [thread 25107] [21.0] [cxt 0] simple.p4(109) Primitive bit<32> apply_index=0;
[13:08:02.575] [bmv2] [T] [thread 25107] [21.0] [cxt 0] simple.p4(237) Condition "hdr.ipv4.isValid()" (node_3) is false
[13:08:02.575] [bmv2] [D] [thread 25107] [21.0] [cxt 0] Pipeline 'ingress': end
[13:08:02.575] [bmv2] [D] [thread 25107] [21.0] [cxt 0] Egress port is 0
[13:08:02.575] [bmv2] [D] [thread 25108] [21.0] [cxt 0] Pipeline 'egress': start
[13:08:02.575] [bmv2] [D] [thread 25108] [21.0] [cxt 0] Pipeline 'egress': end
[13:08:02.575] [bmv2] [D] [thread 25108] [21.0] [cxt 0] Deparser 'deparser': start
[13:08:02.575] [bmv2] [T] [thread 25108] [21.0] [cxt 0] Skipping checksum 'cksum' update because condition not met
[13:08:02.575] [bmv2] [D] [thread 25108] [21.0] [cxt 0] Deparsing header 'ethernet'
[13:08:02.575] [bmv2] [D] [thread 25108] [21.0] [cxt 0] Deparser 'deparser': end
[13:08:02.575] [bmv2] [D] [thread 25112] [21.0] [cxt 0] Transmitting packet of size 203 out of port 0
